ARM GAS  C:\Users\kiekensk\AppData\Local\Temp\cc6htV7j.s 			page 1


   1              		.cpu cortex-m7
   2              		.eabi_attribute 20, 1
   3              		.eabi_attribute 21, 1
   4              		.eabi_attribute 23, 3
   5              		.eabi_attribute 24, 1
   6              		.eabi_attribute 25, 1
   7              		.eabi_attribute 26, 1
   8              		.eabi_attribute 30, 2
   9              		.eabi_attribute 34, 1
  10              		.eabi_attribute 18, 4
  11              		.file	"board.c"
  12              		.text
  13              	.Ltext0:
  14              		.section	.gnu.lto_.profile.abe47be,"",%progbits
  15 0000 789C6365 		.ascii	"x\234ce`b`a```d(\214\001\000\001\276\000\332"
  15      60626061 
  15      60606064 
  15      288C0100 
  15      01BE00DA 
  16              		.text
  17              		.section	.gnu.lto_.icf.abe47be,"",%progbits
  18 0000 789C6365 		.ascii	"x\234ce`b\020a@\000f\206\356\315\373\016p3N^\271\356"
  18      60621061 
  18      40006686 
  18      EECDFB0E 
  18      70334E5E 
  19 0016 3837536F 		.ascii	"87So\353\223\333\\\014\000Y\274\010\200"
  19      EB93DB5C 
  19      0C0059BC 
  19      0880
  20              		.text
  21              		.section	.gnu.lto_.jmpfuncs.abe47be,"",%progbits
  22 0000 789C6365 		.ascii	"x\234ce`b\340e@\000f f\0041\230\200\030\000\002a\000"
  22      6062E065 
  22      40006620 
  22      66043198 
  22      80180002 
  23 0016 1B       		.ascii	"\033"
  24              		.text
  25              		.section	.gnu.lto_.inline.abe47be,"",%progbits
  26 0000 789C6365 		.ascii	"x\234ce`bpg@\000f\006\206[\0147\031\030\031\230\326"
  26      60627067 
  26      40006606 
  26      865B0C37 
  26      19181998 
  27 0015 316E38CF 		.ascii	"1n8\317\305\300\266@\236\011$\316\310\300*\006\024\004"
  27      C5C0B640 
  27      9E0924CE 
  27      C8C02A06 
  27      1404
  28 0027 B2E0225C 		.ascii	"\262\340\"\\0\202\211\201\231\011U\216\001\000d\226"
  28      30828981 
  28      9909558E 
  28      01006496 
  29 0037 06D4     		.ascii	"\006\324"
  30              		.text
  31              		.section	.gnu.lto_.pureconst.abe47be,"",%progbits
ARM GAS  C:\Users\kiekensk\AppData\Local\Temp\cc6htV7j.s 			page 2


  32 0000 789C6365 		.ascii	"x\234ce`b`g```f\220b\224`b\000\000\001\250\000G"
  32      60626067 
  32      60606066 
  32      90629460 
  32      62000001 
  33              		.text
  34              		.section	.gnu.lto_stm32_gpio_init.abe47be,"",%progbits
  35 0000 789CA5DA 		.ascii	"x\234\245\332\331S\034\307\035\007\360\371M\357.\260"
  35      D9531CC7 
  35      1D07F0F9 
  35      4DEF2EB0 
  36 0010 12C249FC 		.ascii	"\022\302I\374\340J\374\240\027W\305IET*.\373%OI%U\251"
  36      E04AFCA0 
  36      1757C549 
  36      45542A2E 
  36      FB254F49 
  37 0027 4A390F49 		.ascii	"J9\017I\252\222\2748\266\223\330\256\244\"W\374\007"
  37      AA92BC38 
  37      B693D8AE 
  37      A42257FC 
  37      07
  38 0038 68169040 		.ascii	"h\026\220@\240\003$q\012\0046\302\034\013\273\010\220"
  38      A0032471 
  38      0A0436C2 
  38      1C0BBB08 
  38      90
  39 0049 1020C421 		.ascii	"\020 \304!@ \011\004\210\005!tp\210K\027\342\320\005"
  39      40200904 
  39      88052174 
  39      70884B17 
  39      E2D005
  40 005c 6849F76F 		.ascii	"hI\367o\272\227\231\311Ne\033(\013\231c\277\337\236"
  40      BA9799C9 
  40      4E651B28 
  40      0B9963BF 
  40      DF9E
  41 006e EEFEF42E 		.ascii	"\356\376\364.#\234\212\252t\374XQ~\241(\312\017\350"
  41      239C8AAA 
  41      74FC5851 
  41      7EA128CA 
  41      0FE8
  42 0080 1F200AA8 		.ascii	"\037 \012\250\351}\212\342\211V\001\330\377h\321\240"
  42      E97D8AE2 
  42      895601D8 
  42      FF68D1A0 
  43 0090 EC53611F 		.ascii	"\354Sa\037\034%\331\004\332\223g\032\324wK5\372\326"
  43      1C25D904 
  43      DA93671A 
  43      D4774B35 
  43      FAD6
  44 00a2 9ABDE22E 		.ascii	"\232\275\342.\320\3725RH\024%\227\376aoP\012\357*\364"
  44      D0FA3552 
  44      48142597 
  44      FE616F50 
  44      0AEF2AF4 
  45 00b6 FB26CF04 		.ascii	"\373&\317\0043c]\016\375\363P\006.\240\177\373\007\241"
  45      33635D0E 
ARM GAS  C:\Users\kiekensk\AppData\Local\Temp\cc6htV7j.s 			page 3


  45      FDF35006 
  45      2EA07FFB 
  45      07A1
  46 00c8 550B6E24 		.ascii	"U\013n$k\255\267OC\366\207\177V\225BB\013\351;\027{"
  46      6BADB74F 
  46      43F6877F 
  46      56954242 
  46      0BE93B17 
  47 00dd 17C5DEC5 		.ascii	"\027\305\336\305\260wn\366NQR\351\203\331\020\322\210"
  47      B0776EF6 
  47      4E5152E9 
  47      83D910D2 
  47      88
  48 00ee CAFE26F3 		.ascii	"\312\376&\363\320\3368\177\361\357,\256\200\250\264"
  48      D0DE387F 
  48      F1EF2CAE 
  48      80A8B4
  49 00fd 256B7FFB 		.ascii	"%k\177\373\365\250#t\000*\260\322\244\202\316\231\030"
  49      F5A82374 
  49      002AB0D2 
  49      A482CE99 
  49      18
  50 010e FD43ED69 		.ascii	"\375C\355i\212\346\240\237zxo\255\301Y\010\005\036:"
  50      8AE6A09F 
  50      7A786FAD 
  50      C1590805 
  50      1E3A
  51 0120 E0DD8584 		.ascii	"\340\335\205\204@\005\274\015\345\360\266\302\276\177"
  51      4005BC0D 
  51      E5F0B6C2 
  51      BE7F
  52 012e 29AB7F7C 		.ascii	")\253\177|g|\225\226\004\205\304\001^(\204\034\274\014"
  52      677C9596 
  52      0485C401 
  52      5E28841C 
  52      BC0C
  53 0140 A8847865 		.ascii	"\250\204xe\036\022_\036\000\275\213\350u%\363\305\317"
  53      1E125F1E 
  53      00BD8BE8 
  53      7525F3C5 
  53      CF
  54 0151 76B17C80 		.ascii	"v\261|\200\2158\250\242)tDY1\354{\344\252|\233U~\210"
  54      8D38A8A2 
  54      29744459 
  54      31EC7BE4 
  54      AA7C9B55 
  55 0167 A7F92C68 		.ascii	"\247\371,h%Z*\310\303\276\346\200\352\315\2503\020o"
  55      255A2AC8 
  55      C3BEE680 
  55      EACDA833 
  55      106F
  56 0179 9C130728 		.ascii	"\234\023\007(P\243\217\261\261\274\305\251_\211\344"
  56      50A38FB1 
  56      B1BCC5A9 
  56      5F89E4
  57 0188 406B319D 		.ascii	"@k1\235\255\035\324Y\346$\212\206mg\016\316nF\237cs"
  57      AD1DD459 
ARM GAS  C:\Users\kiekensk\AppData\Local\Temp\cc6htV7j.s 			page 4


  57      E6248A86 
  57      6D670ECE 
  57      6E469F63 
  58 019d 1085038D 		.ascii	"\020\205\003\215\321\303c\344\262\3521KeY\347-\303t"
  58      D1C363E4 
  58      B2EA314B 
  58      6559E72D 
  58      C374
  59 01af D3B0ED0C 		.ascii	"\323\260\355\014\263a3\272\221\015\323\255LC\302n\236"
  59      B36133BA 
  59      910DD3AD 
  59      4C43C26E 
  59      9E
  60 01c0 3390549D 		.ascii	"3\220T\235O\330\\;\201m\266\305\336\274)\334\037.\330"
  60      4FD85C3B 
  60      816DB6C5 
  60      DEBC29DC 
  60      1F2ED8
  61 01d3 4D3F4C9B 		.ascii	"M?L\233.\363\250\344}\334\232\013\003m\211\360N\261"
  61      2EF3A8E4 
  61      7DDC9A0B 
  61      036D89F0 
  61      4EB1
  62 01e5 A62568AD 		.ascii	"\246%h\255\303\336\357g$j\335\232\243\220DA3\020j\004"
  62      C3DEEF67 
  62      246ADD9A 
  62      A3904441 
  62      33106A04 
  63 01f9 2ED00134 		.ascii	".\320\0014\261\001\260\242\213\360\016}\310\312\330"
  63      B101B0A2 
  63      8BF00E7D 
  63      C8CAD8
  64 0208 641FB0B4 		.ascii	"d\037\260\264(\3204\272\233\241\205~\235\226\027md\022"
  64      28D034BA 
  64      9BA1857E 
  64      9D96176D 
  64      6412
  65 021a DE3F1FF4 		.ascii	"\336?\037\364\317:\310\317\261!3\270\277\324\375\277"
  65      CF3AC8CF 
  65      B12133B8 
  65      BFD4FDBF 
  66 022a 0DD1D01A 		.ascii	"\015\321\320\032\246\241\015\033B[%\006\023\022W[\226"
  66      A6A10D1B 
  66      425B2506 
  66      1312575B 
  66      96
  67 023b 77ED7BAD 		.ascii	"w\355{\255\275E?Q\314\266\024\375\\O\236\367\237l\242"
  67      BD453F51 
  67      CCB614FD 
  67      5C4F9EF7 
  67      9F6CA2
  68 024e DE28246E 		.ascii	"\336($n\270DO\201v>KG<\307n\253t\226\3225\255\310\237"
  68      B8444F81 
  68      763E4B47 
  68      3CC76EAB 
  68      7496D235 
  69 0265 F5A742B2 		.ascii	"\365\247B\262\003:p\252\370\003}\007\273\353\200\206"
ARM GAS  C:\Users\kiekensk\AppData\Local\Temp\cc6htV7j.s 			page 5


  69      033A70AA 
  69      F8037D07 
  69      BBEB8086 
  70 0275 E5D0AFEF 		.ascii	"\345\320\257\357b\303\350\204x6j\005\272`\037.\306|"
  70      62C3E884 
  70      78366A05 
  70      BA601F2E 
  70      C67C
  71 0287 79A73B74 		.ascii	"y\247;tR$\341\211r\267\322\305\206\306&\000\017\215"
  71      5224E189 
  71      72B7D2C5 
  71      86C62600 
  71      0F8D
  72 0299 5C02C6C3 		.ascii	"\\\002\306\303\004.\323\307+\320\215\327\036\032|\024"
  72      042ED3C7 
  72      2BD08DD7 
  72      1E1A7C14 
  73 02a9 7E8FE7EC 		.ascii	"~\217\347\354\375\0147\035)]\264\235l\246\240\207\017"
  73      FD0C371D 
  73      295DB49D 
  73      6CA6A087 
  73      0F
  74 02ba F4F5CB89 		.ascii	"\364\365\313\211\2148\035LQi\346[lM\257\340@y\036\\"
  74      8C381D4C 
  74      5169E65B 
  74      6C4DAFE0 
  74      40791E5C 
  75 02ce 4536FE47 		.ascii	"E6\376G\015\257bu\333\012\\\343\373e\276\242\323\315"
  75      0DAF6275 
  75      DB0A5CE3 
  75      FB65BEA2 
  75      D3CD
  76 02e0 EB22CAFF 		.ascii	"\353\"\312\377\204\245\367b\272\223\247\367a\372\235"
  76      84A5F762 
  76      BA93A7F7 
  76      61FA9D
  77 02ef EE722FE1 		.ascii	"\356r/\341'\007}\213\203\353\242\301\273\205\206~lp"
  77      27077D8B 
  77      83EBA2C1 
  77      BB85867E 
  77      6C70
  78 0301 F186016C 		.ascii	"\361\206\001l\360\256O\235\214\323\033\006*<t\267\014"
  78      F0AE4F9D 
  78      8CD31B06 
  78      2A3C74B7 
  78      0C
  79 0312 8A86CA2D 		.ascii	"\212\206\312-4\334\300\206(\3360\204\015%\253kOC\327"
  79      34DCC086 
  79      28DE3084 
  79      0D25AB6B 
  79      4F43D7
  80 0325 402020F2 		.ascii	"@  \362\253\266\220?\214\371\321<\177\004\363+F\237"
  80      ABB6903F 
  80      8CF9D13C 
  80      7F04F32B 
  80      469F
  81 0337 A7A97A7E 		.ascii	"\247\251z~u\266\246\355\200\233\242\301\267\205\206"
ARM GAS  C:\Users\kiekensk\AppData\Local\Temp\cc6htV7j.s 			page 6


  81      75B6A6ED 
  81      809BA2C1 
  81      B78586
  82 0346 516C88E1 		.ascii	"Ql\210\341\015\267\260\241-u:5JoH\035\372\021\214\211"
  82      0DB7B0A1 
  82      2D753A35 
  82      4A6F481D 
  82      FA118C89 
  83 035a 7CFF16F2 		.ascii	"|\377\026\362oc\276\233\347\337\301\374@^\361A\247\236"
  83      6F63BE9B 
  83      E7DFC1FC 
  83      405EF141 
  83      A79E
  84 036c 5FA63506 		.ascii	"_\2465\006T\270\313\305\372\263P,\356\353\320\371\301"
  84      54B8CBC5 
  84      FAB3502C 
  84      EEEBD0F9 
  84      C1
  85 037d 76BA623C 		.ascii	"v\272b<M\244\316\210{(8\257}\355R\014?#R\330\0311nn"
  85      4DA4CE88 
  85      7B2838AF 
  85      7DED520C 
  85      3F2352D8 
  86 0395 943D1726 		.ascii	"\224=\027&0\365\377\036\004\2236\007A\223~\020L\341"
  86      30F5FF1E 
  86      04933607 
  86      41937E10 
  86      4CE1
  87 03a7 DCECB039 		.ascii	"\334\354\2609\010\356\213\203`\332\376 xN\017\002:\026"
  87      08EE8B83 
  87      60DAFE20 
  87      784E0F02 
  87      3A16
  88 03b9 7695610F 		.ascii	"v\225a\017\202\031<\010f\361\002\023\002\005\013\261"
  88      82193C08 
  88      66F10213 
  88      02050BB1 
  89 03c9 62CDC60D 		.ascii	"b\315\306\015k6\323\221|\312a\226?'\344\263\000\230"
  89      6B36D391 
  89      7CCA6196 
  89      3F27E4B3 
  89      0098
  90 03db A7233151 		.ascii	"\247#1Q\227\010\304M\360@P\307\270\2074\316\344Z6\356"
  90      9708C44D 
  90      F04050C7 
  90      B88734CE 
  90      E45A36EE 
  91 03ef 91708D71 		.ascii	"\221p\215q\217qO\365v$\337\342*\206*\206*\034\360\304"
  91      8F714FF5 
  91      7624DFE2 
  91      2A862A86 
  91      2A1CF0C4 
  92 0403 E85AB661 		.ascii	"\350Z\266aA\270\306\206\247\330\240e\335\032\211\321"
  92      41B8C686 
  92      A7D8A065 
  92      DD1A89D1 
  93 0413 1B824115 		.ascii	"\033\202A\025\026\215\256e\363\227\204k\314_6\316\257"
ARM GAS  C:\Users\kiekensk\AppData\Local\Temp\cc6htV7j.s 			page 7


  93      168DAE65 
  93      F397846B 
  93      CC5F36CE 
  93      AF
  94 0424 6F0B712B 		.ascii	"o\013q+\0021\306=\303\341n\234\2751\314\207K7\212\023"
  94      0231C63D 
  94      C3E16E9C 
  94      BD31CC87 
  94      4B378A13 
  95 0438 9E1B15CB 		.ascii	"\236\033\025\313\026\274\020\212\261\340%\026\034\177"
  95      16BC108A 
  95      B1E02516 
  95      1C7F
  96 0446 915AC39F 		.ascii	"\221Z\303\237\011<\232\247\025\340\0257\325\304\025"
  96      093C9AA7 
  96      15E01537 
  96      D5C415
  97 0455 DF33299E 		.ascii	"\3373)\236\330\216\342U\364v\242=w(\226+Ng\212\327\314"
  97      D88EE255 
  97      F476A23D 
  97      7728962B 
  97      4E678AD7 
  98 046a 8DB28AD7 		.ascii	"\215\262\212\327#S\374\332F\361\254\2568\210s\263\323"
  98      2353FCDA 
  98      46F1ACAE 
  98      388873B3 
  98      D3
  99 047b 46F18650 		.ascii	"F\361\206P\254\251\266\212\373\252\\l,\354*\303*\366"
  99      ACA9B68A 
  99      FBAA5C6C 
  99      2CEC2AC3 
  99      2AF6
 100 048d A84C7182 		.ascii	"\250Lq\202\312.pd\246x\363\344]3\254Y\305\312\241\332"
 100      CA2E7064 
 100      A678F3E4 
 100      5D33AC59 
 100      C5CAA1DA 
 101 04a1 18B3E244 		.ascii	"\030\263\342D\225+f\001\220\244Z\024K\004\342&\330\257"
 101      952B6601 
 101      90A45A14 
 101      4B04E226 
 101      D8AF
 102 04b3 72C51877 		.ascii	"r\305\030w@e\233 \261\246f\324\261\371\204\255@\262"
 102      40659B20 
 102      B1A666D4 
 102      B1F984AD 
 102      40B2
 103 04c5 6A802DDB 		.ascii	"j\200-\333\220\242r\330\330p\020\033\026\023\246or\330"
 103      90A272D8 
 103      D870101B 
 103      1613A66F 
 103      72D8
 104 04d7 03450137 		.ascii	"\003E\0017\244\252\006\327\262\005i*w\215\005\207\350"
 104      A4AA06D7 
 104      B205692A 
 104      778D0587 
 104      E8
ARM GAS  C:\Users\kiekensk\AppData\Local\Temp\cc6htV7j.s 			page 8


 105 04e8 8C989E9E 		.ascii	"\214\230\236\236e\343\016\253\2341\306\035\301\361\266"
 105      65E30EAB 
 105      9C31C61D 
 105      C1F1B6
 106 04f7 0ECDB403 		.ascii	"\016\315\264\003\177z\366<r\302Q\325\000[\266 ]\345"
 106      7F7AF63C 
 106      72C251D5 
 106      005BB620 
 106      5DE5
 107 0509 B0B120C3 		.ascii	"\260\261 \303\270\202\376-\304\035S9c\214;\256\217\267"
 107      B882FE2D 
 107      C41D5339 
 107      638C3BAE 
 107      8FB7
 108 051b D233C6E7 		.ascii	"\3223\306\3477\345M8\241\352\242f\271\341U\223\341\365"
 108      37E54D38 
 108      A1EAA266 
 108      B9E15593 
 108      E1F5
 109 052d ED18CE54 		.ascii	"\355\030\316T\231\266\024\357\211b\302\015\3470\303"
 109      99B614EF 
 109      8962C20D 
 109      E730C3
 110 053c 59E64659 		.ascii	"Y\346FY\303\331jD\206s\324\360\206\227u\303\27181\261"
 110      C3D96A44 
 110      8673D4F0 
 110      869775C3 
 110      B93831B1 
 111 0550 3686F354 		.ascii	"6\206\363Tn\370\244\275\341\031j\230\216\205]eX\303"
 111      6EF8A4BD 
 111      E1196A98 
 111      8E855D65 
 111      58C3
 112 0562 F968B800 		.ascii	"\371h\270\000\027\354dZp\332%\026\214^\177h\301\002"
 112      17EC645A 
 112      70DA2516 
 112      8C5E7F68 
 112      C102
 113 0574 CB178FBA 		.ascii	"\313\027\217\272\314\206O\011\303,\000\012\255\206%"
 113      CC864F09 
 113      C32C000A 
 113      AD8625
 114 0583 02710714 		.ascii	"\002q\007\024\011\303\030\3675\356\200\361\376C%q\302"
 114      09C318F7 
 114      35EE80F1 
 114      FE432571 
 114      C2
 115 0594 704B300E 		.ascii	"pK0\016\2761\032\226m(\026\206\261\34146\314\275\254"
 115      BE311A96 
 115      6D281686 
 115      B1E13436 
 115      CCBDAC
 116 05a7 BAEDD61B 		.ascii	"\272\355\326\033\002\025m\025N(1\"\226m\370V \306\206"
 116      02156D15 
 116      4E283122 
 116      966DF856 
 116      20C686
ARM GAS  C:\Users\kiekensk\AppData\Local\Temp\cc6htV7j.s 			page 9


 117 05ba 522B62D9 		.ascii	"R+b\331\2702\201\030\343\312U\313s\261l\\\205 \213q"
 117      B8328118 
 117      E3CA55CB 
 117      73B16C5C 
 117      85208B71 
 118 05ce 5EBCFEB1 		.ascii	"^\274\376\261\234i??\023^(P\251\032\010\313\306W\011"
 118      9C693F3F 
 118      135E2850 
 118      A91A08CB 
 118      C65709
 119 05e1 C218EFD3 		.ascii	"\302\030\357\323\011'is\321\342\251\376\207\340\347"
 119      09276973 
 119      D1E2A9FE 
 119      87E0E7
 120 05f0 A296B961 		.ascii	"\242\226\271a\266%7\015g\253\3330\\\215\332\306\374"
 120      B625370D 
 120      67ABDB30 
 120      5C8DDAC6 
 120      FC
 121 0601 BD0FA3B9 		.ascii	"\275\017\243\271\341\"f\370\214\271Q\326pMd\206km\014"
 121      E12266F8 
 121      8CB951D6 
 121      704D6486 
 121      6B6D0C
 122 0614 6FE886EB 		.ascii	"o\350\206\353pfv\331\030>+\014\237\2637\034\244\206"
 122      706676D9 
 122      183E2B0C 
 122      9FB3371C 
 122      A486
 123 0626 E958D855 		.ascii	"\351X\330U\2065\\\217\206\317\343\212Mv\247\206^:\235"
 123      86355C8F 
 123      86CFE38A 
 123      4D76A786 
 123      5E3A9D
 124 0639 312C58DB 		.ascii	"1,X\333\221\271oc\315\204\033\004a\366xh\264\022\216"
 124      91B96F63 
 124      CD841B04 
 124      61F67868 
 124      B4128E
 125 064c 3C0F3740 		.ascii	"<\0177@\223\020\214i\027p\0034\337I\314\341?P-\323g"
 125      93108C69 
 125      17700334 
 125      DF49CCE1 
 125      3F502DD3 
 126 0661 E19DD06C 		.ascii	"\341\235\320l\024,YpQ\000\306\202\026,\030\364\225\244"
 126      142C5970 
 126      5100C682 
 126      162C18F4 
 126      95A4
 127 0673 3804E000 		.ascii	"8\004\340\000\005\334j\004,Y\320&\374bA\273\325\257"
 127      05DC6A04 
 127      2C59D026 
 127      FC6241BB 
 127      D5AF
 128 0685 64DA25C1 		.ascii	"d\332%\301\027\323:\254|%\323:\205^L\353\262>\341J\246"
 128      17D33AAC 
 128      7C25D33A 
ARM GAS  C:\Users\kiekensk\AppData\Local\Temp\cc6htV7j.s 			page 10


 128      855E4CEB 
 128      B23EE14A 
 129 069a 5D165831 		.ascii	"]\026X1\255\233\247\341\275)n\263\332d\263f;6{PQ\177"
 129      AD9BA7E1 
 129      BD296EB3 
 129      DA64B366 
 129      3B367B50 
 130 06b0 E96C8A93 		.ascii	"\351l\212\223\333,c6\257\250\246FY\233W#\263y\315\306"
 130      DB2C6336 
 130      AFA8A646 
 130      599B5723 
 130      B379CDC6 
 131 06c4 A6371B6D 		.ascii	"\2467\033m\366\342D\304\331\330\354\0236\257\333\333"
 131      F6E244C4 
 131      D9D8EC13 
 131      36AFDBDB 
 132 06d4 1CF6B9D8 		.ascii	"\034\366\271\330X\330U\206\265\331\2176\007p}f2J\357"
 132      58D85586 
 132      B5D98F36 
 132      07707D66 
 132      324AEF
 133 06e7 C48805BA 		.ascii	"\304\210\005\272bX\240\245\305\221\336h3\316A\201\223"
 133      6258A0A5 
 133      C591DE68 
 133      33CE4181 
 133      93
 134 06f8 05C00D2B 		.ascii	"\005\300\015+N\211@\\\361!\241\023\343\002\210\247\274"
 134      4E89405C 
 134      F121A113 
 134      E30288A7 
 134      BC
 135 0709 A761849F 		.ascii	"\247a\204\237\376\033\205\033\000\303F\234\262\005#"
 135      FE1B851B 
 135      00C3469C 
 135      B20523
 136 0718 422716DC 		.ascii	"B'\026\334\244\3435Q\224\215\033\025\0261\356\226\325"
 136      A4E33551 
 136      948D1B15 
 136      1631EE96 
 136      D5
 137 0729 A26CDC98 		.ascii	"\242l\334\230\300\210q\267\255\030e\343\356\010\215"
 137      C08871B7 
 137      AD1865E3 
 137      EE088D
 138 0738 1877D7AA 		.ascii	"\030w\327\252Q6\356\236\340\210q\343\006\216\336l\235"
 138      5136EE9E 
 138      E08871E3 
 138      068EDE6C 
 138      9D
 139 0749 638F89E3 		.ascii	"c\217\211\343\325\355p\234@8\307\237\225N\010\216\325"
 139      D5ED709C 
 139      4038C79F 
 139      954E088E 
 139      D5
 140 075a 8CE3A46A 		.ascii	"\214\343\244jj\224\3458\025\031\307\3736\034\353u\216"
 140      6A94E538 
 140      1519C7FB 
ARM GAS  C:\Users\kiekensk\AppData\Local\Temp\cc6htV7j.s 			page 11


 140      361CEB75 
 140      8E
 141 076b D338116F 		.ascii	"\3238\021o\330p\234\021\034g\3559>\241\034\351X\330"
 141      D8709C11 
 141      1C67ED39 
 141      3EA11CE9 
 141      58D8
 142 077d 5586E538 		.ascii	"U\206\3458\207\034\347q\201\232\217\325\236\013\375"
 142      871CE771 
 142      819A8FD5 
 142      9E0BFD
 143 078c 7C326958 		.ascii	"|2iX\240\342\245\312&\313\313\335\007\202#\013\200\207"
 143      A0E2A5CA 
 143      26CBCBDD 
 143      0782230B 
 143      8087
 144 079e 568E1281 		.ascii	"V\216\022\201\372\235\"\301\021\343\036#\307\215[y\017"
 144      FA9D22C1 
 144      11E31E23 
 144      C78D5B79 
 144      0F
 145 07af F8CB5D6D 		.ascii	"\370\313]m\274v\206\300\023\243G\331\206\005\341\021"
 145      BC7686C0 
 145      13A347D9 
 145      8605E111 
 146 07bf 1B9E6243 		.ascii	"\033\236bC\336\250\357'\241'\313\024',\032\205\312"
 146      DEA8EF27 
 146      A127CB14 
 146      272C1A85 
 146      CA
 147 07d0 162C09A1 		.ascii	"\026,\011\241X\260l\025*\033\267\"\204b\3343\253P\331"
 147      58B06C15 
 147      2A1BB722 
 147      8462DC33 
 147      AB50D9
 148 07e3 B8E74228 		.ascii	"\270\347B(\306\275\320_\355fw\015\201\230\340v'\274"
 148      C6BDD05F 
 148      ED66770D 
 148      8198E076 
 148      27BC
 149 07f5 34BEDE95 		.ascii	"4\276\336\225-x%\314b\301*\026<x\370x\305)^\357j\035"
 149      2D7825CC 
 149      62C12A16 
 149      3C78F878 
 149      C5295EEF 
 150 080b 0AAC7154 		.ascii	"\012\254qT\365\234\361\204\211\361\324v\030\257#\270"
 150      F59CF184 
 150      89F1D476 
 150      18AF23B8 
 151 081b CE3AEF90 		.ascii	"\316:\357\220`|\2361~mn\224e\034\214\214\361\206\015"
 151      607C9E31 
 151      7E6D6E94 
 151      651C8C8C 
 151      F1860D
 152 082e E3299DB1 		.ascii	"\343)\235\261F\330\334|\307\206\261\207p\306\011\304"
 152      46D8DC7C 
 152      C786B187 
ARM GAS  C:\Users\kiekensk\AppData\Local\Temp\cc6htV7j.s 			page 12


 152      70C609C4 
 153 083e 967197DF 		.ascii	"\226q\227\337\305\306\302\2562,\343D\302\030'\341?\207"
 153      C5C6C2AE 
 153      322CE344 
 153      C21827E1 
 153      3F87
 154 0850 3E5A6B9E 		.ascii	">Zk\236\017\375\214\362\332\260f\211\276\241Y\313\375"
 154      0FFD8CF2 
 154      DAB06689 
 154      BEA159CB 
 154      FD
 155 0861 E3FD8433 		.ascii	"\343\375\2043f\001p\200X\030K\004\342&H&\2341\306\245"
 155      66017080 
 155      58184B04 
 155      E2264826 
 155      9C31C6A5 
 156 0875 10B6097C 		.ascii	"\020\266\011|K+>\227\276\011\342\340 1\020\226MO%\234"
 156      4B2B3E97 
 156      BE09E2E0 
 156      20311096 
 156      4D4F259C 
 157 0889 30A6A761 		.ascii	"0\246\247a\372\341\301\205\000\337b\375\370\202\367"
 157      FAE1C185 
 157      00DF62FD 
 157      F882F7
 158 0898 10311896 		.ascii	"\0201\030\226m8L\270al8B,\206e\343\216\022n\030\343"
 158      6D384CB8 
 158      616C3842 
 158      2C8665E3 
 158      8E126E18 
 159 08ad D289C5B0 		.ascii	"\322\211\305\260l\\\006\341\2061\356\030\261<\313\312"
 159      6C5C06E1 
 159      8631EE18 
 159      B13CCBCA 
 160 08bd C61D275C 		.ascii	"\306\035'\\,\306\235 \233\317\262S\234\347\272\211g"
 160      2CC69D20 
 160      9BCFB253 
 160      9CE7BA89 
 160      67
 161 08ce 703B3C33 		.ascii	"p;<3\011\203\264:\335\231&~ m\305\233J\304\324(\313"
 161      0983B43A 
 161      DD99267E 
 161      206DC59B 
 161      4AC4D428 
 162 08e3 339B4476 		.ascii	"3\233DvS\211\204\347\271\240\363\314\305\211\370\256"
 162      538984E7 
 162      B9A0F3CC 
 162      C589F8AE 
 163 08f3 DD4D25C1 		.ascii	"\335M%\301\363\244=\317\273\224'\035\013\273\312\360"
 163      F3A43DCF 
 163      BB94271D 
 163      0BBBCAF0 
 164 0903 379590A7 		.ascii	"7\225\220\247\376\333\012\231\353\367\027\325\320-\004"
 164      FEDB0A99 
 164      EBF717D5 
 164      D02D04
 165 0912 B2B9406B 		.ascii	"\262\271@k)\343I\226\027\275\247\004O\026@\037`\275"
ARM GAS  C:\Users\kiekensk\AppData\Local\Temp\cc6htV7j.s 			page 13


 165      29E34996 
 165      17BDA704 
 165      4F16401F 
 165      60BD
 166 0924 A91479A0 		.ascii	"\251\024y\240~SI\360\304\270\257\215q\336-\304}#<b\\"
 166      7E5349F0 
 166      C4B8AF8D 
 166      71DE2DC4 
 166      7D233C62 
 167 0939 31B1BCC4 		.ascii	"1\261\274\304\225\215;-\360a\\\211\025\237l\334\267"
 167      958D3B2D 
 167      F0615C89 
 167      159F6CDC 
 167      B7
 168 094a 021FC695 		.ascii	"\002\037\306\225Z\361\311\306\225\011|\030Wn\305'\033"
 168      5AF1C9C6 
 168      95097C18 
 168      576EC527 
 168      1B
 169 095b 5721F061 		.ascii	"W!\360a\234\327\200o\201\343c{\311p7\210l\003_%2\311"
 169      9CD7806F 
 169      81E3637B 
 169      C9703788 
 169      6C035F25 
 170 0971 182FF82B 		.ascii	"\030/\370+\267\327\315\354U\021S\241\254=_d\366\374"
 170      B7D7CDEC 
 170      551153A1 
 170      AC3D5F64 
 170      F6FC
 171 0983 36F6D674 		.ascii	"6\366\326t{\3258\017\337\263\261wF\330\253\261\267\367"
 171      7BD5380F 
 171      DFB3B177 
 171      46D8ABB1 
 171      B7F7
 172 0995 9CDAA363 		.ascii	"\234\332\243ca\027\031\326^-\332\253\303\365\251K8}"
 172      611719D6 
 172      5E2DDAAB 
 172      C3F5A94B 
 172      387D
 173 09a7 2AF42348 		.ascii	"*\364#H\225a}\274}\335s\226\177\2249+\354\261\0008g"
 173      95617DBC 
 173      7DDD7396 
 173      7F94392B 
 173      ECB10038 
 174 09bc B5271188 		.ascii	"\265'\021\210\013^/\354a\334y\253=\331\270\006a\017"
 174      0B5E2FEC 
 174      61DC79AB 
 174      3DD9B806 
 174      610F
 175 09ce E31AADF6 		.ascii	"\343\032\255\366d\343\232\204=\214\273`\265'\033\327"
 175      64E39A84 
 175      3D8CBB60 
 175      B5271BD7 
 176 09de 2CEC61DC 		.ascii	",\354a\334E\253=\331\270\026a\017\343Z\255\366d\343"
 176      45AB3DD9 
 176      B816610F 
 176      E35AADF6 
ARM GAS  C:\Users\kiekensk\AppData\Local\Temp\cc6htV7j.s 			page 14


 176      64E3
 177 09f0 DA843D8C 		.ascii	"\332\204=\214k7\330[\343\366*M\366|\333\261w\011\231"
 177      6B37D85B 
 177      E3F62A4D 
 177      F67CDBB1 
 177      770999
 178 0a03 E4D66777 		.ascii	"\344\326gw\2718\276~\206\257\203\230\032e\361uF\206"
 178      B938BE7E 
 178      86AF8398 
 178      1A65F175 
 178      4686
 179 0a15 AFCB065F 		.ascii	"\257\313\006_i>\342\273\214\023\361\246\015\276n\201"
 179      693EE2BB 
 179      8C13F1A6 
 179      0DBE6E81 
 180 0a25 AFC71E5F 		.ascii	"\257\307\036_\337y\027\033\013\273\312\260\370\256 "
 180      DF79171B 
 180      0BBBCAB0 
 180      F8AE20
 181 0a34 BEABB840 		.ascii	"\276\253\270@\005\376\245\353\241\333q\035\206\005\312"
 181      05FEA5EB 
 181      A1DB711D 
 181      8605CA
 182 0a43 EF9C6CB3 		.ascii	"\357\234l\263\374xyM\340c\001\320k\305'\021\210+\336"
 182      FC78794D 
 182      E06301D0 
 182      6BC52711 
 182      882BDE
 183 0a56 27F061DC 		.ascii	"'\360a\334u+>\331\270~\201\017\343\006\254\370d\343"
 183      752B3ED9 
 183      B87E810F 
 183      E306ACF8 
 183      64E3
 184 0a68 06053E8C 		.ascii	"\006\005>\214\273a\305'\0337$\360a\\\300\212O6nX\340"
 184      BB61C527 
 184      1B3724F0 
 184      615CC08A 
 184      4F366E58 
 185 0a7d C3B8112B 		.ascii	"\303\270\021+>\331\270\233\002\037\306\215\032\360\225"
 185      3ED9B89B 
 185      021FC68D 
 185      1AF095
 186 0a8c E6EBF82E 		.ascii	"\346\353\370.\231\360u\262\217\036\263\337\000\312\307"
 186      99F075B2 
 186      8F1EB3DF 
 186      00CAC7
 187 0a9b DF80C4FD 		.ascii	"\337\200\304\375\237J\267Yz\237\242*\312\317\366\354"
 187      9F4AB759 
 187      7A9FA22A 
 187      CACFF6EC 
 188 0aab 89D7FFDB 		.ascii	"\211\327\377\333\373U\374\347\037\377+\376\223\275\037"
 188      FB55FCE7 
 188      1FFF2BFE 
 188      93BD1F
 189 0aba FFE76F5F 		.ascii	"\377\347o_\305\377\376\017\037}\370\307_\376\366W\277"
 189      C5FFFE0F 
 189      1F7DF8C7 
ARM GAS  C:\Users\kiekensk\AppData\Local\Temp\cc6htV7j.s 			page 15


 189      5FFEF657 
 189      BF
 190 0acb FBE97BEF 		.ascii	"\373\351{\357}\364\353\017\336\377\340/\277\321\277"
 190      7DF4EB0F 
 190      DEFFE02F 
 190      BFD1BF
 191 0ada B4E753C5 		.ascii	"\264\347S\305\371\331\227_\354\375\322\365\351\336\177"
 191      F9D9975F 
 191      ECFDD2F5 
 191      E9DE7F
 192 0ae9 FFE38BCF 		.ascii	"\377\343\213\317\376\0131\267R\377"
 192      FE0B31B7 
 192      52FF
 193              		.text
 194              		.section	.gnu.lto___early_init.abe47be,"",%progbits
 195 0000 789C6365 		.ascii	"x\234ce`b8\313\300\300`\012\304\322@\314\310\314\300"
 195      606238CB 
 195      C0C0600A 
 195      C4D240CC 
 195      C8CCC0
 196 0013 C834E11C 		.ascii	"\3104\341\034\003C#\007\023##\210\321\300\301\310P\317"
 196      03432307 
 196      13232388 
 196      D1C0C1C8 
 196      50CF
 197 0025 C458CFD8 		.ascii	"\304X\317\330\317<\235\231\361P\373\263\235L\232\313"
 197      CF3C9D99 
 197      F150FBB3 
 197      9D4C9ACB 
 198 0035 1B80E0C0 		.ascii	"\033\200\340\300\364+|m\015\255\022\363\231\031\030"
 198      F42B7C6D 
 198      0DAD12F3 
 198      991918
 199 0044 66023108 		.ascii	"f\0021\0100.g\324d\000*{\264\361\337T^6\026\2108\343"
 199      302E67D4 
 199      64002A7B 
 199      B4F1DF54 
 199      5E361688 
 200 005a 0A463646 		.ascii	"\012F6F \275\376\022\343\201\206\177\377\333\033\016"
 200      20BDFE12 
 200      E381867F 
 200      FFDB1B0E 
 201 006a 9C59CC78 		.ascii	"\234Y\314x\327\217\205\201\241\013(\015\262\243\233"
 201      D78F8581 
 201      A10B280D 
 201      B2A39B
 202 0079 99094433 		.ascii	"\231\011D3\277fl^\260y.3H\003\310\224\235;\337\334f"
 202      BF666C5E 
 202      B0792E33 
 202      4803C894 
 202      9D3BDFDC 
 203 008e AFFFDBC0 		.ascii	"\257\377\333\3001\237\231q&3\320\010\306\225\214\365"
 203      319F9971 
 203      2633D008 
 203      C6958CF5 
 204 009e 0CF3818A 		.ascii	"\014\363\201\212A\012\267\312bW\307\004T\267\012\252"
 204      410AB7CA 
ARM GAS  C:\Users\kiekensk\AppData\Local\Temp\cc6htV7j.s 			page 16


 204      6257C704 
 204      54B70AAA 
 205 00ae EE2D63D3 		.ascii	"\356-c\323\202\335s\031\301\012A\240\013h\012\320\""
 205      82DD7319 
 205      C10A41A0 
 205      0B680AD0 
 205      22
 206 00bf A012633D 		.ascii	"\240\022c==}\010\312/\326\317H\314\321O\312O,J)\326"
 206      3D7D08CA 
 206      2FD6CF48 
 206      CCD14FCA 
 206      4F2C4A29 
 207 00d4 0F0E89F7 		.ascii	"\017\016\211\367\013u\366q\365741\211w373\217\362\204"
 207      0B75F671 
 207      F5373431 
 207      89773337 
 207      338FF284 
 208 00e8 48E92533 		.ascii	"H\351%3\000\000o`S\213"
 208      00006F60 
 208      538B
 209              		.text
 210              		.section	.gnu.lto_boardInit.abe47be,"",%progbits
 211 0000 789C6365 		.ascii	"x\234ce`b\250d``0\005bi fdf`d\232p\216\201\241\221\203"
 211      6062A864 
 211      60603005 
 211      62692066 
 211      64666064 
 212 001b 899111C4 		.ascii	"\211\221\021\304h\340`d\250gb\254g\354g\236\316\314"
 212      68E06064 
 212      A86762AC 
 212      67EC679E 
 212      CECC
 213 002d 78A8FDD9 		.ascii	"x\250\375\331N&\315\345\015@p`\372\006\241\266\206V"
 213      4E26CDE5 
 213      0D407060 
 213      FA06A1B6 
 213      8656
 214 003f 89F9CC0C 		.ascii	"\211\371\314\014\0143\201\030\004\030\2273j2\000\225"
 214      0C338118 
 214      04189733 
 214      6A320095 
 215 004f 3DDAF86F 		.ascii	"=\332\370o*/\033\013D\234q\005#\033#\220^\177\211\361"
 215      2A2F1B0B 
 215      449C7105 
 215      231B2390 
 215      5E7F89F1 
 216 0063 40C3BFFF 		.ascii	"@\303\277\377\355\015\007\276,b\334\032\304\304\300"
 216      ED0D07BE 
 216      2C62DC1A 
 216      C4C4C0
 217 0072 D0059406 		.ascii	"\320\005\224\006\331\321\315\314\004\242\231\33726)"
 217      D9D1CDCC 
 217      04A299DF 
 217      323629
 218 0081 805483CD 		.ascii	"\200T\203\315\352bf\004\011\002\225\031\353\351\351"
 218      EA626604 
 218      09029519 
ARM GAS  C:\Users\kiekensk\AppData\Local\Temp\cc6htV7j.s 			page 17


 218      EBE9E9
 219 0090 43507EB1 		.ascii	"CP~\261~Fb\216~R~bQJ\261~pH\274_\250\263\217\253\277"
 219      7E46628E 
 219      7E527E62 
 219      514AB17E 
 219      7048BC5F 
 220 00a9 A18949BC 		.ascii	"\241\211I\274\233\271\231y\224'DJ/\231\001\000/07\300"
 220      9BB99979 
 220      9427444A 
 220      2F990100 
 220      2F3037C0 
 221              		.text
 222              		.section	.gnu.lto_.symbol_nodes.abe47be,"",%progbits
 223 0000 789C55C8 		.ascii	"x\234U\310\315\015@`\020\006\341\331wC]\324\241\230"
 223      CD0D4060 
 223      1006E1D9 
 223      77435DD4 
 223      A198
 224 0012 6F4B5083 		.ascii	"oKP\203.\270I\304\317E\015*\021\033\211\203\271L\362"
 224      2EB849C4 
 224      CF450D2A 
 224      111B8983 
 224      B94CF2
 225 0025 54888E4C 		.ascii	"T\210\216L\253\012\364'\344\306\230\243N\333T\354\263"
 225      AB0AF427 
 225      E4C698A3 
 225      4EDB54EC 
 225      B3
 226 0036 29DA945D 		.ascii	")\332\224]E?\261C\305_\201\210\006\334`\270nss\226<"
 226      453FB143 
 226      C55F8188 
 226      06DC60B8 
 226      6E737396 
 227 004b 0F6C9818 		.ascii	"\017l\230\030l"
 227      6C
 228              		.text
 229              		.section	.gnu.lto_.refs.abe47be,"",%progbits
 230 0000 789C6365 		.ascii	"x\234ce`b`d\000\002\000\000I\000\011"
 230      60626064 
 230      00020000 
 230      490009
 231              		.text
 232              		.section	.gnu.lto_.decls.abe47be,"",%progbits
 233 0000 789CCD59 		.ascii	"x\234\315Y{T\224G\226\357\372\252\033\350\266A\017\270"
 233      7B549447 
 233      96EFFAAA 
 233      1BE8B641 
 233      0FB8
 234 0012 1937EB99 		.ascii	"\0317\353\231\311\3112\206\263\347\014\010f\223\331"
 234      C9C93286 
 234      B3E70C08 
 234      6693D9
 235 0021 FD63370A 		.ascii	"\375c7\012(lL\3444\306=\273\307=\034\0028\341,\212\007"
 235      286C4CE4 
 235      34C63DBB 
 235      C73D1C02 
 235      38E12C8A 
ARM GAS  C:\Users\kiekensk\AppData\Local\Temp\cc6htV7j.s 			page 18


 236 0036 DA396666 		.ascii	"\3329ffw\346\343\241<\024\025\304 \202\004\005#D\"\250"
 236      77E6E3A1 
 236      3C1415C4 
 236      20820405 
 236      234422A8 
 237 004a 2022125A 		.ascii	" \"\022ZP\322\274\014B\000\225W\213\212\370B\036>\020"
 237      50D2BC0C 
 237      42009557 
 237      8B8AF842 
 237      1E3E10
 238 005d 14E656D5 		.ascii	"\024\346V\325\327|\305\327\355<2\373\307\366\351\333"
 238      D77CC5D7 
 238      ED3C32FB 
 238      C7F6E9DB 
 239 006d 55F7BBBF 		.ascii	"U\367\273\277\272uo\325\255[U_kT\202\352\344OU\2527"
 239      BA756FD5 
 239      AD5B555F 
 239      6B5482EA 
 239      E44F55AA 
 240 0082 D42A5500 		.ascii	"\324*U\000R\251f\341\003U\3257*\371C\370\223@e@\247"
 240      52A966E1 
 240      0355D537 
 240      2AF943F8 
 240      93406540 
 241 0097 81CA55B6 		.ascii	"\201\312U\266\237\377\202\266\316Pn\000z\007\350\247"
 241      9FFF82B6 
 241      CE506E00 
 241      7A07E8A7 
 242 00a7 C02F05AA 		.ascii	"\300/\005\252\203\272+\320b\240\217\201\217\000J\001"
 242      83BA2BD0 
 242      62A08F81 
 242      8F004A01 
 243 00b7 4A064A05 		.ascii	"J\006J\005\372\010\350o@\266\010J7 \001\350w@\377\012"
 243      FA08E86F 
 243      40B6084A 
 243      372001E8 
 243      7740FF0A 
 244 00cb B40AC81F 		.ascii	"\264\012\310\037h\015\320\007@+\201\374\200\376\007"
 244      680DD007 
 244      402B81FC 
 244      80FE07
 245 00da 281E2801 		.ascii	"(\036(\001\3507@\"\320v\240\317\201~\017\224\010\364"
 245      E8374022 
 245      D076A0CF 
 245      817E0F94 
 245      08F4
 246 00ec BF449764 		.ascii	"\277D\227d\367^\250\303W\225\216\346\333\034\012<\226"
 246      F75EA8C3 
 246      57958EE6 
 246      DB1C0A3C 
 246      96
 247 00fd 6CCE40B2 		.ascii	"l\316@\262\317X\362\365\344k|\215\220\364m\220x$\215"
 247      CF58F2F5 
 247      E46B7C8D 
 247      90F46D90 
 247      78248D
 248 0110 8BF29385 		.ascii	"\213\362\223\205\321\331\264K5B?\352E`\013Z\304\320"
ARM GAS  C:\Users\kiekensk\AppData\Local\Temp\cc6htV7j.s 			page 19


 248      D1D9B44B 
 248      35423FEA 
 248      45600B5A 
 248      C4D0
 249 0122 88FD224A 		.ascii	"\210\375\"J\224\235\265~\020\242\317\341\251\240\222"
 249      949DB57E 
 249      10A2CFE1 
 249      A9A092
 250 0131 3AB13E42 		.ascii	":\261>B\326\026\022/H\254 \251\244_\2511\342421\353"
 250      D616122F 
 250      48AC20A9 
 250      A45FA931 
 250      E2343231 
 251 0146 C9FA6136 		.ascii	"\311\372a6\263\012mfm\215\004\271\003\204\370\006\234"
 251      B30A6D66 
 251      6D8D04B9 
 251      0384F806 
 251      9C
 252 0157 4266B624 		.ascii	"Bf\266$\237\263O%;\207\254\336\217e\267\014\351\006"
 252      9FB34F25 
 252      3B87ACDE 
 252      8F65B70C 
 252      E906
 253 0169 501F799A 		.ascii	"P\037y\232Of\020\236=~\331}\016c\230f\250\017\274(Z"
 253      4F66109E 
 253      3D7ED97D 
 253      0E639866 
 253      A80FBC28 
 254 017e ED5922B2 		.ascii	"\355Y\"\262\217\323?\310\303vy\366\271i\341\036\214"
 254      8FD33FC8 
 254      C37679F6 
 254      B969E11E 
 254      8C
 255 018f 5C754800 		.ascii	"\\uH\000\266}\264\345\360\002`\027\353\320\"`'\343:"
 255      B67DB4E5 
 255      F0026017 
 255      EBD02260 
 255      27E33A
 256 01a2 2FEA967C 		.ascii	"/\352\226|A[%\210\213\004\264\341\015T\202\226\242\023"
 256      415B2588 
 256      8B04B4E1 
 256      0D548296 
 256      A213
 257 01b4 682974FE 		.ascii	"h)t\376\015Z\002\277\237\252\231\246;Y-\213\337\316"
 257      0D5A02BF 
 257      9FAA99A6 
 257      3B592D8B 
 257      DFCE
 258 01c6 174D16D1 		.ascii	"\027M\026\3214P\357\331^\260Sl\203V\037P\030*F\030}"
 258      3450EFD9 
 258      5EB0536C 
 258      83561F50 
 258      182A4618 
 259 01db 8D3C89C9 		.ascii	"\215<\211\311P\205\337\"4\200\320q\324\017\016\235D"
 259      5085DF22 
 259      3480D071 
 259      D40F0E9D 
ARM GAS  C:\Users\kiekensk\AppData\Local\Temp\cc6htV7j.s 			page 20


 259      44
 260 01ec 6F130F1E 		.ascii	"o\023\017\036\355\275\262\020\257\243\326\036{t\245"
 260      EDBDB210 
 260      AFA3D61E 
 260      7B74A5
 261 01fb D40974E5 		.ascii	"\324\011t\345\203\256\256\363\372l\321\024\017\252\004"
 261      83AEAEF3 
 261      FA6CD114 
 261      0FAA04
 262 020a AAA954D6 		.ascii	"\252\251T\326T\252\324TF5\265\014\365\375\026o\244\212"
 262      54AAD454 
 262      4635B50C 
 262      F5FD166F 
 262      A48A
 263 021c 12F36F57 		.ascii	"\022\363oW9\200\2422PT\0278O\317)Y\317)\245\236\323"
 263      3980A232 
 263      50541738 
 263      4FCF2959 
 263      CF29A59E 
 264 0231 548F385C 		.ascii	"T\2178\\\335\273\020o\242\212J\013\2722\235A\221E\024"
 264      DDBB106F 
 264      A28A4A0B 
 264      BA329D41 
 264      914514
 265 0244 4DB379EE 		.ascii	"M\263y\356i)\015\273\305#\210\371vF\326t\206h\"\225"
 265      69290DBB 
 265      C52388F9 
 265      7646D674 
 265      86682295 
 266 0258 72AAE16A 		.ascii	"r\252\341jbY.f\203\253&.\266\036\272\345\302\006\367"
 266      62592E66 
 266      83AB262E 
 266      B61EBAE5 
 266      C206F7
 267 026b 2D60272E 		.ascii	"-`'.\025MHC\277\017\001_\322\372]\257\204N&\274\371"
 267      154D4843 
 267      BF0F015F 
 267      D2FA5DAF 
 267      844E26BC 
 268 0280 EBCC4E2D 		.ascii	"\353\314N-.B\324\200>s\361\011\"|G\207Hl,$6=\254z\341"
 268      2E42D480 
 268      3E73F109 
 268      227C4787 
 268      486C2C24 
 269 0299 CC1E1144 		.ascii	"\314\036\021D\373\336\361BG|\212\302\205\354\246\356"
 269      FBDEF142 
 269      477C8AC2 
 269      85ECA6EE 
 270 02a9 3A35F2D0 		.ascii	":5\362\320}Ef\316t\267\364_\262\307E\361-\364-\322\241"
 270      7D4566CE 
 270      74B7F45F 
 270      B2C745F1 
 270      2DF42DD2 
 271 02be 0BB2B9EF 		.ascii	"\013\262\271\357\350\3407Y\024\343\305}\011\2426@\205"
 271      E8E03759 
 271      14E3C57D 
 271      09A23640 
ARM GAS  C:\Users\kiekensk\AppData\Local\Temp\cc6htV7j.s 			page 21


 271      85
 272 02cf CEC2DC56 		.ascii	"\316\302\334V\300\334\242\032\344A\364\022\034\252\206"
 272      C0DCA21A 
 272      E441F412 
 272      1CAA86
 273 02de 87E7E121 		.ascii	"\207\347\341!\364Q\\\230~\324\001\347\321\230\022\032"
 273      F4515C98 
 273      7ED401E7 
 273      D198121A 
 274 02ee BEEDB9A6 		.ascii	"\276\355\271\246F:\017\273\012.\332Q\300\214\231my\273"
 274      463A0FBB 
 274      0A2EDA51 
 274      C08C996D 
 274      79BB
 275 0300 61079905 		.ascii	"a\007\231\005\023\030S+\033\003\266\261@J.\331S\217"
 275      1318532B 
 275      1B03B6B1 
 275      404A2ED9 
 275      538F
 276 0312 75C924E2 		.ascii	"u\311$\342\376\034\255\320\"\377\2409^\3003,\324\317"
 276      FE1CADD0 
 276      22FFA039 
 276      5EC0332C 
 276      D4CF
 277 0324 0E3536E8 		.ascii	"\01656\350\3300\212d\030\013\317Y^\"\234\202\251\320"
 277      D8308A64 
 277      180BCF59 
 277      5E229C82 
 277      A9D0
 278 0336 D4B0FB11 		.ascii	"\324\260\373\021\302\231\214I\276\231\324!!'\011\177"
 278      C2998C49 
 278      BE99D421 
 278      2127097F 
 279 0346 A8FA4993 		.ascii	"\250\372I\223\206\361N\300V\216\234\250tf\323e\"\342"
 279      86F14EC0 
 279      568E9CA8 
 279      7466D365 
 279      22E2
 280 0358 D9BAE7D7 		.ascii	"\331\272\347\327\234\361!\3266\365lG\277\232\030)2#"
 280      9CF121D6 
 280      36F56C47 
 280      BF9A1829 
 280      3223
 281 036a 4923AB99 		.ascii	"I#\253\231*\324L|A^K\321rj\337\201\232\003\025.\256"
 281      2AD44C7C 
 281      415E4BD1 
 281      726ADF81 
 281      9A03152E 
 282 037f FB2818A6 		.ascii	"\373(\030\246AM]o\004\264\231\242[\220\253\265\015\355"
 282      414D5D6F 
 282      04B499A2 
 282      5B90ABB5 
 282      0DED
 283 0391 E7DEF502 		.ascii	"\347\336\365\002-3c\224\360YU\203\243.\270\220\365\233"
 283      2D336394 
 283      F0595583 
 283      A32EB890 
ARM GAS  C:\Users\kiekensk\AppData\Local\Temp\cc6htV7j.s 			page 22


 283      F59B
 284 03a3 5EFF7462 		.ascii	"^\377tb\001.bL\357\321\314cj\206\034&\374\341\227/\023"
 284      012E624C 
 284      EFD1CC63 
 284      6A861C26 
 284      FCE1972F 
 285 03b8 D5F81B26 		.ascii	"\325\370\033&\214\257\276\236.\205\227\205\306G\374"
 285      8CAFBE9E 
 285      2E859785 
 285      C647FC
 286 03c7 FE42075C 		.ascii	"\376B\007\\\311\204\323#\307G\035\360E\306T\336<P+u"
 286      C984D323 
 286      C7471DF0 
 286      45C654DE 
 286      3C502B75 
 287 03db 788DF0F5 		.ascii	"x\215\360\365\023\271cz\334\314\204;\012\177\330\355"
 287      13B9637A 
 287      DCCC843B 
 287      0A7FD8ED 
 288 03eb 883B19D3 		.ascii	"\210;\031\3231t$Q\317\220m\204\237\350Ik\320\343\001"
 288      31742451 
 288      CF906D84 
 288      9FE8496B 
 288      D0E301
 289 03fe 26BC64BE 		.ascii	"&\274d\276\325\341\204\3571f\327\345\212\006)\230\315"
 289      D5E184EF 
 289      3166D7E5 
 289      8A062998 
 289      CD
 290 040f 848F1B2E 		.ascii	"\204\217\033.K\302xB\352P\032YWid\307\332\352S\265\370"
 290      4BC27842 
 290      EA501A59 
 290      576964C7 
 290      DAEA53B5 
 291 0424 1513B6A6 		.ascii	"\025\023\266\246d\034\020\360\0165e\212\206r\367H\035"
 291      641C10F0 
 291      0E35658A 
 291      8672F748 
 291      1D
 292 0435 FE920C4D 		.ascii	"\376\222\014M\316\350a=Nc\262\013\005;\212\235p\026"
 292      CEE8613D 
 292      4E63B20B 
 292      053B8A9D 
 292      7016
 293 0447 63AA2B2F 		.ascii	"c\252+/4Hs\267\234,\374+i\275z\374%\223\235\034N29\342"
 293      344873B7 
 293      9C2CFC2B 
 293      69BD7AFC 
 293      25939D1C 
 294 045f E38CC999 		.ascii	"\343\214\311\231\350\273'9\353A\224\264\276(q\301\245"
 294      E8BB2739 
 294      EB4194B4 
 294      BE2871C1 
 294      A5
 295 0470 4C665DA0 		.ascii	"Lf]\240\256l\201^\350\251\360\302ULtd\270j\377B\\\307"
 295      AE6C815E 
 295      E8A9F0C2 
ARM GAS  C:\Users\kiekensk\AppData\Local\Temp\cc6htV7j.s 			page 23


 295      554C7464 
 295      B86AFF42 
 296 0486 9891C43B 		.ascii	"\230\221\304;\226\005\014\267\004\330\233}wS]p3\223"
 296      96050CB7 
 296      04D89B7D 
 296      77535D70 
 296      3393
 297 0498 EDAC3D50 		.ascii	"\355\254=P\243\305\235\214\261\246SW\226N/Y\372\021"
 297      A3C59D8C 
 297      B1A65357 
 297      964E2F59 
 297      FA11
 298 04aa EE67A207 		.ascii	"\356g\242\007\251\246\353\002\276\313\230\342\252\264"
 298      A9A6EB02 
 298      BECB98E2 
 298      AAB4
 299 04b8 9B1A3CCA 		.ascii	"\233\032<\312\230[\225\211\317\324\370\011cN\274\314"
 299      985B9589 
 299      CFD4F809 
 299      634EBCCC 
 300 04c8 6BD3E217 		.ascii	"k\323\342\027\214i;o\271\343\202\3434\224\271_\273\363"
 300      8C693B6F 
 300      B9E382E3 
 300      3494B95F 
 300      BBF3
 301 04da B634BF99 		.ascii	"\2664\277\2314}tZ,\210\205k\276\226\310w\345\025\252"
 301      347D745A 
 301      2C88856B 
 301      BE96C877 
 301      E515AA
 302 04ed 712205FF 		.ascii	"q\"\005\377\375\304\235\204n\007\344.\177\334\254\025"
 302      FDC49D84 
 302      6E07E42E 
 302      7FDCAC15 
 303 04fd 0FF7799F 		.ascii	"\017\367y\237\243bb\202hz\\\214k\252\012\033\343\304"
 303      A3626282 
 303      687A5C8C 
 303      6BAA0A1B 
 303      E3C4
 304 050f C225A80E 		.ascii	"\302%\250\016b\265\001\226i\202\340&/\304K4p\275\341"
 304      62B50196 
 304      6982E026 
 304      2FC44B34 
 304      70BDE1
 305 0522 47C55A34 		.ascii	"G\305Z4\265`H\257\211\230\302\237+\341\2256\360&\016"
 305      B56048AF 
 305      8998C29F 
 305      2BE19536 
 305      F0260E
 306 0535 DEAF84F7 		.ascii	"\336\257\204\367Q\370Y$\343\333\0339\374=%~\330\006"
 306      51F85924 
 306      E3DB1B39 
 306      FC3D257E 
 306      D806
 307 0547 3F65E6F0 		.ascii	"?e\346\360\217\224\370\007Js\352\2329x\207\022\336n"
 307      8F94F807 
 307      4A73EA9A 
ARM GAS  C:\Users\kiekensk\AppData\Local\Temp\cc6htV7j.s 			page 24


 307      39788712 
 307      DE6E
 308 0559 A37E9CC7 		.ascii	"\243~\234\307_\266?8V<\311y\203\3158\216\342a\251\243"
 308      5FB63F38 
 308      563CC979 
 308      83CD388E 
 308      E261A9A3 
 309 056d 26096F4D 		.ascii	"&\011oM\000\350;\24597x\353\307\225\352\315Jx;\017\237"
 309      00E83BA5 
 309      393778EB 
 309      C795EACD 
 309      4A783B0F 
 310 0582 50C2BD94 		.ascii	"P\302\275\224\306\337\340\307\376\206\022~M\326\236"
 310      C6DFE0C7 
 310      FE86127E 
 310      4DD69E
 311 0591 2E25AC0F 		.ascii	".%\254\017\324*\364\014\344O\251\210\240!\001\243\335"
 311      D42AF40C 
 311      E44FA988 
 311      A02101A3 
 311      DD
 312 05a2 8207CA12 		.ascii	"\202\007\312\022\334Q\034\220\010\264\013h\037\320\001"
 312      DC511C90 
 312      08B40B68 
 312      1FD001
 313 05b1 A097C81D 		.ascii	"\240\227\310\035\035\204\362\020\3204\324\223\241\334"
 313      1D84F210 
 313      D034D493 
 313      A1DC
 314 05bf 0F940494 		.ascii	"\017\224\004\224\016\224\006\224\0124\005\262\014(\343"
 314      0E940694 
 314      0A3405B2 
 314      0C28E3
 315 05ce 81F602ED 		.ascii	"\201\366\002\355\004\372\002(\023\350\025\310\262\241"
 315      04FA0228 
 315      13E815C8 
 315      B2A1
 316 05dc 4C044A01 		.ascii	"L\004J\001\232\005~\022h\006h\007\360{\200^ w\272\337"
 316      9A057E12 
 316      68066807 
 316      F07B805E 
 316      2077BADF 
 317 05f0 4AE3C0CF 		.ascii	"J\343\300\317\312\367J\307Z\225\3036\305\303\353\225"
 317      CAF74AC7 
 317      5A95C336 
 317      C5C3EB95 
 318 0600 F0734AF8 		.ascii	"\360sJ\370}~\330\272\225\360N\0338\037\261\267\225\360"
 318      7D7ED8BA 
 318      95F04E1B 
 318      381FB1B7 
 318      95F0
 319 0612 5B362172 		.ascii	"[6!r\243\221\013\221\273\312\020\031\262\011\021\336"
 319      A3910B91 
 319      BBCA1019 
 319      B20911DE 
 320 0622 F82BF67D 		.ascii	"\370+\366}\345'\275\216\267~\300\376\202\343\324\017"
 320      E527BD8E 
ARM GAS  C:\Users\kiekensk\AppData\Local\Temp\cc6htV7j.s 			page 25


 320      B77EC0FE 
 320      82E3D40F 
 321 0632 F2213566 		.ascii	"\362!5f?\002\231z\266\251\317\324\002^\\D`*iCg\363\002"
 321      3F02997A 
 321      B6A9CFD4 
 321      025E5C44 
 321      602A6943 
 322 0649 4703D34C 		.ascii	"G\003\323L#.>-\212)\016t\337\273\251\324f\2615\226O"
 322      232E3E2D 
 322      8A290E74 
 322      DFBBA9D4 
 322      66B13596 
 323 065e 2655F667 		.ascii	"&U\366g\206\307\017\362\316]\267\037\321<\376>\357\335"
 323      86C70FF2 
 323      CE5DB71F 
 323      D13CFE3E 
 323      EFDD
 324 0670 A8123FA2 		.ascii	"\250\022?\242\034\214q~*\007\355\233\357-\317d{\023"
 324      1C8C717E 
 324      2A07ED9B 
 324      EF2DCF64 
 324      7B13
 325 0682 3793BDCA 		.ascii	"7\223\275\312\231\354\261\031j^\373\035\373\201\302"
 325      99ECB119 
 325      6A5EFB1D 
 325      FB81C2
 326 0691 472DEFEB 		.ascii	"G-\357\353\017\366S\025o;\357\352c\373\256\316\205!"
 326      0FF65315 
 326      6F3BEFEA 
 326      63FBAECE 
 326      8521
 327 06a3 CCD5B855 		.ascii	"\314\325\270U=\231\252.\373Q\316\017e\023\257\377\211"
 327      3D99AA2E 
 327      FB51CE0F 
 327      6513AFFF 
 327      89
 328 06b4 DDDCE32D 		.ascii	"\335\334\343-k\257k\344\264?\264\237\226\371E\321\304"
 328      6BAF6BE4 
 328      B43FB49F 
 328      96F945D1 
 328      C4
 329 06c5 E7CDABCA 		.ascii	"\347\315\253\312\241l\263\331U\370\241\274o\177\227"
 329      A16CB3D9 
 329      55F8A1BC 
 329      6F7F97
 330 06d4 A070D81E 		.ascii	"\240p\330\036\237\226\224\364-\300&\272=\012YG\222+"
 330      9F9694F4 
 330      2DC026BA 
 330      3D0A5947 
 330      922B
 331 06e6 B4C8CDC3 		.ascii	"\264\310\315\303^\306C\207!\321\375\177Lzl\345\365\267"
 331      5EC64387 
 331      21D1FD7F 
 331      4C7A6CE5 
 331      F5B7
 332 06f8 E0045144 		.ascii	"\340\004QD(\027,\314\021\346N\323d!R?o\035{X\341\242"
 332      28172CCC 
ARM GAS  C:\Users\kiekensk\AppData\Local\Temp\cc6htV7j.s 			page 26


 332      11E64ED3 
 332      6421523F 
 332      6F1D7B58 
 333 070e 4F9D3BA3 		.ascii	"O\235;\243S\240|R\315\023\364\364\302\002%\200\313f"
 333      53A07C52 
 333      CD13F4F4 
 333      C2022580 
 333      CB66
 334 0720 332DCEB8 		.ascii	"3-\316\270\205\0350\006\343\313\315\316\370*c\3222\353"
 334      851D3006 
 334      E3CBCDCE 
 334      F82A63D2 
 334      32EB
 335 0732 EAD4B89B 		.ascii	"\352\324\270\2331\005\331\351I\032\334\313\230\342\214"
 335      3105D9E9 
 335      491ADCCB 
 335      98E28C
 336 0741 7D653ADC 		.ascii	"}e:\334\317\230\203_wOi\261\2051\307\246\246G\311\031"
 336      CF98835F 
 336      774F69B1 
 336      8531C7A6 
 336      A647C919 
 337 0755 7019B9B3 		.ascii	"p\031\271\263`\356\306\262\214\335Xj\233\033\277\322"
 337      60EEC6B2 
 337      8CDD586A 
 337      9B1BBFD2 
 338 0765 E3213605 		.ascii	"\343!6\005\373\216\234\330\245\265\336&\340\350\257"
 338      FB8E9CD8 
 338      A5B5DE26 
 338      E0E8AF
 339 0774 F150CD5D 		.ascii	"\361P\315]5Q1\014\3732\351\334\377\225\260\024\035\023"
 339      3551310C 
 339      FB32E9DC 
 339      FF95B014 
 339      1D13
 340 0786 ACB789BB 		.ascii	"\254\267\211\273\245\313\262\222\310m\242H\320\241\343"
 340      A5CBB292 
 340      C86DA248 
 340      D0A1E3
 341 0795 B2FFCBA4 		.ascii	"\262\377\313\244\303\364\267\351=C:<\306\372x\231\360"
 341      C3F4B7E9 
 341      3D433A3C 
 341      C6FA7899 
 341      F0
 342 07a6 C563F956 		.ascii	"\305c\371V4\333\342s\211^DJ\240\351\327rS\320d\275\026"
 342      34DBE273 
 342      895E444A 
 342      A0E9D772 
 342      53D064BD 
 343 07bb 29ED3861 		.ascii	")\3558a\307\016r\324\236<z\301\011O\321N\324\023\317"
 343      C70E72D4 
 343      9E3C7AC1 
 343      094FD14E 
 343      D413CF
 344 07ce 76DF     		.ascii	"v\337"
 345 07d0 D021385F 		.ascii	"\320!8_\311\321$\250\270\021?)\205\322)\320U\006\323"
 345      C9D124A8 
ARM GAS  C:\Users\kiekensk\AppData\Local\Temp\cc6htV7j.s 			page 27


 345      B8113F29 
 345      85D229D0 
 345      5506D3
 346 07e3 592AB873 		.ascii	"Y*\270s\271\362y-\256)\330\263[\314\277\210\250]\205"
 346      B9F2792D 
 346      AE29D8B3 
 346      5BCCBF88 
 346      A85D85
 347 07f6 60176931 		.ascii	"`\027i1g\002]R%\334\212\035\374\273\203p\257\305\024"
 347      67025D52 
 347      25DC8A1D 
 347      FCBB8370 
 347      AFC514
 348 0809 FD8D5DB4 		.ascii	"\375\215]\264\267\234\247\373stp\377'\030>M\203\325"
 348      B79CA7FB 
 348      737470FF 
 348      27183E4D 
 348      83D5
 349 081b 3FF48F64 		.ascii	"?\364\217d \344\276\330\303\235\255\274g9.qT-QW\000"
 349      20E4BED8 
 349      C39DADBC 
 349      67392E71 
 349      542D5157 
 350 0830 6ACF088B 		.ascii	"j\317\010\213\355\255\353\014\351\006DV\214\354#\001"
 350      EDADEB0C 
 350      E9064456 
 350      8CEC2301 
 351 0840 131FCBC1 		.ascii	"\023\037\313\301\307\012\360\361\264\300\207\354\225"
 351      C70AF0F1 
 351      B4C087EC 
 351      95
 352 084d 9C257124 		.ascii	"\234%q$d\001e\273Yt\345\270\356O\020\315\313i\2128\372"
 352      640165BB 
 352      5974E5B8 
 352      EE4F10CD 
 352      CB698A38 
 353 0862 FA8E61D8 		.ascii	"\372\216a\330\307/4\267\010\213\301\202\270\327Z\240"
 353      C72F34B7 
 353      088BC182 
 353      B8D75AA0 
 354 0872 9AD73DB9 		.ascii	"\232\327=\271\030\324wV\350\361\031\007\032\200w\232"
 354      18D47756 
 354      E8F11907 
 354      1A80779A 
 355 0882 4BE39D70 		.ascii	"K\343\235p%c\362ZO6kp5c\252O\234l\027\360E\306\224T"
 355      2563F25A 
 355      4F366B70 
 355      3563AA4F 
 355      9C6C17F0 
 356 089a 8DEE42B8 		.ascii	"\215\356B\270\2211cI\245F\334\306\352{\333\276\354q"
 356      91316349 
 356      A546DCC6 
 356      EA7BDBBE 
 356      EC71
 357 08ac 926E88E4 		.ascii	"\222n\210\344\355\311\344\221\333\031\002\356\242B\375"
 357      EDC9E491 
 357      DB1902EE 
ARM GAS  C:\Users\kiekensk\AppData\Local\Temp\cc6htV7j.s 			page 28


 357      A242FD
 358 08bb 4C49B3BB 		.ascii	"LI\263\273|\342v\363\220\216\326\203o\312)\252\032\334"
 358      7CE276F3 
 358      908ED683 
 358      6FCA29AA 
 358      1ADC
 359 08cd 33FFD1B3 		.ascii	"3\377\321\263Z\323R\031\375\245\022=\254\314\177\355"
 359      5AD35219 
 359      FDA5123D 
 359      ACCC7FED 
 360 08dd 1CFA5BFB 		.ascii	"\034\372[\373\350y\333 g\312y%\334\346\2249\305\241"
 360      E879DB20 
 360      67CA7925 
 360      DCE69439 
 360      C5A1
 361 08ef CF29D136 		.ascii	"\317)\3216{\346\015\016}\301\256\233\374&\305\201\253"
 361      7BE60D0E 
 361      7DC1AE9B 
 361      FC26C581 
 361      AB
 362 0900 EC1B3267 		.ascii	"\354\0332g7D\345L\216\216\341\317\302$\037Q\342m\016"
 362      3744E54C 
 362      8E8EE1CF 
 362      C2241F51 
 362      E26D0E
 363 0913 F70DD688 		.ascii	"\367\015\326\210\"\352+\355[\316\324\363\351\277\006"
 363      22EA2BED 
 363      5BCED4F3 
 363      E9BF06
 364 0922 96373B75 		.ascii	"\2267;u\231\245\005\333\010\301|\011\242\251\026\250"
 364      99A505DB 
 364      08C17C09 
 364      A2A916A8 
 365 0932 0EE83250 		.ascii	"\016\3502P=\320w@\015@M@&\240\213\363\203\375\220+\015"
 365      3DD07740 
 365      0D404D40 
 365      26A08BF3 
 365      83FD902B 
 366 0947 76B3F264 		.ascii	"v\263\362dDM\313\345L\313\267\357\0113\215\274\273h"
 366      444DCBE5 
 366      4CCBB7EF 
 366      09338DBC 
 366      BB68
 367 0959 9D2CD7E0 		.ascii	"\235,\327\340\036\032]\302\224\271\334\254A\036n\322"
 367      1E1A5DC2 
 367      94B9DCAC 
 367      411E6ED2 
 368 0969 B2CE7520 		.ascii	"\262\316u \313\272\025Z7\313\211\314L\367\000{N\241"
 368      CBBA155A 
 368      37CB89CC 
 368      4CF7007B 
 368      4EA1
 369 097b 16F0E5C7 		.ascii	"\026\360\345\307\372\005\246<\271:P\274\200\337TZ\347"
 369      FA05A63C 
 369      B93A50BC 
 369      80DF545A 
 369      E7
ARM GAS  C:\Users\kiekensk\AppData\Local\Temp\cc6htV7j.s 			page 29


 370 098c 6D2A5704 		.ascii	"m*W\004\275\325\206+t_\351M\331\231\347\200\207\331"
 370      BDD5862B 
 370      745FE94D 
 370      D999E780 
 370      87D9
 371 099e AA193CDF 		.ascii	"\252\031<\337\033'\340G\214y\274\377r\253\200\307\030"
 371      1B27E047 
 371      8C79BCFF 
 371      72AB80C7 
 371      18
 372 09af 33742D21 		.ascii	"3t-!\333\001?g\314\276W\327E\007<\313\230\264\307\223"
 372      DB013F67 
 372      CCBE57D7 
 372      45073CCB 
 372      98B4C793 
 373 09c3 47D478A7 		.ascii	"G\324x\247#e\316\325<\362a\027\337\245\300\235\357\033"
 373      2365CED5 
 373      3CF26117 
 373      DFA5C09D 
 373      EF1B
 374 09d5 3349AF2C 		.ascii	"3I\257,-\344\036|=\341y\2273\336M\241\332\235\245\347"
 374      2DE41E7C 
 374      3DE17997 
 374      33DE4DA1 
 374      DA9DA5E7 
 375 09e9 CAF5C87A 		.ascii	"\312\365\310z\343\365`)f\340\326O\252\344\363h7\014"
 375      E3F56029 
 375      66E0D64F 
 375      AAE4F368 
 375      370C
 376 09fb 58DF6B03 		.ascii	"X\337k\003\210\340\233\016`r\021&\340\037\224`\345\011"
 376      88E09B0E 
 376      60721126 
 376      E01F9460 
 376      E509
 377 0a0d 6750C65E 		.ascii	"gP\306^Ub\347G2A\337\227\321mJ\364\210\322\214\0332"
 377      5562E747 
 377      3241DF97 
 377      D16D4AF4 
 377      88D28C1B 
 378 0a22 B8DDBE6A 		.ascii	"\270\335\276j\233[[\027\314w\247@D}\322d[`\262\257\303"
 378      9B5B5B17 
 378      CC77A740 
 378      447DD264 
 378      5B60B2AF 
 379 0a37 64F603F5 		.ascii	"d\366\003\365\002\335\000\352\001\032\000\2726o'j\227"
 379      02DD00EA 
 379      011A00BA 
 379      366F276A 
 379      97
 380 0a48 BBEBB0EB 		.ascii	"\273\353\260\353\365\274c\243\014\376\336\276#\374m"
 380      F5BC63A3 
 380      0CFEDEBE 
 380      23FC6D
 381 0a57 A101D010 		.ascii	"\241\001\320\020\256}\312]\010\325\327e\3178\342t:w"
 381      AE7DCA5D 
 381      08D5D765 
ARM GAS  C:\Users\kiekensk\AppData\Local\Temp\cc6htV7j.s 			page 30


 381      CF38E274 
 381      3A77
 382 0a69 424AD1F0 		.ascii	"BJ\321\360$V\034\312\254\016\241[\340\307_\342\223\324"
 382      24561CCA 
 382      AC0EA15B 
 382      E0C75FE2 
 382      93D4
 383 0a7b F17BA4DF 		.ascii	"\361{\244\337AhwS^&}\326\243\322\323\311\334.\275\233"
 383      41687753 
 383      5E267DD6 
 383      A3D2D3C9 
 383      DC2EBD9B 
 384 0a8f D45DF2EB 		.ascii	"\324]\362\353\272S\375\311\276@U\363\343\357\262\020"
 384      BA53FDC9 
 384      BE4055F3 
 384      E3EFB210 
 385 0a9f BF406ECF 		.ascii	"\277@n\317[ w\244S\327\035\272:\322\212g~\306\342\371"
 385      5B2077A4 
 385      53D71DBA 
 385      3AD28A67 
 385      7EC6E2F9 
 386 0ab3 20D945C6 		.ascii	" \331E\306\304\264$\351\235\327$\011\350\306\256\303"
 386      C4B424E9 
 386      9DD72409 
 386      E8C6AEC3 
 387 0ac3 233A9CC7 		.ascii	"#:\234\307b\337\032\355\256R\264'\265>\205S\3171&,\273"
 387      62DF1AED 
 387      AE52B427 
 387      B53E8553 
 387      CF31262C 
 388 0ad8 90F8487A 		.ascii	"\220\370Hz\177e\"\302];\366\2468\342\022&\234(:\235"
 388      7F6522C2 
 388      5D3BF6A6 
 388      38E21226 
 388      9C283A9D 
 389 0aec E7C48445 		.ascii	"\347\304\204EDx\357U\303\003\015>\303\204\035\317\333"
 389      4478EF55 
 389      C3030D3E 
 389      C3841DCF 
 389      DB
 390 0afd 9274F83C 		.ascii	"\222t\370<cR+\366\027,\304\027\031\263g\357\231S:lf"
 390      63522BF6 
 390      172CC417 
 390      19B367EF 
 390      99533A6C 
 391 0b12 4C45EBB9 		.ascii	"LE\353\271~\015\376\2361\275\343]I\013p\027cJ_f\036"
 391      7E0DFE9E 
 391      31BDE35D 
 391      490B7017 
 391      634A5F66 
 392 0b27 77C07D8C 		.ascii	"w\300}\214i\313=l}\221ZN<J+\235\225\266\311|7\2422\273"
 392      69CB3D6C 
 392      7D915A4E 
 392      3C4A2B9D 
 392      95B6C97C 
 393 0b3f 0F4E8CB7 		.ascii	"\017N\214\267)\3269c\342\341\325\205h\356\215\224\007"
 393      29D63963 
ARM GAS  C:\Users\kiekensk\AppData\Local\Temp\cc6htV7j.s 			page 31


 393      E2E1D585 
 393      68EE8D94 
 393      07
 394 0b50 7D074513 		.ascii	"}\007E\023g\266\353~\221\344F2]#0]\323P\316M\310#Aq"
 394      67B6EB7E 
 394      91E44632 
 394      5D23305D 
 394      D350CE4D 
 395 0b68 EB1AFC5B 		.ascii	"\353\032\374[vS \350\207J\364\003\301\346\272\275D\206"
 395      765320E8 
 395      874AF403 
 395      C1E6BABD 
 395      4486
 396 0b7a 8F2AE1AD 		.ascii	"\217*\341\255\366W\3233\220?\245\232\246\245\310\213"
 396      F657D333 
 396      903FA59A 
 396      A6A5C88B 
 397 0b8a C31E6886 		.ascii	"\303\036h\206\034\375\311q\036\273\243\004\240)r5\200"
 397      1CFDC971 
 397      1EBBA304 
 397      A0297235 
 397      80
 398 0b9b 72921CD5 		.ascii	"r\222\034\325\311\021\236\034\347\201\177%\257.rI\374"
 398      C9119E1C 
 398      E7817F25 
 398      AF2E7249 
 398      FC
 399 0bac 09592FA4 		.ascii	"\011Y/\244\367\011\033cm\256A\367\337\224\215}\256\204"
 399      F7091B63 
 399      6DAE41F7 
 399      DF948D7D 
 399      AE84
 400 0bbe 0F294762 		.ascii	"\017)Gb\352\015\253\352'J\254\227\022\312\015\332}%"
 400      EA0DABEA 
 400      274AAC97 
 400      12CA0DDA 
 400      7D25
 401 0bd0 F89E52F1 		.ascii	"\370\236R\36187f\217\225\350s6\253|\344\013\272\312"
 401      3837668F 
 401      95E87336 
 401      AB7CE40B 
 401      BACA
 402 0be2 A76D5E09 		.ascii	"\247m^\011\020Y\226\243\254k\\\251\313\346J]\307\365"
 402      105996A3 
 402      AC6B5CA9 
 402      CBE64A5D 
 402      C7F5
 403 0bf4 3CA6445F 		.ascii	"<\246D_\263\031\257vn\274\206\225\360\273\\,@06tt\277"
 403      B319AF76 
 403      6EBC8695 
 403      F0BB5C2C 
 403      40303674 
 404 0c0a 52E3072C 		.ascii	"R\343\007,\345$wM\3678\315\355\2523\207\350\256\232"
 404      E524774D 
 404      F738CDED 
 404      AA3387E8 
 404      AE9A
ARM GAS  C:\Users\kiekensk\AppData\Local\Temp\cc6htV7j.s 			page 32


 405 0c1c 84DDD00E 		.ascii	"\204\335\320\016<\227.\246mvUk\\\240\235\020\016\177"
 405      3C972EA6 
 405      6D76556B 
 405      5CA09D10 
 405      0E7F
 406 0c2e 4D689025 		.ascii	"Mh\220%\274kz\310e^\016\262\247]\365cT\367\177_[\357"
 406      BC6B7AC8 
 406      655E0EB2 
 406      A75DF563 
 406      54F77F5F 
 407 0c44 C8E7A464 		.ascii	"\310\347\244d\314\347\244\024\314r\022\224\000>}\245"
 407      CCE7A414 
 407      CC721294 
 407      003E7DA5 
 408 0c54 E880D66E 		.ascii	"\350\200\326n.T\375\371\211\020\245b\262\336_\230,\227"
 408      2E54FDF9 
 408      8910A562 
 408      B2DE5F98 
 408      2C97
 409 0c66 05FC82E5 		.ascii	"\005\374\202\345\206gG\333\363\264j\201%?\362\347!y"
 409      866747DB 
 409      F3B46A81 
 409      253FF2E7 
 409      2179
 410 0c78 C99DDB51 		.ascii	"\311\235\333Q\254\241\317\310\311a7\246\017o\036\266"
 410      ACA1CFC8 
 410      C96137A6 
 410      0F6F1EB6 
 411 0c88 54AB5FFB 		.ascii	"T\253_\373\337\343\036L\376{L\303\322\237\217\345{,"
 411      DFE31E4C 
 411      FE7B4CC3 
 411      D29F8FE5 
 411      7B2C
 412 0c9a 391AE9DF 		.ascii	"9\032\351\337\307\231\3427\323\023\304\"0\374-\002C"
 412      C799E237 
 412      D313C422 
 412      30FC2D02 
 412      43
 413 0cab BBE4B983 		.ascii	"\273\344\271\203\352\374\177\372\366b\362?\335\345\303"
 413      EAFC7FFA 
 413      F662F23F 
 413      DDE5C3
 414 0cba 71350B70 		.ascii	"q5\013p\202\02350\243\263\270\333\361\347\005b\233I"
 414      82133530 
 414      A3B3B8DB 
 414      F1E70562 
 414      9B49
 415 0ccc 340DE52C 		.ascii	"4\015\345,\201\034\304Fj\037S\303e\001\362d=\334\355"
 415      811CC446 
 415      6A1F53C3 
 415      6501F264 
 415      3DDCED
 416 0cdf D2F1CFA1 		.ascii	"\322\361\317\241\335\300dw\277\236\037^\362\337\240"
 416      DDC06477 
 416      BF9E1F5E 
 416      F2DFA0
 417 0cee 3CBC19D2 		.ascii	"<\274\031\322\360\222ra\254q\363\012\237\220_m\215\214"
ARM GAS  C:\Users\kiekensk\AppData\Local\Temp\cc6htV7j.s 			page 33


 417      F0927261 
 417      AC71F30A 
 417      9F905F6D 
 417      8D8C
 418 0d00 0E89DC12 		.ascii	"\016\211\334\022itZ\363\361'o\371z{\253Vxzz\261ot\254"
 418      69745AF3 
 418      F1276FF9 
 418      7A7BAB56 
 418      787A7AB1 
 419 0d17 D767A151 		.ascii	"\327g\241Q^\237F\207\306\204\307z\005\257\017\371\370"
 419      5E9F4687 
 419      C684C77A 
 419      05AF0FF9 
 419      F8
 420 0d28 13DFB5FE 		.ascii	"\023\337\265\376\353\274\337}7d\365\373\357\275\377"
 420      EBBCDF7D 
 420      3764F5FB 
 420      EFBDFF
 421 0d37 9F814CE4 		.ascii	"\237\201L\344\031\246\322\207\204D\204\306D}N5i\351"
 421      19A6D287 
 421      844484C6 
 421      447D4E35 
 421      69E9
 422 0d49 D340A82D 		.ascii	"\323@\250-b}\204EE\207\3757\025-W\352\336\032\035c$"
 422      627D8445 
 422      4587FD37 
 422      152D57EA 
 422      DE1A1D63 
 423 0d5e AA3F5AE1 		.ascii	"\252?Z\341\303~W\277\277};\221\204DE\205{~\246r\362"
 423      C37E57BF 
 423      BF7D3B91 
 423      84444585 
 423      7B7EA672 
 424 0d73 F3FDD077 		.ascii	"\363\375\320w\365\032\203\267.$d[\344\026#h3\206\206"
 424      F51A83B7 
 424      2E24645B 
 424      E4162368 
 424      338686
 425 0d86 FDF3C650 		.ascii	"\375\363\306PctTTd\330Fc\314\266\210X\343\266ppbStL"
 425      63745454 
 425      64D84663 
 425      CCB68858 
 425      E3B67070 
 426 0d9e 08EBEF9F 		.ascii	"\010\353\357\237<\227{.\337\030\032\263\331\030\035"
 426      3C977B2E 
 426      DF181AB3 
 426      D9181D
 427 0dad 1D154B2A 		.ascii	"\035\025K*\277\220\360\277\210\010\3754rc\344\226\260"
 427      BF90F0BF 
 427      8808FD34 
 427      7263E496 
 427      B0
 428 0dbe A86DE111 		.ascii	"\250m\341\021\0337\207\206}\026\271%bcHx\304\246\320"
 428      1B378786 
 428      7D16B925 
 428      62634878 
 428      C4A6D0
ARM GAS  C:\Users\kiekensk\AppData\Local\Temp\cc6htV7j.s 			page 34


 429 0dd1 6D51C610 		.ascii	"mQ\306\020\343\347[#bI\257\326\2566\374_u\025\373y\354"
 429      E3E75B23 
 429      6249AFD6 
 429      AE36FC5F 
 429      7515FB79 
 430 0de6 4668120E 		.ascii	"Fh\022\016zA\277.h\355\332\340\225\201\3041R\015\364"
 430      7A41BF2E 
 430      68EDDAE0 
 430      9581C431 
 430      520DF4
 431 0df9 0926554D 		.ascii	"\011&UMp\260\357\032\203\326\340\037\354o\330\340\357"
 431      70B0EF1A 
 431      83D6E01F 
 431      EC6FD8E0 
 431      EF
 432 0e0a F71EF60D 		.ascii	"\367\036\366\0156\250W\371\371\312\217\376Q\2732h\225"
 432      36A857F9 
 432      F9CA8FFE 
 432      51BB3268 
 432      95
 433 0e1b CFDA20FF 		.ascii	"\317\332 \377\217\015\244\346\315jV\351\273\332\225"
 433      8F0DA4E6 
 433      CD6A56E9 
 433      BBDA95
 434 0e2a 01AB5648 		.ascii	"\001\253VH\322\2009\\\200\022\267\302\221h\201'\244"
 434      D280395C 
 434      8012B7C2 
 434      91688127 
 434      A4
 435 0e3b F4E6253E 		.ascii	"\364\346%>\216D\003\225\004H\210\200\371\010o'\322\326"
 435      8E440395 
 435      04488880 
 435      F9086F27 
 435      D2D6
 436 0e4d 10BCDE40 		.ascii	"\020\274\336@*\336\2442'[\356DZ3Y\200\025\024\300@\330"
 436      2ADEA432 
 436      275BEE44 
 436      5A335980 
 436      1514C040 
 437 0e62 37D0A026 		.ascii	"7\320\240&N:\202\277\244\024|\015\326\271\365\361\341"
 437      4E3A82BF 
 437      A4147C0D 
 437      D6B9F5F1 
 437      E1
 438 0e73 A3222C7A 		.ascii	"\243\",z\363\346\350-^\021\333\215\020\020\\L\320\361"
 438      F3E6E82D 
 438      5E11DB8D 
 438      10105C4C 
 438      D0F1
 439 0e85 DE0461B7 		.ascii	"\336\004a\267};\214\340\002\203\257o\310z\230.\277\210"
 439      7D3B8CE0 
 439      0283AF6F 
 439      C87A982E 
 439      BF88
 440 0e97 4DEA95AB 		.ascii	"M\352\225\253\015k5k\327\371~\010\303\025l0\240\177"
 440      0D6B356B 
 440      D7F97E08 
ARM GAS  C:\Users\kiekensk\AppData\Local\Temp\cc6htV7j.s 			page 35


 440      C3156C30 
 440      A07F
 441 0ea9 47019AB0 		.ascii	"G\001\232\260(\010H)h\274\337\0131:Y+86\302\370\356"
 441      28084829 
 441      68BCDF0B 
 441      313A592B 
 441      3836C2F8 
 442 0ebe 1F0BC3B5 		.ascii	"\037\013\303\265k\375\274\326\004\005\256\373\265\217"
 442      6BFDBCD6 
 442      0405AEFB 
 442      B58F
 443 0ecc 97BC44A0 		.ascii	"\227\274D\240K\274\316\317\200\003\375\014\232\240O"
 443      4BBCCECF 
 443      8003FD0C 
 443      9AA04F
 444 0edb 82FC0C8E 		.ascii	"\202\374\014\216\353\202\203\374\375\375\014\016\353"
 444      EB8283FC 
 444      FDFD0C0E 
 444      EB
 445 0ee8 D6FF4790 		.ascii	"\326\377G\220\277A\363\321:?\177\003\261$@\317-,\243"
 445      BF41F3D1 
 445      3A3F7F03 
 445      B12440CF 
 445      2D2CA3
 446 0efb 3A74534C 		.ascii	":tSL\024\216\016\217\321l\335\2665<\3061:vkDDx\214C"
 446      148E0E8F 
 446      D16CDDB6 
 446      353CC631 
 446      3A766B44 
 447 0f13 3409B518 		.ascii	"4\011\265\030\315\346\350\360\210\030\202\371LO\361"
 447      CDE6E8F0 
 447      881882F9 
 447      4C4FF1
 448 0f22 60DBB6AD 		.ascii	"`\333\266\255!F\207\240\177\363\0135\206:\004\005\262"
 448      214687A0 
 448      7FF30B35 
 448      863A0405 
 448      B2
 449 0f33 2280156B 		.ascii	"\"\200\025kX\261\232\025\376\254\360c\205/+V\261b%+"
 449      58B19A15 
 449      FEACF063 
 449      852F2B56 
 449      B162252B 
 450 0f47 3E248533 		.ascii	">$\2053\325\034\026\275eS\344\257B\214\332\271\005\357"
 450      D51C16BD 
 450      6553E4AF 
 450      428CDAB9 
 450      05EF
 451 0f59 466BD6D0 		.ascii	"Fk\326\320g\362?\000\222\011\321\177"
 451      67F23F00 
 451      9209D17F 
 452              		.text
 453              		.section	.gnu.lto_.symtab.abe47be,"",%progbits
 454 0000 5F5F6561 		.ascii	"__early_init\000"
 454      726C795F 
 454      696E6974 
 454      00
ARM GAS  C:\Users\kiekensk\AppData\Local\Temp\cc6htV7j.s 			page 36


 455 000d 00       		.ascii	"\000"
 456 000e 00       		.ascii	"\000"
 457 000f 00       		.ascii	"\000"
 458 0010 00000000 		.ascii	"\000\000\000\000\000\000\000\000"
 458      00000000 
 459 0018 B0000000 		.ascii	"\260\000\000\000"
 460 001c 626F6172 		.ascii	"boardInit\000"
 460      64496E69 
 460      7400
 461 0026 00       		.ascii	"\000"
 462 0027 00       		.ascii	"\000"
 463 0028 00       		.ascii	"\000"
 464 0029 00000000 		.ascii	"\000\000\000\000\000\000\000\000"
 464      00000000 
 465 0031 B2000000 		.ascii	"\262\000\000\000"
 466 0035 73746D33 		.ascii	"stm32_clock_init\000"
 466      325F636C 
 466      6F636B5F 
 466      696E6974 
 466      00
 467 0046 00       		.ascii	"\000"
 468 0047 02       		.ascii	"\002"
 469 0048 00       		.ascii	"\000"
 470 0049 00000000 		.ascii	"\000\000\000\000\000\000\000\000"
 470      00000000 
 471 0051 B4000000 		.ascii	"\264\000\000\000"
 472              		.text
 473              		.section	.gnu.lto_.opts,"",%progbits
 474 0000 272D666D 		.ascii	"'-fmath-errno' '-fsigned-zeros' '-ftrapping-math' '"
 474      6174682D 
 474      6572726E 
 474      6F272027 
 474      2D667369 
 475 0033 2D666E6F 		.ascii	"-fno-trapv' '-fno-openmp' '-fno-openacc' '-mcpu=cor"
 475      2D747261 
 475      70762720 
 475      272D666E 
 475      6F2D6F70 
 476 0066 7465782D 		.ascii	"tex-m7' '-mno-thumb-interwork' '-mthumb' '-ggdb' '-"
 476      6D372720 
 476      272D6D6E 
 476      6F2D7468 
 476      756D622D 
 477 0099 4F322720 		.ascii	"O2' '-fomit-frame-pointer' '-falign-functions=16' '"
 477      272D666F 
 477      6D69742D 
 477      6672616D 
 477      652D706F 
 478 00cc 2D666675 		.ascii	"-ffunction-sections' '-fdata-sections' '-fno-common"
 478      6E637469 
 478      6F6E2D73 
 478      65637469 
 478      6F6E7327 
 479 00ff 2720272D 		.ascii	"' '-flto'\000"
 479      666C746F 
 479      2700
 480              		.text
ARM GAS  C:\Users\kiekensk\AppData\Local\Temp\cc6htV7j.s 			page 37


 481              		.comm	__gnu_lto_v1,1,1
 482              		.comm	__gnu_lto_slim,1,1
 483              		.ident	"GCC: (GNU Tools for ARM Embedded Processors (Build 17.03)) 6.3.1 20170215 (release) [ARM/e
ARM GAS  C:\Users\kiekensk\AppData\Local\Temp\cc6htV7j.s 			page 38


DEFINED SYMBOLS
                            *ABS*:00000000 board.c
                            *COM*:00000001 __gnu_lto_v1
                            *COM*:00000001 __gnu_lto_slim

NO UNDEFINED SYMBOLS
