ARM GAS  C:\Users\kiekensk\AppData\Local\Temp\cceP9hmj.s 			page 1


   1              		.cpu cortex-m7
   2              		.eabi_attribute 20, 1
   3              		.eabi_attribute 21, 1
   4              		.eabi_attribute 23, 3
   5              		.eabi_attribute 24, 1
   6              		.eabi_attribute 25, 1
   7              		.eabi_attribute 26, 1
   8              		.eabi_attribute 30, 2
   9              		.eabi_attribute 34, 1
  10              		.eabi_attribute 18, 4
  11              		.file	"chcore_v7m.c"
  12              		.text
  13              	.Ltext0:
  14              		.section	.gnu.lto_.profile.abe66f7,"",%progbits
  15 0000 789C6365 		.ascii	"x\234ce`b`a```d\320\225\000\000\000\362\000R"
  15      60626061 
  15      60606064 
  15      D0950000 
  15      00F20052 
  16              		.text
  17              		.section	.gnu.lto_.icf.abe66f7,"",%progbits
  18 0000 789C6365 		.ascii	"x\234ce`b\020a@\000f\206{\213\336/\341d^\374\272\341"
  18      60621061 
  18      40006686 
  18      7B8BDE2F 
  18      E1645EFC 
  19 0016 073BCBE7 		.ascii	"\007;\313\347\015+\026\2611\000\000d\344\011B"
  19      0D2B16B1 
  19      31000064 
  19      E40942
  20              		.text
  21              		.section	.gnu.lto_.jmpfuncs.abe66f7,"",%progbits
  22 0000 789C6365 		.ascii	"x\234ce`b\340e@\000f(\301\002\242\001\002|\000\037"
  22      6062E065 
  22      40006628 
  22      C102A201 
  22      027C001F 
  23              		.text
  24              		.section	.gnu.lto_.inline.abe66f7,"",%progbits
  25 0000 789C6365 		.ascii	"x\234ce`bpe@\000f\006\006^\021F\006&\201\015\271\014"
  25      60627065 
  25      40006606 
  25      065E1146 
  25      0626810D 
  26 0016 6C0BE499 		.ascii	"l\013\344\231@bL\334`\011v6\2408\307\001;\2708\013\003"
  26      40624CDC 
  26      60097636 
  26      A038C701 
  26      3BB8380B 
  27 002b 17375088 		.ascii	"\0277P\210gN$\\\210\221\013D\002\000\364h\006D"
  27      674E245C 
  27      88910B44 
  27      0200F468 
  27      0644
  28              		.text
  29              		.section	.gnu.lto_.pureconst.abe66f7,"",%progbits
  30 0000 789C6365 		.ascii	"x\234ce`b\340b```f\330\305\310\274\213\221e\027#\000"
ARM GAS  C:\Users\kiekensk\AppData\Local\Temp\cceP9hmj.s 			page 2


  30      6062E062 
  30      60606066 
  30      D8C5C8BC 
  30      8B916517 
  31 0016 0C46024D 		.ascii	"\014F\002M"
  32              		.text
  33              		.section	.gnu.lto__port_irq_epilogue.part.0.abe66f7,"",%progbits
  34 0000 789C9D54 		.ascii	"x\234\235T\337k\034U\024>g\356\235\331\315f\223@\360"
  34      DF6B1C55 
  34      143E67EE 
  34      9DD9CD66 
  34      9340F0
  35 0013 41A10F9B 		.ascii	"A\241\017\233\207P\0125S\360AP|\220\200PaQ\262\177@"
  35      87500A35 
  35      53F04150 
  35      7C908050 
  35      6151B27F 
  36 0028 91696AC5 		.ascii	"\221ij\305&\273\354n5o\231fw\223\260\321\264\250\331"
  36      26BBEC6E 
  36      356F9966 
  36      7793B0D1 
  36      B4A8D9
  37 003b 746B9689 		.ascii	"tk\226\211\325\032\253\306\264\251U\223\332f\233_m\021"
  37      D51AABC6 
  37      B4A95593 
  37      DA669B5F 
  37      6D11
  38 004d 0D351AC1 		.ascii	"\0155\032\301\366\241&\333\242\246\025\032B\221B\262"
  38      F6A126DB 
  38      A2A6151A 
  38      429142B2 
  39 005d 9E736762 		.ascii	"\236sgb\252F\020\207\335\231\271\347\236\357|\347~\337"
  39      AA461087 
  39      DD99B9E7 
  39      9EEF7CE7 
  39      7EDF
  40 006f BDA38306 		.ascii	"\275\243\203\006U:\300\373\000\360\014\375\321\007h"
  40      553AC0FB 
  40      00F00CFD 
  40      D10768
  41 007e 1CF9865E 		.ascii	"\034\371\206^\014\324\324S\323D\367v\260\003\222\357"
  41      0CD4D453 
  41      D344F776 
  41      B00392EF 
  42 008e 41813A47 		.ascii	"A\201:G\017\371\345\306\213\216\310/\266\037\241\335"
  42      0FF9E5C6 
  42      8B8EC82F 
  42      B61FA1DD 
  43 009e D084D4B1 		.ascii	"\320\204\324\261\035\017\213~\201\223]\267\306\264\035"
  43      1D0F8B7E 
  43      81935DB7 
  43      C6B41D
  44 00ad 43365DC5 		.ascii	"C6]\305\376U_\247\235y\330\021\000y\372\363\205C\270"
  44      FE555FA7 
  44      9D79D811 
  44      0079FAF3 
  44      8543B8
ARM GAS  C:\Users\kiekensk\AppData\Local\Temp\cceP9hmj.s 			page 3


  45 00c0 03286DF1 		.ascii	"\003(m\361\364z_\225!\3358~@\274\000\014\277\232>5 "
  45      F47A5F95 
  45      21DD387E 
  45      40BC000C 
  45      BF9A3E35 
  46 00d5 7A852310 		.ascii	"z\205#\020%\015\357~}l\251\232\207\032\206hx\253g\346"
  46      250DEF7E 
  46      7D6CA99A 
  46      871A8668 
  46      78AB67E6 
  47 00e9 824FEC42 		.ascii	"\202O\354B\256P<qv\001\353\337\265\355\016\273X\236"
  47      AE503C71 
  47      7601EBDF 
  47      B5ED0EBB 
  47      589E
  48 00fb 7D72FE44 		.ascii	"}r\376D\247}\344\242\337\021\002?BAe\361C\334\206'q"
  48      A77DE4A2 
  48      DF11023F 
  48      424165F1 
  48      43DC8627 
  49 0110 9B4BFB31 		.ascii	"\233K\3731\326\023\346\265\327\327Vk\030\363\206j.\227"
  49      D613E6B5 
  49      D7D7566B 
  49      18F3866A 
  49      2E97
  50 0122 CA5CB625 		.ascii	"\312\\\266%A\340\037\371\303*?{\245t\274F\304\025\337"
  50      41E01FF9 
  50      C32A3F7B 
  50      A574BC46 
  50      C415DF
  51 0135 6FEBD7B3 		.ascii	"o\353\327\263A\217\357\236S\373f\312VX\211\237lA7\202"
  51      418FEF9E 
  51      53FB66CA 
  51      5658899F 
  51      6C413782 
  52 0149 F523DFA2 		.ascii	"\365#\337\242m\257\227\273l\373\307\307j\203\250Z\320"
  52      6DAF97BB 
  52      6CFBC7C7 
  52      6A83A85A 
  52      D0
  53 015a D48C5077 		.ascii	"\324\214Pw\011\216\320u\272\031\000YR\201\345\314\322"
  53      098ED075 
  53      BA190059 
  53      5281E5CC 
  53      D2
  54 016b 809EA247 		.ascii	"\200\236\242Gh\352\371+\036Z\234H\225\203\233\2021R"
  54      68EAF92B 
  54      1E5A9C48 
  54      95839B82 
  54      3152
  55 017d E9059B2A 		.ascii	"\351\005\233*\246]\261\007\002\317\002\236B#/\360\001"
  55      A65DB107 
  55      02CF029E 
  55      42232FF0 
  55      01
  56 018e 859916F0 		.ascii	"\205\231\026\3604\003p\224\356\244\363\2534\233\353"
  56      34037094 
ARM GAS  C:\Users\kiekensk\AppData\Local\Temp\cceP9hmj.s 			page 4


  56      EEA4F3AB 
  56      349BEB
  57 019d CD39B22E 		.ascii	"\3159\262.\215\216}4\344\010\037\003\326\0263K\025R"
  57      8D8E7D34 
  57      E4081F03 
  57      D616334B 
  57      1552
  58 01af A3BC3358 		.ascii	"\243\2743X\247\312\317.\236\0317(\202\237\242,PU\300"
  58      A7CACF2E 
  58      9E193728 
  58      829FA22C 
  58      5055C0
  59 01c2 B328E126 		.ascii	"\263(\341&v\334\340\246\270\034W\347\031\216\365\364"
  59      76DCE0A6 
  59      B81C57E7 
  59      198EF5F4 
  60 01d2 CED432BF 		.ascii	"\316\3242\277b\204_\260c\245\353\244\340@Ah^NH\315\217"
  60      62845FB0 
  60      63A5EBA4 
  60      E0404168 
  60      5E4E48CD 
  61 01e7 3046A38C 		.ascii	"0F\243\214\324@\347\360\374^7EP\210(\347\177\232\316"
  61      D440E7F0 
  61      FC5E3745 
  61      508828E7 
  61      7F9ACE
  62 01fa E9AEFF37 		.ascii	"\351\256\3777\312\345r\015~F\222\376\025)\270\366\352"
  62      CAE5720D 
  62      7E4692FE 
  62      1529B8F6 
  62      EA
  63 020b CF854C80 		.ascii	"\317\205L\200c\204)\015\255\364U0F\272\030\012}7w\365"
  63      6384290D 
  63      ADF45530 
  63      46BA180A 
  63      7D3777F5 
  64 021f AB4A070B 		.ascii	"\253J\007\013\350\010?\025\306\317\331\030\212\337~"
  64      E8083F15 
  64      C6CFD918 
  64      8ADF7E
  65 022e 67F46DC3 		.ascii	"g\364m\303\034f\301\006\3679\242\002\277@\007\217\252"
  65      1C66C106 
  65      F739A202 
  65      BF40078F 
  65      AA
  66 023f BD896368 		.ascii	"\275\211ch\362\006\274y\177N\025\013\220}\264\275\307"
  66      F206BC79 
  66      7F4E150B 
  66      907DB4BD 
  66      C7
  67 0250 09A9D672 		.ascii	"\011\251\326r\376\373\207\334N%\267\260\321\022!.-\227"
  67      FEFB87DC 
  67      4E25B7B0 
  67      D112212E 
  67      2D97
  68 0262 0A7ED18D 		.ascii	"\012~\321\215J\365\345\322\335\251Jo\227,8\301\274]"
  68      4AF5E5D2 
ARM GAS  C:\Users\kiekensk\AppData\Local\Temp\cceP9hmj.s 			page 5


  68      DDA94A6F 
  68      972C38C1 
  68      BC5D
  69 0274 4C87784F 		.ascii	"L\207xO\236\333b\223|\311\253\221\240L\236\352\253\372"
  69      9EDB6293 
  69      7CC9AB91 
  69      A04C9EEA 
  69      ABFA
  70 0286 BB9F0B01 		.ascii	"\273\237\013\001\235S<O\265\007O\015\236W~^P\307\006"
  70      9D533C4F 
  70      B5074F0D 
  70      9E577E5E 
  70      50C706
  71 0299 FA91A68E 		.ascii	"\372\221\246\216;\243\277\007\352\336\363\014\255\344"
  71      3BA3BF07 
  71      EADEF30C 
  71      ADE4
  72 02a7 ECE1A573 		.ascii	"\354\341\245s\266_\031:\341\031z\375\330\370[\0016\264"
  72      B65F193A 
  72      E1197AFD 
  72      D8F85B01 
  72      36B4
  73 02b9 C8864A9A 		.ascii	"\310\206J\232\271\350\032\352\312\313l\260\214\251\301"
  73      B9E81AEA 
  73      CACB6CB0 
  73      8CA9C1
  74 02c8 89BE47DC 		.ascii	"\211\276G\334\265\352\004\032\033\273}\315\327\276f"
  74      B5EA041A 
  74      1BBB7DCD 
  74      D7BE66
  75 02d7 D3D90AE6 		.ascii	"\323\331\012\346i\351\200\223\330N\373\266\012J\230"
  75      69E98093 
  75      D84EFBB6 
  75      0A4A98
  76 02e6 BE36358D 		.ascii	"\27665\215\233\251\271\314\344\234\217\305\243\276p"
  76      9BA9B9CC 
  76      E49C8FC5 
  76      A3BE70
  77 02f5 CA5B670F 		.ascii	"\312[g\017a\272\267\013\022\361~W\341\207A\364d\373"
  77      61BAB70B 
  77      12F17E57 
  77      E18741F4 
  77      64FB
  78 0307 2F16B5B2 		.ascii	"/\026\265\262E\323\312\"^(\316(\2136\032\352\246\214"
  78      45D3CA22 
  78      5E28CE28 
  78      8B361AEA 
  78      A68C
  79 0319 158257E7 		.ascii	"\025\202W\347\325Rf\251+f\223\177\262\335\371\037l\227"
  79      D55266A9 
  79      2B66937F 
  79      B2DDF91F 
  79      6C97
  80 032b 36D92EFF 		.ascii	"6\331.\377\033\033}9\361\212\307\246\253\203z\0075\367"
  80      1B1B7D39 
  80      F18AC7A6 
  80      AB837A07 
ARM GAS  C:\Users\kiekensk\AppData\Local\Temp\cceP9hmj.s 			page 6


  80      35F7
  81 033d FB962528 		.ascii	"\373\226%(\005h\364hC\203\351\376\242\011\323\212\266"
  81      0568F468 
  81      4383E9FE 
  81      A209D38A 
  81      B6
  82 034e B4445BCD 		.ascii	"\264D[\315X4\236L\230O7\205\033\303m\246\265\337\212"
  82      58349E4C 
  82      984F3785 
  82      1BC36DA6 
  82      B5DF8A
  83 0361 C69BF7BC 		.ascii	"\306\233\367\274\362xK\203\005F\2749q\360@\362\211-"
  83      F2784B83 
  83      0546BC39 
  83      71F040F2 
  83      892D
  84 0373 40CD6D49 		.ascii	"@\315mI\206\230\215\341\310\356\210\331H\030sw\253u"
  84      86988DE1 
  84      C8EE88D9 
  84      48187377 
  84      AB75
  85 0385 E0E0DE66 		.ascii	"\340\340\336f\323jI\274\224\330\363\242e5\354\007i%"
  85      D36A49BC 
  85      94D8F3A2 
  85      6535EC07 
  85      6925
  86 0397 DB62C170 		.ascii	"\333b\301pS$T\277kg(\226\210\201x*\016\325\311h\354"
  86      532454BF 
  86      6B672896 
  86      8881782A 
  86      0ED5C968 
  87 03ac B97DCFC7 		.ascii	"\271}\317\307\243V$\371\202\365r0\034i\342\271\235\224"
  87      A35624F9 
  87      82F57230 
  87      1C69E2B9 
  87      9D94
  88 03be 045A1CFE 		.ascii	"\004Z\034\376\000\006B\320\271"
  88      000642D0 
  88      B9
  89              		.text
  90              		.section	.gnu.lto_SVC_Handler.abe66f7,"",%progbits
  91 0000 789C9593 		.ascii	"x\234\225\223\373o\014Q\024\307\317\231;;\273\332\365"
  91      FB6F0C51 
  91      14C7CF99 
  91      3B3BBBDA 
  91      F5
  92 0011 88DF4423 		.ascii	"\210\337D#\333H\023\022:~\021B\374 \375\205\0376\244"
  92      DB481312 
  92      3A7E1142 
  92      FC20FD85 
  92      1F36A4
  93 0024 FB070863 		.ascii	"\373\007\010ci\303\332\315\354\226\372\311\330m\225"
  93      69C3DACD 
  93      EC96FAC9 
  93      D86D95
  94 0033 5610F419 		.ascii	"V\020\364\031\233\0214]\252\364\341YlW\253\255G\020"
  94      9B11345D 
ARM GAS  C:\Users\kiekensk\AppData\Local\Temp\cceP9hmj.s 			page 7


  94      AAF4E159 
  94      6C57ABAD 
  94      4710
  95 0045 CF9F10B6 		.ascii	"\317\237\020\266-Q\321\3043\022\264\356\2713\244\332"
  95      2D51D1C4 
  95      3312B4EE 
  95      B933A4DA 
  96 0055 2662B233 		.ascii	"&b\2623\263\367\236\357\371\236{>w\256\003$\330 \003"
  96      B3F79EEF 
  96      F99E7B3E 
  96      77AE0324 
  96      D82003
  97 0068 7C018099 		.ascii	"|\001\200\231\374F\006(\035\270\007\260\323%!\322\037"
  97      FC460628 
  97      1DB807B0 
  97      D32521D2 
  97      1F
  98 0079 C385B043 		.ascii	"\303\205\260C\302\035\270\237U3\354,{}Y\232\333`\360"
  98      C21DB89F 
  98      5533EC2C 
  98      7B7D599A 
  98      DB60F0
  99 008c 2B55FD63 		.ascii	"+U\375c\206\221H\241\311\000j\371M\0276\340\\\340\262"
  99      869148A1 
  99      C9006AF9 
  99      4D1736E0 
  99      5CE0B2
 100 009f 0725CD47 		.ascii	"\007%\315G\330>f2D\231\017?\334\255\353\233BC\011=|"
 100      D83E6632 
 100      44990F3F 
 100      DCADEB9B 
 100      4243093D 
 101 00b4 587EABFF 		.ascii	"X~\253\377\330T\266\000I94\374\254\334\235s\3340\242"
 101      D854B600 
 101      493934FC 
 101      ACDC9D73 
 101      DC30A2
 102 00c7 46AAA766 		.ascii	"F\252\247f\326\301\230q\323\220M\306\360\0242\356\212"
 102      D6C19871 
 102      D3904DC6 
 102      F01432EE 
 102      8A
 103 00d8 27310B13 		.ascii	"'1\013\023\230%\334\271<\3352\\9Y\221\261\021s\254\242"
 103      9825DCB9 
 103      3CDD325C 
 103      395991B1 
 103      1173ACA2 
 104 00ec 781A1504 		.ascii	"x\032\025\004\220h\206\307_Wt'\235l\241\260N\325\237"
 104      906886C7 
 104      5F577427 
 104      9D6CA1B0 
 104      4ED59F
 105 00ff 7F8AB6F5 		.ascii	"\177\212\266\365\233\336\245\217\352w\031\007\256\273"
 105      9BDEA58F 
 105      EA771907 
 105      AEBB
 106 010d 4C2663D3 		.ascii	"L&c\323xo<\2039g\037b\312\030\036)\343\255e\225\365"
ARM GAS  C:\Users\kiekensk\AppData\Local\Temp\cceP9hmj.s 			page 8


 106      786F3C83 
 106      39671F62 
 106      CA181E29 
 106      E3AD6595 
 107 0122 BEA8939C 		.ascii	"\276\250\223\234\022\220/\023O\031L\346p\010!@9\257"
 107      12902F13 
 107      4F194CE6 
 107      70082140 
 107      39AF
 108 0134 4D742A98 		.ascii	"Mt*\230Do6\210;\323\237b#\356?K,\261\0205++\304\022"
 108      446F3688 
 108      3BD39F62 
 108      23EE3F4B 
 108      2CB11035 
 109 014c 6B198E5E 		.ascii	"k\031\216^>y\340YTx\335f\376\344\015l\343\321\252}U"
 109      3E79E059 
 109      5478DD66 
 109      FEE40D6C 
 109      E3D1AA7D 
 110 0161 A69C5D82 		.ascii	"\246\234]\202\246Q\3431\231B\011?\323\245}\223d\211"
 110      A651E331 
 110      9942093F 
 110      D3A57D93 
 110      6489
 111 0173 EB5A305B 		.ascii	"\353Z0[\020\350I\267\265+|\006[Q\2163\007\217\264\241"
 111      10E849B7 
 111      B52B7C06 
 111      5B518E33 
 111      078FB4A1 
 112 0187 0C03187D 		.ascii	"\014\003\030}I\365\311\216\334)Bs\0255\261\351\002\221"
 112      49F5C98E 
 112      DC294273 
 112      1535B1E9 
 112      0291
 113 0199 58F55B8C 		.ascii	"X\365[\214~,\333\303h\"\316$[\343\021\361F\312\221\270"
 113      7E2CDBC3 
 113      6822CE24 
 113      5BE311F1 
 113      46CA91B8 
 114 01ad 227664D7 		.ascii	"\"vd\327\335\266,K\302\370\324\350\355C\364\3409\016"
 114      DDB62C4B 
 114      C2F8D4E8 
 114      ED43F4E0 
 114      390E
 115 01bf ECEF2C66 		.ascii	"\354\357,f\371\376ls[Y2M\375\226\360\364\336w\375q\027"
 115      F9FE6C73 
 115      5B59324D 
 115      FD96F0F4 
 115      DE77FD71 
 116 01d4 DB8D82C0 		.ascii	"\333\215\202\300\273\376\017]\231\366\246|\335Xk\244"
 116      BBFE0F5D 
 116      99F6A67C 
 116      DD586BA4 
 117 01e4 4A3CB423 		.ascii	"J<\264#\347'\330\221\013d.\203@\333U9y\014\332CI\205"
 117      E727D891 
 117      0B642E83 
 117      40DB5539 
ARM GAS  C:\Users\kiekensk\AppData\Local\Temp\cceP9hmj.s 			page 9


 117      790CDA43 
 118 01fa 14365D69 		.ascii	"\0246]i\024]\300\213\202\354%\361e@5\362\3201\263\365"
 118      145DC08B 
 118      82EC25F1 
 118      654035F2 
 118      D031B3F5 
 119 020e 5B46F609 		.ascii	"[F\366\011\033\255\223\324M}W\014\227@{\331F\373\254"
 119      1BAD93D4 
 119      4D7D570C 
 119      97407BD9 
 119      46FBAC
 120 0221 AEFD7006 		.ascii	"\256\375p\006\241m'\264\374T\340\025\013\255\325,U\343"
 120      A16D27B4 
 120      FC54E015 
 120      0BADD52C 
 120      55E3
 121 0233 2351AAFE 		.ascii	"#Q\252\376\366\303\216L\326`\365\364\271\246%1\311\356"
 121      F6C38E4C 
 121      D660F5F4 
 121      B9A62531 
 121      C9EE
 122 0245 69A4694E 		.ascii	"i\244iN<vg\257q4:\215\372\272:A_\327\304\227ZU\332y"
 122      3C7667AF 
 122      71343A8D 
 122      FABA3A41 
 122      5FD7C497 
 123 025d DF495065 		.ascii	"\337IPe\004L\362\330 F\323\237\216\177\037\327\347c"
 123      044CF2D8 
 123      2046D39F 
 123      8E7F1FD7 
 123      E763
 124 026f C5EE91C1 		.ascii	"\305\356\221\301\230\320\367\246\305\011n\336AAylp0"
 124      98D0F7A6 
 124      C5096EDE 
 124      4141796C 
 124      7030
 125 0281 CEA81260 		.ascii	"\316\250\022`\212\302\216\277\370\\\027|:\211\017\302"
 125      8AC28EBF 
 125      F85C177C 
 125      3A890FC2 
 126 0291 F37FF2E9 		.ascii	"\363\177\362\351\262\371\014\233\257\222\231\304\347"
 126      B2F90C9B 
 126      AF9299C4 
 126      E7
 127 029e 06CA62C9 		.ascii	"\006\312b\311\200\335\342|'\222]\003\356\354!;\333E"
 127      80DDE27C 
 127      27925D03 
 127      EEEC213B 
 127      DB45
 128 02b0 DA8F675A 		.ascii	"\332\217gZ\237d\212\354\036\312\306^\233\244h\037\340"
 128      9F648AEC 
 128      1ECAC65E 
 128      9BA4681F 
 128      E0
 129 02c1 3D7D9B8D 		.ascii	"=}\233\215\263\2511\001\245\234\237\017~\216\270~~n"
 129      B3A93101 
 129      A59C9F0F 
ARM GAS  C:\Users\kiekensk\AppData\Local\Temp\cceP9hmj.s 			page 10


 129      7E8EB87E 
 129      7E6E
 130 02d3 AE6AFD82 		.ascii	"\256j\375\202aU\013\006\002\301-j(\250G\302\352\362"
 130      61550B06 
 130      02C12D6A 
 130      28A847C2 
 130      EAF2
 131 02e5 7C6F9EB7 		.ascii	"|o\236\267X\325\012\264\240\356_\263uQ W\003Y\213\024"
 131      58D50AB4 
 131      A0EE5FB3 
 131      75512057 
 131      03598B14 
 132 02f9 8714DD1F 		.ascii	"\207\024\335\037.\332\034Y2A\246\2778Byj\236\327\267"
 132      2EDA1C59 
 132      3241A6BF 
 132      3842796A 
 132      9ED7B7
 133 030c D2A7E6F1 		.ascii	"\322\247\346\361Du\345\026ms\321z\277\252\005\302\205"
 133      4475E516 
 133      6D73D17A 
 133      BFAA05C2 
 133      85
 134 031d E1351B35 		.ascii	"\3415\0335-\267\000\334\336|\237'g\301<O(\034\002\266"
 134      2DB700DC 
 134      DE7C9F27 
 134      67C13C4F 
 134      281C02B6 
 135 0331 4C872991 		.ascii	"L\207)\221`h\325\206\325zP\363E\326j\233\334^_>\305"
 135      6068D586 
 135      D57A50F3 
 135      45D66A9B 
 135      DC5E5F3E 
 136 0346 E6711148 		.ascii	"\346q\021H:8\327\255\015\373W\353\205\377\263\330\002"
 136      3A38D7AD 
 136      0DFB57EB 
 136      85FFB3D8 
 136      02
 137 0357 98462E94 		.ascii	"\230F.\224\031\322\013\205\2233\340\017\004\365\355"
 137      19D20B85 
 137      9333E00F 
 137      04F5ED
 138 0366 F00B0011 		.ascii	"\360\013\000\021\251`"
 138      A960
 139              		.text
 140              		.section	.gnu.lto__port_irq_epilogue.abe66f7,"",%progbits
 141 0000 789C9553 		.ascii	"x\234\225S[KTQ\024^\353\354sfFG\305'\251\360a$|0\312"
 141      5B4B5451 
 141      145EEBEC 
 141      73664647 
 141      C527A9F0 
 142 0019 E3432404 		.ascii	"\343C$\004\005\341\223\304@\350\017\220\232\206\024"
 142      05E193C4 
 142      40E80F90 
 142      9A8614
 143 0028 1A47662C 		.ascii	"\032Gf,\354\311=^\241\240\2422/%\207\224\360R^\323j"
 143      ECC93D5E 
 143      A1A0A232 
ARM GAS  C:\Users\kiekensk\AppData\Local\Temp\cceP9hmj.s 			page 11


 143      2F258794 
 143      F0525ED3 
 144 003d 74D4490B 		.ascii	"t\324I\013#\272\220\030H>\224\267\3022\250\350\241\300"
 144      23BA9018 
 144      483E94B7 
 144      C232A8E8 
 144      A1C0
 145 004f B4B5CE8C 		.ascii	"\264\265\316\214b\032E\233sf\237\275\326\267\366\267"
 145      621A459B 
 145      73669FBD 
 145      D6B7F6B7 
 146 005f 2EDF68A0 		.ascii	".\337h\240\300[\001\020\002\200\003\364\242\005P\271"
 146      C05B0110 
 146      028003F4 
 146      A20550B9 
 147 006f F81C2060 		.ascii	"\370\034 `S\0241\231\0042V\015e\202\214\023\250\261"
 147      53143199 
 147      0432560D 
 147      65828C13 
 147      A8B1
 148 0081 19D5C81E 		.ascii	"\031\325\310\036\260i\210\374!m\010\245\212P5,\305\013"
 148      B06988FC 
 148      216D08A5 
 148      8A50352C 
 148      C50B
 149 0093 A256E068 		.ascii	"\242V\340h\365\273\240\222\326\"i\205k\277Y\253d\345"
 149      F5BBA092 
 149      D6226985 
 149      6BBF59AB 
 149      64E5
 150 00a5 368308EA 		.ascii	"6\203\010\352\351\345\205-\230\006\004\233\355Y\251"
 150      E9E5852D 
 150      9806049B 
 150      ED59A9
 151 00b4 89B7A811 		.ascii	"\211\267\250\021;\266\242\005i\357\232\300\260\\Y\255"
 151      3BB6A205 
 151      69EF9AC0 
 151      B05C59AD 
 152 00c4 96E1E566 		.ascii	"\226\341\345fl<l\023`\010T\371\007\340,\001\231\360"
 152      6C3C6C13 
 152      600854F9 
 152      07E02C01 
 152      99F0
 153 00d6 9C507817 		.ascii	"\234Px\027\013\250\360=/+\272\257\213\363\302\020\012"
 153      0BA8F03D 
 153      2F2BBAAF 
 153      8BF3C210 
 153      0A
 154 00e7 AA74FCF2 		.ascii	"\252t\374\362\254a.\201\217\002\035t\274\371db\304."
 154      AC612E81 
 154      8F021D74 
 154      BCF96462 
 154      C42E
 155 00f9 329091DF 		.ascii	"2\220\221\337\352zZcR\233\245,\223\341\361\361]\365"
 155      EA7A5A63 
 155      529BA52C 
 155      93E1F1F1 
ARM GAS  C:\Users\kiekensk\AppData\Local\Temp\cceP9hmj.s 			page 12


 155      5DF5
 156 010b 53F3525E 		.ascii	"S\363R^\222h\010\025o\241\240<\260\035\223\261\015\223"
 156      92680815 
 156      6FA1A03C 
 156      B01D93B1 
 156      0D93
 157 011d 2379DEC6 		.ascii	"#y\336\306T\012\252^\224C*\337\247\242\003;\310\367"
 157      540AAA5E 
 157      94432ADF 
 157      A7A2033B 
 157      C8F7
 158 012f 01CB6607 		.ascii	"\001\313f\007\317\367\275\301\365\032*\314R/\177\267"
 158      CFF7BDC1 
 158      F51A2ACC 
 158      522F7FB7 
 159 013f 9A65D40B 		.ascii	"\232e\324\013\204M\256\261\367\007\267\003v\262O\331"
 159      844DAEB1 
 159      F707B703 
 159      76B24FD9 
 160 014f EC9BB826 		.ascii	"\354\233\270&\230\011\260\213\335bcg\260\233\206\001"
 160      9809B08B 
 160      DD626367 
 160      B09B8601 
 161 015f D8C3AD41 		.ascii	"\330\303\255A\270\301\204MF\357\367\330\224^4d\235\303"
 161      B8C1844D 
 161      46EFF7D8 
 161      945E3464 
 161      9DC3
 162 0171 101AA33B 		.ascii	"\020\032\243;\346\006\245MU\010\330\213)\300\226\317"
 162      E606A54D 
 162      5508D88B 
 162      29C096CF 
 163 0181 4B93D30A 		.ascii	"K\223\323\012Y\360\016\015\213S\006\3543{\323:<\266"
 163      59F00E0D 
 163      8B5306EC 
 163      337BD33A 
 163      3CB6
 164 0193 1097D21F 		.ascii	"\020\227\322\037\215\2660\366kg\357+\273\031\335\317"
 164      8DB630F6 
 164      6B67EF2B 
 164      BB19DDCF 
 165 01a3 D17897BA 		.ascii	"\321x\227\272\275\200e\016\263|\200E\034\035\370\321"
 165      BD80650E 
 165      B37C8045 
 165      1C1DF8D1 
 166 01b3 B43A855C 		.ascii	"\264:\205\\Y\243\340\361^\255\034}a\345\206X\315:\003"
 166      59A3E0F1 
 166      5EAD1C7D 
 166      61E58658 
 166      CD3A03
 167 01c6 C1D0152D 		.ascii	"\301\320\025-r\224\257\313e\002O\244\256l\306f`c\200"
 167      7294AFCB 
 167      65024FA4 
 167      AE6CC666 
 167      606380
 168 01d9 EA231E1B 		.ascii	"\352#\036\033\336\247\266\336\343<\310\271T\363\270"
 168      DEA7B6DE 
ARM GAS  C:\Users\kiekensk\AppData\Local\Temp\cceP9hmj.s 			page 13


 168      E33CC8B9 
 168      54F3B8
 169 01e8 3D56EF90 		.ascii	"=V\357\220\025\001\366\305`\020\015\2543\245\201\003"
 169      1501F6C5 
 169      60100DAC 
 169      33A58103 
 170 01f8 A81361F9 		.ascii	"\250\023a\371rU\233\026\241S#\214\237\236.4\231#@\224"
 170      72559B16 
 170      A153238C 
 170      9F9E2E34 
 170      99234094 
 171 020c 89384817 		.ascii	"\2118H\027\315c\305\364\330\336(\210\020]K\301\037\361"
 171      CD63C5F4 
 171      D8DE2888 
 171      105D4BC1 
 171      1FF1
 172 021e 11046028 		.ascii	"\021\004`(:\300s\324\315\311$\361\021\005\003\231;\030"
 172      3AC073D4 
 172      CDC924F1 
 172      11050399 
 172      3B18
 173 0230 5C9AB696 		.ascii	"\\\232\266\226\376\2246C\304\326\013\225(\207\260\224"
 173      FE943643 
 173      C4D60B95 
 173      2887B094 
 174 0240 C46537D1 		.ascii	"\304e7\321*\2042\327D\365\273T\366\375K*\303\246T\326"
 174      2A8432D7 
 174      44F5BB54 
 174      F6FD4B2A 
 174      C3A654D6 
 175 0254 3BA35216 		.ascii	";\243R\026#\177\223J\203=*\025m\213T\306w\356\000\014"
 175      237F934A 
 175      833D2A15 
 175      6D8B54C6 
 175      77EE000C 
 176 0268 B3CFB2D9 		.ascii	"\263\317\262\331\367\241Q0\023\340\203\255R\0315\245"
 176      F7A15130 
 176      13E083AD 
 176      521935A5 
 177 0278 32B6412A 		.ascii	"2\266A*+\306\314\260}M\005#\246\012\036\232*\330<\362"
 177      2BC6CCB0 
 177      7D4D0523 
 177      A60A1E9A 
 177      2AD83CF2 
 178 028c 47EB23E7 		.ascii	"G\353#\347\313\315Vh\346\037\354\023\365\302\\gI\322"
 178      CBCD5668 
 178      E61FEC13 
 178      F5C25C67 
 178      49D2
 179 029e 64A0D39E 		.ascii	"d\240\323\236\364t=\362x\375\272\313\353\361x\013\365"
 179      F4743DF2 
 179      78FDBACB 
 179      EBF1780B 
 179      F5
 180 02af 22AFAFD8 		.ascii	"\"\257\257\330\257\037\312qf9KtW\276\313\353s\347\235"
 180      AF1FCA71 
 180      66394B74 
ARM GAS  C:\Users\kiekensk\AppData\Local\Temp\cceP9hmj.s 			page 14


 180      57BECBEB 
 180      73E79D
 181 02c2 CEF4A4BB 		.ascii	"\316\364\244\273\300z\354\250\337}\304W\360?Q\371\260"
 181      C07AECA8 
 181      DF7DC457 
 181      F03F51F9 
 181      B0
 182 02d3 FF0F6877 		.ascii	"\377\017hwI1c\365,gnv\256\236E`=\273\320u\362\324q\267"
 182      493163F5 
 182      2C676E76 
 182      AE9E4560 
 182      3DBBD075 
 183 02eb EEF2F80B 		.ascii	"\356\362\370\013\374y'\\.\012Mt\346\3468\230\264\310"
 183      FC79275C 
 183      2E0A4D74 
 183      E6E63898 
 183      B4C8
 184 02fd 57B0DB91 		.ascii	"W\260\333\221\232\001\212\017\254\036\267\307\353;\003"
 184      9A018A0F 
 184      AC1EB7C7 
 184      EB3B03
 185 030c BF004125 		.ascii	"\277\000A%w5"
 185      7735
 186              		.text
 187              		.section	.gnu.lto_.symbol_nodes.abe66f7,"",%progbits
 188 0000 789C6365 		.ascii	"x\234ce`b\250a\000\002\2465L\365\014\014\023\31610\324"
 188      6062A861 
 188      0002A635 
 188      4CF50C0C 
 188      13CE3130 
 189 0015 3330EE6C 		.ascii	"30\356l9\330\340\300\300\300\270\214\251\236\021,\306"
 189      39D8E0C0 
 189      C0C0B88C 
 189      A99E112C 
 189      C6
 190 0026 C0D0B000 		.ascii	"\300\320\260\000$\260\234\251\236\011Y\200i1S=3T\027"
 190      24B09CA9 
 190      9E095980 
 190      6931533D 
 190      335417
 191 0039 C3AE0647 		.ascii	"\303\256\006G\240\310\022\246z\026\024\021\306\245L"
 191      A0C812A6 
 191      7A161411 
 191      C6A54C
 192 0048 F5AC304D 		.ascii	"\365\2540M c\231\031X\031\226\264\277\221gfa`x\264R"
 192      20639919 
 192      581996B4 
 192      BF916766 
 192      616078B4 
 193 005d 8D0100CF 		.ascii	"\215\001\000\317c\036\343"
 193      631EE3
 194              		.text
 195              		.section	.gnu.lto_.refs.abe66f7,"",%progbits
 196 0000 789C6365 		.ascii	"x\234ce`b\340d`\000\222L\214\374LL\002\014\000\001\230"
 196      6062E064 
 196      6000924C 
 196      8CFC4C4C 
ARM GAS  C:\Users\kiekensk\AppData\Local\Temp\cceP9hmj.s 			page 15


 196      020C0001 
 197 0015 0039     		.ascii	"\0009"
 198              		.text
 199              		.section	.gnu.lto_.decls.abe66f7,"",%progbits
 200 0000 789CDD59 		.ascii	"x\234\335YyP\024Y\232\257\227\257\212\3730\320\235\355"
 200      79501459 
 200      9AAF97AF 
 200      8AFB30D0 
 200      9DED
 201 0012 E930A25D 		.ascii	"\3510\242]\303\010\231\215h\300\356\336\355\236\211"
 201      C308998D 
 201      68C0EEDE 
 201      ED9E89
 202 0021 8E09B1D4 		.ascii	"\216\011\261\324\225\210v\307\240\324\231?\334\250`"
 202      958876C7 
 202      A0D4993F 
 202      DCA860
 203 0030 906ED841 		.ascii	"\220n\330Aq\212r\247\235\276\0129D\274\020A(\004EQ\001"
 203      718A72A7 
 203      9DBE0A39 
 203      44BC1041 
 203      28044551 
 204 0045 014150F0 		.ascii	"\001AP\360B\261\224CTP\004\005\344R\021\021E\241PAE"
 204      42B19443 
 204      54500405 
 204      E4521111 
 204      45A15041 
 205 005a D8EF1D49 		.ascii	"\330\357\035If%EGO\304\376\265\031\365e\346\367\362"
 205      66254547 
 205      4FC4FEB5 
 205      19F565E6 
 205      F7F2
 206 006c F7BEFBBD 		.ascii	"\367\276\373\275|\371J\243\022T\303sU\252\004\265J\025"
 206      7CF94AA3 
 206      1254C373 
 206      55AA04B5 
 206      4A15
 207 007e 8354AA09 		.ascii	"\203T\252\0118\340VU\250\222\016\007\240\343@'\200J"
 207      38E05655 
 207      A8920E07 
 207      A0E34027 
 207      804A
 208 0090 814E0195 		.ascii	"\201N\001\225\003]TM=\376\013dx\302u5\220\027\320,\240"
 208      035D544D 
 208      3DFE0B64 
 208      78C27535 
 208      9017D02C 
 209 00a5 5AA04740 		.ascii	"Z\240G@\363\201\316\003=\007z\000t\003h\025\320 \320"
 209      F381CE03 
 209      3D077A00 
 209      74036815 
 209      D020D0
 210 00b8 10D00520 		.ascii	"\020\320\005 +\220\000t\017\250[\246{\004h\214\353\024"
 210      2B900074 
 210      0FA85BA6 
 210      7B04688C 
 210      EB14
ARM GAS  C:\Users\kiekensk\AppData\Local\Temp\cceP9hmj.s 			page 16


 211 00ca ED501E7F 		.ascii	"\355P\036\177\001\335\316\012\335\217\270\376\371\\"
 211      01DDCE0A 
 211      DD8FB8FE 
 211      F95C
 212 00d8 2FD18590 		.ascii	"/\321\205\220\344\327)\231l\014\355\032 '4Uv\004\264"
 212      E4D72999 
 212      6C0CED1A 
 212      20273455 
 212      7604B4
 213 00eb B971D9F3 		.ascii	"\271q\331\363\025\276\2112\317\000\225\023\377\201\316"
 213      15BE8932 
 213      CF009513 
 213      FF81CE
 214 00fa 22164322 		.ascii	"\"\026C\"*\016N\216<f\347\341\376\002\327q\\\246Sy\244"
 214      2A0E4E8E 
 214      3C66E7E1 
 214      FE02D771 
 214      5CA65379 
 215 010f 6254B6E3 		.ascii	"bT\266\343J\205\320\211\332\021\304\003\315\240\255"
 215      4A85D089 
 215      DA11C403 
 215      CDA0AD
 216 011e CC720417 		.ascii	"\314r\004\027B\224\235\020\017\204h;\264\012\364\314"
 216      42949D10 
 216      0F84683B 
 216      B40AF4CC 
 217 012e 80B40989 		.ascii	"\200\264\011\211=8/pV\340\"\351\217wF2\211\3541\323"
 217      3D382F70 
 217      56E022E9 
 217      8F774632 
 217      89EC31D3 
 218 0142 241ECC27 		.ascii	"$\036\314'\304cH\245\263\336H\220\024 $\357 \023\310"
 218      C46348A5 
 218      B3DE4890 
 218      142024EF 
 218      2013C8
 219 0155 CCE6CF27 		.ascii	"\314\346\317'\355SI\316!\321\373!\363\365^\227.\324"
 219      ED5349CE 
 219      21D1FB21 
 219      F3F55E97 
 219      2ED4
 220 0167 415AB316 		.ascii	"AZ\263\026\"\3326\266\343B\231\033\026\020\271\357z"
 220      22DA36B6 
 220      E342991B 
 220      1610B9EF 
 220      7A
 221 0178 93BBD4A7 		.ascii	"\223\273\324\247\300\304\016\247/\245\260UM\214Tz\356"
 221      C0C40EA7 
 221      2FA5B055 
 221      4D8C547A 
 221      EE
 222 0189 C4C8CB05 		.ascii	"\304\310\313\005\011\3006\016^\317t\005v\226\013\232"
 222      09C0360E 
 222      5ECF7405 
 222      76960B9A 
 223 0199 01EC6854 		.ascii	"\001\354hT\363%\227\017\366\322^\321\246\031\002Z\375"
 223      F325970F 
ARM GAS  C:\Users\kiekensk\AppData\Local\Temp\cceP9hmj.s 			page 17


 223      F6D25ED1 
 223      A619025A 
 223      FD
 224 01aa 2B548066 		.ascii	"+T\200f\243|4\033\224\027\242\017\340\374g5\223\024"
 224      A37C341B 
 224      9417A20F 
 224      E0FC6735 
 224      9314
 225 01bc FB3E618B 		.ascii	"\373>a\213\373\334,Se\267\251\362\305\225\337\337/\251"
 225      FBDC2C53 
 225      65B7A9F2 
 225      C595DFDF 
 225      2FA9
 226 01ce 34C54237 		.ascii	"4\305B7\007\002Cy\010\243c\310\207\230\014\267p\316"
 226      07024379 
 226      08A363C8 
 226      87980CB7 
 226      70CE
 227 01e0 455D08E5 		.ascii	"E]\010\345\240Np\3508\232\013\335\007n\224\224xb\035"
 227      A04E70E8 
 227      389A0BDD 
 227      076E9494 
 227      78621D
 228 01f3 B5F6E7D5 		.ascii	"\265\366\347\325\026\333\250\255\316i\275\355\014j\273"
 228      16DBA8AD 
 228      CE69BDED 
 228      0C6ABB
 229 0202 4DA6CA86 		.ascii	"M\246\312\206\314\317\336\027\367\230\342](\010\025"
 229      CCCFDE17 
 229      F798E25D 
 229      280815
 230 0211 494A8B88 		.ascii	"IJ\213\210Rrs\202*\273\337}\304\352\212S\021\325\266"
 230      52727382 
 230      2ABBDF7D 
 230      C4EA8A53 
 230      11D5B6
 231 0224 67FFF023 		.ascii	"g\377\360#\314%X\1770\233,\002\355]\"\365.\021{\227"
 231      CC25587F 
 231      309B2C02 
 231      ED5D22F5 
 231      2E117B97 
 232 0238 D2DEB955 		.ascii	"\322\336\271U/\217`\234\317z\367\015&\374\006:gQ\257"
 232      2F8F609C 
 232      CF7AF70D 
 232      26FC063A 
 232      6751AF
 233 024b 3FDA1B6D 		.ascii	"?\332\033m\312\005\243\347P\011'%\011'\225N\237\242"
 233      CA05A3E7 
 233      50092725 
 233      0927954E 
 233      9FA2
 234 025d 92BA0687 		.ascii	"\222\272\006\207k\\q9\223\224T\231mq\342\242\032?2\233"
 234      6B5C7139 
 234      93945499 
 234      6D71E2A2 
 234      1A3F329B 
 235 0271 2A379B4C 		.ascii	"*7\233LQ\314\2262IR\231RR9\225\224\225\366\372\211\003"
ARM GAS  C:\Users\kiekensk\AppData\Local\Temp\cceP9hmj.s 			page 18


 235      51CC9632 
 235      49529952 
 235      52399594 
 235      95F6FA89 
 236 0286 AE63926E 		.ascii	"\256c\222nT\335Ns\304=\224Q\367]\264\012\020;\362s\366"
 236      54DD4E73 
 236      C43D9451 
 236      F75DB40A 
 236      103BF273 
 237 029b 4E3739A1 		.ascii	"N79\241\363\310Y\225n\2127\231f\320\333-&\323f\323\340"
 237      F3C85995 
 237      6E8A3799 
 237      66D0DB2D 
 237      26D366D3 
 238 02b0 E6C41920 		.ascii	"\346\304\031 \353\323\331\310o\266\012U o\372H\205\316"
 238      EBD3D9C8 
 238      6FB60A55 
 238      206FFA48 
 238      85CE
 239 02c2 42B77310 		.ascii	"B\267s\020\365\243b\351\250\310\003t\206\007\204\245"
 239      F5A362E9 
 239      A8C80374 
 239      860784A5 
 240 02d2 E04A5E7D 		.ascii	"\340J^}\222\233<]\004\"\345\353\202M\276\322\006ov\010"
 240      929B3C5D 
 240      0422E5EB 
 240      824DBED2 
 240      066F7608 
 241 02e6 3CDA772B 		.ascii	"<\332w+\276|\313\363\005 tZ\362\362\264\030\361\213"
 241      BE7CCBF3 
 241      0520745A 
 241      F2F2B418 
 241      F18B
 242 02f8 D4BB8EDA 		.ascii	"\324\273\216\332\274|\014e9\337\005\221\221\341\011"
 242      BC7C0C65 
 242      39DF0591 
 242      91E109
 243 0307 4D45CFCE 		.ascii	"ME\317\316\274qgMDl\343.\353aG\274\215U\373\255\230"
 243      BC71674D 
 243      446CE32E 
 243      EB6147BC 
 243      8D55FBAD 
 244 031c E20CCC8A 		.ascii	"\342\014\314\212ZM\006\307\215\364\207\036\254\250\347"
 244      5A4D06C7 
 244      8DF4871E 
 244      ACA8E7
 245 032b A462C15C 		.ascii	"\244b\301\\w\327\242F\336.\324\247\312\221\272\337\233"
 245      77D7A246 
 245      DE2ED4A7 
 245      CA91BADF 
 245      9B
 246 033c AD2463D5 		.ascii	"\255$c\325\310\005Y$\013\346\273\3009\236\304&1\332"
 246      C8055924 
 246      0BE6BBC0 
 246      399EC426 
 246      31DA
 247 034e E4BC4C85 		.ascii	"\344\274L\205\256\200C\227\301!T\005\321\001\255\004"
ARM GAS  C:\Users\kiekensk\AppData\Local\Temp\cceP9hmj.s 			page 19


 247      AE804397 
 247      C1215405 
 247      D101AD04 
 248 035e 872E4163 		.ascii	"\207.Ac%4\202\226\274\303\273\0179\340Qj\201P}\341^"
 248      25348296 
 248      BCC3BB0F 
 248      39E0516A 
 248      81507DE1 
 249 0373 8B1AB978 		.ascii	"\213\032\271x\333\025p\325\216\000fLC\337\334j\0304"
 249      DB1570D5 
 249      8E00664C 
 249      43DFDC6A 
 249      1834
 250 0385 02AA0563 		.ascii	"\002\252\005cj$c\3006r\201VP\364<\346Q\267+\363\356"
 250      6A2463C0 
 250      36728156 
 250      50F43CE6 
 250      51B72BF3 
 251 039a 0360A34E 		.ascii	"\003`\243Ne\357r\303-\230z~\240}\250\320\021wPF\270"
 251      65EF72C3 
 251      2D987A7E 
 251      A07DA8D0 
 251      11775046 
 252 03af D47C30CF 		.ascii	"\324|0\317\035\271y'L\032A\006\322\244\031\365`\306"
 252      1DB97927 
 252      4C1A4106 
 252      D2A419F5 
 252      60C6
 253 03c1 2A37AE82 		.ascii	"*7\256\202\007c\354\263\214\013$\0307\220\033\272.\351"
 253      0763ECB3 
 253      8C0B2418 
 253      37901BBA 
 253      2EE9
 254 03d3 5FE5C692 		.ascii	"_\345\306\222\2677\365X\2133NT\263\220\363\271\302\213"
 254      B737F558 
 254      8B334E54 
 254      B390F3B9 
 254      C28B
 255 03e5 CD154F33 		.ascii	"\315\025O3\332\332\334\360\036\366\254\264f\250\306"
 255      DADADCF0 
 255      1EF6ACB4 
 255      66A8C6
 256 03f4 19A73326 		.ascii	"\031\2473&\375\334\313:\015\003:\001\333z\263x\233\007"
 256      FDDCCB3A 
 256      0D033A01 
 256      DB7AB378 
 256      9B07
 257 0406 DECF9EC5 		.ascii	"\336\317\236\305e_~\343\216\0172&\267\277k\014\343\303"
 257      655F7EE3 
 257      8E0F3226 
 257      B7BF6B0C 
 257      E3C3
 258 0418 8C7977A6 		.ascii	"\214yw\246\312\344\204s\030\223S\323Z\343\211\2171F"
 258      CAE48473 
 258      189353D3 
 258      5AE3898F 
 258      3146
ARM GAS  C:\Users\kiekensk\AppData\Local\Temp\cceP9hmj.s 			page 20


 259 042a CCA717CD 		.ascii	"\314\247\027\315':\336w1\303\205\245\327\004s\230K{"
 259      273ADE77 
 259      31C385A5 
 259      D7047398 
 259      4B7B
 260 043c C3E3714F 		.ascii	"\303\343qO4\217\036\3363\347\315;D\334\207\271\301\273"
 260      348F1EDE 
 260      33E7CD3B 
 260      44DC87B9 
 260      C1BB
 261 044e A5B1C764 		.ascii	"\245\261\307dJr\243\316]\003\347\036\240\231R4\352h"
 261      4A72A3CE 
 261      5D03E71E 
 261      A0995234 
 261      EA68
 262 0460 AD5E2167 		.ascii	"\255^!g\025\353a\371\023\214\301\030L\341\267\224\360"
 262      15EB61F9 
 262      138CC118 
 262      4CE1B794 
 262      F0
 263 0471 9B53E0FD 		.ascii	"\233S\340\375\177\220\340\315J\370m\012_ \241\333d\350"
 263      7F90E0CD 
 263      4AF86D0A 
 263      5F20A1DB 
 263      64E8
 264 0483 BB4AB4AF 		.ascii	"\273J\264\257\002l\225\201\233\354\213\226[R'3\274\301"
 264      026C9581 
 264      9BEC8B96 
 264      5B522733 
 264      BCC1
 265 0495 BE9F5438 		.ascii	"\276\237T8\313\371\235\206\031Q&\023\"(\025\31779v\223"
 265      CBF99D86 
 265      19512613 
 265      222815CF 
 265      37397693 
 266 04a9 878926D3 		.ascii	"\207\211&\323B\265\012\265A\347V\322\271\205K\003\030"
 266      42B50AB5 
 266      41E756D2 
 266      B9854B03 
 266      18
 267 04ba BA0FE5D3 		.ascii	"\272\017\345\323\211\346\241\036\240\016\240.\240\207"
 267      89E6A11E 
 267      A00EA02E 
 267      A087
 268 04c8 40ED40DD 		.ascii	"@\355@\335@\367\320<*\210\3314\336\340\225\024m\252"
 268      40F7D03C 
 268      2A88D934 
 268      DEE09514 
 268      6DAA
 269 04da F5A34635 		.ascii	"\365\243F5\332\217\246\314\343\0072\217\357\330\015"
 269      DA8FA6CC 
 269      E307328F 
 269      EFD80D
 270 04e9 0F7398D4 		.ascii	"\017s\230\324]j\327]\354&\253q9V\205\036!7:\221\300"
 270      5D6AD75D 
 270      EC26AB71 
 270      3956851E 
ARM GAS  C:\Users\kiekensk\AppData\Local\Temp\cceP9hmj.s 			page 21


 270      21373A91 
 271 04fe 15C0E543 		.ascii	"\025\300\345C\231q\330%\236\372F\301PC\022\266\227\014"
 271      9971D825 
 271      9EFA46C1 
 271      504312B6 
 271      970C
 272 0510 33104F27 		.ascii	"3\020O'.@[\254\3059n\254\320\260l\340\315b\003\257y"
 272      2E405BAC 
 272      C5396EAC 
 272      D0B06CE0 
 272      CD6203AF 
 273 0525 B4E2AD1B 		.ascii	"\264\342\255\033.\2435\251\356\316\266>u@\3360\311\272"
 273      2EA335A9 
 273      EECEB63E 
 273      7540DE30 
 273      C9BA
 274 0537 00C9A6CB 		.ascii	"\000\311\246\313g0\222\237H\323%\235x\007\177\"\315"
 274      6730929F 
 274      48D3259D 
 274      78077F22 
 274      CD
 275 0548 6C76193C 		.ascii	"lv\031<d\302\037L\316\274\375\020\324g\324\212\001\260"
 275      64C21F4C 
 275      CEBCFD10 
 275      D467D48A 
 275      01B0
 276 055a EA299841 		.ascii	"\352)\230Afl\322\002\012\023G\013\343\034\274\022yb"
 276      666CD202 
 276      0A13470B 
 276      E31CBC12 
 276      7962
 277 056c E6202ABB 		.ascii	"\346 *\273\017p\217\251\365\317\221\227\350\003e\240"
 277      0F708FA9 
 277      F5CF9197 
 277      E80365A0 
 278 057c 4742D9ED 		.ascii	"GB\331\355N\365\264\356\276\020\335\365\243\336n\037"
 278      4EF5B4EE 
 278      BE10DDF5 
 278      A3DE6E1F 
 279 058c B895E6A6 		.ascii	"\270\225\346\246\024/M\343\203T\374\013&~\220\212\357"
 279      142F4DE3 
 279      8354FC0B 
 279      267E908A 
 279      EF
 280 059d 1EDD35E1 		.ascii	"\036\3355\341)\017=\231\305%\371C<\364C4\364]\243w;"
 280      290F3D99 
 280      C525F943 
 280      3CF44334 
 280      F45DA377 
 281 05b2 DDE4E062 		.ascii	"\335\344\340b\033\260\225\203\255\024|\247\2751\315"
 281      1BB09583 
 281      AD147CA7 
 281      BD31CD
 282 05c1 199F63E3 		.ascii	"\031\237c\343\375X\341\376b\017\\\305\230m\226\313\031"
 282      FD58E1FE 
 282      620F5CC5 
 282      986D96CB 
ARM GAS  C:\Users\kiekensk\AppData\Local\Temp\cceP9hmj.s 			page 22


 282      19
 283 05d2 0E6A58B4 		.ascii	"\016jX\264\275\244A\205\226\3239\217\217\273\313_?\265"
 283      BDA44185 
 283      96D3398F 
 283      8FBBCB5F 
 283      3FB5
 284 05e4 3676BFB6 		.ascii	"6v\277\266y\375\214\354\311o\366\344\253\224\256t\374"
 284      79FD8CEC 
 284      C96FF6E4 
 284      AB94AE74 
 284      FC
 285 05f5 2CA773BB 		.ascii	",\247s\273)+\312\264\260V @4,\316y\350\025R\023\316"
 285      292BCAB4 
 285      B0562040 
 285      342CCE79 
 285      E8155213 
 286 060a F65D3B42 		.ascii	"\366];B\337F\317\216\336\235\201wj\2461\307\362\246"
 286      DF46CF8E 
 286      DE9D8177 
 286      6AA631C7 
 286      F2A6
 287 061c 6B865A60 		.ascii	"k\206Z`\2635QK^\220\305\371\357=\246]\317\274\243\006"
 287      B335514B 
 287      5E90C5F9 
 287      EF3DA65D 
 287      CFBCA306 
 288 0630 BE45DCC2 		.ascii	"\276E\334\302\206\201[\307\235\271\205w\352>d+\212\304"
 288      86815BC7 
 288      9DB98577 
 288      EA3E642B 
 288      8AC4
 289 0642 C388E0D0 		.ascii	"\303\210\340\320\350\244}o\300\276Q\245}c\324\276\236"
 289      E8A47D6F 
 289      C0BE51A5 
 289      7D63D4BE 
 289      9E
 290 0653 778567F9 		.ascii	"w\205g\371\374\350@\\.\312\252w\237\266\010\306\305"
 290      FCE8405C 
 290      2ECAAA77 
 290      9FB608C6 
 290      C5
 291 0664 2278CF6A 		.ascii	"\"x\317j\376eB\354\010\177w:\222)\2717c\247\033\253"
 291      FE6542EC 
 291      087F773A 
 291      9229B937 
 291      63A71BAB 
 292 0678 F92F80BD 		.ascii	"\371/\200\275w\263\240\332]Y#&a6\232\240\302\242\004"
 292      77B3A0DA 
 292      5D592326 
 292      61369AA0 
 292      C2A204
 293 068b 2F512465 		.ascii	"/Q$e\240\307\325\236B\213\007Nc\3212\267=M\023}k\310"
 293      A0C7D59E 
 293      428B074E 
 293      63D132B7 
 293      3D4D137D 
 294 06a1 F4CB8DBE 		.ascii	"\364\313\215\276\306\242\317\212a\2630\371\302\201["
ARM GAS  C:\Users\kiekensk\AppData\Local\Temp\cceP9hmj.s 			page 23


 294      C6A2CF8A 
 294      61B330F9 
 294      C2815B
 295 06b0 5BCFA205 		.ascii	"[\317\242\005\342Y\367\201\307{\334q!\023v\355Bv\263"
 295      E259F781 
 295      C77BDC71 
 295      211376ED 
 295      4276B3
 296 06c3 860B6BCC 		.ascii	"\206\013k\314\304l\301t\220-\230b$Q1JQ\261T\324\335"
 296      C46CC174 
 296      902D9862 
 296      2451314A 
 296      51B154D4 
 297 06d8 5ECB5A7C 		.ascii	"^\313Z|f\272$\366\356\333[\354*\225IK\321\275\3112!"
 297      66BA24F6 
 297      EEDB5BEC 
 297      2A95494B 
 297      D1BDC932 
 298 06ed 698813C5 		.ascii	"i\210\023\305\243-\202\232p\266\032\342\251\206\352"
 298      A32D829A 
 298      70B61AE2 
 298      A986EA
 299 06fc 9D1DC9FC 		.ascii	"\235\035\311\374\265\227\253\001\276\376\341\345\004"
 299      B597AB01 
 299      BEFEE1E5 
 299      04
 300 0709 FEBECC22 		.ascii	"\376\276\314\"|\307\326\347\376\270\206Y\360\363\003"
 300      7CC7D6E7 
 300      FEB88659 
 300      F0F303
 301 0718 75BBC073 		.ascii	"u\273\300s\344KS\324\323P\\\352\311\223\020m\232\243"
 301      E44B53D4 
 301      D3505CEA 
 301      C993106D 
 301      9AA3
 302 072a A69526A1 		.ascii	"\246\225&\241w\320$\320>\004\375 \343\301\035w|\213"
 302      77D024D0 
 302      3E04FD20 
 302      E3C11D77 
 302      7C8B
 303 073c E9892FD8 		.ascii	"\351\211/\330y\231\316\177\321\277hU\002=b\012;:\371"
 303      7999CE7F 
 303      D1BF6855 
 303      023D620A 
 303      3B3AF9
 304 074f 1C9846AC 		.ascii	"\034\230F\254\216\315\351\256F\270\205\211\033\211\353"
 304      8ECDE9AE 
 304      46B88589 
 304      1B89EB
 305 075e 6CC7B883 		.ascii	"l\307\270\2031yC\245\321\334\277D\202\034\334\235\222"
 305      317943A5 
 305      D1DCBF44 
 305      821CDC9D 
 305      92
 306 076f E0897BD8 		.ascii	"\340\211{\330\303\214\314w\037\342\247\354\376XG\376"
 306      C38CCC77 
 306      1FE2A7EC 
ARM GAS  C:\Users\kiekensk\AppData\Local\Temp\cceP9hmj.s 			page 24


 306      FE5847FE 
 307 077f 2967061C 		.ascii	")g\006\034%\353\263\342\3631\003|}V\211\310\207Kn\357"
 307      25EBB3E2 
 307      F331037C 
 307      7D5689C8 
 307      874B6EEF 
 308 0793 AFB09561 		.ascii	"\257\260\225a\257\036>;\306\325\023\231\003I\361\375"
 308      AF1E3E3B 
 308      C6D51399 
 308      0349F1FD 
 309 07a3 D3D772BA 		.ascii	"\323\327r\272\030'\263@m\277\232\364(\307C\252V\026"
 309      1827B340 
 309      6DBF9AF4 
 309      28C743AA 
 309      5616
 310 07b5 A854A856 		.ascii	"\250T\250V\366\022\334G\003\225.\006\352av\225\325\201"
 310      F612DC47 
 310      03952E06 
 310      EA617695 
 310      D581
 311 07c7 A91A2466 		.ascii	"\251\032$f\305\335\332\363\021"
 311      C5DDDAF3 
 311      11
 312 07d0 1E6366EC 		.ascii	"\036cf\354o\312\214\327\340h\007\312\214\231\023+\021"
 312      6FCA8CD7 
 312      E06807CA 
 312      8C99132B 
 312      11
 313 07e1 03F61160 		.ascii	"\003\366\021`\272\305\034\212\267\263g\275\303=\017"
 313      BAC51C8A 
 313      B7B367BD 
 313      C33D0F
 314 07f0 114E62CC 		.ascii	"\021Nb\314\235\376\316.>\226\272\011\260\357\366\221"
 314      9DFECE2E 
 314      3E96BA09 
 314      B0EFF691 
 315 0800 C71A9CCE 		.ascii	"\307\032\234\316\221)\347*\234\360!\3064'_OU3d\013A"
 315      9129E72A 
 315      9CF021C6 
 315      34275F4F 
 315      5533640B 
 316 0815 8EE71F19 		.ascii	"\216\347\037\031w\306\271\354a\277\371v\226\007.fL\366"
 316      77C6B9EC 
 316      61BFF976 
 316      96072E66 
 316      4CF6
 317 0827 EB1327F9 		.ascii	"\353\023'\371\340\276I\220\023\226\221\026w|\232=|\334"
 317      E0BE4990 
 317      13969116 
 317      777C9A3D 
 317      7CDC
 318 0839 941FED80 		.ascii	"\224\037\355\200-\2149u\264\364\030G\326\022d\346\330"
 318      2D8C3975 
 318      B4F41847 
 318      D61264E6 
 318      D8
 319 084a 588C1AD7 		.ascii	"X\214\032\327\261\207\003\346\301&O\334\304\230\254"
ARM GAS  C:\Users\kiekensk\AppData\Local\Temp\cceP9hmj.s 			page 25


 319      B18703E6 
 319      C1264FDC 
 319      C498AC
 320 0859 F1DD875C 		.ascii	"\361\335\207\\\305\252\210\377%UQ}?;\235\247\260\222"
 320      C5AA88FF 
 320      2555517D 
 320      3F3B9DA7 
 320      B092
 321 086b C87E7DBE 		.ascii	"\310~}\276\022\024\2671q\3468\313\026\007\334\315\230"
 321      1214B731 
 321      71E638CB 
 321      1607DCCD 
 321      98
 322 087c D481371F 		.ascii	"\324\2017\0372\240\211\000wEw\376\310\330/\311+'-'\321"
 322      32A08900 
 322      774577FE 
 322      C8D82FC9 
 322      2B272D27 
 323 0891 8165BE9B 		.ascii	"\201e\276\233\274a/\017g\014\271\341^\326\363}{\324"
 323      BC612F0F 
 323      670CB9E1 
 323      5ED6F37D 
 323      7BD4
 324 08a3 B8C0B01E 		.ascii	"\270\300\260\036d=\270\271s\347\364\251/\027S_\306R"
 324      643DB8B9 
 324      73E7F4A9 
 324      2F17535F 
 324      C652
 325 08b5 DF702431 		.ascii	"\337p$1Z\255L\375IH}\251@\340\247i\352\313\305\324\227"
 325      5AAD4CFD 
 325      49487DA9 
 325      40E0A769 
 325      EACBC5D4 
 326 08ca 5E4A88F6 		.ascii	"^J\210\366\304\203Lo\301\215\232v\236\265xR\216\205"
 326      C4834C6F 
 326      C18D9A76 
 326      9EB57852 
 326      8E85
 327 08dc E707B672 		.ascii	"\347\007\266r__\222o\344\204\232\236\"Oft\326?\223\005"
 327      5F5F926F 
 327      E4849A9E 
 327      224F6674 
 327      D63F9305 
 328 08f0 785FF116 		.ascii	"x_\361\026\214_\261\316\371q\255\231N\014\334N\370'"
 328      8C5FB1CE 
 328      F971AD99 
 328      4E0CDC4E 
 328      F827
 329 0902 A72FDE71 		.ascii	"\247/\336q\232\326\352\213\242\325\027\230\325\351M"
 329      9AD6EA8B 
 329      A2D51798 
 329      D5E94D
 330 0911 57621D95 		.ascii	"Wb\035\225V\237\007\253\317Q\253+\251\325\027E\253\373"
 330      569F07AB 
 330      CF51AB2B 
 330      A9D51745 
 330      ABFB
ARM GAS  C:\Users\kiekensk\AppData\Local\Temp\cceP9hmj.s 			page 26


 331 0923 5F3D9A70 		.ascii	"_=\232p\302\023LqY\357\325j\027\036hbu\306\311=\377"
 331      C2134C71 
 331      59EFD56A 
 331      171E6862 
 331      75C6C93D 
 332 0938 8D631D99 		.ascii	"\215c\035\231GC\273\217 \274\2351\361\367\267\334\346"
 332      4743BB8F 
 332      20BC9D31 
 332      F1F7B7DC 
 332      E6
 333 0949 C051BA35 		.ascii	"\300Q\2725\260m\367\015\017\274\207=\254\336\273/\305"
 333      B06DF70D 
 333      0FBC873D 
 333      ACDEBB2F 
 333      C5
 334 095a 19A73266 		.ascii	"\031\2472f\342Ik6w|\220\360\367;\036'x\340L\366p\363"
 334      E2496B36 
 334      777C90F0 
 334      F73B1E27 
 334      78E04CF6 
 335 0970 B9D6DD7C 		.ascii	"\271\326\335|\343\240\233.\312\3072\3139x\026I^Wb\242"
 335      E3A09B2E 
 335      CAC732CB 
 335      39781649 
 335      5E5762A2 
 336 0984 230F1231 		.ascii	"#\017\0221\347~\302\276T\204sX\337\261m\025f\207i\203"
 336      E77EC2BE 
 336      54847358 
 336      DFB16D15 
 336      66876983 
 337 0998 522F06E5 		.ascii	"R/\006\3452\253\26571\345\335H\031\224\353\020\224k"
 337      32ABB537 
 337      31E5DD48 
 337      1994EB10 
 337      946B
 338 09aa 34280D34 		.ascii	"4(\0154(\365bP\2666\267\227\330\240\217\013?\203\276"
 338      28F56250 
 338      B636B797 
 338      D8A08F0B 
 338      3F83BE
 339 09bd DD7B3086 		.ascii	"\335{0\206O/7\345Q\234\305\2438\274+\261\023\341\"\036"
 339      4F2F37E5 
 339      519CC5A3 
 339      38BC2BB1 
 339      13E1221E 
 340 09d1 39B3F5A6 		.ascii	"9\263\365\246\347\264f7\211f?ff\267\216V\265i\224f7"
 340      E7B46637 
 340      89663F66 
 340      66B78E56 
 340      B5699466 
 341 09e6 82216CB1 		.ascii	"\202!l\261\333L\015i\022\015\351,5\367:*\315\236\026"
 341      DB4C0D69 
 341      120DE92C 
 341      35F73A2A 
 341      CD9E16
 342 09f9 BDADEA54 		.ascii	"\275\255\352T5/\321Z\372\255t\262\344\230\006\22713"
 342      352FD15A 
ARM GAS  C:\Users\kiekensk\AppData\Local\Temp\cceP9hmj.s 			page 27


 342      FAAD74B2 
 342      E4980697 
 342      3133
 343 0a0b B3F7E59E 		.ascii	"\263\367\345\236p\302\025\214)\177\236_\356\316\007"
 343      70C2158C 
 343      297F9E5F 
 343      EECE07
 344 0a1a AA9C9FC5 		.ascii	"\252\234\237\305y\313\256\354\205\370\012\303\246T\244"
 344      79CBAEEC 
 344      85F80AC3 
 344      A654A4
 345 0a29 9C9A325D 		.ascii	"\234\2322]\336\003\033\330'F\207 -\000\311g\327\253"
 345      DE031BD8 
 345      27468720 
 345      2D00C967 
 345      D7AB
 346 0a3b E1B32E4A 		.ascii	"\341\263.J\213\247E\213\353\010/\266\216H{s\260\337"
 346      8BA7458B 
 346      EB082FB6 
 346      8E487B73 
 346      B0DF
 347 0a4d 1D5F637A 		.ascii	"\035_cz\007\236\217\025y\340\233\2149W~\276\232\277"
 347      079E8F15 
 347      79E09B8C 
 347      39577EBE 
 347      9ABF
 348 0a5f 35FDC878 		.ascii	"5\375\310x*\270T\357\212\233y\335$\036(u\306\367\030"
 348      2AB854EF 
 348      8A9B79DD 
 348      241E2875 
 348      C6F718
 349 0a72 B36FB8E3 		.ascii	"\263o\270\343\011/8o\342H\366\376$g\334\315+71\336\354"
 349      092F386F 
 349      E248F6FE 
 349      2467DCCD 
 349      2B3731DE 
 350 0a87 881F3126 		.ascii	"\210\0371&\271>9\333\025\3673\346]_r+\237\273\335dU"
 350      B93E39DB 
 350      15F733E6 
 350      5D5F722B 
 350      9FBBDD64 
 351 0a9c 3C8B5771 		.ascii	"<\213WqeN\362\277\340A\006\275\333\032s\206C]\311\352"
 351      654EF2BF 
 351      E04106BD 
 351      DB1A7386 
 351      435DC9EA 
 352 0ab0 FB5AD79F 		.ascii	"\373Z\327\237\246M\376\200\230\374gl \027\305\366\344"
 352      A64DFE80 
 352      98FC676C 
 352      2017C5F6 
 352      E4
 353 0ac1 916960B6 		.ascii	"\221i`\266\013\254\214R\245\335\212\331l\267\342d\345"
 353      0BAC8C52 
 353      A5DD8AD9 
 353      6CB7E264 
 353      E5
 354 0ad2 70A11ABF 		.ascii	"p\241\032\277\242z\204\262\223=\351.\262\375\010\237"
ARM GAS  C:\Users\kiekensk\AppData\Local\Temp\cceP9hmj.s 			page 28


 354      A27A84B2 
 354      933DE92E 
 354      B2FD089F 
 355 0ae2 D82D640B 		.ascii	"\330-d\013\300\012\341\034\224\2261\263'\367#l\277\030"
 355      C00AE11C 
 355      949631B3 
 355      27F7236C 
 355      BF18
 356 0af4 86046F22 		.ascii	"\206\004o\"\225N\320/ \372\317\231\001y\007r\257\270"
 356      954ED02F 
 356      20FACF99 
 356      01790772 
 356      AFB8
 357 0b06 E309A6C1 		.ascii	"\343\011\246\301\234r\351\244\307\244\206\206\276\271"
 357      9C72E9A4 
 357      C7A48686 
 357      BEB9
 358 0b14 A57493E1 		.ascii	"\245t\223\341\025h\030\2264X\205iT\274\264\257\242\256"
 358      15681896 
 358      34588569 
 358      54BCB4AF 
 358      A2AE
 359 0b26 F6FA0EB5 		.ascii	"\366\372\016\265|-H\344\365\303\363't\244\275\246\005"
 359      7C2D48E4 
 359      F5C3F327 
 359      74A4BDA6 
 359      05
 360 0b37 3020966C 		.ascii	"0 \226lV\201\371\231#{\307\374\"\351\331\346\350\267"
 360      5681F999 
 360      237BC7FC 
 360      22E9D9E6 
 360      E8B7
 361 0b49 1AB9F491 		.ascii	"\032\271\364\221\237\223^\321\330\276\020oq\242\301"
 361      9F935ED1 
 361      D8BE106F 
 361      71A2C1
 362 0b58 7D55DF7E 		.ascii	"}U\337~\037\341m\214\211\271v5\307\021\357b\314\263"
 362      1FE16D8C 
 362      89B97635 
 362      C711EF62 
 362      CCB3
 363 0b6a BC1BB50E 		.ascii	"\274\033\265\0168\2051=\275oOc\234\316\230\243\317\016"
 363      3885313D 
 363      BD6F4F63 
 363      9CCE98A3 
 363      CF0E
 364 0b7c ED70C607 		.ascii	"\355p\306\007\030SSx5\225Om\005d\3211\326~\361\005_"
 364      18535378 
 364      35954F6D 
 364      0564D131 
 364      D67EF105 
 365 0b91 0377FF2B 		.ascii	"\003w\377+Y\030\\\277x\303\015\037\241\340\317\216\246"
 365      59185CBF 
 365      78C30D1F 
 365      A1E0CF8E 
 365      A6
 366 0ba2 169C76E4 		.ascii	"\026\234v\344\273\015?\177\314\344[\022\"\177\310\024"
ARM GAS  C:\Users\kiekensk\AppData\Local\Temp\cceP9hmj.s 			page 29


 366      BB0D3F7F 
 366      CCE45B12 
 366      227FC814 
 367 0bb2 130DABCB 		.ascii	"\023\015\253\313\035\232\376\206:X]Z\020\332\005.fB"
 367      1D9AFE86 
 367      3A585D5A 
 367      10DA052E 
 367      6642
 368 0bc4 428E62D9 		.ascii	"B\216b\331\327n\206 \377\276O\206.u\337\261\217c2\340"
 368      D76E8620 
 368      FFBE4F86 
 368      2E75DFB1 
 368      8F6332E0 
 369 0bd8 5A94F0BB 		.ascii	"Z\224\360\2736p\222\357\306\037\030\034\326\205(O\011"
 369      367092EF 
 369      C61F181C 
 369      D685284F 
 369      09
 370 0be9 CF9D22DD 		.ascii	"\317\235\"\335\372\275$\275X\011/\262\201\023\373\033"
 370      FABD24BD 
 370      58092FB2 
 370      8113FB1B 
 371 0bf9 373138B1 		.ascii	"718\261\375\275\022\356\253D[\276\227\320\227\225h\313"
 371      FDBD12EE 
 371      AB445BBE 
 371      97D09795 
 371      68CB
 372 0c0b 14E196BF 		.ascii	"\024\341\226\277K\360>%\274\025)\341\326\037$x\266\022"
 372      4BF03E25 
 372      BC1529E1 
 372      D61F2478 
 372      B612
 373 0c1d 7E688AF4 		.ascii	"~h\212\3646\231\364\036%\374\201 \333\222\240\266\374"
 373      3699F41E 
 373      25FC8120 
 373      DB92A0B6 
 373      FC
 374 0c2e 28A1B394 		.ascii	"(\241\263\224\350\003S\204?\220\331rT\011?2\325\026"
 374      E8035384 
 374      3F90D972 
 374      54093F32 
 374      D516
 375 0c40 193CC73E 		.ascii	"\031<\307>\\n\313O\022z\247\022\235\240D7\312\320QX"
 375      5C6ECB4F 
 375      127AA712 
 375      9DA04437 
 375      CAD05158 
 376 0c54 81DEAA44 		.ascii	"\201\336\252D\327\311\242\362X)\373\221\022\335&K\377"
 376      D7C9A2F2 
 376      5829FB91 
 376      12DD264B 
 376      FF
 377 0c65 98126DB3 		.ascii	"\230\022m\263\353E+w\223T[\343v\213e\201T\267\017\276"
 377      EB452B77 
 377      93545BE3 
 377      768B6581 
 377      54B70FBE 
ARM GAS  C:\Users\kiekensk\AppData\Local\Temp\cceP9hmj.s 			page 30


 378 0c79 8FA26058 		.ascii	"\217\242`X\253\241S\034,\256\340P\311\224\010\366\313"
 378      ABA1531C 
 378      2CAEE050 
 378      C99408F6 
 378      CB
 379 0c8a ECBEAF94 		.ascii	"\354\276\257\224\335%(,\261\310\306P\253\3751$3\305"
 379      DD25282C 
 379      B1C8C650 
 379      ABFD3124 
 379      33C5
 380 0c9c 221B4205 		.ascii	"\"\033B\005Jt\376\224\021\367\340;\011~U\011\257\235"
 380      4A74FE94 
 380      11F7E03B 
 380      097E5509 
 380      AF9D
 381 0cae 62F95B59 		.ascii	"b\371[Ye\355V\302\023\247:*\013\371[%\334f'\215\246"
 381      65ED56C2 
 381      13A73A2A 
 381      0BF95B25 
 381      DC66278D 
 382 0cc3 5336E22E 		.ascii	"S6\342.)\321g\225\216\266\375\310b\016\237F(\215\243"
 382      29D16795 
 382      8EB6FDC8 
 382      620E9F46 
 382      288DA3
 383 0cd6 C50F26B4 		.ascii	"\305\017&\264\327&\371\000|\273\011NQ\030\215\002\372"
 383      D726F900 
 383      7CBB094E 
 383      51188D02 
 383      FA
 384 0ce7 29478B53 		.ascii	")G\213S\264|\243\221\273)+\361\203\366\007\220\274h"
 384      B47CA391 
 384      BB292BF1 
 384      83F60790 
 384      BC68
 385 0cf9 65E9ECB5 		.ascii	"e\351\354\265_\2066A\221\3050Y\011\3373ut\312b\370\316"
 385      5F863641 
 385      91C53059 
 385      09DF3375 
 385      74CA62F8 
 386 0d0e 7ED9DAC0 		.ascii	"~\331\332\300e\306<\264?S\310\247\320\267\262)\264\320"
 386      65C63CB4 
 386      3F53C8A7 
 386      D0B7B229 
 386      B4D0
 387 0d20 7EB9C84A 		.ascii	"~\271\310J\261_V\2125Jt\325\024\264L\366\011\373\323"
 387      B15F568A 
 387      354A74D5 
 387      14B44CF6 
 387      09FBD3
 388 0d33 B32C8A56 		.ascii	"\263,\212V\231\237o\354\327\0123\\\276\335k\302\263"
 388      999F6FEC 
 388      D70A335C 
 388      BEDD6BC2 
 388      B3
 389 0d44 D1049544 		.ascii	"\321\004\225D\340d\257\267\020{\243$<\017\305\001\355"
 389      E064AFB7 
ARM GAS  C:\Users\kiekensk\AppData\Local\Temp\cceP9hmj.s 			page 31


 389      107BA324 
 389      3C0FC501 
 389      ED
 390 0d55 06CA0232 		.ascii	"\006\312\0022\003\035\001\312\000\212\007J\004\332\017"
 390      031D01CA 
 390      008A074A 
 390      04DA0F
 391 0d64 94007410 		.ascii	"\224\000t\020(\031\250\030\250\004(\005(\032(\007\350"
 391      2819A818 
 391      A8042805 
 391      281A2807 
 391      E8
 392 0d75 24502A50 		.ascii	"$P*P6P\021\3201\240-@\351@'\200\362\201\366\000\035"
 392      365011D0 
 392      31A02D40 
 392      E9402780 
 392      F281F600 
 393 0d8a 068A053A 		.ascii	"\006\212\005:\004\264\027(\017(\006h\007\320v\240S@"
 393      04B41728 
 393      0F280668 
 393      07D076A0 
 393      5340
 394 0d9c 5B813281 		.ascii	"[\2012\201\266\001\225\002m\006\332\007T\000t\000\350"
 394      B6019502 
 394      6D06DA07 
 394      54007400 
 394      E8
 395 0dad 38501AD0 		.ascii	"8P\032\320N\240\\\240]X\334\223N\206\312m\374\216\025"
 395      4EA05CA0 
 395      5D58DC93 
 395      4E86CA6D 
 395      FC8E15
 396 0dc0 FB1D28DF 		.ascii	"\373\035(\337\333<8\342\222\033\335R\016\215\272\237"
 396      DB3C38E2 
 396      921BDD52 
 396      0E8DBA9F 
 397 0dd0 A441BDCD 		.ascii	"\244A\275\315\376\234+/\231:Y\265\037\263\377\326\225"
 397      FE9C2B2F 
 397      993A59B5 
 397      1FB3FFD6 
 397      95
 398 0de1 65F5ADAC 		.ascii	"e\365\255\254\006\256\330\177/\312']\331\230>\243D\227"
 398      06AED87F 
 398      2FCA275D 
 398      D9983EA3 
 398      4497
 399 0df3 28D10F64 		.ascii	"(\321\017dC#\305\376\320\220\375\0350>\352E\377\016"
 399      4323C5FE 
 399      D090FD1D 
 399      303EEA45 
 399      FF0E
 400 0e05 0094FCEF 		.ascii	"\000\224\374\357\000&\352\365\370,\266\213Od%\331\237"
 400      0026EAF5 
 400      F82CB68B 
 400      4F6425D9 
 400      9F
 401 0e16 AA645E59 		.ascii	"\252d^Ye^U\333\257l\233\327\267l\224u\333\237\301m\326"
ARM GAS  C:\Users\kiekensk\AppData\Local\Temp\cceP9hmj.s 			page 32


 401      655E55DB 
 401      AF6C9BD7 
 401      B76C9475 
 401      DB9FC16D 
 402 0e2b 35FCFD00 		.ascii	"5\374\375\000_\305\250\202\303\305oe>\263M\016J2Y\375"
 402      5FC5A882 
 402      C3C56F65 
 402      3EB34D0E 
 402      4A3259FD 
 403 0e3f 9DC13B01 		.ascii	"\235\301;\001\336\316\341\342\347\012j\233\362\026\224"
 403      DECEE1E2 
 403      E70A6A9B 
 403      F21694
 404 0e4e 056DBFFD 		.ascii	"\005m\277\375%\331\002Iv\033\257\244\233 \373\006G\213"
 404      25D90249 
 404      761BAFA4 
 404      9B20FB06 
 404      478B
 405 0e60 DF9CA84E 		.ascii	"\337\234\250N)\273_V\032\207\355/S(\232\354\031v\245"
 405      29BB5F56 
 405      1A87ED2F 
 405      53289AEC 
 405      1976A5
 406 0e73 D4ABF123 		.ascii	"\324\253\361#\272\324\024n\335\177\275W\203fz\333\033"
 406      BAD4146E 
 406      DD7FBD57 
 406      83667ADB 
 406      1B
 407 0e84 ABE8340C 		.ascii	"\253\3504\014\321\377\257\303\225Uf\347\204\203\311"
 407      D1FFAFC3 
 407      955566E7 
 407      8483C9
 408 0e93 E484CAC1 		.ascii	"\344\204\312\301\3112<\371\325B\352\224\206\252\251"
 408      C9323CF9 
 408      D542EA94 
 408      86AAA9
 409 0ea2 A9758746 		.ascii	"\251u\207F\376\377B\271,\254*t\006\263\377\027\340\232"
 409      FEFF42B9 
 409      2CAC2A74 
 409      06B3FF17 
 409      E09A
 410 0eb4 6AE7CF88 		.ascii	"j\347\317\210B\233?#\316r\360Y\012\276\374\372N\241"
 410      429B3F23 
 410      CE72F059 
 410      0ABEFCFA 
 410      4EA1
 411 0ec6 237ECE3E 		.ascii	"#~\316>\016\342\222\363\3065\223[\330\363\016\330na"
 411      0EE292F3 
 411      C635935B 
 411      D8F30ED8 
 411      6E61
 412 0ed8 9F930C83 		.ascii	"\237\223\014\203[\333]\341\363\230\354\012\037\035\031"
 412      5BDB5DE1 
 412      F398EC0A 
 412      1F1D19
 413 0ee7 DDE681A3 		.ascii	"\335\346\201\243\234\251\260\330\367\326n\017q\013;"
 413      9CA9B0D8 
ARM GAS  C:\Users\kiekensk\AppData\Local\Temp\cceP9hmj.s 			page 33


 413      F7D66E0F 
 413      710B3B
 414 0ef6 DD760BBB 		.ascii	"\335v\013\273B\022U\241\024u\001\317U\375Z\277!\302"
 414      421255A1 
 414      147501CF 
 414      55FD5ABF 
 414      21C2
 415 0f08 60D48719 		.ascii	"`\324\207\031\376\252\017\331\020\026\036\361\315\306"
 415      FEAA0FD9 
 415      10161EF1 
 415      CDC6
 416 0f16 109F0D41 		.ascii	"\020\237\015A\006\243\217\237\323\177\374\347\2529\332"
 416      06A38F9F 
 416      D37FFCE7 
 416      AA39DA
 417 0f25 050B541F 		.ascii	"\005\013T\037\373\370\370\262_D\244op\304\272u\021\353"
 417      FBF8F8B2 
 417      5F44A46F 
 417      70C4BA75 
 417      11EB
 418 0f37 7D49A748 		.ascii	"}I\247H_\377\300\345\332\345\337\372\006\207\006G\030"
 418      5FFFC0E5 
 418      DAE5DFFA 
 418      06870647 
 418      18
 419 0f48 42F4FFF3 		.ascii	"B\364\377\363\371:\237`\325?1\201\221\177\0133\006\207"
 419      F93A9F60 
 419      D53F3181 
 419      917F0B33 
 419      0687
 420 0f5a EABF3644 		.ascii	"\352\2776D\254\323\207E\032\376\021\031\241\252\231"
 420      ACD38745 
 420      1AFE1119 
 420      A1AA99
 421 0f69 4C46C8B7 		.ascii	"LF\310\267a\306I\011\256\272\325Z\375\262\240\365k\303"
 421      61C64909 
 421      AEBAD55A 
 421      FDB2A0F5 
 421      6BC3
 422 0f7b 430C5E53 		.ascii	"C\014^S\215\376up\250.84 r\205!$d\335\006cX\304\372"
 422      8DFE7570 
 422      A82E3834 
 422      20728521 
 422      2464DD06 
 423 0f93 C090BF6E 		.ascii	"\300\220\277n\0143\204\254\325\350\027ED"
 423      0C3384AC 
 423      D5E81745 
 423      44
 424 0fa0 84CF911B 		.ascii	"\204\317\221\033`0\372\206\255\017\016\337\2706\004"
 424      6030FA86 
 424      AD0F0EDF 
 424      B83604
 425 0faf F4460687 		.ascii	"\364F\006\207\256\005\235.z\375\306\260\365\306O?\321"
 425      AE059D2E 
 425      7AFDC6B0 
 425      F5C64F3F 
 425      D1
ARM GAS  C:\Users\kiekensk\AppData\Local\Temp\cceP9hmj.s 			page 34


 426 0fc0 1B83827F 		.ascii	"\033\203\202\177\267&\310\030\021\036\036\026\274\306"
 426      B726C818 
 426      111E1E16 
 426      BCC6
 427 0fce 68D81812 		.ascii	"h\330\030\022i\334\2706,B\377u\204A\037i\\\007\210\337"
 427      69DCB836 
 427      2C42FF75 
 427      84411F69 
 427      5C0788DF 
 428 0fe2 FAF8F9F8 		.ascii	"\372\370\371\370\255\0112\2543\202\344Hr\3631\307\177"
 428      AD0932AC 
 428      3382E448 
 428      72F331C7 
 428      7F
 429 0ff3 1C12F4E7 		.ascii	"\034\022\364\347\2605\\\370\232uA\301\241"
 429      B0355CF8 
 429      9A7541C1 
 429      A1
 430 1000 61EB43D6 		.ascii	"a\353C\326\350\327\206|\035\2641\334\2507n\332\020\022"
 430      E8D7867C 
 430      1DB431DC 
 430      A8376EDA 
 430      1012
 431 1012 09CA9C44 		.ascii	"\011\312\234DU\253\377\257TEn\212\\\003]\326\202\\\220"
 431      55ABFFAF 
 431      54456E8A 
 431      5C035DD6 
 431      825C90
 432 1025 AFFE7643 		.ascii	"\257\376vC\244\301\311\020\362\015\340\365\306\337\374"
 432      A4C1C910 
 432      F20DE0F5 
 432      C6DFFC
 433 1034 B2E0433F 		.ascii	"\262\340C?aC\260C\270Ao\014]\213\015\013>\021\014\237"
 433      6143B043 
 433      B8416F0C 
 433      5D8B0D0B 
 433      3E110C9F 
 434 1048 0A06382F 		.ascii	"\012\0068/\020\014~\256<#\306`\343\267\352\340\320 "
 434      100C7EAE 
 434      3C23C660 
 434      E3B7EAE0 
 434      D020
 435 105a 83B35EFF 		.ascii	"\203\263^\377M\210Q\277B\267\302=(\374oA\233\"\365a"
 435      4D8851BF 
 435      42B7C23D 
 435      28FC6F41 
 435      9B22F561 
 436 106e EBC3C1D9 		.ascii	"\353\303\301\331\337\331Q\006\335\210*_\355r]\200\316"
 436      DFD95106 
 436      DD882A5F 
 436      ED725D80 
 436      CE
 437 107f 570BBA7C 		.ascii	"W\013\272|\003\304\370\257\213\014\213\324\177\023\034"
 437      03C4F8AF 
 437      8B0C8BD4 
 437      7F131C
 438 108e 0CDA4164 		.ascii	"\014\332Ad$\0239\213j\333\270><\"\370/R\005\310\032"
ARM GAS  C:\Users\kiekensk\AppData\Local\Temp\cceP9hmj.s 			page 35


 438      2413398B 
 438      6ADBB83E 
 438      3C22F82F 
 438      5205C81A 
 439 10a2 DD197491 		.ascii	"\335\031t\221\277n\311\212\300\000\347\300%\272%\201"
 439      BF6EC98A 
 439      C000E7C0 
 439      25BA2581 
 440 10b2 AB972CFE 		.ascii	"\253\227,\376\302\301\177\331\"\2356P\255\365\327\006"
 440      C2C17FD9 
 440      229D3650 
 440      ADF5D706 
 441 10c2 92FB1570 		.ascii	"\222\373\025pY\274R\273\034.\001\3642\011\375\334a\261"
 441      59BC52BB 
 441      1C2E01F4 
 441      3209FDDC 
 441      61B1
 442 10d4 561BA0FB 		.ascii	"V\033\240\373\243\023\271,_\355\257\325\300\215\356"
 442      A313B92C 
 442      5FEDAFD5 
 442      C08DEE
 443 10e3 8F8E7026 		.ascii	"\217\216p&\034\277\256\202\326\000\332J1\216\001\364"
 443      1CBFAE82 
 443      D600DA4A 
 443      318E01F4 
 444 10f3 BA6A52CA 		.ascii	"\272jR\312\277\223\026\377\257\276\222Z\376M\263|\365"
 444      BF9316FF 
 444      AFBE925A 
 444      FE4DB37C 
 444      F5
 445 1104 D2C04FE8 		.ascii	"\322\300O\350y\001=\373M>\373L\255[\031 \231\360\251"
 445      79013DFB 
 445      4D3EFB4C 
 445      AD5B1920 
 445      99F0A9
 446 1117 46BB82D8 		.ascii	"F\273\202\330\251\325\351\226|\005\027\255.`q \326\256"
 446      A9D5E996 
 446      7C0517AD 
 446      2E607120 
 446      D6AE
 447 1129 0CD468BF 		.ascii	"\014\324h\277\202\273I\234\237c\300b}\200\316\037|X"
 447      82BB499C 
 447      9F63C062 
 447      7D80CE1F 
 447      7C58
 448 113b AC5FBE94 		.ascii	"\254_\276\224^\374\331e1\273\254X\032\250\366_\252\013"
 448      5EFCD965 
 448      31BBAC58 
 448      1AA8F65F 
 448      AA0B
 449 114d 542F5AEA 		.ascii	"T/Z\352\037\250Y\276\034\316\352\305\204_FNZ8it\313"
 449      1FA859BE 
 449      1CCEEAC5 
 449      845F464E 
 449      5A386974 
 450 1162 B470AB5B 		.ascii	"\264p\253[\266\"\320\231U\372\027z\243#\277b\2556\020"
 450      B622D099 
ARM GAS  C:\Users\kiekensk\AppData\Local\Temp\cceP9hmj.s 			page 36


 450      55FA177A 
 450      A323BF62 
 450      AD3610
 451 1175 43D834FE 		.ascii	"C\3304\376\001\201\020\274\325+\377\020\250\016\000"
 451      018110BC 
 451      D52BFF10 
 451      A80E00
 452 1184 38D8B72A 		.ascii	"8\330\267*`\261\306\177\021\010\370\355?\230W2\232\203"
 452      60B1C67F 
 452      1108F8ED 
 452      3F985732 
 452      9A83
 453 1196 D77D4E8A 		.ascii	"\327}N\212]\247]\244_\011\225\357E\023h\223S\347\311"
 453      5DA75DA4 
 453      5F0995EF 
 453      45136893 
 453      53E7C9
 454 11a9 A6FF0585 		.ascii	"\246\377\005\205\314_\260"
 454      CC5FB0
 455              		.text
 456              		.section	.gnu.lto_.symtab.abe66f7,"",%progbits
 457 0000 5356435F 		.ascii	"SVC_Handler\000"
 457      48616E64 
 457      6C657200 
 458 000c 00       		.ascii	"\000"
 459 000d 00       		.ascii	"\000"
 460 000e 00       		.ascii	"\000"
 461 000f 00000000 		.ascii	"\000\000\000\000\000\000\000\000"
 461      00000000 
 462 0017 B5000000 		.ascii	"\265\000\000\000"
 463 001b 5F706F72 		.ascii	"_port_irq_epilogue\000"
 463      745F6972 
 463      715F6570 
 463      696C6F67 
 463      756500
 464 002e 00       		.ascii	"\000"
 465 002f 00       		.ascii	"\000"
 466 0030 00       		.ascii	"\000"
 467 0031 00000000 		.ascii	"\000\000\000\000\000\000\000\000"
 467      00000000 
 468 0039 B7000000 		.ascii	"\267\000\000\000"
 469 003d 5F706F72 		.ascii	"_port_switch_from_isr\000"
 469      745F7377 
 469      69746368 
 469      5F66726F 
 469      6D5F6973 
 470 0053 00       		.ascii	"\000"
 471 0054 02       		.ascii	"\002"
 472 0055 00       		.ascii	"\000"
 473 0056 00000000 		.ascii	"\000\000\000\000\000\000\000\000"
 473      00000000 
 474 005e B1000000 		.ascii	"\261\000\000\000"
 475 0062 5F706F72 		.ascii	"_port_exit_from_isr\000"
 475      745F6578 
 475      69745F66 
 475      726F6D5F 
 475      69737200 
ARM GAS  C:\Users\kiekensk\AppData\Local\Temp\cceP9hmj.s 			page 37


 476 0076 00       		.ascii	"\000"
 477 0077 02       		.ascii	"\002"
 478 0078 00       		.ascii	"\000"
 479 0079 00000000 		.ascii	"\000\000\000\000\000\000\000\000"
 479      00000000 
 480 0081 B3000000 		.ascii	"\263\000\000\000"
 481 0085 63685363 		.ascii	"chSchIsPreemptionRequired\000"
 481      68497350 
 481      7265656D 
 481      7074696F 
 481      6E526571 
 482 009f 00       		.ascii	"\000"
 483 00a0 02       		.ascii	"\002"
 484 00a1 00       		.ascii	"\000"
 485 00a2 00000000 		.ascii	"\000\000\000\000\000\000\000\000"
 485      00000000 
 486 00aa BF000000 		.ascii	"\277\000\000\000"
 487              		.text
 488              		.section	.gnu.lto_.opts,"",%progbits
 489 0000 272D666D 		.ascii	"'-fmath-errno' '-fsigned-zeros' '-ftrapping-math' '"
 489      6174682D 
 489      6572726E 
 489      6F272027 
 489      2D667369 
 490 0033 2D666E6F 		.ascii	"-fno-trapv' '-fno-openmp' '-fno-openacc' '-mcpu=cor"
 490      2D747261 
 490      70762720 
 490      272D666E 
 490      6F2D6F70 
 491 0066 7465782D 		.ascii	"tex-m7' '-mno-thumb-interwork' '-mthumb' '-ggdb' '-"
 491      6D372720 
 491      272D6D6E 
 491      6F2D7468 
 491      756D622D 
 492 0099 4F322720 		.ascii	"O2' '-fomit-frame-pointer' '-falign-functions=16' '"
 492      272D666F 
 492      6D69742D 
 492      6672616D 
 492      652D706F 
 493 00cc 2D666675 		.ascii	"-ffunction-sections' '-fdata-sections' '-fno-common"
 493      6E637469 
 493      6F6E2D73 
 493      65637469 
 493      6F6E7327 
 494 00ff 2720272D 		.ascii	"' '-flto'\000"
 494      666C746F 
 494      2700
 495              		.text
 496              		.comm	__gnu_lto_v1,1,1
 497              		.comm	__gnu_lto_slim,1,1
 498              		.ident	"GCC: (GNU Tools for ARM Embedded Processors (Build 17.03)) 6.3.1 20170215 (release) [ARM/e
ARM GAS  C:\Users\kiekensk\AppData\Local\Temp\cceP9hmj.s 			page 38


DEFINED SYMBOLS
                            *ABS*:00000000 chcore_v7m.c
                            *COM*:00000001 __gnu_lto_v1
                            *COM*:00000001 __gnu_lto_slim

NO UNDEFINED SYMBOLS
