ARM GAS  C:\Users\kiekensk\AppData\Local\Temp\ccLl2S7W.s 			page 1


   1              		.cpu cortex-m7
   2              		.eabi_attribute 20, 1
   3              		.eabi_attribute 21, 1
   4              		.eabi_attribute 23, 3
   5              		.eabi_attribute 24, 1
   6              		.eabi_attribute 25, 1
   7              		.eabi_attribute 26, 1
   8              		.eabi_attribute 30, 2
   9              		.eabi_attribute 34, 1
  10              		.eabi_attribute 18, 4
  11              		.file	"chdynamic.c"
  12              		.text
  13              	.Ltext0:
  14              		.section	.gnu.lto_.profile.2e8089c0,"",%progbits
  15 0000 789C6365 		.ascii	"x\234ce`b`a```d\3100\000\000\001\200\000\245"
  15      60626061 
  15      60606064 
  15      C8300000 
  15      018000A5 
  16              		.text
  17              		.section	.gnu.lto_.icf.2e8089c0,"",%progbits
  18 0000 789C6365 		.ascii	"x\234ce`b\340e@\000&\206\215\273;+\030\267L\\\367\225"
  18      6062E065 
  18      40002686 
  18      8DBB3B2B 
  18      18B74C5C 
  19 0016 89010026 		.ascii	"\211\001\000&l\005o"
  19      6C056F
  20              		.text
  21              		.section	.gnu.lto_.jmpfuncs.2e8089c0,"",%progbits
  22 0000 789C6365 		.ascii	"x\234ce`bX\312\200\000L\014l\214``\317X\017\002,\014"
  22      606258CA 
  22      80004C0C 
  22      6C8C6060 
  22      CF580F02 
  23 0016 8C8C1D4C 		.ascii	"\214\214\035L\323\231\031\267\0349\336\306\321\307<"
  23      D39919B7 
  23      1C39DEC6 
  23      D1C73C
  24 0025 9F1928C0 		.ascii	"\237\031(\300\270\234Q\206\201\021(\270\376\315\316"
  24      B89C5186 
  24      811128B8 
  24      FECDCE
  25 0034 9FBC2041 		.ascii	"\237\274 AFF\006\306\025@A\240~\006F\026\0066\246J\006"
  25      464606C6 
  25      154041A0 
  25      7E064616 
  25      0636A64A 
  26 0049 4620A712 		.ascii	"F \247\022H\200\025\316\332\375\345\024+H!\023#\007"
  26      488015CE 
  26      DAFDE514 
  26      2B482113 
  26      2307
  27 005b E34A9042 		.ascii	"\343J\220BFV\2605\362\250\266\034\375\377\375\000?\304"
  27      4656B035 
  27      F2A8B61C 
  27      FDFFFD00 
ARM GAS  C:\Users\kiekensk\AppData\Local\Temp\ccLl2S7W.s 			page 2


  27      3FC4
  28 006d 1626C655 		.ascii	"\026&\306U [\220\215e\202\030\313\000\000\206S \273"
  28      205B908D 
  28      658218CB 
  28      00008653 
  28      20BB
  29              		.text
  30              		.section	.gnu.lto_.inline.2e8089c0,"",%progbits
  31 0000 789C6365 		.ascii	"x\234ce`b\010g@\000&\006\011)#F\006&\211\025[\030\031"
  31      60620867 
  31      40002606 
  31      09292346 
  31      06268915 
  32 0017 D816C833 		.ascii	"\330\026\3103\201\004\231y\200\022\023\374\3004#\003"
  32      81049979 
  32      801213FC 
  32      C0342303 
  33 0027 2B1F5064 		.ascii	"+\037Pd\202\037\220\317\010Q+}\355\024#\003\373-5,j"
  33      821F90CF 
  33      08512B7D 
  33      ED142303 
  33      FB2D352C 
  34 003c C1249007 		.ascii	"\301$\220\007\000\374\215\012\357"
  34      00FC8D0A 
  34      EF
  35              		.text
  36              		.section	.gnu.lto_.pureconst.2e8089c0,"",%progbits
  37 0000 789C6365 		.ascii	"x\234ce`b`g`\000\222\273\030\031w1\002\000\005\355\001"
  37      60626067 
  37      600092BB 
  37      18197731 
  37      020005ED 
  38 0015 88       		.ascii	"\210"
  39              		.text
  40              		.section	.gnu.lto_chThdCreateFromHeap.2e8089c0,"",%progbits
  41 0000 789C8595 		.ascii	"x\234\205\225\177LSW\024\307\357y\367\265\357A\001\305"
  41      7F4C5357 
  41      14C7EF79 
  41      F7B5EF41 
  41      01C5
  42 0012 31E78871 		.ascii	"1\347\210q\260\214\210\211\362\226e\213\306?\226\030"
  42      B08C8889 
  42      F296658B 
  42      C63F9618 
  43 0022 B344FF20 		.ascii	"\263D\377 Yt\177.1\254vB\262\332\246\305\251\373\207"
  43      59747F2E 
  43      31AC7642 
  43      B2DAA6C5 
  43      A9FB87
  44 0035 47C15F63 		.ascii	"G\301_c\212\272\211\320\332\275Fc\3041D\231:\031\242"
  44      8ABA89D0 
  44      DABD4663 
  44      C4314499 
  44      3A19A2
  45 0048 9DA828F8 		.ascii	"\235\250(\370\003\231\270)\210h\301\015\0212Mu\233\233"
  45      0399B829 
  45      8868C10D 
ARM GAS  C:\Users\kiekensk\AppData\Local\Temp\ccLl2S7W.s 			page 3


  45      11324D75 
  45      9B9B
  46 005a BA73EE2B 		.ascii	"\272s\356+\006\012\331\032\010}\357~\277\347\234{\316"
  46      060AD91A 
  46      087DEF7E 
  46      BFE79C7B 
  46      CE
  47 006b E75E2C4C 		.ascii	"\347^,Lb\213U\306\242\214\261w\360\027,\014\244\255"
  47      628B55C6 
  47      A28CB177 
  47      F0172C0C 
  47      A4AD
  48 007d 97182B56 		.ascii	"\227\030+V%In\345LO\344g[\031\323\2238\310\346{\031"
  48      25496EE5 
  48      4C4FE467 
  48      5B19D393 
  48      38C8E67B 
  49 0092 80BEE82A 		.ascii	"\200\276\350*\260\"\211\313P\004\345|'\207+\245\007"
  49      B02289CB 
  49      5004E57C 
  49      27872BA5 
  49      07
  50 00a3 77F12DDC 		.ascii	"w\361-\334\340\014d||p\321\037I\241G\200\014|\014\350"
  50      E00C647C 
  50      7C70D11F 
  50      49A14780 
  50      0C7C0CE8 
  51 00b7 1D9B9459 		.ascii	"\035\233\224Y\373t\335\247\207w^\265\006\352\333\365"
  51      FB74DDA7 
  51      87775EB5 
  51      06EADBF5 
  52 00c7 04834BAC 		.ascii	"\004\203K\254\012\345\3250\035\366\301t\312\276\037"
  52      0AE5D530 
  52      1DF6C174 
  52      CABE1F
  53 00d6 66A1F8F0 		.ascii	"f\241\370\360p\345\303\004\376:0\374\356/\3577,3\367"
  53      70E5C304 
  53      FE3A30FC 
  53      EE2FEF37 
  53      2C33F7
  54 00e9 0A637407 		.ascii	"\012ct\007\327\33708\207o\200\2176\342+\00650\023\345"
  54      D7DF3038 
  54      876F808F 
  54      36E22B06 
  54      353013E5 
  55 00fd BB8B3BDB 		.ascii	"\273\213;\333\222y\266\260n\250m\032H\211Y\373v\012"
  55      9279B6B0 
  55      6EA86D1A 
  55      488959FB 
  55      760A
  56 010f AB0CDFC6 		.ascii	"\253\014\337\306[e\006\265\302\352\273s\364\032\360"
  56      5B6506B5 
  56      C2EABB73 
  56      F41AF0
  57 011e 39C21AEA 		.ascii	"9\302\032\352\014\255\2169{\374Sw\224\350\213\014n\201"
  57      0CAD8E39 
  57      7BFC5377 
ARM GAS  C:\Users\kiekensk\AppData\Local\Temp\ccLl2S7W.s 			page 4


  57      94E88B0C 
  57      6E81
  58 0130 03F15E6C 		.ascii	"\003\361^lV\235\360\326\370~\035\342\374-\341\335t\376"
  58      569DF0D6 
  58      F87E1DE2 
  58      FC2DE1DD 
  58      74FE
  59 0142 69448999 		.ascii	"iD\211\231/\230i\255p0\336jepHX/\334k<\242\362\271\302"
  59      2F9869AD 
  59      7030DE6A 
  59      65704858 
  59      2FDC6B3C 
  60 015a FAFCD8DE 		.ascii	"\372\374\330\336\307\266\230\365\256\177\306W\"\257"
  60      C7B698F5 
  60      AE7FC657 
  60      22AF
  61 0168 02F5F166 		.ascii	"\002\365\361f\205\301w\302<\250\2275\001\237/\314\235"
  61      85C177C2 
  61      3CA89735 
  61      019F2FCC 
  61      9D
  62 0179 D7F67F30 		.ascii	"\327\366\1770\222\266B\244U\341p\274Sep\004f\222|\270"
  62      92B642A4 
  62      55E170BC 
  62      53657004 
  62      66927CB8 
  63 018d B4BFD766 		.ascii	"\264\277\327f\316k\032>\036<^:\024\233W\030\360\371"
  63      CE6B1A3E 
  63      1E3C5E3A 
  63      149B5718 
  63      F0F9
  64 019f FAEDE3C3 		.ascii	"\372\355\343\303\211\374]\021\271\266\257{U\326\036"
  64      89FC5D11 
  64      B9B6AF7B 
  64      55D61E
  65 01ae 3DACEBE1 		.ascii	"=\254\353\341\341\300\214\355\272~N\227\015\236\000"
  65      E1C08CED 
  65      BA7E4E97 
  65      0D9E00
  66 01bd C7CCE8DF 		.ascii	"\307\314\350\337c\364\243b~\214\324\341\301H\215\314"
  66      63F4A362 
  66      7E8CD4E1 
  66      C1488DCC 
  67 01cd 17086764 		.ascii	"\027\010gd\363\231r\031\255T\324c\377\224m%\246U\205"
  67      F3997219 
  67      AD54D463 
  67      FF946D25 
  67      A65585
  68 01e0 1FC61616 		.ascii	"\037\306\026\026\263\236\356\377\247\303\306\337\023"
  68      B39EEEFF 
  68      A7C3C6DF 
  68      13
  69 01ed D6E29AC0 		.ascii	"\326\342\232\300\256\244\230u\330\237>b\225\340\370"
  69      AEA49875 
  69      D89F3E62 
  69      95E0F8
  70 01fc 84D63B87 		.ascii	"\204\326;\207\236\355H\266\312\320\004Y\320\210\277"
ARM GAS  C:\Users\kiekensk\AppData\Local\Temp\ccLl2S7W.s 			page 5


  70      9EED48B6 
  70      CAD00459 
  70      D088BF
  71 020b 0D904570 		.ascii	"\015\220Ep!S'\300\012\214\361\321+u\035\020\326\237"
  71      215327C0 
  71      0A8CF1D1 
  71      2B751D10 
  71      D69F
  72 021d 3DDF805D 		.ascii	"=\337\200]N\037\216>JM\007l\215\204`#D\026 \036\260"
  72      4E1F8E3E 
  72      4A4D076C 
  72      8D846023 
  72      4416201E 
  73 0232 C3A85581 		.ascii	"\303\250U\201\346k\303\305\304d\240yM\002j|*P\023\323"
  73      E66BC3C5 
  73      C464A079 
  73      4D026A7C 
  73      2A5013D3 
  74 0246 188564EC 		.ascii	"\030\205d\354s\314B\007\242\014q\306\277|\020\326\207"
  74      73CC4207 
  74      A20C71C6 
  74      BF7C10D6 
  74      87
  75 0257 229B15CA 		.ascii	"\"\233\025\312\033\344\012\226\326\320p\277K)z\252\253"
  75      1BE40A96 
  75      D6D070BF 
  75      4B297AAA 
  75      AB
  76 0268 06B75571 		.ascii	"\006\267Uq\254\005NB\021\013r9\310-Dxc\264\325B\235"
  76      AC054E42 
  76      110B7239 
  76      C82D4478 
  76      63B4D542 
  77 027d 4F02157B 		.ascii	"O\002\025{?\335\340\311\254\037|\031\242p,\002\203\260"
  77      3FDDE0C9 
  77      AC1F7C19 
  77      A2702C02 
  77      83B0
  78 028f 3E28BDD1 		.ascii	">(\275\321|)\220\024\013\0129\346\276\313\020|<\235"
  78      7C299014 
  78      0B0A39E6 
  78      BECB107C 
  78      3C9D
  79 02a1 7C007CFE 		.ascii	"|\000|\376\201\246\210\215\2261\342\326\212\257\313"
  79      81A6888D 
  79      9631E2D6 
  79      8AAFCB
  80 02b0 146D0E21 		.ascii	"\024m\016!\213\233\255\244.0\370\021\264 \216\037\245"
  80      8B9BADA4 
  80      2E30F811 
  80      B4208E1F 
  80      A5
  81 02c1 1509F1BA 		.ascii	"\025\011\361\272DS\007\244;E:\005u%\273\326onH33\332"
  81      445307A4 
  81      3B453A05 
  81      7525BBD6 
  81      6F6E4833 
ARM GAS  C:\Users\kiekensk\AppData\Local\Temp\ccLl2S7W.s 			page 6


  82 02d7 F015562B 		.ascii	"\360\025V+\334\023%\212\005\220(@3\005\260\221\324?"
  82      DC13258A 
  82      05902840 
  82      3305B091 
  82      D43F
  83 02e9 2E91D5D4 		.ascii	".\221\325\324\211\271\234&]\362\304:\305\324\311\244"
  83      89B99C26 
  83      5DF2C43A 
  83      C5D4C9A4 
  84 02f9 3B43BA49 		.ascii	";C\272Ict\321\352\007]@:\325\324YHw\226t\251\330:\211"
  84      6374D1EA 
  84      075D403A 
  84      D5D45948 
  84      779674A9 
  85 0310 78D8DBDA 		.ascii	"x\330\333\332q\322\306\027\011\224\242\225\207\252\023"
  85      71D2C617 
  85      0994A295 
  85      87AA13
  86 031f 6228B5F8 		.ascii	"b(\265\370\263\375%m_\350!\337d\203\247@\313x\230\340"
  86      B3FD256D 
  86      5FE821DF 
  86      6483A740 
  86      CB7898E0 
  87 0333 1C64D1ED 		.ascii	"\034d\321\3551\2407\3114\226\024\310\200\363\270v\017"
  87      31A037C9 
  87      349614C8 
  87      80F3B876 
  87      0F
  88 0344 6F88BFCB 		.ascii	"o\210\277\313\017\337\202\027\264\225\352\370\011\177"
  88      0FDF8217 
  88      B495EAF8 
  88      097F
  89 0352 794C1190 		.ascii	"yL\021\220Uq\211\305-\265\325\315\376\220A+\255\361"
  89      557189C5 
  89      2DB5D5CD 
  89      FE90412B 
  89      ADF1
  90 0364 F8B5667F 		.ascii	"\370\265f\177v\200S.\006m$\220GQ\314\340\002X\261\222"
  90      7680532E 
  90      066D2490 
  90      4751CCE0 
  90      0258B192 
  91 0378 8B842EB0 		.ascii	"\213\204.\260\353\224r\267Q\377gb\346=0\364\312\014"
  91      EB9472B7 
  91      51FF6762 
  91      E63D30F4 
  91      CA0C
  92 038a 03FB41E7 		.ascii	"\003\373A\3472\322\250\25326\035.A\2468\005\277\337"
  92      32D2A8AB 
  92      32361D2E 
  92      41A63805 
  92      BFDF
  93 039c BFDA25E1 		.ascii	"\277\332%\341\033\270\014\262(\232A\273\270\216\253"
  93      1BB80CB2 
  93      289A41BB 
  93      B88EAB
  94 03ab 4F34F727 		.ascii	"O4\367'e\016\305\334\223I\373\360@}\247M\270\257\220"
ARM GAS  C:\Users\kiekensk\AppData\Local\Temp\ccLl2S7W.s 			page 7


  94      650EC5DC 
  94      9349FBF0 
  94      407DA74D 
  94      B8AF90
  95 03be 1B3A4016 		.ascii	"\033:@\026\334\211\00606\010\245\275e7\233\301\004 "
  95      DC890630 
  95      3608A5BD 
  95      65379BC1 
  95      0420
  96 03d0 6D2CC7A9 		.ascii	"m,\307\251U\324s\370\0119\306\205\273\333\266m\342\270"
  96      55D473F8 
  96      0939C685 
  96      BBDBB66D 
  96      E2B8
  97 03e2 809FD013 		.ascii	"\200\237\320\0230\370\024\232\012\371\030\\\205\"\203"
  97      30F8149A 
  97      0AF9185C 
  97      852283
  98 03f1 BF447143 		.ascii	"\277DqC\351\002\350&\002:\215\246\031\375\255g\217\022"
  98      E902E826 
  98      023A8DA6 
  98      19FDAD67 
  98      8F12
  99 0403 1B68C5BA 		.ascii	"\033h\305\272S\227\025j\266$\006\366GK\353\306$\003"
  99      5397156A 
  99      B62406F6 
  99      474BEBC6 
  99      2403
 100 0415 82C51471 		.ascii	"\202\305\024q\252\301\323\320\002\235\264\035\232l\237"
 100      AAC1D3D0 
 100      029DB41D 
 100      9A6C9F
 101 0424 EF80A2D5 		.ascii	"\357\200\242\325R6\334\312\313p\015\014\250\304\373"
 101      5236DCCA 
 101      CB700D0C 
 101      A8C4FB
 102 0433 14EBF919 		.ascii	"\024\353\371\0314\372\367q\272e\275J\301\246\002\300"
 102      34FAF771 
 102      BA65BD4A 
 102      C1A602C0 
 103 0443 2FE81A84 		.ascii	"/\350\032\204u\241\347[\270\250h\354>^\251\"#\\\027"
 103      75A1E75B 
 103      B8A868EC 
 103      3E5EA922 
 103      235C17
 104 0456 E791F658 		.ascii	"\347\221\366Xw\277\341\257d\362N\303\306\337\240\303"
 104      77BFE1AF 
 104      64F24EC3 
 104      C6DFA0C3 
 105 0466 F8EA0851 		.ascii	"\370\352\010Qq\024\005\377\207\242.A\321\213\215\245"
 105      711405FF 
 105      87A22E41 
 105      D18B8DA5 
 106 0476 60BCEEFF 		.ascii	"`\274\356\377\242\250}\204\"e\014\0107\011\204qXe/c"
 106      A2A87D84 
 106      22650C08 
 106      37098471 
ARM GAS  C:\Users\kiekensk\AppData\Local\Temp\ccLl2S7W.s 			page 8


 106      58652F63 
 107 048a D0436275 		.ascii	"\320Cbu<Vo\0079%gpk<V\275\002\253\333\243\260zf\334"
 107      3C566F07 
 107      39256770 
 107      6B3C56BD 
 107      02ABDBA3 
 108 04a2 3E611B21 		.ascii	">a\033!\246[\020sG\020\023\217G\344\005\036\024\\\\"
 108      A65B1073 
 108      4710138F 
 108      47E4051E 
 108      145C5C
 109 04b5 3EB2B8EF 		.ascii	">\262\270\357\006\340T\267\240\204\246\216\306\252\336"
 109      06E054B7 
 109      A084A68E 
 109      C6AADE
 110 04c4 F076CBBC 		.ascii	"\360v\313\274\243\372F$!\201A\037\314cC\330\301\240"
 110      A3FA4624 
 110      2181411F 
 110      CC6343D8 
 110      C1A0
 111 04d6 B85E1EE1 		.ascii	"\270^\036\341Hp\220RO{`\036v\234\337x\322\016x\203\002"
 111      48709052 
 111      4F7B601E 
 111      769CDF78 
 111      D20E7883 
 112 04eb 45C25CAF 		.ascii	"E\302\\\257\345\344h\346\217\313\253y\0125\257\307\256"
 112      E5E468E6 
 112      8FCBAB79 
 112      0A35AFC7 
 112      AE
 113 04fc D9F397AF 		.ascii	"\331\363\227\257]\231\347,\260\347\330\231%\337\221"
 113      5D99E72C 
 113      B0E7D899 
 113      25DF91
 114 050b E776CBDE 		.ascii	"\347v\313\336\202\317\0342\276s\310nO\201Kr\177\314"
 114      82CF1C32 
 114      BE73C86E 
 114      4F814B72 
 114      7FCC
 115 051d F33C2BA4 		.ascii	"\363<+\244\302\345|\265\327-\025\272\225\217\362\274"
 115      C2E57CB5 
 115      D72D15BA 
 115      958FF2BC 
 116 052d 8EF73D05 		.ascii	"\216\367=\005sFG\263\273\234N\327J\315\355\362\024z"
 116      734647B3 
 116      BB9C4ED7 
 116      4ACDEDF2 
 116      147A
 117 053f B5054B72 		.ascii	"\265\005Kr\027\346\256\301\320v\227\307\261\354\323"
 117      17E6AEC1 
 117      D07697C7 
 117      B1ECD3
 118 054e B9CE9C7C 		.ascii	"\271\316\234|6\177\002\265cM!i\265\205\271K\027/\325"
 118      367F02B5 
 118      634D2169 
 118      B585B94B 
 118      172FD5
ARM GAS  C:\Users\kiekensk\AppData\Local\Temp\ccLl2S7W.s 			page 9


 119 0561 16A2585B 		.ascii	"\026\242X[\274\322\376\311\252\345\016\315\356\364\026"
 119      BCD2FEC9 
 119      AAE50ECD 
 119      EEF416
 120 0570 7897ADB0 		.ascii	"x\227\255\260\333\321\032_v\301\210&\337\273\326\213"
 120      DBD11A5F 
 120      76C18826 
 120      DFBBD68B 
 121 0580 EB937397 		.ascii	"\353\223s\227.\311\240\242\260\334\331\031Yo2\311\303"
 121      2EC9A0A2 
 121      B0DCD919 
 121      596F32C9 
 121      C3
 122 0591 14A7C3E9 		.ascii	"\024\247\303\351\362\254e\377\002u$\340("
 122      F2AC65FF 
 122      027524E0 
 122      28
 123              		.text
 124              		.section	.gnu.lto_chThdCreateFromMemoryPool.2e8089c0,"",%progbits
 125 0000 789C8594 		.ascii	"x\234\205\224mL\223W\024\307\357y\356C\237\322\202\370"
 125      6D4C9357 
 125      14C7EF79 
 125      EE439FD2 
 125      82F8
 126 0012 C29C636C 		.ascii	"\302\234cl\303e\215/Q\236e\331\213[\262d\213_\346\007"
 126      C3658D2F 
 126      519E65D9 
 126      8B5BB264 
 126      8B5FE607 
 127 0026 9245FDB2 		.ascii	"\222E\375\262d\211q\225)\311jI\213S?q-8ul\363e\021)"
 127      64897195 
 127      29C96A49 
 127      8B533F71 
 127      2D38756C 
 128 003e D83D8D86 		.ascii	"\330=\215\206\210t\2422e \242\235\210/\370J'l\012\""
 128      8874A232 
 128      6520A29D 
 128      882FF84A 
 128      276C0A22 
 129 0052 50CA44D1 		.ascii	"P\312D\321\314\305\315\315L\3359\267-\201B\034\201\322"
 129      CCC5CDCD 
 129      4CDD39B7 
 129      2D81421C 
 129      81D2
 130 0064 E739FFFF 		.ascii	"\3479\377\377\271\347\236\363\2737\211)l\227\231\261"
 130      B9E79EF3 
 130      BB378929 
 130      6C9799B1 
 131 0074 21C6D81B 		.ascii	"!\306\330\033\370\007I\014\224-\027\031[gV\024\265\225"
 131      F807490C 
 131      942D1719 
 131      5B675614 
 131      B595
 132 0086 3361E1A7 		.ascii	"3a\341\247Z\031\023)\034\324\350{\025\200\276\0103\260"
 132      5A191329 
 132      1CD4E87B 
 132      1580BE08 
ARM GAS  C:\Users\kiekensk\AppData\Local\Temp\ccLl2S7W.s 			page 10


 132      33B0
 133 0098 4285AB50 		.ascii	"B\205\253P\010\233\371\016\016m\305\007v\362o\270\301"
 133      089BF90E 
 133      0E6DC507 
 133      76F26FB8 
 133      C1
 134 00a9 19A8F878 		.ascii	"\031\250\370x\357Byx\002=\002d\341c\205\010m\322f\355"
 134      EF427978 
 134      023D0264 
 134      E1638508 
 134      6DD266ED 
 135 00bd 11C22382 		.ascii	"\021\302#\202;B\226\212\332\313\"\331\340\012\363\242"
 135      3B42968A 
 135      DACB22D9 
 135      E00AF3A2 
 136 00cd BC0A3261 		.ascii	"\274\0122a\017d\322\352{a\026\212o\326\237\332h\346"
 136      0F64D2EA 
 136      7B61168A 
 136      6FD69FDA 
 136      68E6
 137 00df 2F03C3EF 		.ascii	"/\003\303\357\275=\367^\230Q)}\375\245\\\274bp\016\325"
 137      BD3DF75E 
 137      9851297D 
 137      FDA55CBC 
 137      62700ED5 
 138 00f3 C047FAF0 		.ascii	"\300G\372\360\025\203\000\314@\265\247\257\256\003\270"
 138      158300CC 
 138      40B5A7AF 
 138      AE03B8
 139 0102 4D3AFDED 		.ascii	"M:\375\355\376\325q\3474\257\010\252\006\026\373}\242"
 139      FED571E7 
 139      34AF08AA 
 139      0616FB7D 
 139      A2
 140 0113 5565B04F 		.ascii	"Ue\260OZ\003\236\337\356p>[Z7\235}\024\326b\336\216"
 140      5A039EDF 
 140      EE703E5B 
 140      5A379D7D 
 140      14D662DE 
 141 0128 EA8CED45 		.ascii	"\352\214\355E\342\003\203'AM\242\031\233\265_\232\317"
 141      E2038327 
 141      414DA219 
 141      9BB55F9A 
 141      CF
 142 0139 DF6A3C6C 		.ascii	"\337j<l\346\2724?\251\257\374\313\0323w\355\220%\233"
 142      E6BA343F 
 142      A9AFFCCB 
 142      1A3377ED 
 142      90259B
 143 014c E040A2D5 		.ascii	"\340@\242\325\304\340\240\264\336\026%M\300_\223\326"
 143      C4E0A0B4 
 143      DE16254D 
 143      C05F93D6 
 144 015c F68EBD8B 		.ascii	"\366\216\275\213c\316\241X\311\032\324&Z5\006?\300\014"
 144      63CEA158 
 144      C91AD426 
 144      5A35063F 
ARM GAS  C:\Users\kiekensk\AppData\Local\Temp\ccLl2S7W.s 			page 11


 144      C00C
 145 016e D2DF2D8E 		.ascii	"\322\337-\216\364X\243=\237\206\217\007\216\026\337"
 145      F458A33D 
 145      9F868F07 
 145      8E16DF
 146 017d 89F53C08 		.ascii	"\211\365<\010\370|\265\367\350]\013\177S\246\336\327"
 146      F87CB5F7 
 146      E85D0B7F 
 146      53A6DED7 
 147 018d DFB5CAB6 		.ascii	"\337\265\312\266[\004\205\010\336\015\274\270M\2103"
 147      5B048508 
 147      DE0DBCB8 
 147      4D8833
 148 019c 02B39BA1 		.ascii	"\002\263\233\241.\232\3750f?$g\300H\035\274\035\016"
 148      2E9AFD30 
 148      663F2467 
 148      C0481DBC 
 148      1D0E
 149 01ae A8FC6DE9 		.ascii	"\250\374m\351\014\177\335\262YE+U5P=ykQ\324\252A\375"
 149      0C7FDDB2 
 149      59452B55 
 149      35503D79 
 149      6B51D4AA 
 150 01c4 E8C262D6 		.ascii	"\350\302b\326\223\221\177CV\376\256\264\256\013T\354"
 150      93917F43 
 150      56FEAEB4 
 150      AE0B54EC 
 151 01d4 4C8959BB 		.ascii	"L\211Y\273\2533\342V\005\216\214k\355;\370x{\252I\205"
 151      AB33E256 
 151      058E8C6B 
 151      ED3BF878 
 151      7BAA4985 
 152 01e8 46B04103 		.ascii	"F\260A\003\330v\243\342G\260\021#\210\306Q0\001c<\036"
 152      D876A3E2 
 152      47B01123 
 152      88C65130 
 152      01633C1E 
 153 01fc A4C8FE10 		.ascii	"\244\310\376\020\004\305\343'\033pH\263\313\233\007"
 153      04C5E327 
 153      1B7048B3 
 153      CB9B07
 154 020b 6A94E701 		.ascii	"j\224\347\001\333\243 \240H\0036\030e\032\320x-\370"
 154      DBA320A0 
 154      48033618 
 154      651AD078 
 154      2DF8
 155 021d 3AD98A1F 		.ascii	":\331\212\037\226T\240\211\245\0015\177\022P\037\323"
 155      9654A089 
 155      A501357F 
 155      12501FD3 
 156 022d 19A564EC 		.ascii	"\031\245d\354K\\\205\270.A*\361?\277\015\305\376\360"
 156      4B5C85B8 
 156      2E412AF1 
 156      3FBF0DC5 
 156      FEF0
 157 023f 768DD6F5 		.ascii	"v\215\326\365q\023V\327\3200\324\251\025>\022f\203["
 157      711356D7 
ARM GAS  C:\Users\kiekensk\AppData\Local\Temp\ccLl2S7W.s 			page 12


 157      D030D4A9 
 157      153E1266 
 157      835B
 158 0251 BD1C6B81 		.ascii	"\275\034k\201&(d>\216\033Ja\021\360d\311\022qM\224\263"
 158      2628643E 
 158      8E1B4A61 
 158      11F064C9 
 158      12714D94 
 159 0266 7E28BED6 		.ascii	"~(\276\326|1\220\022\263Cvt\223%\210*\036'>\010\236"
 159      7C319012 
 159      B3437674 
 159      9325882A 
 159      1E273E08 
 160 027b F2C1A688 		.ascii	"\362\301\246\210\225\302\230zK\351w%\232>\227\000\305"
 160      95C2987A 
 160      4BE97725 
 160      9A3E9700 
 160      C5
 161 028c 6D95D17E 		.ascii	"m\225\321~\031\034\003\335\207\263Fiir\242\316\022\325"
 161      191C03DD 
 161      87B34669 
 161      6972A2CE 
 161      12D5
 162 029e 01E98E93 		.ascii	"\001\351\216\223\316D\272#\203g\"S\242+ZP]\272\376\304"
 162      CE44BA23 
 162      83672253 
 162      A22B5A50 
 162      5DBAFEC4 
 163 02b2 258D70E0 		.ascii	"%\215p\340r\030\017N\267nL1\300\267N\010\221e\360T\254"
 163      72180F4E 
 163      B76E4C31 
 163      C0B74E08 
 163      9165F054 
 164 02c7 1C31C994 		.ascii	"\0341\311\224\235\257\354\367\324h\372>\021\015M\200"
 164      9DAFECF7 
 164      D468FA3E 
 164      110D4D80 
 165 02d7 9FC08032 		.ascii	"\237\300\2002l\004\246?\001:\346.\332\371\305G\321\314"
 165      6C04A63F 
 165      013AE62E 
 165      DAF9C547 
 165      D1CC
 166 02e9 565C0CF3 		.ascii	"V\\\014\363\313\272\306\333B\25449\263f*\315J\322\362"
 166      CBBAC6DB 
 166      42AC3439 
 166      B3662ACD 
 166      4AD2F2
 167 02fc 315B488A 		.ascii	"1[H\212\352T\322\235$]\352\370:ST\227D\272\026\322\245"
 167      EA54D29D 
 167      245DEAF8 
 167      3A535497 
 167      44BA16D2 
 168 0311 8DD2DDAF 		.ascii	"\215\322\335\257\272\327\011\244\323\242:\023\351N\221"
 168      BAD709A4 
 168      D3A23A13 
 168      E94E91
 169 0320 6E120E45 		.ascii	"n\022\016E\221\233k\015\035\267\362\367d\023\356\227"
ARM GAS  C:\Users\kiekensk\AppData\Local\Temp\ccLl2S7W.s 			page 13


 169      919B6B0D 
 169      1DB7F2F7 
 169      6413EE97 
 170 0330 1DAC4A8E 		.ascii	"\035\254J\216\021y\332;\263\274\350\334W\302\357\231"
 170      1179DA3B 
 170      B3BCE8DC 
 170      57C2EF99 
 171 0340 68F03438 		.ascii	"h\36048=\226I8\00364m\030\024M*52\015\262\340,\306n"
 171      3D964938 
 171      0336346D 
 171      18144D2A 
 171      35320DB2 
 172 0358 E145D3B8 		.ascii	"\341E\323\270\371\320\015\030\206\266\230Z\027\374\266"
 172      F9D00D18 
 172      86B6985A 
 172      17FCB6
 173 0367 DE2A41F5 		.ascii	"\336*A\365r\205%\204\316\325\314\371\230A+\305xb\254"
 173      72852584 
 173      CED5CCF9 
 173      98412BC5 
 173      7862AC
 174 037a D93BB382 		.ascii	"\331;\263\202\323Z\014\316\221@\035q\030\030\234\007"
 174      D35A0CCE 
 174      91401D71 
 174      18189C07 
 175 038a DC135C20 		.ascii	"\334\023\\ \374\201\265\321\222\273\214\332\277-\323"
 175      FC81B5D1 
 175      92BB8CDA 
 175      BF2DD3
 176 0399 FBC01065 		.ascii	"\373\300\020e8\255\211\362x\207\033\205Y\305\201\301"
 176      38AD89F2 
 176      78871B85 
 176      59C581C1 
 177 03a9 45982E47 		.ascii	"E\230.G\372\373\320\225N\005\337\300%Pe\321\014.\313"
 177      FAFBD095 
 177      4E05DFC0 
 177      255065D1 
 177      0C2ECB
 178 03bc 9BB9EA58 		.ascii	"\233\271\352Xs$ez$\346\236D\332?jj\333\255\322\335F"
 178      7324657A 
 178      24E69E44 
 178      DA3F6A6A 
 178      DBADD2DD 
 179 03d1 6E08812A 		.ascii	"n\010\201*\211\226\015`\014\217BO\311\365\026\210\002"
 179      89960D60 
 179      0C8F424F 
 179      C9F51688 
 179      02
 180 03e2 903EFA2C 		.ascii	"\220>\372,L\366\322l\340g<\013\030\030\330\272u\023"
 180      4CF6D26C 
 180      E0673C0B 
 180      1818D8BA 
 180      7513
 181 03f4 C700FEF8 		.ascii	"\307\000\376\370\037\202\301\247\320T\310\307\340\012"
 181      1F82C1A7 
 181      D054C8C7 
 181      E00A
ARM GAS  C:\Users\kiekensk\AppData\Local\Temp\ccLl2S7W.s 			page 14


 182 0402 141A3C9D 		.ascii	"\024\032<\235\362\3723\344Qi\244\243\222N\323\274\177"
 182      F2FA33E4 
 182      5169A4A3 
 182      924ED3BC 
 182      7F
 183 0413 B3BB528B 		.ascii	"\263\273R\213\015t\230Ze\014\265\376\251\006\177\006"
 183      0D74985A 
 183      650CB5FE 
 183      A9067F06 
 184 0423 2DD03E2E 		.ascii	"-\320>.\266S\241Cb\253\321\344~\001\035\005-O\036\004"
 184      B653A143 
 184      62ABD1E4 
 184      7E011D05 
 184      2D4F1E04 
 185 0437 D328D9B3 		.ascii	"\323(\331\263\240\300\257\350\222\007\357\306\360bO"
 185      A0C0AFE8 
 185      9207EFC6 
 185      F0624F
 186 0446 CD7EBD29 		.ascii	"\315~\275)\\\307\207\263kpUf7S\366k\004\230\212\215"
 186      5CC787B3 
 186      6B705566 
 186      3753F66B 
 186      04988A8D 
 187 045a 59EFDF8D 		.ascii	"Y\357\337\215J\332\337\350\256L\363\022\211\320)o\010"
 187      4ADADFE8 
 187      AE4CF312 
 187      89D0296F 
 187      08
 188 046b EAD8FEA1 		.ascii	"\352\330\376\241\206\177R\251\222\347p\214]\220i\360"
 188      867F52A9 
 188      92E7708C 
 188      5D9069F0 
 189 047b 8C389F09 		.ascii	"\2148\237\011L\372\376\207\311\353\222\311\3416\245"
 189      4CFAFE87 
 189      C9EB92C9 
 189      E136A5
 190 048a 61BEEEA7 		.ascii	"a\276\356\2471\031\2123\251\215\302\352\006a5\006\322"
 190      31198A33 
 190      A98DC2EA 
 190      06613506 
 190      D2
 191 049b 994B18F4 		.ascii	"\231K\030\364\220\330<\026\322\327}\234\026g\320;\026"
 191      90D83C16 
 191      D2D77D9C 
 191      1667D03B 
 191      16
 192 04ac D23E0969 		.ascii	"\322>\011ix\004\244\217\215\336c\3268\177\335\222\277"
 192      7804A48F 
 192      8DDE63D6 
 192      387FDD92 
 192      BF
 193 04bd 7EC95F22 		.ascii	"~\311_\"l\221a\330(\271\274$Uy\003\017\302\211.\311"
 193      6C9161D8 
 193      28B9BC24 
 193      5579030F 
 193      C2892EC9 
 194 04d1 1C318446 		.ascii	"\0341\204FoOp[\322\274:\261\021\27123\030\200y\354\016"
ARM GAS  C:\Users\kiekensk\AppData\Local\Temp\ccLl2S7W.s 			page 15


 194      6F4F705B 
 194      D2BC3AB1 
 194      11B93233 
 194      188079EC 
 195 04e6 76D027AF 		.ascii	"v\320'\257\301?\001hpJ\367\345\300<\3548\177x\244\015"
 195      C13F0168 
 195      704AF7E5 
 195      C03CEC38 
 195      7F78A40D 
 196 04fa F04E07CA 		.ascii	"\360N\007\312\204k\275\224\235\255G\177\235n\335U\240"
 196      846BBD94 
 196      9DAD477F 
 196      9D6EDD55 
 196      A0
 197 050b BB5D76DD 		.ascii	"\273]v\335\276b\331\332\225K\035y\366l;S\034\371*~\317"
 197      BE62D9DA 
 197      954B1D79 
 197      F66C3B53 
 197      1CF92A7E 
 198 0520 55F35D79 		.ascii	"U\363]yN%\377S\276\324\265\\)X\306W\273\363\225\202"
 198      4E25FF53 
 198      BED4B55C 
 198      2958C657 
 198      BBF39582 
 199 0534 7CED93A5 		.ascii	"|\355\223\245\356\334\017]ysGf\261;\035\016\347J=\337"
 199      EEDC0F5D 
 199      79734766 
 199      B13B1D0E 
 199      E74A3DDF 
 200 0548 E92A70EB 		.ascii	"\351*p\353\357/\314\231\237\263\006S\332\235\256\334"
 200      EF2FCC99 
 200      9FB30653 
 200      DA9DAEDC 
 201 0558 259FBFE5 		.ascii	"%\237\277\345\310^\301\336\031G\235\273\246\200\264"
 201      C85EC1DE 
 201      19479DBB 
 201      A680B4
 202 0567 FAFC9C45 		.ascii	"\372\374\234E\013\026\351\363Q\254/Xi\377l\325\262\\"
 202      0B16E9F3 
 202      51AC2F58 
 202      69FF6CD5 
 202      B25C
 203 0579 DDEE70E7 		.ascii	"\335\356p\347\271\227,\267\333\321\232Xn^\\\263\302"
 203      B9972CB7 
 203      DBD19A58 
 203      6E5E5CB3 
 203      C2
 204 058a BDD68DF1 		.ascii	"\275\326\215\361\2119\213\026fQQX\356\234,\333\253L"
 204      89398B16 
 204      66515158 
 204      EE9C2CDB 
 204      AB4C
 205 059c 7131CD91 		.ascii	"q1\315\221\353p\272\326\262\377\000\034\255\374\324"
 205      EB70BAD6 
 205      B2FF001C 
 205      ADFCD4
 206              		.text
ARM GAS  C:\Users\kiekensk\AppData\Local\Temp\ccLl2S7W.s 			page 16


 207              		.section	.gnu.lto_.symbol_nodes.2e8089c0,"",%progbits
 208 0000 789C55CE 		.ascii	"x\234U\316\261\021\2030\024\003P}\331^\203Y`\262\357"
 208      B1118330 
 208      1403507D 
 208      D95E8359 
 208      60B2EF
 209 0013 8EBB54D4 		.ascii	"\216\273T\324\264\030\270\254\220\232\232\031(X#\271"
 209      B418B8AC 
 209      909A9A19 
 209      285823B9 
 210 0023 88A4C1BF 		.ascii	"\210\244\301\277\221\356\251\371\011\304\010\035':0"
 210      91EEA9F9 
 210      09C4081D 
 210      273A30
 211 0032 EC80E295 		.ascii	"\354\200\342\225;I\241[%\266\322\371\023 \347V\260\320"
 211      3B49A15B 
 211      25B6D2F9 
 211      1320E756 
 211      B0D0
 212 0044 4305333D 		.ascii	"C\0053=V\360\244\247;\004D\224\343cAm\353\337M\320\003"
 212      56F0A4A7 
 212      3B044494 
 212      E363416D 
 212      EBDF4DD0 
 213 0059 E5A1B4F4 		.ascii	"\345\241\264\364w-\347\345F\234r|\001\212\000'\265"
 213      772DE7E5 
 213      469C727C 
 213      018A0027 
 213      B5
 214              		.text
 215              		.section	.gnu.lto_.refs.2e8089c0,"",%progbits
 216 0000 789C6365 		.ascii	"x\234ce`b`d\000\002\000\000I\000\011"
 216      60626064 
 216      00020000 
 216      490009
 217              		.text
 218              		.section	.gnu.lto_.decls.2e8089c0,"",%progbits
 219 0000 789CB53A 		.ascii	"x\234\265:iTTg\226\365\275\357U\025\024U`\243\323c\247"
 219      69545467 
 219      96F5BDEF 
 219      55151455 
 219      60A3D363 
 220 0015 39D33969 		.ascii	"9\3239i{\232\3563AM2\351\244O\237>\311x\246;9\323\231"
 220      7B9AEE33 
 220      414D32E9 
 220      A44F9F3E 
 220      C978A63B 
 221 002c F4693B3D 		.ascii	"\364i;=\177\234\251C\212\212\320a\233\252\"\306\371"
 221      7F9CA943 
 221      8A8AD061 
 221      9BAA22C6 
 221      F9
 222 003d D385202A 		.ascii	"\323\205 * \270\201\254\202\010\310*n\270\001\212\250"
 222      20B881AC 
 222      8208C82A 
 222      6EB8018A 
 222      A8
ARM GAS  C:\Users\kiekensk\AppData\Local\Temp\ccLl2S7W.s 			page 17


 223 004e 880888FB 		.ascii	"\210\010\210\373\002\262\012(\"(\240l\002s\277\245\352"
 223      02B20A28 
 223      2228A06C 
 223      0273BFA5 
 223      EA
 224 005f BD2AAA8C 		.ascii	"\275*\252\2149g\246N\335\252w\277w\277\273\337\373}"
 224      3967A64E 
 224      DDAA77BF 
 224      77BFBBDF 
 224      FB7D
 225 0071 6F512A04 		.ascii	"oQ*\004E\343\012\205\342gj\205\342!R(\346\341\203\025"
 225      45E30A85 
 225      E2676A85 
 225      E2215228 
 225      E6E18315 
 226 0085 0A453900 		.ascii	"\012E9\000\371\367\003P\001|\256`\037r|\006\350:\001"
 226      F9F70350 
 226      017CAE60 
 226      1F727C06 
 226      E83A01
 227 0098 1E004C03 		.ascii	"\036\000L\003\000\013\205((\026|\376\006\014\336\200"
 227      000B8528 
 227      28167CFE 
 227      060CDE80 
 228 00a8 7F5F8025 		.ascii	"\177_\200%\000\026\240-\003\270\002\307\227\000j\001"
 228      0016A02D 
 228      03B802C7 
 228      97006A01 
 229 00b8 8E027C01 		.ascii	"\216\002|\0010\016\343\277\001P\012L\326<\034\327\300"
 229      300EE3BF 
 229      01500A4C 
 229      D63C1CD7 
 229      C0
 230 00c9 BF1A702D 		.ascii	"\277\032p-\200\016\300\033`\012\306\243\000~\211\230"
 230      800EC01B 
 230      600AC6A3 
 230      007E8998 
 231 00d9 6E3E02D3 		.ascii	"n>\002\323\251\027p0A1\012\377C\000\217\001\236\000"
 231      A9177030 
 231      41310AFF 
 231      43008F01 
 231      9E00
 232 00eb 3C051801 		.ascii	"<\005\030\001H\003\360\344\272\023}}\001\226\000\274"
 232      4803F0E4 
 232      BA137D7D 
 232      019600BC 
 233 00fb 21301B88 		.ascii	"!0\033\210-~p\374\017.\3548\003v\374\330\311\216v\344"
 233      2D7E70FC 
 233      0F2EEC38 
 233      0376FCD8 
 233      C98E76E4 
 234 010f DA06A23B 		.ascii	"\332\006\242;\261\343'\300\007\003\334\343\366~_[<e"
 234      B1E327C0 
 234      0703DCE3 
 234      F67E5F5B 
 234      3C65
 235 0121 B6DC7663 		.ascii	"\266\334vc\317\327\234\216\304B\374\016\233\210\331"
ARM GAS  C:\Users\kiekensk\AppData\Local\Temp\ccLl2S7W.s 			page 18


 235      CFD79C8E 
 235      C442FC0E 
 235      9B88D9
 236 0130 FE4EB6ED 		.ascii	"\376N\266\355\306\350\330\326\3635B\007jG\204d\021\035"
 236      C6E8D8D6 
 236      F3354207 
 236      6A478464 
 236      111D
 237 0142 4588FD22 		.ascii	"E\210\375\"\012\024\235\267}\020\242\3430*\320_FH\207"
 237      0A149DB7 
 237      7D10A2E3 
 237      302AD05F 
 237      464887
 238 0155 906D06C7 		.ascii	"\220m\006\307\005\216\012\234%\375\362\311H\306\221"
 238      058E0A9C 
 238      25FDF2C9 
 238      48C691
 239 0164 9D66926C 		.ascii	"\235f\222l\037\005#g\232((w6\033\011\222\000\204\344"
 239      1F052367 
 239      9A282877 
 239      361B0992 
 239      0084E4
 240 0177 13640C99 		.ascii	"\023d\014\231\332\374\274]?\205d\034\262Y\377,\275\251"
 240      DAFCBC5D 
 240      3F85641C 
 240      B259FF2C 
 240      BDA9
 241 0189 5FD389EE 		.ascii	"_\323\211\356\223\321\334\217\020\035\313\231(\232Q"
 241      93D1DC8F 
 241      101DCB99 
 241      289A51
 242 0198 630191E3 		.ascii	"c\001\221\343\316\251\242\337\005\224Y\331\307#@r\333"
 242      CEA9A2DF 
 242      059459D9 
 242      C7234072 
 242      DB
 243 01a9 81B29983 		.ascii	"\201\262\231\203\032\342r\364\205\026})\222\241\253"
 243      1AE272F4 
 243      85167D29 
 243      92A1AB
 244 01b8 B107B370 		.ascii	"\261\007\263p\022F\276\032$\022\326\315\031\275\336"
 244      1246BE1A 
 244      2412D6CD 
 244      19BDDE
 245 01c7 802ED1A0 		.ascii	"\200.\321\2407]O\2700?Q\353\303&\010\200^{\332\224\355"
 245      375D4FB8 
 245      303F51EB 
 245      C3260880 
 245      5E7BDA94 
 246 01dc C5262C02 		.ascii	"\305&,\002t\350HS\001^\232J%\307X\027\011\350/?D\007"
 246      74E84853 
 246      015E9A4A 
 246      25C75817 
 246      09E82F3F 
 247 01f2 911FAA40 		.ascii	"\221\037\252@\220)\350\020Z\012\277\007\220\310\324"
 247      9029E810 
 247      5A0ABF07 
ARM GAS  C:\Users\kiekensk\AppData\Local\Temp\ccLl2S7W.s 			page 19


 247      90C8D4
 248 0201 395AD194 		.ascii	"9Z\321\224\255\321\306[\255\033\254\333b\254\236\237"
 248      ADD1C65B 
 248      AD1BACDB 
 248      62AC9E9F 
 249 0211 90F3A81C 		.ascii	"\220\363\250\034\250\313(\365a\244E%(\200\321V\324\345"
 249      A8CB28F5 
 249      61A44525 
 249      2880D156 
 249      D4E5
 250 0223 0F79E09F 		.ascii	"\017y\340\237\020\373\204s\255\215W\274\220\326\337"
 250      10FB8473 
 250      AD8D57BC 
 250      90D6DF
 251 0232 CD4C5489 		.ascii	"\315LT\211\374e\223\013\211.\265\363\261?.\262Z\027"
 251      FC65930B 
 251      892EB5F3 
 251      B13F2EB2 
 251      5A17
 252 0244 A1A3307E 		.ascii	"\241\2430~\004a~\216\220q\376c\331c\"\265\224P\224\""
 252      04617E8E 
 252      9071FE63 
 252      D96322B5 
 252      94509422 
 253 0258 6AEBFD86 		.ascii	"j\353\375\206\342R\342\234\237k\020\211\221\017\241"
 253      E252E29C 
 253      9F6B1089 
 253      910FA1
 254 0267 1B3A39A5 		.ascii	"\033:9\245cC\204\342Z\362h\276\032\377\033U+\275\361"
 254      634384E2 
 254      5AF268BE 
 254      1AFF1B55 
 254      2BBDF1
 255 027a 769D88FC 		.ascii	"v\235\210\3745L\340D\306o\323G\255\3267Q\025\322\240"
 255      354CE044 
 255      C66FD347 
 255      ADD63751 
 255      15D2A0
 256 028d 9392C49F 		.ascii	"\223\222\304\237k\340w\263]s\205\244\366)P\033\330\022"
 256      6BE077B3 
 256      5D7385A4 
 256      F629501B 
 256      D812
 257 029f 3A740206 		.ascii	":t\002\006\217\303 \210(\316\337\236\247\302'\020\225"
 257      8FC32088 
 257      28CEDF9E 
 257      A7C22710 
 257      95
 258 02b0 517FBAED 		.ascii	"Q\177\272\355\216\2104\376.\031\234v\301\200)s\345\304"
 258      8E8834FE 
 258      2E199C76 
 258      C1802973 
 258      E5C4
 259 02c2 5BF51BAD 		.ascii	"[\365\033\255V\001\325\2002\325\2222\240\0333\337\272"
 259      5601D580 
 259      32D59232 
 259      A01B33DF 
ARM GAS  C:\Users\kiekensk\AppData\Local\Temp\ccLl2S7W.s 			page 20


 259      BA
 260 02d3 6B264787 		.ascii	"k&G\207\323h\376\010\326\276\013}\202;!g\335\012\271"
 260      D368FE08 
 260      D6BE0B7D 
 260      823B2167 
 260      DD0AB9
 261 02e6 D8F466DA 		.ascii	"\330\364f\3324\261\270\026\204\234\221\204\324\330\204"
 261      34B1B816 
 261      849C9184 
 261      D4D884
 262 02f5 D49EB998 		.ascii	"\324\236\271\230\250\245>&\024\307\230\217oN\326Lk\361"
 262      A8A53E26 
 262      14C7988F 
 262      6F4ED64C 
 262      6BF1
 263 0307 5D2A59EC 		.ascii	"]*Y\354\3327\372X\205\374\375\020\322\000\024\332RX"
 263      DA37FA58 
 263      85FCFD10 
 263      D20014DA 
 263      5258
 264 0319 81EA61C2 		.ascii	"\201\352a\3029\204m- \303\012\272=\375\033\031f\276"
 264      39846D2D 
 264      20C30ABA 
 264      3DFD1B19 
 264      66BE
 265 032b 7C9A67C5 		.ascii	"|\232g\305K\025\350]?\264\002t<\017:\222S\012t\0214"
 265      4B15E85D 
 265      3FB40274 
 265      3C0F3A92 
 265      530A7411 
 266 0340 BC001A66 		.ascii	"\274\000\032fX=\350\010\010\334\326\2747\323S\303gm"
 266      583DE808 
 266      08DCD6BC 
 266      37D353C3 
 266      676D
 267 0352 7EE52CA0 		.ascii	"~\345,\240~:\326~C\220\347h\003h\"\345\350%\232?\204"
 267      7E3AD67E 
 267      4390E768 
 267      036822E5 
 267      E8259A3F 
 268 0367 B03BBEE7 		.ascii	"\260;\276\347\221\222\032\007c\250\3161\201>_\230@\237"
 268      91921A07 
 268      63A8CE31 
 268      813E5F98 
 268      409F
 269 0379 B304CA9F 		.ascii	"\263\004\312\237\0329\256\305\035\314\361Wk\236t{\330"
 269      1A39AEC5 
 269      1DCCF157 
 269      6B9E747B 
 269      D8
 270 038a 3368A4FD 		.ascii	"3h\244\375\255\252\016\342\317+ \262Y\362\347\347n3"
 270      ADAA0EE2 
 270      CF2B20B2 
 270      59F2E7E7 
 270      6E33
 271 039c A8052CF8 		.ascii	"\250\005,\370\234\307\246\011\006/3\033.\036\212\271"
 271      9CC7A609 
ARM GAS  C:\Users\kiekensk\AppData\Local\Temp\ccLl2S7W.s 			page 21


 271      062F331B 
 271      2E1E8AB9 
 272 03ac C2AA9870 		.ascii	"\302\252\230pjd\252eT\2157*Y\035{\310\352\330\227\325"
 272      6A64AA65 
 272      548D372A 
 272      591D7BC8 
 272      EAD897D5 
 273 03c0 F1B1FE4B 		.ascii	"\361\261\376K\365\032V\326V\004\370\361\341\322\343"
 273      F51A56D6 
 273      5604F8F1 
 273      E1D2E3
 274 03cf 3A86D792 		.ascii	":\206\327\222\331'\307\254Gu\370\002\2466\234\037\357"
 274      D927C7AC 
 274      4775F802 
 274      A6369C1F 
 274      EF
 275 03e0 2CD4E226 		.ascii	",\324\342&\206\214v\024\225x\342\253\014\331\326>U\355"
 275      868C7614 
 275      9578E2AB 
 275      0CD9D63E 
 275      55ED
 276 03f2 856F33A4 		.ascii	"\205o3\244 \356\346\2007ngHY]z\243\027~\310\220\274"
 276      20EEE680 
 276      376E6748 
 276      595D7AA3 
 276      177EC890 
 277 0407 E89B9775 		.ascii	"\350\233\227u\370\011C:g:*1\036eH\311\334x\243\017\236"
 277      F809433A 
 277      673A2A31 
 277      1E6548C9 
 277      DC78A30F 
 278 041c 6048DB9E 		.ascii	"`H\333\236\372GZ\274Q\244\310\236\272\221h\255\335("
 278      FA475ABC 
 278      51A4C89E 
 278      BA9168AD 
 278      DD28
 279 042e D69B52AF 		.ascii	"\326\233R\257Go\306t\014\274\320\311\354\354\312\355"
 279      476FC674 
 279      0CBCD0C9 
 279      ECECCAED 
 280 043e E916EC74 		.ascii	"\351\026\354t]l\360d\312\363voy\233\202\366&\265\251"
 280      5D6CF064 
 280      CAF3766F 
 280      799B82F6 
 280      26B5A9
 281 0451 1EDAA6BA 		.ascii	"\036\332\246\272mm\252\250/6K'O\201\036\2076\325+oS"
 281      6D6DAAA8 
 281      2F364B27 
 281      4F811E87 
 281      36D52B6F 
 282 0466 A7674A9B 		.ascii	"\247gJ\233\005\234DU\024\212\022\333R1\362\327\262p"
 282      059C4455 
 282      148A12DB 
 282      5231F2D7 
 282      B270
 283 0478 0E24E0A2 		.ascii	"\016$\340\242}\300ED\3750\343\201\024\317^\232Cn\370"
 283      7DC04544 
ARM GAS  C:\Users\kiekensk\AppData\Local\Temp\ccLl2S7W.s 			page 22


 283      FD30E381 
 283      14CF5E9A 
 283      436EF8
 284 048b A33E88A9 		.ascii	"\243>\210\251\203\210]\251wJ|p#\363\302\211\232'\357"
 284      83885DA9 
 284      774A7C70 
 284      23F3C289 
 284      9A27EF
 285 049e B0A8F901 		.ascii	"\260\250\371\001v\352\376\263Z\336\214\273H\324\212"
 285      76EAFEB3 
 285      5ADE8CBB 
 285      48D48A
 286 04ad 2A0EDCF6 		.ascii	"*\016\334\366\302\267\030i\351Dl\245\017\276\307\020"
 286      C2B71869 
 286      E9446CA5 
 286      0FBEC710 
 287 04bd 5B3C7D79 		.ascii	"[<}y<\213\372\263\222\264\014\377\000\320\033\255\035"
 287      3C8BFAB3 
 287      92B40CFF 
 287      00D01BAD 
 287      1D
 288 04ce 05187731 		.ascii	"\005\030w1\332\366#[\317y\340G\014\251:^]\317\323f\005"
 288      DAF6235B 
 288      CF79E047 
 288      0CA93A5E 
 288      5DCFD366 
 289 04e3 A0310FB2 		.ascii	"\2401\017\262\273\275\3613v\256>96Q\203\247\231\361"
 289      BBBDF133 
 289      76AE3E39 
 289      365183A7 
 289      99F1
 290 04f5 A55B370F 		.ascii	"\245[7\017\271\355T\343\257h\"\377\304\232\310\030D"
 290      B9ED54E3 
 290      AF6822FF 
 290      C49AC818 
 290      44
 291 0506 6BD44513 		.ascii	"k\324E\023\311\034\273\377\310\223)\340O\272\343\251"
 291      C91CBBFF 
 291      C89329E0 
 291      4FBAE3A9 
 292 0516 B102158E 		.ascii	"\261\002\025\216S\262D\354\275\336\240\304\311\014\311"
 292      53B244EC 
 292      BDDEA0C4 
 292      C90CC9
 293 0525 ADEB7E1B 		.ascii	"\255\353~\033\347\262\343S)\325O<p\001Cz\346\347\376"
 293      E7B2E353 
 293      29D54F3C 
 293      7001437A 
 293      E6E7FE
 294 0538 8A2BD9F1 		.ascii	"\212+\331\361\226\262-\365\336\270\206!yg\252\206\324"
 294      96B22DF5 
 294      DEB88621 
 294      7967AA86 
 294      D4
 295 0549 B89921B6 		.ascii	"\270\231!\266\225\320\227\255\204E\203\235/1ng\347\272"
 295      95D097AD 
 295      8445839D 
ARM GAS  C:\Users\kiekensk\AppData\Local\Temp\ccLl2S7W.s 			page 23


 295      2F316E67 
 295      E7BA
 296 055b DB2F1EF4 		.ascii	"\333/\036\364\306\035\014\251\232\310\254\362\301}\014"
 296      C61D0CA9 
 296      9AC8ACF2 
 296      C17D0C
 297 056a 69EE9D1F 		.ascii	"i\356\235\037\325\340!\206\034\317\230\253\025\361\030"
 297      D5E02186 
 297      1CCF98AB 
 297      15F118
 298 0579 43366E2D 		.ascii	"C6n-\337M*J\305Z\201\032\206\036<\235>&\262!b\373\267"
 298      DF4D2A4A 
 298      C55A811A 
 298      861E3C9D 
 298      3E26B221 
 299 0590 30949DDE 		.ascii	"0\224\235\336~\310\033O\320)\302P\367\226x\017\331\202"
 299      7EC81B4F 
 299      D029C250 
 299      F796780F 
 299      D982
 300 05a2 F27EFA53 		.ascii	"\362~\372S\342\231M\202\006m\024\354\236Q\361v`]\340"
 300      E2994D82 
 300      066D14EC 
 300      9E51F176 
 300      605DE0
 301 05b5 E538C19F 		.ascii	"\3458\301\237\360\246^\216\025\374P\214@\333\301\350"
 301      F0A65E8E 
 301      15FC508C 
 301      40DBC1E8 
 302 05c5 D4D3A322 		.ascii	"\324\323\243\"\216VQ\031\361\335\243\263>,L\013\031"
 302      8E565119 
 302      F1DDA3B3 
 302      3E2C4C0B 
 302      19
 303 05d6 C4BB6060 		.ascii	"\304\273``[P\336\251\244\013\312\026Pf\263\244\014\350"
 303      5B50DEA9 
 303      A40BCA16 
 303      5066B3A4 
 303      0CE8
 304 05e8 C6DBA175 		.ascii	"\306\333\241u&]\213\2670!U\345\3736k\354\206\\lz\217"
 304      265D8BB7 
 304      302155E5 
 304      FB366BEC 
 304      865C6C7A 
 305 05fd 85782BCC 		.ascii	"\205x+\314M\220\346n\021\334Z\222\350\332\222\351\235"
 305      4D90E66E 
 305      11DC5A92 
 305      E8DA92E9 
 305      9D
 306 060e 272BBD70 		.ascii	"'+\275p2\025\202\022R\236\024z\343\024\206\314<\334"
 306      32158212 
 306      529E147A 
 306      E31486CC 
 306      3CDC
 307 0620 7517B1E8 		.ascii	"u\027\261\350i\001\335Puw\273\017/\014\272lOo\236\023"
 307      6901DD50 
 307      7577BB0F 
ARM GAS  C:\Users\kiekensk\AppData\Local\Temp\ccLl2S7W.s 			page 24


 307      2F0CBA6C 
 307      4F6F9E13 
 308 0634 711EA3BD 		.ascii	"q\036\243\275\235x\275M\205K\230\252S\203\015\345^v"
 308      9D78BD4D 
 308      854B98AA 
 308      53830DE5 
 308      5E76
 309 0646 551B97C2 		.ascii	"U\033\227\302\352\203R@\317\235\257\245\347.\327z\326"
 309      EA835240 
 309      CF9DAFA5 
 309      E72ED77A 
 309      D6
 310 0657 5FC91DF3 		.ascii	"_\311\035\363\300\007\231\270\223\333w@.\036cHGZB\225"
 310      C00799B8 
 310      93DB7740 
 310      2E1E6348 
 310      475A4295 
 311 066b 17BEC490 		.ascii	"\027\276\304\220\323\311\243'<q+C6M\366\034\364\301"
 311      D3C9A327 
 311      3C712B43 
 311      364DF61C 
 311      F4C1
 312 067d 77193218 		.ascii	"w\0312\030S\333-\342.\206Tl|P\354\001\306\370A&!\331"
 312      53DB2DE2 
 312      2E86546C 
 312      7C50EC01 
 312      C6F84126 
 313 0693 8AE2C756 		.ascii	"\212\342\307V\224\243\265c\345\"\356c\346\034;\372 "
 313      94A3B563 
 313      E522EE63 
 313      E61C3BFA 
 313      20
 314 06a4 43234BA1 		.ascii	"C#K\241\200\215\233H\324r\301\242=\222E~\366\025\305"
 314      808D9B48 
 314      D472C1A2 
 314      3D92457E 
 314      F615C5
 315 06b7 711DCD01 		.ascii	"q\035\315\001s\374\2709\331`N\0263\2478\247\350\274"
 315      73FCB839 
 315      D9604E16 
 315      33A738A7 
 315      E8BC
 316 06c9 0E8F3009 		.ascii	"\016\2170\011\351)g\217z\333%\300F\343\010\315\213}"
 316      E929678F 
 316      7ADB25C0 
 316      46E308CD 
 316      8B7D
 317 06db 2061AF24 		.ascii	" a\257$!Wp#\"\317\265\210\015;\257\227y\342\011&\242"
 317      21577023 
 317      22CFB588 
 317      0D3BAF97 
 317      79E20926 
 318 06f0 BBF6DC0E 		.ascii	"\273\366\334\016,K\237\017nS#\012AD\276$b\237;\021\005"
 318      2C4B9F0F 
 318      6E53230A 
 318      4144BE24 
 318      629F3B11 
ARM GAS  C:\Users\kiekensk\AppData\Local\Temp\ccLl2S7W.s 			page 25


 319 0705 AE45A464 		.ascii	"\256E\244d\364/\305\363<w\022\347*0\336\250\246\342"
 319      F42FC5F3 
 319      3C7712E7 
 319      2A30DEA8 
 319      A6E2
 320 0717 B24F4F27 		.ascii	"\262OO'K\026\365\250?B% \251\3505$\025\273\226t?{dL"
 320      4B16F5A8 
 320      3F422520 
 320      A9E83524 
 320      15BB9674 
 321 072f C45BD56C 		.ascii	"\304[\325l\301?WqU\215w2Q\275\217\016O\352\354\242\006"
 321      C13F5771 
 321      558D7732 
 321      51BD8F0E 
 321      4FEAECA2 
 322 0744 41D40110 		.ascii	"A\324\001\020U\366\032\242\312]\213\032\216\355\353"
 322      55F61AA2 
 322      CA5D8B1A 
 322      8EEDEB
 323 0753 E2CBF852 		.ascii	"\342\313\370RR \273\322\336\305YL\360\223\202\226\303"
 323      5220BBD2 
 323      DEC5594C 
 323      F0938296 
 323      C3
 324 0764 A471FA6B 		.ascii	"\244q\372k\320\337dY\343\317\262&k{\317nO\274\217\251"
 324      D0DF6459 
 324      E3CFB226 
 324      6B7BCF6E 
 324      4FBC8FA9 
 325 0778 B567E84E 		.ascii	"\265g\350N\214N\2265\377\230Mw\262\225\240\333\021I"
 325      8C4E9635 
 325      FF984D77 
 325      B295A0DB 
 325      1149
 326 078a 377FBB6A 		.ascii	"7\177\273j\2711\326\037D\257T\240\033P\007WI\035\034"
 326      B931D61F 
 326      44AF54A0 
 326      1B500757 
 326      491D1C
 327 079d 05EDFCB9 		.ascii	"\005\355\374\271v\207A\273CL\273M\261E\311^\370\000"
 327      768741BB 
 327      434CBB4D 
 327      B145C95E 
 327      F800
 328 07af 1372A12D 		.ascii	"\023r\241-\356\033Y\336\274s\221\346\315\011\220qL\222"
 328      EE1B59DE 
 328      BC7391E6 
 328      CD099071 
 328      4C92
 329 07c1 5129B817 		.ascii	"Q)\270\027r\334\265\220\216\212\266\363\">\316"
 329      72DCB590 
 329      8E8AB6F3 
 329      223ECE
 330 07d0 845CDB1D 		.ascii	"\204\\\333\0357\242\264K\271=\211\357\237\243Kp\025"
 330      37A2B44B 
 330      B93D89EF 
 330      9FA34B70 
ARM GAS  C:\Users\kiekensk\AppData\Local\Temp\ccLl2S7W.s 			page 26


 330      15
 331 07e1 88392989 		.ascii	"\2109)\2119\361\0121\247\\\213)\032yt\311[\276+ ,\245"
 331      39F10A31 
 331      A75C8B29 
 331      1A7974C9 
 331      5BBE2B20 
 332 07f7 5D41B560 		.ascii	"]A\265`\333\030n\3509v\013\341!\026\204\263\3151\305"
 332      DB186EE8 
 332      39760BE1 
 332      211684B3 
 332      CD31C5
 333 080a 5EF81943 		.ascii	"^\370\031Czf\367>P\343\011\206L\246]\312\327\341Y\206"
 333      7A66F73E 
 333      50E30986 
 333      4CA65DCA 
 333      D7E15986 
 334 081e EC286BBD 		.ascii	"\354(k\275\255\302\321\036\254G\034\230\253V\341X\206"
 334      ADC2D11E 
 334      AC471C98 
 334      AB56E158 
 334      86
 335 082f E4B43F2B 		.ascii	"\344\264?+W\343M\024\021\316\336\334[\254s\274\020\202"
 335      57E34D14 
 335      11CEDEDC 
 335      5BAC73BC 
 335      1082
 336 0841 EB2D7B37 		.ascii	"\353-{7\272\000\232\177\341x\0314\234\365\017\321V+"
 336      BA009A7F 
 336      E1781934 
 336      9CF50FD1 
 336      562B
 337 0853 42E7052D 		.ascii	"B\347\005-:'\331\377\005\277\012\352\332P\177\335\003"
 337      3A27D9FF 
 337      05BF0AEA 
 337      DA507FDD 
 337      03
 338 0864 6F63A29E 		.ascii	"oc\242\236\015\337x\251\303\273\030b\235:}O\205\323"
 338      0DDF78A9 
 338      C3BB1862 
 338      9D3A7D4F 
 338      85D3
 339 0876 18D29632 		.ascii	"\030\322\2262\331\345\2113\031\322p3\341\214\210\367"
 339      D9E58933 
 339      19D27033 
 339      E18C88F7 
 340 0886 3064FFE5 		.ascii	"0d\377\345.\253\022\357eHu\374\345\227\0368\237!\031"
 340      2EAB12EF 
 340      654875FC 
 340      E5971E38 
 340      9F2119
 341 0899 A7366DD0 		.ascii	"\2476m\320\340\375\014)\235\037K\326\342\022\206LV_"
 341      E0FD0C29 
 341      9D1F4BD6 
 341      E212864C 
 341      565F
 342 08ab CD1358CE 		.ascii	"\315\023X\316.#[\276\332\204\006\314zu.\\az\245\344"
 342      2E235BBE 
ARM GAS  C:\Users\kiekensk\AppData\Local\Temp\ccLl2S7W.s 			page 27


 342      DA8406CC 
 342      7A752E5C 
 342      617AA5E4 
 343 08bf 559EF746 		.ascii	"U\236\367F\313\330g\3612\377ey\304\332\332\211$\345"
 343      CBD867F1 
 343      32FF6579 
 343      C4DADA89 
 343      24E5
 344 08d1 A3D2C644 		.ascii	"\243\322\306Dkn\035\263\246\001\254\271#,\226\254\277"
 344      6B6E1DB3 
 344      A601ACB9 
 344      232C96AC 
 344      BF
 345 08e2 46E3504E 		.ascii	"F\343PN~\025l\312\265\377J\267\326\306bJ~\321\231\274"
 345      7E156CCA 
 345      B5FF4AB7 
 345      D6C6624A 
 345      7ED199BC 
 346 08f6 4220E42B 		.ascii	"B \344+%\352:\031\365%\327\314e\324=2\352:g\352\331"
 346      25EA3A19 
 346      F525D7CC 
 346      65D43D32 
 346      EA3A67EA 
 347 090b 05D4FF29 		.ascii	"\005\324\377)Q7;S/w\"\036\224\0217\271$\226\0339-\243"
 347      51373B53 
 347      2F77221E 
 347      941137B9 
 347      24961B39 
 348 0921 6E74A6BE 		.ascii	"nt\246\276*\363\311v\272\200Y\255\037\211\012\324\012"
 348      2AF3C976 
 348      BA8059AD 
 348      1F890AD4 
 348      0A
 349 0932 797D4520 		.ascii	"y}E W\020|\006\344\005\272\007\351sSX\206n\001\334\005"
 349      57107C06 
 349      E405BA07 
 349      E9735358 
 349      866E01DC 
 350 0947 B80D701D 		.ascii	"\270\015p\035\340*\3005\2006\200\033\3022zA\306d\217"
 350      E02AC035 
 350      8036801B 
 350      C2327A41 
 350      C6648F
 351 095a CA645F76 		.ascii	"\312d_v-\233\332\305r\261\245m\021\315E\240R\360D\224"
 351      2D9BDAC5 
 351      72B1A56D 
 351      11CD45A0 
 351      52F04494 
 352 096e 587574F8 		.ascii	"Xut\370\356\210\2616\254\240\274\352]\007\213\331\001"
 352      EE88B136 
 352      ACA0BCEA 
 352      5D078BD9 
 352      01
 353 097f 29B3B371 		.ascii	")\263\263qg\222(\257E9\261\002\265\333k\261\243:oB\207"
 353      679228AF 
 353      4539B102 
 353      B5DB6BB1 
ARM GAS  C:\Users\kiekensk\AppData\Local\Temp\ccLl2S7W.s 			page 28


 353      A33A6F42 
 354 0994 1FD0BCC3 		.ascii	"\037\320\274\303WF\262\252\265h\331b\177&\021\232CF"
 354      5746B2AA 
 354      B568D962 
 354      7F26119A 
 354      4346
 355 09a6 DF659650 		.ascii	"\337e\226P0\003\235\005\241\235\256\343\262\235\257"
 355      30039D05 
 355      A19DAEE3 
 355      B29DAF
 356 09b5 FDC475F6 		.ascii	"\375\304u\366\323\3679=q]\027\270\256\203\273\206\033"
 356      D3F7393D 
 356      715D17B8 
 356      AE83BB86 
 356      1B
 357 09c6 5BCC8CED 		.ascii	"[\314\214\355t4\226\324\302\206\201'\030?c\265\360\270"
 357      743496D4 
 357      C2868127 
 357      183F63B5 
 357      F0B8
 358 09d8 BFF49680 		.ascii	"\277\364\226\200_0$\253\263\256\203ou\317\023\374X\347"
 358      5F3024AB 
 358      B3AE836F 
 358      75CF13FC 
 358      58E7
 359 09ea AE2D5A5E 		.ascii	"\256-Z^\031\344f\315\300\213\027\267T\330\352I\211\217"
 359      19E466CD 
 359      C08B17B7 
 359      54D8EA49 
 359      898F
 360 09fc CC17C761 		.ascii	"\314\027\307a\034\307\220\227\005W\356x\340d\206\234"
 360      1CC79097 
 360      0557EE78 
 360      E064869C 
 361 0a0c 9DBD9BA5 		.ascii	"\235\275\233\245\301i\024\371Mw\374\376\014\025\030"
 361      C16914F9 
 361      4D77FCFE 
 361      0C1518
 362 0a1b 0DB5A45D 		.ascii	"\015\265\244]\314\277\200A]\371\223?\370]\302NA\241"
 362      CCBF8041 
 362      5DF9933F 
 362      F85DC24E 
 362      41A1
 363 0a2d 2DD36AE1 		.ascii	"-\323j\341\207\034\360\017\234\365\347\336\272X\246"
 363      871CF00F 
 363      9CF5E7DE 
 363      BA58A6
 364 0a3c 6CBAD0C2 		.ascii	"l\272\320\302\274\005\275\016\035\004\353\007\335\205"
 364      BC05BD0E 
 364      1D04EB07 
 364      DD85
 365 0a4a 489E6A0F 		.ascii	"H\236j\017 \325zI\252\365\360\031\304_\271\330\037\345"
 365      20D57A49 
 365      AAF5F019 
 365      C45FB9D8 
 365      1FE5
 366 0a5c E065680F 		.ascii	"\340eh\017@6@\026@&@\006\300#H\263t\370O\003\330\015"
ARM GAS  C:\Users\kiekensk\AppData\Local\Temp\ccLl2S7W.s 			page 29


 366      40364016 
 366      40264006 
 366      C02348B3 
 366      74F84F03 
 367 0a72 100B3007 		.ascii	"\020\0130\007c\023\000/\000\236\000\014\001<vL\305?"
 367      6313002F 
 367      009E000C 
 367      013C764C 
 367      C53F
 368 0a84 B05484FE 		.ascii	"\260T\204\376\327\347\254\332\220s9\316]\366\335I\223"
 368      D7E7ACDA 
 368      907339CE 
 368      5DF6DD49 
 368      93
 369 0a95 8DDC9718 		.ascii	"\215\334\227\030FN\344O\0264\222\216\313K\030\3750X"
 369      464EE44F 
 369      1634928E 
 369      CB4B18FD 
 369      3058
 370 0aa7 3EE29A9E 		.ascii	">\342\232\236\262\227\245\344\210CJ\016\263\224\224"
 370      B297A5E4 
 370      88434A0E 
 370      B39494
 371 0ab6 3BE63A9C 		.ascii	";\346:\234$m\005\015\200\276#\3341\373\3001y`\360\030"
 371      246D050D 
 371      80BE23DC 
 371      31FBC031 
 371      7960F018 
 372 0aca 18F8D4C1 		.ascii	"\030\370\324\301\300\313'\224s\207\255V\330a?\003%\356"
 372      C0CB2794 
 372      7387AD56 
 372      D8613F03 
 372      25EE
 373 0adc 20EC20C1 		.ascii	" \354 \301\241\322eZ\214:h\361\354\025Z\344\203\344"
 373      A1D2655A 
 373      8C3A68F1 
 373      EC155AE4 
 373      83E4
 374 0aee EFD6A267 		.ascii	"\357\326\242g7\266\346/E\343\240\302c\327*8\373\341"
 374      37B6E62F 
 374      45E3A0C2 
 374      63D72A38 
 374      FBE1
 375 0b00 B9830664 		.ascii	"\271\203\006d\"\253\006\2279\262\027\004\377\377\345"
 375      22AB0697 
 375      39B21704 
 375      FFFFE5
 376 0b0f 08E47059 		.ascii	"\010\344pY1\317ar\271\371\3149\222O\035#\017e<\372i"
 376      31CF6172 
 376      B9F9CC39 
 376      924F1D23 
 376      0F653CFA 
 377 0b24 344DAB49 		.ascii	"4M\253I {\301\311\355;\205\347n\272\253\235`\026\332"
 377      207BC1C9 
 377      ED3B85E7 
 377      6EBAAB9D 
 377      6016DA
ARM GAS  C:\Users\kiekensk\AppData\Local\Temp\ccLl2S7W.s 			page 30


 378 0b37 C23437E7 		.ascii	"\30247\347%\034\317\200JS\016*\015\027\361\314\"\216"
 378      251CCF80 
 378      4A530E2A 
 378      0D17F1CC 
 378      228E
 379 0b49 990401D3 		.ascii	"\231\004\001\323n\232\275K\376\023|\202{\376=\376\254"
 379      6E9ABD4B 
 379      FE137C82 
 379      7BFE3DFE 
 379      AC
 380 0b5a 2CC679CE 		.ascii	",\306y\316,d/k\320\035E\254gM;\366,\276c\253Vn\335\267"
 380      2C642F6B 
 380      D01D45AC 
 380      674D3BF6 
 380      2CBE63AB 
 381 0b72 83ECA588 		.ascii	"\203\354\245\210/\246\244+uBms\027x8\315\346\341y \233"
 381      2FA6A42B 
 381      75426D73 
 381      177838CD 
 381      E6E17920 
 382 0b87 76F6F073 		.ascii	"v\366\360s\364\352\246\032\003A\217\306\314\242\015"
 382      F4EAA61A 
 382      03418FC6 
 382      CCA20D
 383 0b96 706CC50E 		.ascii	"pl\305\016\336\312\221y\213\230CH_\267_\317pzg\326\314"
 383      DECA9179 
 383      8B984348 
 383      5FB75FCF 
 383      707A67D6 
 384 0bab BCFE1C66 		.ascii	"\274\376\034f;P\270\264}n[4\354\210\211M/%\323\011\261"
 384      3B50B8B4 
 384      7D6E5B34 
 384      EC88894D 
 384      2F25D309 
 385 0bc0 CCF4049B 		.ascii	"\314\364\004\233\351\033\361\0224\347l\372\254,[v\270"
 385      E91BF112 
 385      34E76CFA 
 385      AC2C5B76 
 385      B8
 386 0bd1 505041A7 		.ascii	"PPA\247\021\355RA\273\024\310\350]\000;\001\222\001"
 386      11ED5241 
 386      BB14C8E8 
 386      5D003B01 
 386      9201
 387 0be3 92003603 		.ascii	"\222\0006\003l\002\210spJ\343',\304$\243\347A(\341\342"
 387      6C028873 
 387      704AE327 
 387      2CC424A3 
 387      E74128E1 
 388 0bf8 766FD172 		.ascii	"vo\321rF\326\311\254\302wP\327\375\226\261\336\202\265"
 388      46D6C9AC 
 388      C27750D7 
 388      FD96B1DE 
 388      82B5
 389 0c0a 28DA3DB1 		.ascii	"(\332=\261\254\332\343\261\274\332a\236s\277\331\016"
 389      ACDAE3B1 
 389      BCDA619E 
ARM GAS  C:\Users\kiekensk\AppData\Local\Temp\ccLl2S7W.s 			page 31


 389      73BFD90E 
 390 0c1a A5BE8D94 		.ascii	"\245\276\215\224z2\360\213\347\341\330\012\006'\202"
 390      7A32F08B 
 390      E7E1D80A 
 390      062782
 391 0c29 61099261 		.ascii	"a\011\222a\344:\244A92\372\300j\335\241\245w\0166\360"
 391      E43AA441 
 391      3932FAC0 
 391      6ADDA1A5 
 391      770E36F0 
 392 0c3d 09AEFA0D 		.ascii	"\011\256\372\015\2330\370C\322\233Hz&qZ{\2458\247z\177"
 392      9B30F843 
 392      D29B487A 
 392      26715A7B 
 392      A538A77A 
 393 0c52 9C925CE9 		.ascii	"\234\222\\\351\307c\347\255\010\213\344\225\375<\222"
 393      C763E7AD 
 393      088BE495 
 393      FD3C92
 394 0c61 E456C08E 		.ascii	"\344V\300\216\357r\323\255j\356\324m\340\247\324\327"
 394      EF72D3AD 
 394      6AEED46D 
 394      E0A7D4D7 
 395 0c71 F2D376A0 		.ascii	"\362\323v\240\224\374\264\215\371\311M\327D;\300=R\343"
 395      94FCB48D 
 395      F9C94DD7 
 395      443BC03D 
 395      52E3
 396 0c83 B4A7E4D4 		.ascii	"\264\247\344\324\035r\221F8\355\226v\366\343\264\305"
 396      1D729146 
 396      38ED9676 
 396      F6E3B4C5 
 397 0c93 DBFB5DD5 		.ascii	"\333\373]\325En\010\254\213i\257\264\2038\345\024_\026"
 397      456E08AC 
 397      8B69AFB4 
 397      8338E514 
 397      5F16
 398 0ca5 89D5E9DF 		.ascii	"\211\325\351\337E=\370!K\016B\234\341\236\230\251\373"
 398      453DF821 
 398      4B0E429C 
 398      E19E98A9 
 398      FB
 399 0cb6 E2848AF8 		.ascii	"\342\204\212\370\033h\026n\375n\035\360\035\333`M[A"
 399      1B68166E 
 399      FD6E1DF0 
 399      1DDB604D 
 399      5B41
 400 0cc8 2FF033F9 		.ascii	"/\3603\371\342\315/{Y\321\034\224\255\305\203o\357\266"
 400      E2CD2F7B 
 400      59D11C94 
 400      ADC5836F 
 400      EFB6
 401 0cda D646637A 		.ascii	"\326Fcz\215\276\337\025\361\273\022m#\247%\027\331\245"
 401      8DBEDF15 
 401      F1BB126D 
 401      23A72517 
 401      D9A5
ARM GAS  C:\Users\kiekensk\AppData\Local\Temp\ccLl2S7W.s 			page 32


 402 0cec AE686541 		.ascii	"\256heA\354(\345A$\267\363k\\\357n\344;\372_J\215\365"
 402      EC28E541 
 402      24B7F36B 
 402      5CEF6EE4 
 402      3BFA5F4A 
 403 0d02 B433F5C2 		.ascii	"\2643\365\302K\221{2\3623\256\311e\256m)\341\201 \373"
 403      4B917B32 
 403      F233AEC9 
 403      65AE6D29 
 403      E18120FB 
 404 0d16 CB5A67F2 		.ascii	"\313Zg\362\253\013\270\327q\356d;\323\355\232\\\306"
 404      AB0BB8D7 
 404      71EE643B 
 404      D3ED9A5C 
 404      C6
 405 0d27 7DFA17D2 		.ascii	"}\372\027\322\232\226$8\255i\013\002\307\367\261\203"
 405      9A962438 
 405      AD690B02 
 405      C7F7B183 
 406 0d37 6ED684A1 		.ascii	"n\326\204\241q\222\204$]\373\245$\034\224-\011WN(\247"
 406      71928424 
 406      5DFBA524 
 406      1C942D09 
 406      574E28A7 
 407 0d4b 47636915 		.ascii	"Gci\025\333\004\216\274J`\313&L2e\304\225\274\376T5"
 407      DB048EBC 
 407      4A60CB26 
 407      4C3265C4 
 407      95BCFE54 
 408 0d60 39473635 		.ascii	"9G65\017%i#T\032l|[K\3622\265\270\220\336\340\370\373"
 408      0F256923 
 408      541A6C7C 
 408      5B4BF232 
 408      B5B890DE 
 409 0d77 DDCDDD97 		.ascii	"\335\315\335\227T\310\177\011\331\372j\311\206\227\035"
 409      54C87F09 
 409      D9FA6AC9 
 409      86971D
 410 0d86 D12DAD3F 		.ascii	"\321-\255?\277C\337\242,\356M\"K\332!\310\335\373R_"
 410      BF43DFA2 
 410      2CEE4D22 
 410      4BDA21C8 
 410      DDFB525F 
 411 0d9a DF8F97D8 		.ascii	"\337\217\227\330\233\264\323\222{\027\250\366\363>}"
 411      9BB4D392 
 411      7B17A8F6 
 411      F33E7D
 412 0da9 02EAF230 		.ascii	"\002\352\3620\264\255\"\207\266\365\"S\303\374[\014"
 412      B4AD2287 
 412      B6F52253 
 412      C3FC5B0C 
 413 0db9 0DE81E27 		.ascii	"\015\350\036'wa\256\253\025]A'\021\336\325\300\273\024"
 413      7761AEAB 
 413      155D4127 
 413      11DED5C0 
 413      BB14
 414 0dcb 7897382E 		.ascii	"x\2278.\200\231<1\310\263\2156\304d\270\2776\354\317"
ARM GAS  C:\Users\kiekensk\AppData\Local\Temp\ccLl2S7W.s 			page 33


 414      80993C31 
 414      C8B38D36 
 414      C464B8BF 
 414      36ECCF
 415 0dde E4395D06 		.ascii	"\3449]\006M\242\335%\271sc*wh\340e\013\033\370#8\371"
 415      4DA2DD25 
 415      B973632A 
 415      7768E065 
 415      0B1BF823 
 416 0df4 904CAF02 		.ascii	"\220L\257\002\015+\270\266\247\340\370$h{\020\340\200"
 416      0D2BB8B6 
 416      A7E0F824 
 416      687B10E0 
 416      80
 417 0e05 83375AB2 		.ascii	"\2037Z\262}wZ\211\012$h\203\240\002\231b\337t\272\273"
 417      7D775A89 
 417      0A246883 
 417      A0029962 
 417      DF74BABB 
 418 0e19 3EB50B19 		.ascii	">\265\013\031\3403^-d\332\217y\234\204\361&\237\341"
 418      E0335E2D 
 418      64DA8F79 
 418      9C84F126 
 418      9FE1
 419 0e2b E871F9B2 		.ascii	"\350q\371\262\353\024\321B`\373\352\210\336\262E\364"
 419      EB14D142 
 419      60FBEA88 
 419      DEB245F4 
 420 0e3b 08F0BDF5 		.ascii	"\010\360\275\365}#z\204\253\177\034xW\002\357\243\016"
 420      7D237A84 
 420      AB7F1C78 
 420      5702EFA3 
 420      0E
 421 0e4c 116D9147 		.ascii	"\021m\221G\3646b2\334G\264\336\026\321c\230\355\200"
 421      F4366232 
 421      DC47B4DE 
 421      16D16398 
 421      ED80
 422 0e5e 16923B47 		.ascii	"\026\222;G\364\220\254/+\310<\251\236\3462hW>\342j\317"
 422      F490AC2F 
 422      2BC83CA9 
 422      9EE63268 
 422      573EE26A 
 423 0e73 F322C39B 		.ascii	"\363\"\303\233\234\333\357\252c\017gq\245\311\223\255"
 423      9CDBEFAA 
 423      630F6771 
 423      A5C993AD 
 424 0e83 0EEE70B7 		.ascii	"\016\356p\267\275\277?\213\265\220\012Wb\372\323\227"
 424      BDBF3F8B 
 424      B5900A57 
 424      62FAD397 
 425 0e93 C6909324 		.ascii	"\306\220\223$\357\012\260\275\002+\350\316\212oK3\251"
 425      EF0AB0BD 
 425      022BE8CE 
 425      8A6F4B33 
 425      A9
 426 0ea4 96C5D8F9 		.ascii	"\226\305\330\371J\272$\373\332\250\017}\324G\362\273"
ARM GAS  C:\Users\kiekensk\AppData\Local\Temp\ccLl2S7W.s 			page 34


 426      4ABA24FB 
 426      DAA80F7D 
 426      D447F2BB 
 427 0eb4 953DEAAB 		.ascii	"\225=\352\253OLmux#\201\264\\\351Y\337iL\236\365\325"
 427      4F4C6D75 
 427      782381B4 
 427      5CE959DF 
 427      694C9EF5 
 428 0ec9 60FEACAF 		.ascii	"`\376\254\257\360\316d\227\356\255\\kn\227\265v\276"
 428      F0CE6497 
 428      EEAD5C6B 
 428      6E97B576 
 428      BE
 429 0eda 4D59D25B 		.ascii	"MY\322[\017\313%\372\210\220\241b\251!\024\223G\321"
 429      0FCB25FA 
 429      8890A162 
 429      A9211493 
 429      47D1
 430 0eec A8087522 		.ascii	"\250\010u\"\264\037\014V\2403\370-\230}\241\277\340"
 430      B41F0C56 
 430      A033F82D 
 430      987DA1BF 
 430      E0
 431 0efd B80ACFB3 		.ascii	"\270\012\317\263;\252.\336\235p|\311\340,\026\027>\025"
 431      3BAA2EDE 
 431      9D707CC9 
 431      E02C1617 
 431      3E15
 432 0f0f AF63838E 		.ascii	"\257c\203\216O\223\317\261\301m3\263]j\234\356\305\356"
 432      4F93CFB1 
 432      C16D33B3 
 432      5D6A9CEE 
 432      C5EE
 433 0f21 146464A7 		.ascii	"\024dd\247\2118\207!i;\312N\"\\J\021\361D\353\321\013"
 433      89388721 
 433      693BCA4E 
 433      225C4A11 
 433      F144EBD1 
 434 0f36 2AA4858B 		.ascii	"*\244\205\213yY\324\033\035\352\270\201E\235Eo~X9;\316"
 434      7959D41B 
 434      1DEAB881 
 434      459D456F 
 434      7E58393B 
 435 0f4b F6550D3C 		.ascii	"\366U\015<\213\032\277\307>\372\"f\364$\247/CN_r\334"
 435      8B1ABFC7 
 435      3EFA2266 
 435      F424A72F 
 435      434E5F72 
 436 0f60 47B3F6DD 		.ascii	"G\263\366\335\270 X\222{>\267=\276}\3604\355\261\316"
 436      B8205892 
 436      7B3EB73D 
 436      BE7DF034 
 436      EDB1CE
 437 0f73 FEA8B689 		.ascii	"\376\250\266\211\031}\243\374B\241\322\355\243\332\026"
 437      197DA3FC 
 437      42A1D2ED 
 437      A3DA16
ARM GAS  C:\Users\kiekensk\AppData\Local\Temp\ccLl2S7W.s 			page 35


 438 0f82 1ABE665B 		.ascii	"\032\276f[\370*\233r2\225\362\033Ap^f\366\025,{\216"
 438      F82A9B72 
 438      3295F21B 
 438      41705E66 
 438      F6152C7B 
 439 0f97 7AA423E9 		.ascii	"z\244#\351\234\016\367S\237"
 439      9C0EF753 
 439      9F
 440 0fa0 095B1EF6 		.ascii	"\011[\036\366\364!\307;\251\362\251\350\032\030&\315"
 440      F421C73B 
 440      A9F2A9E8 
 440      1A1826CD 
 441 0fb0 B63FD0CD 		.ascii	"\266?\320\315d\017t\257\222t\223\222\365\012f\267SU"
 441      640F74AF 
 441      92749392 
 441      F50A66B7 
 441      5355
 442 0fc2 8706F367 		.ascii	"\207\006\363g\020\242\267P\026\333}\275\365\034\337"
 442      10A2B750 
 442      16DB7DBD 
 442      F51CDF
 443 0fd1 82D99C7D 		.ascii	"\202\331\234}\307\265\263y\201\247\363\322\002/]\300"
 443      C7B5B379 
 443      81A7F3D2 
 443      022F5DC0 
 444 0fe1 4EC48E4B 		.ascii	"N\304\216K9\331\340\374\210-\374D\241\016g\326\362\346"
 444      39D9E0FC 
 444      882DFC44 
 444      A10E67D6 
 444      F2E6
 445 0ff3 CA8393E6 		.ascii	"\312\203\223\346\313\356\300-\330\366\002\257\027"
 445      CBEEC02D 
 445      D8F602AF 
 445      17
 446 1000 69B24E54 		.ascii	"i\262NT\357,\332\315\245\250\255\223+(5I\211[\340\271"
 446      EF2CDACD 
 446      A5A8AD93 
 446      2B283549 
 446      895BE0B9 
 447 1014 EBD0E66E 		.ascii	"\353\320\346n\003\334\000\270\311\323\203<\205K\275"
 447      03DC00B8 
 447      C9D3833C 
 447      854BBD
 448 1023 50AAC663 		.ascii	"P\252\306c,\002\345C\205\235\032\264\330\337\345\315"
 448      2C02E543 
 448      859D1AB4 
 448      D8DFE5CD 
 449 1033 883660F2 		.ascii	"\2106`\362]\014ysH\247\315\341\036\020\337\225\"r\007"
 449      5D0C7973 
 449      48A7CDE1 
 449      1E10DF95 
 449      227207
 450 1046 F32DC1C6 		.ascii	"\363-\301\306\366\263\216w\355\3579\324E;\266\335)\354"
 450      F6B38E77 
 450      EDEF39D4 
 450      453BB6DD 
 450      29EC
ARM GAS  C:\Users\kiekensk\AppData\Local\Temp\ccLl2S7W.s 			page 36


 451 1058 9D4C4D60 		.ascii	"\235LM`\257\022\300\030:\317r\261\"1uD\355\276\227t"
 451      AF12C018 
 451      3ACF72B1 
 451      22317544 
 451      EDBE9774 
 452 106c D064BC6F 		.ascii	"\320d\274oK\306\241\312\3146o\251\227\024\367\361^\002"
 452      4BC6A1CA 
 452      CC366FA9 
 452      9714F7F1 
 452      5E02
 453 107e 64A856D2 		.ascii	"d\250V\322\015\016\035{I'\355%\011\025e\375\032\034"
 453      0D0E1D7B 
 453      4927ED25 
 453      091565FD 
 453      1A1C
 454 1090 ADA5F53D 		.ascii	"\255\245\365=\364x\373sV,dw\315\252\345\350\206\233"
 454      F478FB73 
 454      562C6477 
 454      CDAAE5E8 
 454      869B
 455 10a2 55ACDB11 		.ascii	"U\254\333\021-\272\231\206)\231\225\345\310\355\373"
 455      2DBA9986 
 455      299995E5 
 455      C8EDFB
 456 10b1 57BD54C1 		.ascii	"W\275T\301\036\233\202)\251\227\273\005P\260\213]\344"
 456      1E9B8229 
 456      A997BB05 
 456      50B08B5D 
 456      E4
 457 10c2 94278382 		.ascii	"\224'\203\202{\021%C]\222\202]\230\275w\203\036P\305"
 457      7B112543 
 457      5D92825D 
 457      98BD7783 
 457      1E50C5
 458 10d5 7694DC6A 		.ascii	"v\224\334j\021q\022S\354\342\213\362\034\037\234\317"
 458      11711253 
 458      ECE28BF2 
 458      1C1F9CCF 
 459 10e5 9081CCAD 		.ascii	"\220\201\314\255\271\032\\\302\220\322\231\214^-\256"
 459      B91A5CC2 
 459      90D2998C 
 459      5E2DAE
 460 10f4 60C8C1EA 		.ascii	"`\310\301\352\330'\374\265\262Z\362\310\362\2615\241"
 460      D827FCB5 
 460      B25AF2C8 
 460      F2B135A1 
 461 1104 06E14A7A 		.ascii	"\006\341Jz\322\343\332\265\302~\025\2427\367\355w\367"
 461      D2E3DAB5 
 461      C27E15A2 
 461      37F7ED77 
 461      F7
 462 1115 E7F37FDA 		.ascii	"\347\363\177\332]\020g\335\026Ho.\016\2002\303\257N"
 462      5D1067DD 
 462      16486F2E 
 462      0E8032C3 
 462      AF4E
 463 1127 FCA52CF1 		.ascii	"\374\245,\361\011\365Cg\352\005\253fK\372\033;\354\367"
ARM GAS  C:\Users\kiekensk\AppData\Local\Temp\ccLl2S7W.s 			page 37


 463      09F54367 
 463      EA05AB66 
 463      4BFA1B3B 
 463      ECF7
 464 1139 FBC806D9 		.ascii	"\373\310\006\331\005s\027\233\020\354\307\367\375\303"
 464      0573179B 
 464      10ECC7F7 
 464      FDC3
 465 1147 3C159F41 		.ascii	"<\025\237A*\216B\012\016\001<\006x\002\360\024`\304"
 465      2A8E420A 
 465      0E013C06 
 465      7802F014 
 465      60C4
 466 1159 7149CFF0 		.ascii	"qI\317\360c\322\240s\015:\353\266\360\322`\330\246\034"
 466      63D2A073 
 466      0D3AEBB6 
 466      F0D260D8 
 466      A61C
 467 116b 5923FA5D 		.ascii	"Y#\372]\323\313\367\307\273i\203\035vU\302\303\003J"
 467      D3CBF7C7 
 467      BB69831D 
 467      7655C2C3 
 467      034A
 468 117d E616DB35 		.ascii	"\346\026\3335\314B\267\254\344\267\320\353:\373Oa|\222"
 468      CC42B7AC 
 468      E4B7D0EB 
 468      3AFB4F61 
 468      7C92
 469 118f 4644D894 		.ascii	"FD\330\224<\265_t\252E\233\365\3509\030\375\272\016"
 469      3CB55F74 
 469      AA459BF5 
 469      E83918FD 
 469      BA0E
 470 11a1 602ADE62 		.ascii	"`*\336b\333\212q\2304&\245\325\260\255&g\342\243\255"
 470      DB8A7198 
 470      3426A5D5 
 470      B0AD2667 
 470      E2A3AD
 471 11b4 DAC55CD6 		.ascii	"\332\305\\\326fw\262\024\257\024D^\376\030h\275\355"
 471      6677B214 
 471      AF14445E 
 471      FE1868BD 
 471      ED
 472 11c5 F0A6D60B 		.ascii	"\360\246\326\013\207\322\236\260\227v\273\265\362\241"
 472      87D29EB0 
 472      9776BBB5 
 472      F2A1
 473 11d3 372D1C18 		.ascii	"7-\034\030\343\305TT\265o\322\313}eO\321\302\231\264"
 473      E3C55454 
 473      B56FD2CB 
 473      7D654FD1 
 473      C299B4
 474 11e6 15CE9EE1 		.ascii	"\025\316\236\341\226x\035/\234\216\3527\266\307\344"
 474      96781D2F 
 474      9C8EEA37 
 474      B6C7E4
 475 11f5 FA1312D4 		.ascii	"\372\023\022\324'Y\327g+\232iZ4\363\373:jt\270Y\213"
ARM GAS  C:\Users\kiekensk\AppData\Local\Temp\ccLl2S7W.s 			page 38


 475      2759D767 
 475      2B9A695A 
 475      34F3FB3A 
 475      6A74B859 
 476 120a 5E6BE97B 		.ascii	"^k\351{\311\212\271')\371\007\366\355\314,\033\333^"
 476      C98AB927 
 476      29F907F6 
 476      EDCC2C1B 
 476      DB5E
 477 121c 79F8776E 		.ascii	"y\370wnW\303y\252\346\234M\315KM\2317E\256&\\\333$\024"
 477      57C379AA 
 477      E69C4DCD 
 477      4B4D9937 
 477      45AE265C 
 478 1233 F0FA0632 		.ascii	"\360\372\00624#\251:cS\325*\022U\317>\337\262U\203\273"
 478      3423A93A 
 478      6353D52A 
 478      1255CF3E 
 478      DFB25583 
 479 1248 98AA29B1 		.ascii	"\230\252)\261E\317T\3666\310t\255\351nx\252u\253C\214"
 479      45CF54F6 
 479      36C874AD 
 479      E96E78AA 
 479      75AB438C 
 480 125c 4874D820 		.ascii	"Ht\330 r\035f\353\006[\265\\\207\231a\345\351\202\270"
 480      721D66EB 
 480      065BB55C 
 480      879961E5 
 480      E982B8
 481 126f DA3F5222 		.ascii	"\332?R\"\024-J\367\315D\256A,\325 sC\\\263J\036\311"
 481      142D4AF7 
 481      CD44AE41 
 481      2CD52073 
 481      435CB34A 
 482 1285 7987557C 		.ascii	"y\207U|\243H#I\376\2018\376\330\365\016Q#\275\215A\236"
 482      A3482349 
 482      FE8138FE 
 482      D8F50E51 
 482      23BD8D41 
 483 129a 9648B471 		.ascii	"\226H\264q\"y\237o9\275\306\007\342\304'W\323\264\276"
 483      22799F6F 
 483      39BDC607 
 483      E2C42757 
 483      D3B4BE
 484 12ad DB785ABF 		.ascii	"\333xZ\277\211\350{\205\222\356\233D_\333\034\212\220"
 484      89E87B85 
 484      92EE9B44 
 484      5FDB1C8A 
 484      90
 485 12be C0CC949F 		.ascii	"\300\314\224\237\342\257\001\251\000\235\250\310m\321"
 485      E2AF01A9 
 485      009DA8C8 
 485      6DD1
 486 12cc B995B6C5 		.ascii	"\271\225\266\305&m\263H\305\215\307o\234\340/\327\222"
 486      266DB348 
 486      C58DC76F 
 486      9CE02FD7 
ARM GAS  C:\Users\kiekensk\AppData\Local\Temp\ccLl2S7W.s 			page 39


 486      92
 487 12dd F77D6C2F 		.ascii	"\367}l/Y-a/Y\265\265\226\325\353\234\225I\020\375P\274"
 487      592D612F 
 487      59B5B596 
 487      D5EB9C95 
 487      4910FD50 
 488 12f2 48982552 		.ascii	"H\230%Re\2660e\022\25123\275\335\367=\344\216\231rp"
 488      65B63065 
 488      12A93233 
 488      BDDDF73D 
 488      E48E9972 
 489 1307 CC56EE98 		.ascii	"\314V\356\230\255\3241\315\355\327J\220\234x\334\241"
 489      ADD431CD 
 489      EDD74A90 
 489      9C78DCA1 
 490 1317 1E923871 		.ascii	"\036\2228q\022%~V\325}\314\341\035\267^\007\316\311"
 490      12257E56 
 490      D57DCCE1 
 490      1DB75E07 
 490      CEC9
 491 1329 9C389912 		.ascii	"\2348\231\022'n,\211V\343!\226!\223\3217\317j\334\256"
 491      276E2C89 
 491      56E32196 
 491      2193D137 
 491      CF6ADCAE 
 492 133d 38DB6936 		.ascii	"8\333i6|iK\310]\205\273H2\324\302\2128\261G})\201<n"
 492      7C694BC8 
 492      5D85BB48 
 492      32D4C28A 
 492      38B1477D 
 493 1355 8BB67EF4 		.ascii	"\213\266~\364\011\241C\333\244\204\330&:\255\211;hb"
 493      09A143DB 
 493      A484D826 
 493      3AAD893B 
 493      6862
 494 1367 144E4C26 		.ascii	"\024NL&x\343T\035{\241jv\264\313\2333\033KR\226\034"
 494      78E3541D 
 494      7BA16A76 
 494      B4CB9B33 
 494      1B4B5296 
 495 137c 812D2C18 		.ascii	"\201-,\030\020\213D\312m\247\304m\2473\267]\224\333"
 495      108B44CA 
 495      6DA7C46D 
 495      A733B75D 
 495      94DB
 496 138e EDFEBA20 		.ascii	"\355\376\272 \234\313\230\225\224\3579\350\215\0170"
 496      9CCB9895 
 496      94EF39E8 
 496      8D0F30
 497 139d 24A1EE5C 		.ascii	"$\241\356\\\026Iz\224J\363\222t\307\251\316E\264\012"
 497      16497A94 
 497      4AF39274 
 497      C7A9CE45 
 497      B40A
 498 13af 6AECEF1A 		.ascii	"j\354\357\032\236?X:\353\355\326\356tjw\232\255\012"
 498      9E3F583A 
 498      EBEDD6EE 
ARM GAS  C:\Users\kiekensk\AppData\Local\Temp\ccLl2S7W.s 			page 40


 498      746A779A 
 498      AD0A
 499 13c1 FA33530F 		.ascii	"\3723S\017zq]\007*\324w*\332\230\341\015\002\241D)6"
 499      7A715D07 
 499      2AD4772A 
 499      DA98E10D 
 499      02A14429 
 500 13d6 5DD16E51 		.ascii	"]\321nQ$\230\243\272\031T\335\326\341\252D/<\301T,\212"
 500      2498A3BA 
 500      1954DDD6 
 500      E1AA442F 
 500      3CC1542C 
 501 13eb 4D9A5749 		.ascii	"M\232WI\236\274\357\350\311L\311\366LgfY\224YW\316\300"
 501      9EBCEFE8 
 501      C94CC9F6 
 501      4C676659 
 501      945957CE 
 502 1400 4E1D8EF1 		.ascii	"N\035\216\361\246\314.\237\336wS)y\362\236\223'\263"
 502      A6CC2E9F 
 502      DE775329 
 502      79F29E93 
 502      27B3
 503 1412 256ED9CE 		.ascii	"%n\331\316\334\366Pn\015{\333R\035vU\244\276\245\354"
 503      DCF6506E 
 503      0D7BDB52 
 503      1D7655A4 
 503      BEA5EC
 504 1425 C9E1D993 		.ascii	"\311\341\331\223C\263g\327\324\375|o\234\314D\017\014"
 504      43B367D7 
 504      D4FD7C6F 
 504      9CCC440F 
 504      0C
 505 1436 ECDDC5DF 		.ascii	"\354\335\305\337;|\203\274)\263\363l\266\212UH+\331"
 505      3B7C83BC 
 505      29B3F36C 
 505      B68A5548 
 505      2BD9
 506 1448 27EC6D1E 		.ascii	"'\354m\036K\325\340lF;\276\273\351.\177\363\374G\200"
 506      4BD5E06C 
 506      463BBEBB 
 506      E92E7FF3 
 506      FC4780
 507 145b E6CD9E3D 		.ascii	"\346\315\236=\344\276\024\013l\245\230\317J\361\306"
 507      E4BE140B 
 507      6CA598CF 
 507      4AF1C6
 508 146a 6C7CA7D2 		.ascii	"l|\247\322\271\330\362\240\330\366\322b+\244\305F'\021"
 508      B9D8F2A0 
 508      D8F6D262 
 508      2BA4C546 
 508      2711
 509 147c EAECFEBA 		.ascii	"\352\354\376\2729\207\322lx\025\365\246\274;u\342\317"
 509      3987D26C 
 509      7815F5A6 
 509      BC3B75E2 
 509      CF
 510 148d F6595B6B 		.ascii	"\366Y[k\351F\357@_\2545:\016\266\325\373E_\264\017\234"
ARM GAS  C:\Users\kiekensk\AppData\Local\Temp\ccLl2S7W.s 			page 41


 510      E946EF40 
 510      5FAC353A 
 510      0EB6D5FB 
 510      455FB40F 
 511 14a2 071B3AD9 		.ascii	"\007\033:\331\344\\\030\3713$W\221\3703\305bC\360\237"
 511      E45C18F9 
 511      33245791 
 511      F833C562 
 511      43F09F
 512 14b5 83835699 		.ascii	"\203\203V\231\214\201\026\343\357L\021a\237\030\003"
 512      8C8116E3 
 512      EF4C1161 
 512      9F1803
 513 14c4 233D7EFF 		.ascii	"#=~\377\357_\274\271j\345J\205\332\362UT\270Ao\371i"
 513      EF5FBCB9 
 513      6AE54A85 
 513      DAF25554 
 513      B8416FF9 
 514 14d9 40C072F6 		.ascii	"@\300r\366\2150/7Y\226\207\204\033B\243\202\214\313"
 514      8D302F37 
 514      59968784 
 514      1B42A382 
 514      8CCB
 515 14eb 0DC19660 		.ascii	"\015\301\226`\230\031d\016\010Vh\364\372\250\220p\313"
 515      9819640E 
 515      085668F4 
 515      FAA89070 
 515      CB
 516 14fc BBEFE82D 		.ascii	"\273\357\350-\201\206_\257\011\264D\204\206\206\030"
 516      81865FAF 
 516      09B44484 
 516      868618
 517 150b D6584C51 		.ascii	"\326XLQF\263%*($B\377U\204Io\266\204\001\305\207\001"
 517      46B3252A 
 517      282442FF 
 517      5584496F 
 517      B68401C5 
 518 1521 2B0256AC 		.ascii	"+\002V\254\0114\205Y\"\"B\315\344\340mN\377\2661\360"
 518      09348559 
 518      222242CD 
 518      E4E06D4E 
 518      FFB631F0 
 519 1535 CB90359C 		.ascii	"\313\2205\234\377\232\260@CpH\270q\215>\310\370U`T\250"
 519      FF9AB040 
 519      437048B8 
 519      718D3EC8 
 519      F8556054 
 520 154a 456F591F 		.ascii	"EoY\037i$\302<l\242\376\362\177%\312\274\336\274\006"
 520      6924C23C 
 520      6CA2FEF2 
 520      7F25CABC 
 520      DEBC06
 521 155d A604015F 		.ascii	"\246\004\001_\340\257\266D\232\200\215\345\003\271\341"
 521      E0AFB644 
 521      9A808DE5 
 521      03B9E1
 522 156c 8688B0B0 		.ascii	"\206\210\260\260\210\360\345\221\021&\213y\371\307\177"
ARM GAS  C:\Users\kiekensk\AppData\Local\Temp\ccLl2S7W.s 			page 42


 522      88F0E591 
 522      11268B79 
 522      F9C77F
 523 157b FA6CD567 		.ascii	"\372l\325g\337\222\261\310\220P\243\311\274\374\367"
 523      DF92B1C8 
 523      9050A3C9 
 523      BCFCF7
 524 158a AB56117F 		.ascii	"\253V\021\177p\005ECp\240Ie\016\371\037\243\336\242"
 524      70054543 
 524      70A04965 
 524      0EF91FA3 
 524      DEA2
 525 159c FF9E3A86 		.ascii	"\377\236:\206\206|\271f\255\301\260P\327\367\003\336"
 525      867CB966 
 525      ADC1B050 
 525      D7F703DE 
 526 15ac 0D582969 		.ascii	"\015X)il\011\002\267\200,U0\204\300h\022\2772\031\215"
 526      6C0902B7 
 526      802C5530 
 526      84C06812 
 526      BF32198D 
 527 15c0 CAC8C0B5 		.ascii	"\312\310\300\265F\263\030n\374\326\342\005\303\221z"
 527      46B3186E 
 527      FCD6E205 
 527      C3917A
 528 15cf 7E2ECA6C 		.ascii	"~.\312l\014\022\211:\"\031\325\311N\351-\036\221\246"
 528      0C12893A 
 528      2219D5C9 
 528      4EE92D1E 
 528      91A6
 529 15e1 886F42E0 		.ascii	"\210oB\340P\027f\014[k\2441\007\327\276\355\302\366"
 529      5017660C 
 529      5B6BA431 
 529      07D7BEED 
 529      C2F6
 530 15f3 08332827 		.ascii	"\0103('\013?L0D\230\214\240\204\027\034F\230\326\023"
 530      0B3F4C30 
 530      44988CA0 
 530      84171C46 
 530      98D613
 531 1606 A69138CC 		.ascii	"\246\2218\314\362\2552b]\270\321\344\001\331\021J\\"
 531      F2AD3262 
 531      5DB8D1E4 
 531      01D9114A 
 531      5C
 532 1617 A986A1D0 		.ascii	"\251\206\241\320\020\263\305\303\030i\014\007'\257\365"
 532      10B3C5C3 
 532      18690C07 
 532      27AFF5
 533 1626 327E630C 		.ascii	"2~c\014\267\204\005\232\277\006\005\302\314k\377;\312"
 533      B784059A 
 533      BF0605C2 
 533      CC6BFF3B 
 533      CA
 534 1637 18655C64 		.ascii	"\030e\\d\010\326\363\214\322\323\0011\322d\374\306\307"
 534      08D6F38C 
 534      D2D30131 
ARM GAS  C:\Users\kiekensk\AppData\Local\Temp\ccLl2S7W.s 			page 43


 534      D264FCC6 
 534      C7
 535 1648 61486F51 		.ascii	"aHoQ\257\013\014\261\000\013\037\0315\341\355-G\364"
 535      AF0B0CB1 
 535      000B1F19 
 535      35E1ED2D 
 535      47F4
 536 165a 1614A532 		.ascii	"\026\024\2452\256#\002T\353, =\022\376\314\306\260H"
 536      AE230254 
 536      EB2C203D 
 536      12FECCC6 
 536      B048
 537 166c 6C08B778 		.ascii	"l\010\267x\352\365<\177\324\374_\011\243\360K%h\201"
 537      EAF53C7F 
 537      D4FC5F09 
 537      A3F04B25 
 537      6881
 538 167e 2F500646 		.ascii	"/P\006F\006\203ij3Q\323\274V\011\000\004\353,\026S\244"
 538      0683696A 
 538      3351D3BC 
 538      56090004 
 538      EB2C1653 
 539 1693 2F13A437 		.ascii	"/\023\2447\031\2772\232\214\341\006\320\011\230G|\371"
 539      19BF329A 
 539      8CE106D0 
 539      0998477C 
 539      F9
 540 16a4 D7480FE3 		.ascii	"\327H\017\343\267!\026CD\220Qe\012Z\0173D 1{\262\312"
 540      B7211643 
 540      44905165 
 540      0A5A0F33 
 540      4420317B 
 541 16ba F800A4D9 		.ascii	"\370\000\244\331\376-d\034\330}\025\032\270\326\254"
 541      FE2D641C 
 541      D87D151A 
 541      B8D6AC
 542 16c9 B684C10C 		.ascii	"\266\204\301\014\300\314\026(B\017\013\375#,\003\277"
 542      C0CC1628 
 542      420F0BFD 
 542      232C03BF 
 543 16d9 0C341B79 		.ascii	"\0144\033y]\275\377\036\370\311v\2401[\276\016\014\015"
 543      5DBDFF1E 
 543      F8C976A0 
 543      315BBE0E 
 543      0C0D
 544 16eb 591BAEB7 		.ascii	"Y\033\256\267\374\342;34\230GH\014\017\0143*#B!\320"
 544      FCE23B33 
 544      34984748 
 544      0C0F0C33 
 544      2A234221 
 545 1700 CA70E33A 		.ascii	"\312p\343:\243\011\033,\337\012\346H!\224\204i-d\233"
 545      A3091B2C 
 545      DF0AE648 
 545      21948469 
 545      2D649B
 546 1713 DE824D2B 		.ascii	"\336\202M+W\002\254\020L\037\012\246\017\004\323\257"
 546      5702AC10 
ARM GAS  C:\Users\kiekensk\AppData\Local\Temp\ccLl2S7W.s 			page 44


 546      4C1F0AA6 
 546      0F04D3AF 
 547 1723 04D3FB82 		.ascii	"\004\323\373\202\351\237\005\323{^\204)\361\032Lr\225"
 547      E99F05D3 
 547      7B5E8429 
 547      F11A4C72 
 547      95
 548 1734 192E64EA 		.ascii	"\031.d\352\277\371U\030\310\325\322\231\206\210p\013"
 548      BFF95518 
 548      C8D5D299 
 548      8688700B 
 549 1744 24A54892 		.ascii	"$\245H\222\301\323\0368eX$\244\274\007\367\247\305\003"
 549      C1D31E38 
 549      655824A4 
 549      BC07F7A7 
 549      C503
 550 1756 4E844501 		.ascii	"N\204E\001\235\232\376\352-o\272m<fCp\0200\377\211["
 550      9D9AFEEA 
 550      2D6FBA6D 
 550      3C664370 
 550      1030FF89 
 551 176b 0208399C 		.ascii	"\002\0109\234_\346\236\301z\263\255X\3353\2014\200\363"
 551      5FE69EC1 
 551      7AB3AD58 
 551      DD338134 
 551      80F3
 552 177d 3A596EEB 		.ascii	":Yn\353-\277|\215\272 \224.\030\233M\0068\031\264\036"
 552      2DBF7C8D 
 552      BA20942E 
 552      189B4D06 
 552      3819B41E 
 553 1791 22116208 		.ascii	"\"\021b\0100(~\344\324|?\243r\376\010.Q\322\360zAN\031"
 553      30287EE4 
 553      D47C3FA3 
 553      72FE082E 
 553      51D2F07A 
 554 17a8 0D163D29 		.ascii	"\015\026=)\\/\342)^\263\001\257W\232d\006\261O+\325"
 554      5C2FE229 
 554      5EB301AF 
 554      579A6406 
 554      B14F2BD5 
 555 17bc B5DE6233 		.ascii	"\265\336b3\206\262\263@\256\2576\004\377G\340\327\306"
 555      86B2B340 
 555      AEAF3604 
 555      FF47E0D7 
 555      C6
 556 17cd A8C8D5   		.ascii	"\250\310\325"
 557 17d0 7F275367 		.ascii	"\177'Sgu\224\231T\2521\350S%\231\027)\256\003L\271\216"
 557      75949954 
 557      AA31E853 
 557      25991729 
 557      AE034CB9 
 558 17e5 64240E34 		.ascii	"d$\0164\255]\314C\026d4\033L!\221\026\350e\026_C0Y="
 558      AD5DCC43 
 558      1664341B 
 558      4C219116 
 558      E865165F 
ARM GAS  C:\Users\kiekensk\AppData\Local\Temp\ccLl2S7W.s 			page 45


 559 17fd 3E0E0D8D 		.ascii	">\016\015\2150|L\3247\006y\031\202\2115t\010\242\276"
 559      307C4CD4 
 559      37067919 
 559      82893574 
 559      08A2BE
 560 1810 7ABDF90F 		.ascii	"z\275\371\017\021\206\257_\341\357\365D_O\23210\345"
 560      1186AF5F 
 560      E1EFF544 
 560      5F4F9A31 
 560      30E5
 561 1822 6B9D1E2A 		.ascii	"k\235\036*\321\242\377\227\217W\377\353\037\377\364"
 561      D1A2FF97 
 561      8F57FFEB 
 561      1FFFF4
 562 1831 A92E3074 		.ascii	"\251.0t]\340z3da(\254\012\277v\341\004\3100\222\203"
 562      5DE07A33 
 562      646128AC 
 562      0ABF76E1 
 562      04C83092 
 563 1846 CB577DB6 		.ascii	"\313W}\266\372\323\325\313WA\022.\377\324\306<\314\034"
 563      FAD3D5CB 
 563      5741122E 
 563      FFD4C63C 
 563      CC1C
 564 1858 62D6435F 		.ascii	"b\326C_%\315\212\252\362E8\021\301\022;*\234\213\243"
 564      25CD8AAA 
 564      F2453811 
 564      C1123B2A 
 564      9C8BA3
 565 186b 4ED207FC 		.ascii	"N\322\007\374\352\335\367>\364\260a\377\013[\2751\034"
 565      EADDF73E 
 565      F4B061FF 
 565      0B5BBD31 
 565      1C
 566              		.text
 567              		.section	.gnu.lto_.symtab.2e8089c0,"",%progbits
 568 0000 63685468 		.ascii	"chThdCreateFromHeap\000"
 568      64437265 
 568      61746546 
 568      726F6D48 
 568      65617000 
 569 0014 00       		.ascii	"\000"
 570 0015 00       		.ascii	"\000"
 571 0016 00       		.ascii	"\000"
 572 0017 00000000 		.ascii	"\000\000\000\000\000\000\000\000"
 572      00000000 
 573 001f BF010000 		.ascii	"\277\001\000\000"
 574 0023 63685468 		.ascii	"chThdCreateFromMemoryPool\000"
 574      64437265 
 574      61746546 
 574      726F6D4D 
 574      656D6F72 
 575 003d 00       		.ascii	"\000"
 576 003e 00       		.ascii	"\000"
 577 003f 00       		.ascii	"\000"
 578 0040 00000000 		.ascii	"\000\000\000\000\000\000\000\000"
 578      00000000 
ARM GAS  C:\Users\kiekensk\AppData\Local\Temp\ccLl2S7W.s 			page 46


 579 0048 DF010000 		.ascii	"\337\001\000\000"
 580 004c 63685363 		.ascii	"chSchWakeupS\000"
 580      6857616B 
 580      65757053 
 580      00
 581 0059 00       		.ascii	"\000"
 582 005a 02       		.ascii	"\002"
 583 005b 00       		.ascii	"\000"
 584 005c 00000000 		.ascii	"\000\000\000\000\000\000\000\000"
 584      00000000 
 585 0064 E4010000 		.ascii	"\344\001\000\000"
 586 0068 63685468 		.ascii	"chThdCreateSuspendedI\000"
 586      64437265 
 586      61746553 
 586      75737065 
 586      6E646564 
 587 007e 00       		.ascii	"\000"
 588 007f 02       		.ascii	"\002"
 589 0080 00       		.ascii	"\000"
 590 0081 00000000 		.ascii	"\000\000\000\000\000\000\000\000"
 590      00000000 
 591 0089 FA010000 		.ascii	"\372\001\000\000"
 592 008d 63684865 		.ascii	"chHeapAllocAligned\000"
 592      6170416C 
 592      6C6F6341 
 592      6C69676E 
 592      656400
 593 00a0 00       		.ascii	"\000"
 594 00a1 02       		.ascii	"\002"
 595 00a2 00       		.ascii	"\000"
 596 00a3 00000000 		.ascii	"\000\000\000\000\000\000\000\000"
 596      00000000 
 597 00ab 00020000 		.ascii	"\000\002\000\000"
 598 00af 6368506F 		.ascii	"chPoolAlloc\000"
 598      6F6C416C 
 598      6C6F6300 
 599 00bb 00       		.ascii	"\000"
 600 00bc 02       		.ascii	"\002"
 601 00bd 00       		.ascii	"\000"
 602 00be 00000000 		.ascii	"\000\000\000\000\000\000\000\000"
 602      00000000 
 603 00c6 04020000 		.ascii	"\004\002\000\000"
 604              		.text
 605              		.section	.gnu.lto_.opts,"",%progbits
 606 0000 272D666D 		.ascii	"'-fmath-errno' '-fsigned-zeros' '-ftrapping-math' '"
 606      6174682D 
 606      6572726E 
 606      6F272027 
 606      2D667369 
 607 0033 2D666E6F 		.ascii	"-fno-trapv' '-fno-openmp' '-fno-openacc' '-mcpu=cor"
 607      2D747261 
 607      70762720 
 607      272D666E 
 607      6F2D6F70 
 608 0066 7465782D 		.ascii	"tex-m7' '-mno-thumb-interwork' '-mthumb' '-ggdb' '-"
 608      6D372720 
 608      272D6D6E 
ARM GAS  C:\Users\kiekensk\AppData\Local\Temp\ccLl2S7W.s 			page 47


 608      6F2D7468 
 608      756D622D 
 609 0099 4F322720 		.ascii	"O2' '-fomit-frame-pointer' '-falign-functions=16' '"
 609      272D666F 
 609      6D69742D 
 609      6672616D 
 609      652D706F 
 610 00cc 2D666675 		.ascii	"-ffunction-sections' '-fdata-sections' '-fno-common"
 610      6E637469 
 610      6F6E2D73 
 610      65637469 
 610      6F6E7327 
 611 00ff 2720272D 		.ascii	"' '-flto'\000"
 611      666C746F 
 611      2700
 612              		.text
 613              		.comm	__gnu_lto_v1,1,1
 614              		.comm	__gnu_lto_slim,1,1
 615              		.ident	"GCC: (GNU Tools for ARM Embedded Processors (Build 17.03)) 6.3.1 20170215 (release) [ARM/e
ARM GAS  C:\Users\kiekensk\AppData\Local\Temp\ccLl2S7W.s 			page 48


DEFINED SYMBOLS
                            *ABS*:00000000 chdynamic.c
                            *COM*:00000001 __gnu_lto_v1
                            *COM*:00000001 __gnu_lto_slim

NO UNDEFINED SYMBOLS
