ARM GAS  C:\Users\kiekensk\AppData\Local\Temp\cceyi99h.s 			page 1


   1              		.cpu cortex-m7
   2              		.eabi_attribute 20, 1
   3              		.eabi_attribute 21, 1
   4              		.eabi_attribute 23, 3
   5              		.eabi_attribute 24, 1
   6              		.eabi_attribute 25, 1
   7              		.eabi_attribute 26, 1
   8              		.eabi_attribute 30, 2
   9              		.eabi_attribute 34, 1
  10              		.eabi_attribute 18, 4
  11              		.file	"chmemcore.c"
  12              		.text
  13              	.Ltext0:
  14              		.section	.gnu.lto_.profile.abe576d,"",%progbits
  15 0000 789C6365 		.ascii	"x\234ce`b`a```d\320\327\006\000\001\011\000g"
  15      60626061 
  15      60606064 
  15      D0D70600 
  15      01090067 
  16              		.text
  17              		.section	.gnu.lto_.icf.abe576d,"",%progbits
  18 0000 789C6365 		.ascii	"x\234ce`bP`@\000V\2063\337V\335eb\354\377\373\3769/"
  18      60625060 
  18      40005686 
  18      33DF56DD 
  18      6562ECFF 
  19 0018 CBBFB327 		.ascii	"\313\277\263'n\260\263\316=1y\022\017\333\246{\347\333"
  19      6EB0B3CE 
  19      3D317912 
  19      0FDBA67B 
  19      E7DB
  20 002a D9180014 		.ascii	"\331\030\000\024\226\017\353"
  20      960FEB
  21              		.text
  22              		.section	.gnu.lto_.jmpfuncs.abe576d,"",%progbits
  23 0000 789C6365 		.ascii	"x\234ce`b\220b@\000\026\020ffddd\257\257\257g\2051\330"
  23      60629062 
  23      40001610 
  23      66666464 
  23      64AFAFAF 
  24 0018 80A20026 		.ascii	"\200\242\000&\353\003I"
  24      EB0349
  25              		.text
  26              		.section	.gnu.lto_.inline.abe576d,"",%progbits
  27 0000 789C6365 		.ascii	"x\234ce`b\250`@\000\026\006\006V\026F\006&\226\005\362"
  27      6062A860 
  27      40001606 
  27      06561646 
  27      06269605 
  28 0015 0C6C0BE4 		.ascii	"\014l\013\344\231 b\302B\214L\214\012\214@6\210`\221"
  28      992062C2 
  28      428C4C8C 
  28      0A8C4036 
  28      886091
  29 0028 D8B29511 		.ascii	"\330\262\225\021\"\313\366A\217\207\201\351\002?\013"
  29      22CBF641 
  29      8F8781E9 
ARM GAS  C:\Users\kiekensk\AppData\Local\Temp\cceyi99h.s 			page 2


  29      023F0B
  30 0037 481D2B83 		.ascii	"H\035+\203\250\010#\023X\011X1\213\314\225+h\3528@\352"
  30      A8082313 
  30      58095831 
  30      8BCC952B 
  30      68EA3840 
  31 004c D818D858 		.ascii	"\330\030\330X\201V\000\305\340V0\000\0005%\016\007"
  31      815600C5 
  31      E0563000 
  31      0035250E 
  31      07
  32              		.text
  33              		.section	.gnu.lto_.pureconst.abe576d,"",%progbits
  34 0000 789C6365 		.ascii	"x\234ce`b\340b```a\220`\221`\335\305\310\306\002\000"
  34      6062E062 
  34      60606061 
  34      90609160 
  34      DDC5C8C6 
  35 0016 05C00114 		.ascii	"\005\300\001\024"
  36              		.text
  37              		.section	.gnu.lto__core_init.abe576d,"",%progbits
  38 0000 789C8591 		.ascii	"x\234\205\221\315K\033A\030\306\337g&\211\241\030J\301"
  38      CD4B1B41 
  38      18C6DF67 
  38      2689A118 
  38      4AC1
  39 0012 83580FBD 		.ascii	"\203X\017\275\344\020(\331\263\377@\377\215E\267\013"
  39      E41028D9 
  39      B3FF40FF 
  39      8D45B70B 
  40 0022 0A8D1103 		.ascii	"\012\215\021\003\275f\"h\332\224\246Eh\325B\331\205"
  40      BD662268 
  40      DA94A645 
  40      68D542D9 
  40      85
  41 0033 1CFC6835 		.ascii	"\034\374h5Fc\315\366\322\020z,\012\202\024,\224\"V\260"
  41      4663CDF6 
  41      D2107A2C 
  41      0A82142C 
  41      942256B0 
  42 0047 B4A7D243 		.ascii	"\264\247\322C\005?\336\231,~\025\3540\303\274;\363>"
  42      053FDE99 
  42      2C7E15EC 
  42      30C3BC3B 
  42      F33E
  43 0059 CFFEDE77 		.ascii	"\317\376\336w\242$\310\021D\367\210\3506/H\202x\276"
  43      A224C811 
  43      44F788E8 
  43      362F4882 
  43      78BE
  44 006b 4154880B 		.ascii	"AT\210\013@\007*\016\312\013\344\361LNI\264\212\373"
  44      40072A0E 
  44      CA0BE4F1 
  44      4C4E49B4 
  44      8AFB
  45 007d 8148CD2A 		.ascii	"\201H\315*\036\315\251\255\330\204\032\357\366$\321"
  45      1ECDA9AD 
ARM GAS  C:\Users\kiekensk\AppData\Local\Temp\cceyi99h.s 			page 3


  45      D8841AEF 
  45      F624D1
  46 008c 0C2F3D30 		.ascii	"\014/=0\213\024q\332\237\322\357\357\011y\027:\366?"
  46      8B1471DA 
  46      9FD2EFEF 
  46      0979173A 
  46      F63F
  47 009e B4366F26 		.ascii	"\2646o&+\352\033K\366_uM*\177ZE<\011\314A\206:\035\222"
  47      2BEA1B4B 
  47      F65F754D 
  47      2A7F5A45 
  47      3C09CC41 
  48 00b6 CEFDBC57 		.ascii	"\316\375\274W\257A\366\031\335\327`\251\026\013u;=\005"
  48      AF41F619 
  48      DDD760A9 
  48      160B753B 
  48      3D05
  49 00c8 D52ADCD1 		.ascii	"\325*\334\321\252\205s\325B\250\332\255\035\277H\304"
  49      AA8573D5 
  49      42A8DAAD 
  49      1DBF48C4 
  50 00d8 22788324 		.ascii	"\"x\203$\346\221l\323\340-b\340\275\272\205\246:>)\252"
  50      E6916CD3 
  50      E02D62E0 
  50      BDBA85A6 
  50      3A3E29AA 
  51 00ec E6464FB5 		.ascii	"\346FO\265\276w+BT\342{]\332\023)\364.\0170vX<Zk@k\330"
  51      BE772B42 
  51      54E27B5D 
  51      DA1329F4 
  51      2E0F3076 
  52 0107 EFE5786B 		.ascii	"\357\345xk\263\243,=)\014H\020\374\374\322\221?Rq>\250"
  52      B3A32C3D 
  52      290C4810 
  52      FCFCD291 
  52      3F52713E 
  53 011c 686B3EFB 		.ascii	"hk>\373\361i\373\343\015\017\257\341I\211%\356\316\""
  53      F169FBE3 
  53      0D0FAFE1 
  53      498925EE 
  53      CE22
  54 012e 7ACD45B9 		.ascii	"z\315E\271\261\3748n-\352\006\371\017=\031A\025\036"
  54      B1FC386E 
  54      2DEA06F9 
  54      0F3D1941 
  54      151E
  55 0140 A60D3096 		.ascii	"\246\0150\226a]t\217^u\217V$\256\272\003+\354^\013\335"
  55      615D748F 
  55      5E758F56 
  55      24AEBA03 
  55      2BEC5E0B 
  56 0155 FDC3BFDB 		.ascii	"\375\303\277\333\235\234\374\210\335w\241-V\331\236"
  56      9D9CFC88 
  56      DD77A12D 
  56      56D99E
  57 0164 ADEBC893 		.ascii	"\255\353\310\223)\343\351\372Y\031\377\345^\273\216"
  57      29E3E9FA 
ARM GAS  C:\Users\kiekensk\AppData\Local\Temp\cceyi99h.s 			page 4


  57      5919FFE5 
  57      5EBB8E
  58 0173 FB9DE1D6 		.ascii	"\373\235\341\326\035\304\272\341\276\014*\376\005m\\"
  58      1DC4BAE1 
  58      BE0C2AFE 
  58      056D5C
  59 0182 0B1AB441 		.ascii	"\013\032\264A\3373\350/\214\371\225\262\3014\017Y\342"
  59      DF33E82F 
  59      8CF995B2 
  59      C1340F59 
  59      E2
  60 0193 DFF03BB0 		.ascii	"\337\360;\260e*\235\266\3323\233\263\234l&\223\035\346"
  60      652A9DB6 
  60      DA339BB3 
  60      9C6C2693 
  60      1DE6
  61 01a5 E8C1D080 		.ascii	"\350\301\320\200\225\033u,g0\343f\234\354\250\233v\250"
  61      951B752C 
  61      6730E366 
  61      9CECA89B 
  61      76A8
  62 01b7 D3B607DD 		.ascii	"\323\266\007\335\376\021\333\035\276o\333\211\360c\240"
  62      FE11DB1D 
  62      BE6FDB89 
  62      F063A0
  63 01c6 3FE7DAF6 		.ascii	"?\347\332\366)\360R\346\311"
  63      29F052E6 
  63      C9
  64              		.text
  65              		.section	.gnu.lto_chCoreAllocAlignedWithOffsetI.abe576d,"",%progbits
  66 0000 789C8D54 		.ascii	"x\234\215TYkSA\024>\347\316\334\334\2204I\233\"\370"
  66      596B5341 
  66      143EE7CE 
  66      DCDC9034 
  66      499B22F8 
  67 0014 10A40F96 		.ascii	"\020\244\017\226R\220\004A\360M\037T\360/\370\246\206"
  67      52900441 
  67      F04D1F54 
  67      F02FF8A6 
  67      86
  68 0025 A805D388 		.ascii	"\250\005\323\210\021\021_zm\272\020\213Z\225\264*\246"
  68      11115F7A 
  68      6DBA108B 
  68      5A95B42A 
  68      A6
  69 0036 51A3B8C6 		.ascii	"Q\243\270\306\266\356uKq\243\340\332b\245\326\255hD"
  69      B6EE754B 
  69      71A3E0DA 
  69      62A5D6AD 
  69      6844
  70 0048 23155414 		.ascii	"#\025T\024qi\3539sSk\245\210\227d2\363\315\367\335\371"
  70      7169EB39 
  70      73536BA5 
  70      88976432 
  70      F3CDF7DD 
  71 005d CE3787E8 		.ascii	"\3167\207\350\240\301c\011\260\020\000\026\321\027m"
  71      A0C16309 
ARM GAS  C:\Users\kiekensk\AppData\Local\Temp\cceyi99h.s 			page 5


  71      B0100016 
  71      D1176D
  72 006c 805AF33D 		.ascii	"\200Z\363=\200MvM\323\337\032`:\304\221[\000f\221(,"
  72      804D764D 
  72      D3DF1A60 
  72      3AC4915B 
  72      00669128 
  73 0081 A5B594A8 		.ascii	"\245\265\224\250[4\035\221'\246\035\241F\023R\307\032"
  73      5B341D91 
  73      27A61DA1 
  73      461352C7 
  73      1A
  74 0092 DC265A05 		.ascii	"\334&Z\005\366\326u\354\025[EJ\000JZ~\274\273\347\225"
  74      F6D675EC 
  74      155B454A 
  74      004A5A7E 
  74      BCBBE795 
  75 00a6 9B978865 		.ascii	"\233\227\210e\274\373\356M\235\263\362\260i\326\232"
  75      BCFBEE4D 
  75      9DB3F2B0 
  75      69D69A
  76 00b5 DDAD0F8C 		.ascii	"\335\255\017\214\326X\375\342\224\320`7\261\217\240"
  76      D658FDE2 
  76      94D06037 
  76      B18FA0
  77 00c4 0F0FA38F 		.ascii	"\017\017\243\217\315\034\305J\342\036\330\324\177\333"
  77      CD1CC54A 
  77      E21ED8D4 
  77      7FDB
  78 00d2 256621D0 		.ascii	"%f!\320\2741s%\357\2568\244t\271\2040g\246\204\300c"
  78      BC317325 
  78      EFAE38A4 
  78      74B98430 
  78      67A684C0 
  79 00e7 28FE1412 		.ascii	"(\376\024\022\004x\034+\210\336\374cd\310\020\263\225"
  79      04781C2B 
  79      88DEFC63 
  79      64C810B3 
  79      95
  80 00f8 34B67F30 		.ascii	"4\266\1770+\013\322{m\276D\314\244#%\236\370[,\0013"
  80      2B0BD27B 
  80      6DBE44CC 
  80      A423259E 
  80      F85B2C01 
  81 010d 4AFC79E7 		.ascii	"J\374y\347\340\013\267\230\253\304_\317\235\275\255"
  81      E00BB798 
  81      ABC45FCF 
  81      9DBDAD
  82 011c 17C48FDA 		.ascii	"\027\304\217\332\246[b\201'\2478\271\035+X\321\374\364"
  82      A65B6281 
  82      27A738B9 
  82      1D2B58D1 
  82      FCF4
  83 012e DB65A798 		.ascii	"\333e\247\230\247\324\271\237\211\006{yZ\251\237\267"
  83      A7D4B99F 
  83      89067B79 
  83      5AA99FB7 
ARM GAS  C:\Users\kiekensk\AppData\Local\Temp\cceyi99h.s 			page 6


  84 013e 15EF8899 		.ascii	"\025\357\210\231=\246L\011\035;&\353\371!\372\235\356"
  84      3DA64C09 
  84      1D3B26EB 
  84      F921FA9D 
  84      EE
  85 014f 78BB432C 		.ascii	"x\273C,P\322\321\276\374\007\275 \315m\027\346ASc\341"
  85      50D2D1BE 
  85      FC07BD20 
  85      CD6D17E6 
  85      415363E1 
  86 0163 A929852F 		.ascii	"\251)\205/;G\023.\233\304\323X\216\235X\236\026\300"
  86      3B47132E 
  86      9BC4D358 
  86      8E9D589E 
  86      16C0
  87 0175 89529067 		.ascii	"\211R\220g\320\206\000\332\370F{\037v\233\243c\215T"
  87      D08600DA 
  87      F8467B1F 
  87      769BA363 
  87      8D54
  88 0187 CB8CE133 		.ascii	"\313\214\3413\267\274\323\220\254kt5T\270D\316N\347"
  88      B7BCD390 
  88      AC6B7435 
  88      54B844CE 
  88      4EE7
  89 0199 206C3C18 		.ascii	" l<\030<\330U\240\016\232\352N\344\012\213x\352\342"
  89      3CD855A0 
  89      0E9AEA4E 
  89      E40A8B78 
  89      EAE2
  90 01ab 2D370F1E 		.ascii	"-7\017\036\036\212y(\001>\304\013|L)\223\0006\223\005"
  90      1E8A7928 
  90      013EC40B 
  90      7C4C2993 
  90      00369305 
  91 01bf 6E9126BA 		.ascii	"n\221&\272`\372\025y\214\2654l\311\256bWI\241'\205H"
  91      60FA1579 
  91      8CB5346C 
  91      C9AE6257 
  91      49A12785 
  92 01d4 52E80A45 		.ascii	"R\350\012E\013c\230\312y\326s\364\270j!\211c\364x\360"
  92      0B6398CA 
  92      79D673F4 
  92      B86A2189 
  92      63F478F0 
  93 01e8 2C959AC7 		.ascii	",\225\232\307\332\201q\236AZ\026\376l\210\013\013\261"
  93      DA81719E 
  93      415A16FE 
  93      6C880B0B 
  93      B1
  94 01f9 2BB101AF 		.ascii	"+\261\001\257\261\266LUM\266\011e\325\305\374\267\353"
  94      B1B64C55 
  94      4DB60965 
  94      D5C5FCB7 
  94      EB
  95 020a 0E8BE5A0 		.ascii	"\016\213\345\240\227\267\324_\273o\360\313m*\347\256"
  95      97B7D45F 
ARM GAS  C:\Users\kiekensk\AppData\Local\Temp\cceyi99h.s 			page 7


  95      BB6FF0CB 
  95      6D2AE7AE 
  96 021a AEE12746 		.ascii	"\256\341'F\315\210i' -P\305\371\356N\377\015G\012\223"
  96      CD886927 
  96      202D50C5 
  96      F9EE4EFF 
  96      0D470A93 
  97 022e 9812069E 		.ascii	"\230\022\006\236\247\306>\307Q\323\306\326\013\035q"
  97      A7C63EC7 
  97      51D3C6D6 
  97      0B1D71
  98 023d 7B2063D2 		.ascii	"{ c\322S\306\267q\001S\270\213\203\006\354\302\000;"
  98      53C6B771 
  98      0153B88B 
  98      8306ECC2 
  98      003B
  99 024f DA3B6EB1 		.ascii	"\332;n\261\210NK\012'\033\370\324X\300\\\004O\252\327"
  99      884E4B0A 
  99      271BF8D4 
  99      58C05C04 
  99      4FAAD7
 100 0262 AD32704D 		.ascii	"\2552pM\302<\004\027\012\246\372\012`\261\252\331c\275"
 100      C23C0417 
 100      0AA6FA0A 
 100      60B1AAD9 
 100      63BD
 101 0274 6D898595 		.ascii	"m\211\205\225\020<Q/\205O\220e!\223]jQ\274\212e\237"
 101      103C512F 
 101      854F9065 
 101      21935D6A 
 101      51BC8A65 
 102 0289 607532CB 		.ascii	"`u2\313k\2452\222v[\254\322\377\211\341\342?b\270\244"
 102      6BA53292 
 102      765BACD2 
 102      FF89E1E2 
 102      3F62B8A4 
 103 029d 62408EE1 		.ascii	"b@\216\3412\305\220\303\272\201\353s~;(U]\332D7F\377"
 103      32C590C3 
 103      BA81EB73 
 103      7E3B2855 
 103      5DDA4437 
 104 02b3 20426D3E 		.ascii	" Bm>\224\205\373`3\326\256\204\203\363\251Cj[\362\361"
 104      9485FB60 
 104      33D6AE84 
 104      83F3A943 
 104      6A5BF2F1 
 105 02c7 9B4EDEFD 		.ascii	"\233N\336\375\037SW\2466\265o=\273\272:q9Y\014X'5Q_"
 105      1F5357A6 
 105      36B56F3D 
 105      BBBA3A71 
 105      39590C58 
 106 02df 722BBE47 		.ascii	"r+\276G\015\222\312\361\027D\364\373\304\340\330\020"
 106      0D92CAF1 
 106      1744F4FB 
 106      C4E0D810 
 107 02ef 5258F2FB 		.ascii	"RX\362\373\201^^k\274\246\006Ffk\000\225~\177\300\372"
 107      815E5E6B 
ARM GAS  C:\Users\kiekensk\AppData\Local\Temp\cceyi99h.s 			page 8


 107      BCA60646 
 107      666B0095 
 107      7E7FC0FA 
 108 0303 44A28160 		.ascii	"D\242\201`$\034\216T\323lu\325\362@tm0\020\\\025\016"
 108      241C8E54 
 108      D36C75D5 
 108      F240746D 
 108      30105C15 
 109 0318 858391B5 		.ascii	"\205\203\221\265!\177\020d\264jcH_\266\272je\265-\262"
 109      217F1064 
 109      B46A6348 
 109      5FB6BA6A 
 109      65B52DB2 
 110 032c 624534B4 		.ascii	"bE4\264NV\2076\254\3035\277\000\301\203\223~"
 110      4E568736 
 110      ACC335BF 
 110      00C18393 
 110      7E
 111              		.text
 112              		.section	.gnu.lto_chCoreAllocAlignedWithOffset.abe576d,"",%progbits
 113 0000 789C8D55 		.ascii	"x\234\215U]LTW\020>s\317\275\273\313.,\310C\2334&]\222"
 113      5D4C5457 
 113      103E73CF 
 113      BDBBCB2E 
 113      2CC8439B 
 114 0018 12A4A1DC 		.ascii	"\022\244\241\334611\351C\177bL\352\003I\243OM\232P\335"
 114      363131E9 
 114      437F624C 
 114      EA0349A3 
 114      4F4D9A50 
 115 002d AEB209B0 		.ascii	"\256\262\011\260d\227\032\355\013\327\005AJ\353O\015"
 115      64971AED 
 115      0BD70541 
 115      4AEB4F0D 
 116 003d 0856BA14 		.ascii	"\010V\272\0244\"\026\004\004\024\225\237\212X\020\324"
 116      34221604 
 116      0414959F 
 116      8A5810D4 
 117 004d 8A6229DA 		.ascii	"\212b)\332j\375\251.\330\252\324Zme\355\314\271\027"
 117      6AFDA92E 
 117      D8AAD45A 
 117      6D65EDCC 
 117      B917
 118 005f 646163BD 		.ascii	"dac\275\331={\317\314|sf\276\2313\2530\211\365[\030"
 118      D93D7BCF 
 118      CC7C7366 
 118      BE9933AB 
 118      3089F55B 
 119 0074 BBC7185B 		.ascii	"\273\307\030[\202_01\220\266\234fl\275E\222\224[f\246"
 119      825F3031 
 119      90B69C66 
 119      6CBD4592 
 119      945B66A6 
 120 0088 5979ED09 		.ascii	"Yy\355\011\306\264hnle}+\203\242\233)\000\364\242Y\200"
 120      C6B4686E 
 120      6C657D2B 
 120      83A29B29 
ARM GAS  C:\Users\kiekensk\AppData\Local\Temp\cceyi99h.s 			page 9


 120      00F4A259 
 121 009d E5495C56 		.ascii	"\345I\\V \0176\363\355\034\316\0264\356\344\233x\200"
 121      200F36F3 
 121      ED1CCE16 
 121      34EEE49B 
 121      7880
 122 00af 3390717B 		.ascii	"3\220q{\357\324\216kv\332\0028H;v\263\300\226\274G\323"
 122      EFD48E6B 
 122      76DA0238 
 122      483B76B3 
 122      C096BC47 
 123 00c4 FC5AF7F6 		.ascii	"\374Z\367\366\021\353\366\374\015\357\005\270\304*\320"
 123      11EBF6FC 
 123      0DEF05B8 
 123      C42AD0
 124 00d3 BA16E6C3 		.ascii	"\272\026\346\303\036\230O\301\354\205d\264\255^?<\020"
 124      1E984FC1 
 124      EC8564B4 
 124      AD5E3F3C 
 124      10
 125 00e4 C35380E1 		.ascii	"\303S\200\341{Q}G\320\236\264[\340.\225r\355\225\000"
 125      7B517D47 
 125      D09EB45B 
 125      E02E9572 
 125      ED9500
 126 00f7 E750077C 		.ascii	"\347P\007|&\020E\014\366A\022\232o\371w\362\212\231"
 126      2610450C 
 126      F641129A 
 126      6FF977F2 
 126      8A99
 127 0109 BF21A0F9 		.ascii	"\277!\240\371\337\214v\311\006\364\217\272\227J\363"
 127      DF8C76C9 
 127      06F48FBA 
 127      974AF3
 128 0118 353C5286 		.ascii	"5<R\206og\203e\006\365\002|\177\333\350e;_$\300\177"
 128      6F678365 
 128      06F5027C 
 128      7FDBE865 
 128      3B5F24C0 
 129 012d B7B50E28 		.ascii	"\267\265\016(\006\370A\335\013:\230CC\204\223\367C\022"
 129      06F841DD 
 129      0B3A9843 
 129      438493F7 
 129      4312
 130 013f 2106BB8B 		.ascii	"!\006\273\213\367[\371[\002}ic\350\240\234X#\320\241"
 130      F75BF95B 
 130      027D6963 
 130      E8A09C58 
 130      23D0A1
 131 0152 BAF8ADF9 		.ascii	"\272\370\255\371Z\237&c\276\320\030\216\247\007\315"
 131      5A9F2663 
 131      BED0188E 
 131      A707CD
 132 0161 AF36854A 		.ascii	"\2576\205JcL24A\"1\202D4\203\011\030#Z\313n=\014\231"
 132      634C3234 
 132      41223182 
 132      44348309 
ARM GAS  C:\Users\kiekensk\AppData\Local\Temp\cceyi99h.s 			page 10


 132      18235ACB 
 133 0179 0D57BFD5 		.ascii	"\015W\277\325\331+\264\356\002G\004\016\350\201\003"
 133      D92BB4EE 
 133      0247040E 
 133      E88103
 134 0188 90481C5C 		.ascii	"\220H\034\\zt\324\306\337\021\201\\\177\\Zh1\320\277"
 134      7A74D4C6 
 134      DF11815C 
 134      7F5C5A68 
 134      31D0BF
 135 019b 7C1DF7A5 		.ascii	"|\035\367\245\021\210\002-\021\340\255\002\036\032\012"
 135      1188022D 
 135      11E0AD02 
 135      1E1A0A
 136 01aa DE550CC8 		.ascii	"\336U\014\310\365\255\\\333\245I\004\210\0209\264A\342"
 136      F5AD5CDB 
 136      A5490488 
 136      1039B441 
 136      E2
 137 01bb FE21E8D6 		.ascii	"\376!\350\326BO\212\220\245W\307[.\307\277(\001\225"
 137      424F8A90 
 137      A557C75B 
 137      2EC7BF28 
 137      0195
 138 01cd 02AB8E9C 		.ascii	"\002\253\216\234\312@\344(\304\261\211\0263-\026\021"
 138      CA40E428 
 138      C4B18916 
 138      332D1611 
 139 01dd 6714BE2A 		.ascii	"g\024\276*VZl$\214\246%\206\026;-\261\302w\234\010i"
 139      565A6C24 
 139      8CA62586 
 139      163B2DB1 
 139      C2779C08 
 140 01f2 1E19C533 		.ascii	"\036\031\3053\352\026\366\031\222C\315W\202\033\374"
 140      EA16F619 
 140      9243CD57 
 140      821BFC
 141 0201 E53740A2 		.ascii	"\3457@\242,w\237\034\352\262\361%\"\343\373\345M\265"
 141      2C779F1C 
 141      EAB2F125 
 141      22E3FBE5 
 141      4DB5
 142 0213 5146F877 		.ascii	"QF\370w*\026\354\310\037\370\\\253\362\307\005\270\011"
 142      2A16ECC8 
 142      1FF85CAB 
 142      F2C705B8 
 142      09
 143 0224 0E4648E1 		.ascii	"\016FH\341\220\310\271(\250u\310\324\254&p@;\352\306"
 143      90C8B928 
 143      A875C8D4 
 143      AC267040 
 143      3BEAC6
 144 0237 C07FF5CE 		.ascii	"\300\177\365\316\346\226\3130]\235\002\015\237\356m"
 144      E696CB30 
 144      5D9D020D 
 144      9FEE6D
 145 0246 1356519C 		.ascii	"\023VQ\234\012\016l\226\352\317\206\224\017\031\034"
ARM GAS  C:\Users\kiekensk\AppData\Local\Temp\cceyi99h.s 			page 11


 145      0A0E6C96 
 145      EACF8694 
 145      0F191C
 146 0255 269D345B 		.ascii	"&\2354[7^\261\340+Ng18B\006|F\325\031\034\305K\310\240"
 146      375EB1E0 
 146      2B4E6731 
 146      3842067C 
 146      46D5191C 
 147 026d 834A0EEC 		.ascii	"\203J\016\354\002\035Y\035h~hM\270\011\001\255\034\213"
 147      021D591D 
 147      687E684D 
 147      B80901AD 
 147      1C8B
 148 027f 6D26EBFA 		.ascii	"m&\353\372kG4\213\214\034@'$\210\256\271{\373\374E\011"
 148      6B47348B 
 148      8C1C4027 
 148      2488AEB9 
 148      7BFBFC45 
 149 0294 25D005B2 		.ascii	"%\320\005\262\010\232A\267\270z\265\235=7\242\023\306"
 149      089A41B7 
 149      B87AB59D 
 149      3D37A213 
 149      C6
 150 02a5 0CB4856C 		.ascii	"\014\264\205l'\032\232\207m\002\375\035\241\341\030"
 150      271A9A87 
 150      6D02FD1D 
 150      A1E118
 151 02b4 C8EC06F8 		.ascii	"\310\354\006\370\035\202\000F\257W\212\333\025\321v"
 151      1D820046 
 151      AF578ADB 
 151      15D176
 152 02c3 589C4ACC 		.ascii	"X\234J\314\200\264\264Gp\377\265c\343\322\234\026\234"
 152      80B4B447 
 152      70FFB563 
 152      E3D29C16 
 152      9C
 153 02d4 7393049F 		.ascii	"s\223\004\237=\204\346\204\256\272Y\312\015\007\367"
 153      3D84E684 
 153      AEBA59CA 
 153      0D07F7
 154 02e3 365E6D8A 		.ascii	"6^m\212\211\320\303\015\021\034\034'\0072\013B~Y\341"
 154      89D0C30D 
 154      111C1C27 
 154      07320B42 
 154      7E59E1
 155 02f6 175D19B3 		.ascii	"\027]\031\263\210\274\260\317J\026t\014\005j\324B\236"
 155      88BCB0CF 
 155      4A16740C 
 155      056AD442 
 155      9E
 156 0307 7989B071 		.ascii	"y\211\260q\250m\030\364\012ZO\200\251\222+\230\021\205"
 156      A86D18F4 
 156      0A5A4F80 
 156      A9922B98 
 156      1185
 157 0319 35E55597 		.ascii	"5\345U\227\222\002\201?\367\355\335'\006\227\014O\360"
 157      9202813F 
ARM GAS  C:\Users\kiekensk\AppData\Local\Temp\cceyi99h.s 			page 12


 157      F7EDDD27 
 157      06970C4F 
 157      F0
 158 032a 8985EF31 		.ascii	"\211\205\3571\226 \370G\012A\2673\033\320\307\205\305"
 158      9620F847 
 158      0A41B733 
 158      1BD0C785 
 158      C5
 159 033b 5C975804 		.ascii	"\\\227X\004\330\254\223tb\2124\013\241\016\007\037\365"
 159      D8AC9374 
 159      628A340B 
 159      A10E071F 
 159      F5
 160 034c 5875AB28 		.ascii	"Xu\253(\272\276\033\216\2351\223\363(\3210\355\355\267"
 160      BABE1B8E 
 160      9D3193F3 
 160      28D130ED 
 160      EDB7
 161 035e 2F9AF326 		.ascii	"/\232\363&5\013\012j\270~\373\307\006\207\217[\003P"
 161      350B0A6A 
 161      B87EFBC7 
 161      06878F5B 
 161      0350
 162 0370 09016E85 		.ascii	"\011\001n\205~\034\247}\304\005*6\035j,\266\250\365"
 162      7E1CA77D 
 162      C4052A36 
 162      1D6A2CB6 
 162      A8F5
 163 0382 94B883AE 		.ascii	"\224\270\203\256\340I\010@9\202Df0\000*\005\265s*J+"
 163      E0490840 
 163      39824466 
 163      30002A05 
 163      B5732A4A 
 164 0397 1EA833E7 		.ascii	"\036\2503\347\237(2d6\024\353I\033\202hL\005\305a\262"
 164      9F283264 
 164      3614EB49 
 164      1B82684C 
 164      05C561B2 
 165 03ab 18141B39 		.ascii	"\030\024\0339c\212\206\320.\322\216\321\275}\240\313"
 165      638A86D0 
 165      2ED28ED1 
 165      BD7DA0CB 
 166 03bb 6251FC34 		.ascii	"bQ\3744\3456J9V\017\241\276\353#\335$NXY\236Z\265\222"
 166      E5364A39 
 166      560FA1BE 
 166      EB23DD24 
 166      4E58599E 
 167 03d2 559C4ECC 		.ascii	"U\234N\314d\215]\267\232\367<L\014>\203\211S\202\011"
 167      648D5DB7 
 167      9AF73C4C 
 167      0C3E8389 
 167      538209
 168 03e5 3098388D 		.ascii	"0\2308\215L\\\207\202\221\236\205\323A\314\023\315T"
 168      4C5C8782 
 168      919E85D3 
 168      41CC13CD 
 168      54
ARM GAS  C:\Users\kiekensk\AppData\Local\Temp\cceyi99h.s 			page 13


 169 03f6 8275C37F 		.ascii	"\202u\303\177/.\224\347e\243*\024\217\256\225\331\256"
 169      2F2E94E7 
 169      65A32A14 
 169      8FAE95D9 
 169      AE
 170 0407 B7398656 		.ascii	"\2679\206V\026,\356\265\221\366y\342:\0239\256\2525"
 170      162CEEB5 
 170      91F679E2 
 170      3A1339AE 
 170      AA35
 171 0419 14D80F61 		.ascii	"\024\330\017a%:\013\252~X\011W\214y\345\257\032/\235"
 171      253A0BAA 
 171      7E580957 
 171      8C79E5AF 
 171      1A2F9D
 172 042c BE676CFA 		.ascii	"\276gl\372\226QC\317\330\035\017\333\265\206\355\332"
 172      965143CF 
 172      D81D0FDB 
 172      B586EDDA 
 173 043c C2764DFA 		.ascii	"\302vM\372N\2120\372*\377g\364\015\211\3217\335\240"
 173      4E8A30FA 
 173      2AFF67F4 
 173      0D89D137 
 173      DDA0
 174 044e 347DCE3D 		.ascii	"4}\316=k\364=\230\032}J\330\364:O\327l\316,\\\220\316"
 174      6BF43D98 
 174      1A7D4AD8 
 174      F43A4FD7 
 174      6CCE2C5C 
 175 0464 60988C4D 		.ascii	"`\230\214Msg\341\302JN\2073\2700w\026\376(.\355\310"
 175      7367E1C2 
 175      4A4E8733 
 175      B8307716 
 175      FE282EED 
 176 0479 8C59180A 		.ascii	"\214Y\030\012\374\332i\233\032s\347\304\230\373I\214"
 176      FCDA699B 
 176      1A73E7C4 
 176      98FB498C 
 177 0489 B9D9336D 		.ascii	"\271\3313mtz\246\221s\366;\316\264\222\216^\023\305"
 177      747AA691 
 177      73F63BCE 
 177      B4928E5E 
 177      13C5
 178 049b 5CC9E331 		.ascii	"\\\311\3431\343\277 \036R\347K\243O\256\000\376\322"
 178      E3BF201E 
 178      52E74BA3 
 178      4FAE00FE 
 178      D2
 179 04ac 448895FF 		.ascii	"D\210\225\377\251>\013\370\267\002T\036t\225\234\232"
 179      A93E0BF8 
 179      B702541E 
 179      74959C9A 
 180 04bc AAEA1F8F 		.ascii	"\252\352\037\217Ouz\262\262<\331\370\226\351^\251\372"
 180      4F757AB2 
 180      B23CD9F8 
 180      96E95EA9 
 180      FA
ARM GAS  C:\Users\kiekensk\AppData\Local\Temp\cceyi99h.s 			page 14


 181 04cd BC4ED599 		.ascii	"\274N\325\231\221\345\312rz\274\256T'\223}\356O]\312"
 181      91E5CA72 
 181      7ABCAE54 
 181      27937DEE 
 181      4F5DCA
 182 04e0 8A4CF7EA 		.ascii	"\212L\367\352l\223g\325*\237+\027r\344l\327\332\\\363"
 182      6C9367D5 
 182      2A9F2B17 
 182      72E46CD7 
 182      DA5CF3
 183 04f3 CA153ED7 		.ascii	"\312\025>\327\373^\367k\021\\\345x\274\271>\365\335"
 183      FB5EF76B 
 183      115CE578 
 183      BCB93EF5 
 183      DD
 184 0504 65698BD3 		.ascii	"ei\213\323\326\2427r\225\276fQVj\006{3\2025:#[uq\332"
 184      D6A23772 
 184      95BE6651 
 184      566A067B 
 184      3382353A 
 185 051d F2A5CBD5 		.ascii	"\362\245\313\325\305h\254.\315vf~\362\261Kuf\371\334"
 185      C568AC2E 
 185      CD76667E 
 185      F2B14B75 
 185      66F9DC
 186 0530 BEF4D54E 		.ascii	"\276\364\325N'B_\236\011\365\346\252\356)\233\014\337"
 186      27425F9E 
 186      09F5E6AA 
 186      EE299B0C 
 186      DF
 187 0541 3A1FEAE3 		.ascii	":\037\352\343\322\226/sPP9^w\212#\361u&y\231\031\023"
 187      D2962F73 
 187      5050395E 
 187      778A23F1 
 187      75267999 
 188 0557 F178D7B1 		.ascii	"\361x\327\261\377\000\355]\005\323"
 188      FF00ED5D 
 188      05D3
 189              		.text
 190              		.section	.gnu.lto_chCoreGetStatusX.abe576d,"",%progbits
 191 0000 789C8D90 		.ascii	"x\234\215\220\273N\002Q\020\206g\366\354\015\215\372"
 191      BB4E0251 
 191      108667F6 
 191      EC0D8DFA 
 192 0010 0052D012 		.ascii	"\000R\320\022\023\366A|\0137$\222\270n\002\017\300\021"
 192      13F6417C 
 192      0B372492 
 192      B86E020F 
 192      C011
 193 0022 2F044CD0 		.ascii	"/\004L\320F\301\013nA\014\240\"`%T\304\330\230x\203"
 193      46C10B6E 
 193      410CA022 
 193      602554C4 
 193      D8987883 
 194 0036 C442EDB4 		.ascii	"\304B\355\264\302h\241\265\2423\256\225\205q\263{\316"
 194      C268A1B5 
 194      A233AE95 
ARM GAS  C:\Users\kiekensk\AppData\Local\Temp\cceyi99h.s 			page 15


 194      8571B37B 
 194      CE
 195 0047 CC7FE6CC 		.ascii	"\314\177\346\314\367\357h\240@\027\001&\000`\234>\024"
 195      F7EF68A0 
 195      40170126 
 195      00609C3E 
 195      14
 196 0058 80CAEA25 		.ascii	"\200\312\352%\300\234\251 r M\204\244\202I\\\021y\201"
 196      C09CA920 
 196      72204D84 
 196      A482495C 
 196      117981
 197 006b DD85C6B6 		.ascii	"\335\205\306\266\310\011\217\312TJ_/6\037G9E\014Q\272"
 197      C8098FCA 
 197      544A5F2F 
 197      361F4739 
 197      450C51BA 
 198 007f 257B1923 		.ascii	"%{\031#\\\2262%;\371\235\341\302\321\265\014xB\201\015"
 198      5C963225 
 198      3BF99DE1 
 198      C2D1B50C 
 198      7842810D 
 199 0093 2AAF6010 		.ascii	"*\257`\020\313\030dF\025\303@\325\017\315\301\332\210"
 199      CB186446 
 199      15C340D5 
 199      0FCDC1DA 
 199      88
 200 00a4 AEF22989 		.ascii	"\256\362)\211{\250\223\017\250\367\260#\007\237i\331"
 200      7BA8930F 
 200      A8F7B023 
 200      079F69D9 
 201 00b4 792F616B 		.ascii	"y/ak\322T\300\023B\320\242\252\034i\034\351\274\030"
 201      D254C013 
 201      42D0A2AA 
 201      1C691CE9 
 201      BC18
 202 00c6 C09D214B 		.ascii	"\300\235!K\227\331\3462%\264\213>\246\332\375\273\335"
 202      97D9E632 
 202      25B48B3E 
 202      A6DAFDBB 
 202      DD
 203 00d7 31EE5714 		.ascii	"1\356W\024\012a\326\027O\256\014\366\250!S[\255\347"
 203      0A61D617 
 203      4FAE0CF6 
 203      A821535B 
 203      ADE7
 204 00e9 7B23F921 		.ascii	"{#\371!M\022JL&\355\351\374\346t\310\303\"zB\307\003"
 204      4D124A4C 
 204      26EDE9FC 
 204      E674C8C3 
 204      227A42C7 
 205 00fe FAD77D36 		.ascii	"\372\327}6J\007\271\343F\306\264j\222\236\020\321\261"
 205      4A07B9E3 
 205      46C6B46A 
 205      929E10D1 
 205      B1
 206 010f 861E16F8 		.ascii	"\206\036\026\370\022\340!Z@\260\267\364m\300g\011\302"
ARM GAS  C:\Users\kiekensk\AppData\Local\Temp\cceyi99h.s 			page 16


 206      12E0215A 
 206      40B0B7F4 
 206      6DC06709 
 206      C2
 207 0120 B1D23E8B 		.ascii	"\261\322>\213\371\202\372\037Z\375\017Z\343\233\306"
 207      F982FA1F 
 207      5AFD0F5A 
 207      E39BC6
 208 012f 53C1E66F 		.ascii	"S\301\346o\232F\375I\231/,\241/\370\0164\277\252*|\321"
 208      9A46FD49 
 208      992F2CA1 
 208      2FF80E34 
 208      BFAA2A7C 
 209 0144 201D5E30 		.ascii	" \035^0\025\372I\331y\226:\322\244hv\341H\304\362_7"
 209      15FA49D9 
 209      79963AD2 
 209      A46876E1 
 209      48C4F25F 
 210 0159 61D9AEE3 		.ascii	"a\331\256\343\270\263\024\315\304\246\254D\334\266\354"
 210      B8B314CD 
 210      C4A6AC44 
 210      DCB6EC
 211 0168 6927EAD8 		.ascii	"i'\352\330n<\032\261\341\013H)\235\202"
 211      6E3C1AB1 
 211      E10B4829 
 211      9D82
 212              		.text
 213              		.section	.gnu.lto_.symbol_nodes.abe576d,"",%progbits
 214 0000 789C6365 		.ascii	"x\234ce`bHf\000\002\246%L\365\014\014\023\31610\000"
 214      60624866 
 214      0002A625 
 214      4CF50C0C 
 214      13CE3130 
 215 0015 A95D0D8E 		.ascii	"\251]\015\216\014\014\254\213\231\030\032\225\200R\254"
 215      0C0CAC8B 
 215      99181A95 
 215      8052AC
 216 0024 2B981815 		.ascii	"+\230\030\025@\364J&&\020\315\264\224\251\236\021E)"
 216      40F44A26 
 216      2610CDB4 
 216      94A99E11 
 216      4529
 217 0036 D332A67A 		.ascii	"\3232\246z&T\221\345L\365\314(\"\014\000\026\251\025"
 217      265491E5 
 217      4CF5CC28 
 217      220C0016 
 217      A915
 218 0048 62       		.ascii	"b"
 219              		.text
 220              		.section	.gnu.lto_.refs.abe576d,"",%progbits
 221 0000 789C1DC8 		.ascii	"x\234\035\310A\012\300 \024\304\320d\276\272\352\242"
 221      410AC020 
 221      14C4D064 
 221      BEBAEAA2 
 222 0010 20081EA2 		.ascii	" \010\036\242\367\277^\305M\340\245\023>\240\241&7\225"
 222      F7BF5EC5 
 222      4DE0A513 
ARM GAS  C:\Users\kiekensk\AppData\Local\Temp\cceyi99h.s 			page 17


 222      3EA0A126 
 222      3795
 223 0022 3A1CF8EA 		.ascii	":\034\370\352\254\216\017.\3359K,~\026\224\000\325"
 223      AC8E0F2E 
 223      DD394B2C 
 223      7E169400 
 223      D5
 224              		.text
 225              		.section	.gnu.lto_.decls.abe576d,"",%progbits
 226 0000 789CAD56 		.ascii	"x\234\255V}PT\327\025\177\347\335e\201e\2270\350t\234"
 226      7D5054D7 
 226      157FE7DD 
 226      65816597 
 226      30E8749C 
 227 0014 1653C731 		.ascii	"\026S\3071#I\307E\253\323\244\376\321\321:mt\246\326"
 227      2349C745 
 227      ABD3A4FE 
 227      D1D13A6D 
 227      74A6D6
 228 0027 4CA8367F 		.ascii	"L\2506\177\320\276Y\2275\354da\035\366\321\304\366\217"
 228      D0BE5997 
 228      35EC6461 
 228      1DF6D1C4 
 228      F68F
 229 0039 BE559610 		.ascii	"\276U\226\020\265F\215\037\021\210\256\350(\210\012"
 229      B5468D1F 
 229      1188AEE8 
 229      28880A
 230 0048 468251C4 		.ascii	"F\202Q\304\254\370\011J\004,~!\037\"~4~\360\245\"!J"
 230      ACF8094A 
 230      042C7E21 
 230      1F227E34 
 230      7EF0A522 
 231 005e CFFD58DE 		.ascii	"\317\375X\336\272\001g:\3237\234\345\336\363\316\371"
 231      BA01673A 
 231      D3379CE5 
 231      DEF3CEF9 
 232 006e 9DDF39F7 		.ascii	"\235\3379\367\334{_\204$K7\314\222\364\013\"I;A\222"
 232      DC7B5F84 
 232      244B37CC 
 232      92F40B22 
 232      493B4192 
 233 0082 86F08990 		.ascii	"\206\360\211\220$i\237\244?\006\224\375(\225(U(\001"
 233      24699FA4 
 233      3F0694FD 
 233      28952855 
 233      2801
 234 0094 1434972E 		.ascii	"\0244\227.\241\\Ei\226^|\376\2028F\374\277\010\345\012"
 234      A15C4569 
 234      965E7CFE 
 234      823846FC 
 234      BF08E50A 
 235 00a8 CA759426 		.ascii	"\312u\224&\224:\224\026\024\031\245\001\345\002\012"
 235      943A9416 
 235      1419A501 
 235      E5020A
 236 00b7 08EC97E1 		.ascii	"\010\354\227\341}\210FQ\370?\036e,\312B\224\012\224"
ARM GAS  C:\Users\kiekensk\AppData\Local\Temp\cceyi99h.s 			page 18


 236      7D884651 
 236      F83F1E65 
 236      2CCA4294 
 236      0A94
 237 00c9 05023388 		.ascii	"\005\0023\210\037\216[)t\367\005v\350\363\0174\210y"
 237      1F8E5B29 
 237      74F70576 
 237      E8F30F34 
 237      8879
 238 00db 09661FCA 		.ascii	"\011f\037\312\023\224\301Q\360#E-\236\241\014\241D\000"
 238      1394C151 
 238      F023452D 
 238      9EA10CA1 
 238      4400
 239 00ed 8F1789FF 		.ascii	"\217\027\211\377\243\201\307\017\217\351\005\356\027"
 239      A381C70F 
 239      8FE905EE 
 239      17
 240 00fa 8C592162 		.ascii	"\214Y!b\275\023\026\343\202\210\003\242\326#am&P\361"
 240      BD1316E3 
 240      828803A2 
 240      D623616D 
 240      2650F1
 241 010d AF935572 		.ascii	"\257\223Ur+\\\007\364\2018\246\005\340\277\300\204M"
 241      2B5C07F4 
 241      8138A605 
 241      E0BFC084 
 241      4D
 242 011e 87820F00 		.ascii	"\207\202\017\000\323\243V\226\004\301\240\012\202\036"
 242      D3A35696 
 242      04C1A00A 
 242      821E
 243 012c 622E8BA9 		.ascii	"b.\213\251, \331\237p\206\020D\376\232G\012>\234/\037"
 243      2C20D99F 
 243      70861044 
 243      FE9A470A 
 243      3E9C2F1F 
 244 0140 30B7A037 		.ascii	"0\267\2407\310z\000\200P\207\020@N[\274\037\346'\351"
 244      C87A0080 
 244      50871040 
 244      4E5BBC1F 
 244      E627E9
 245 0153 C94130FB 		.ascii	"\311A0\373\236-\347o\233\332\240\205j\375\263\200\351"
 245      9E2DE76F 
 245      9BDAA085 
 245      6AFDB380 
 245      E9
 246 0164 BE3B707D 		.ascii	"\276;p}{,\221\201\216\333\006\212~o\335\253\361'j\274"
 246      7B2C9181 
 246      8EDB068A 
 246      7E6FDDAB 
 246      F1276ABC 
 247 0178 5EB65343 		.ascii	"^\266SC\375\201W\326\020\2107\201\214\323\306\356\363"
 247      FD8157D6 
 247      10883781 
 247      8CD3C6EE 
 247      F3
ARM GAS  C:\Users\kiekensk\AppData\Local\Temp\cceyi99h.s 			page 19


 248 0189 5FC4E074 		.ascii	"_\304\340t\254\011\342p\372\324\333t\3344n\023\363Z"
 248      AC09E270 
 248      FAD4DB74 
 248      DC346E13 
 248      F35A
 249 019b A1C5C9B0 		.ascii	"\241\305\311\260\350'\260\027\022\240\004\0220\370>"
 249      E827B017 
 249      12A00412 
 249      30F83E
 250 01aa 1887BF8B 		.ascii	"\030\207\277\213\015\034\251\305\277\373\240q\242_\363"
 250      0D1CA9C5 
 250      BFFBA071 
 250      A25FF3
 251 01b9 B76B81FE 		.ascii	"\267k\201\376\3027n|\251i>t3P3(\006\002{\300J)\343\020"
 251      C2376E7C 
 251      A9693E74 
 251      33503328 
 251      06027BC0 
 252 01d1 7F8BA00D 		.ascii	"\177\213\240\015`7\264bB\373a\"\272\373j\257\250d\026"
 252      6037B462 
 252      42FB6122 
 252      BAFB6AAF 
 252      A86416
 253 01e4 23DB72B6 		.ascii	"#\333r\266\270\204 \211\005&\240ux\005U\245\367\017"
 253      B8842089 
 253      0526A075 
 253      780555A5 
 253      F70F
 254 01f6 0F58B88A 		.ascii	"\017X\270\212Z\354\034\350:d&\177e\343\206\354\262\002"
 254      5AEC1CE8 
 254      3A64267F 
 254      65E386EC 
 254      B202
 255 0208 C23330D0 		.ascii	"\30230\320J\324\345\335\214\345\031L\330L\344\206\252"
 255      4AD4E5DD 
 255      8CE5194C 
 255      D84CE486 
 255      AA
 256 0219 0737A220 		.ascii	"\0077\242 \321\264\213\246\020\350*\230X\331\252i\023"
 256      D1B48BA6 
 256      10E82A98 
 256      58D9AA69 
 256      13
 257 022a A0024CF0 		.ascii	"\240\002L\360\245\316i\201\011\177s5m\271\266v\205\026"
 257      A5CE6981 
 257      097F7335 
 257      6DB9B676 
 257      8516
 258 023c 3D578272 		.ascii	"=W\202rL\362 &\011_A\"\015J\355\340\000*\313P\211Q\266"
 258      4CF22026 
 258      095F4122 
 258      0D4AEDE0 
 258      002ACB50 
 259 0253 567779CD 		.ascii	"Vwy\315\006\332j\024\011K\200\272M\027\275\271\204\351"
 259      06DA6A14 
 259      094B80BA 
 259      4D17BDB9 
ARM GAS  C:\Users\kiekensk\AppData\Local\Temp\cceyi99h.s 			page 20


 259      84E9
 260 0265 D0E11030 		.ascii	"\320\341\0200]\273\277\343\206<l\3675W\036\336\370\370"
 260      5DBBBFE3 
 260      863C6CF7 
 260      35571EDE 
 260      F8F8
 261 0277 7A6C6855 		.ascii	"zlhU\027\232C\252z\204U\3650\210\262\236=Z\260\237`"
 261      179A43AA 
 261      7A8455F5 
 261      3088B29E 
 261      3D5AB09F 
 262 028c 59DB6959 		.ascii	"Y\333iY\227\317\354\341e]n\240vP\252\247P\032^\326J"
 262      97CFECE1 
 262      655D6EA0 
 262      7650AAA7 
 262      501A5ED6 
 263 02a1 56D64BF7 		.ascii	"V\326K\367\016\355\006r\012X\251\276\332\237_l\021X"
 263      0EED0672 
 263      0A58A9BE 
 263      DA9F5F6C 
 263      1158
 264 02b3 1D6F6CD1 		.ascii	"\035ol\321\002\313\221\201\314\220\216\352HG\303\221"
 264      02CB9181 
 264      CC908EEA 
 264      4847C391 
 265 02c3 AA185269 		.ascii	"\252\030RiOY~$\351\340H\033\217\227z#CS\240\351\351"
 265      4F597E24 
 265      E9E0481B 
 265      8F977A23 
 265      4353A0E9 
 266 02d8 397CF342 		.ascii	"9|\363Bg|Z\335\344'\2423\236\357\215[\267B+B7\277L\315"
 266      677C5ADD 
 266      E427A233 
 266      9EEF8D5B 
 266      B7422B42 
 267 02f0 E0981EF8 		.ascii	"\340\230\036\370Xx\340\000\013\374\371\335[\001\023"
 267      5878E000 
 267      0BFCF9DD 
 267      5B0113
 268 02ff E9E381F3 		.ascii	"\351\343\201\363*\037\325F\360\325\216\302\351\241\207"
 268      2A1FD546 
 268      F0D58EC2 
 268      E9A187
 269 030e 25872C7C 		.ascii	"%\207,|\265\003\254\347W=>(\223\347\334\266\324\327"
 269      B503ACE7 
 269      573D3E28 
 269      93E7DCB6 
 269      D4D7
 270 0320 591C852F 		.ascii	"Y\034\205/\023\260\217 \244\211\022x\023\225\007\372"
 270      13B08F20 
 270      A4891278 
 270      139507FA 
 271 0330 F619480E 		.ascii	"\366\031H\016\333 rEyg\236i\270O\316\324Z}\037\323\322"
 271      DB207245 
 271      79679E69 
 271      B84FCED4 
 271      5A7D1FD3 
ARM GAS  C:\Users\kiekensk\AppData\Local\Temp\cceyi99h.s 			page 21


 272 0345 D4605A67 		.ascii	"\324`Zgt\206\011\303}\322]\250\221q\022LO\200\251\330"
 272      748609C3 
 272      7DD25DA8 
 272      9171124C 
 272      4F80A9D8 
 273 0359 2567B14B 		.ascii	"%g\261K\022D\227\234\306*\234\342]R\274\255\350\244"
 273      1244979C 
 273      C62A9CE2 
 273      5D52BCAD 
 273      E8A4
 274 036b 85F4F208 		.ascii	"\205\364\362\010[6\036/\217\035\216p\271m\342A\037\215"
 274      5B361E2F 
 274      8F1D8E70 
 274      B96DE241 
 274      1F8D
 275 037d 701E23D4 		.ascii	"p\036#\324\352\0210\340\310!\316\215\034\342\342\340"
 275      EA1130E0 
 275      C821CE8D 
 275      1CE2E2E0 
 276 038d FA1ED9BC 		.ascii	"\372\036\331\274r\270u\031^\260{%\250\003s\360\204\330"
 276      72B87519 
 276      5EB07B25 
 276      A80373F0 
 276      84D8
 277 039f 78F53342 		.ascii	"x\3653B\032\010\345b(\312>\220\023\011\223\306LJ,\244"
 277      1A08E562 
 277      28CA3E90 
 277      130993C6 
 277      4C4A2CA4 
 278 03b3 9E813383 		.ascii	"\236\2013\2033\362\277\356\324\264\365f\352\001\337"
 278      33F2BFEE 
 278      D4B4F566 
 278      EA01DF
 279 03c2 229F7A18 		.ascii	"\"\237z\030\243\357\202$\212UN\021\245u\224\376ZM\233"
 279      A3EF8224 
 279      8A554E11 
 279      A57594FE 
 279      5A4D9B
 280 03d5 6590E004 		.ascii	"e\220\340\004\276\257fq\2505R\203Fd\331\000\223\340"
 280      BEAF6671 
 280      A8355283 
 280      4664D900 
 280      93E0
 281 03e7 024C6227 		.ascii	"\002Lb'\014\207\257\375\031\366Z6a\330'G\304\236F\241"
 281      0C87AFFD 
 281      19F65A36 
 281      61D82747 
 281      C49E46A1 
 282 03fb 79651EE6 		.ascii	"ye\036\346\305{5\015\250\221$\252\"R\250?q-\227\220"
 282      C57B350D 
 282      A89124AA 
 282      2252A83F 
 282      712D9790 
 283 040f 1C032BE7 		.ascii	"\034\003+\347\201c\233\257\030 q\014wz\222o\304s\015"
 283      81639BAF 
 283      1820710C 
 283      777A926F 
ARM GAS  C:\Users\kiekensk\AppData\Local\Temp\cceyi99h.s 			page 22


 283      C4730D
 284 0422 9A10F8A2 		.ascii	"\232\020\370\242^L\01212c\3707\022\035\2154\206\312"
 284      5E4C0A31 
 284      3263F837 
 284      121D8D34 
 284      86CA
 285 0434 ED6E1E90 		.ascii	"\355n\036\220_\333\241\371\003\270\353\252_\315\307"
 285      5FDBA1F9 
 285      03B8EBAA 
 285      5FCDC7
 286 0443 8D12CDD0 		.ascii	"\215\022\315\320\217s\364\220\324\217\263\256\275\004"
 286      8F73F490 
 286      D48FB3AE 
 286      BD04
 287 0451 AFA1DBE5 		.ascii	"\257\241\333\345\316\362\003@\3262\206\260\355T\223"
 287      CEF20340 
 287      D63286B0 
 287      ED5493
 288 0460 2F3A7EAD 		.ascii	"/:~\255\210>\001\350\322\260\223\373\012\304\017\347"
 288      883E01E8 
 288      D2B093FB 
 288      0AC40FE7 
 289 0470 D47CA9F0 		.ascii	"\324|\251\360j\014\006j\307$Z\363\306\256\327\374\343"
 289      6A0C066A 
 289      C7245AF3 
 289      C6AED7FC 
 289      E3
 290 0481 E87BB84C 		.ascii	"\350{\270LQ\2511\033\300U\006\377xe\337-\013\331\312"
 290      51A9311B 
 290      C05506FF 
 290      7865DF2D 
 290      0BD9CA
 291 0494 E1FB72CA 		.ascii	"\341\373r\312\252\"\204g\307O\275Z50\307kAG6\200f\346"
 291      AA228467 
 291      C74FBD5A 
 291      3530C76B 
 291      41473680 
 292 04aa D8F14DCF 		.ascii	"\330\361M\317\315\350\320.i\012Y\001\011/M\326%\364"
 292      CDE8D02E 
 292      690A5901 
 292      092F4DD6 
 292      25F4
 293 04bc 3F1AEF68 		.ascii	"?\032\357h\274\245A\2501\205\325\215[\204q\0133\336"
 293      BCA541A8 
 293      3185D58D 
 293      5B84710B 
 293      33DE
 294 04ce D036901B 		.ascii	"\3206\220\033KJ8\245#+J\312,|s\276\212\323\234u\035"
 294      4B4A38A5 
 294      232B4ACA 
 294      2C7C73BE 
 294      8AD39C75 
 295 04e3 3BC451DC 		.ascii	";\304Q\334M\367\337\366\272\276M&r\230\333\026\336\255"
 295      4DF7DFF6 
 295      BABE4D26 
 295      7298DB16 
 295      DEAD
ARM GAS  C:\Users\kiekensk\AppData\Local\Temp\cceyi99h.s 			page 23


 296 04f5 AB111B79 		.ascii	"\253\021\033y<Nk\2759\201\010S.+\026\013\032\037\332"
 296      3C4E6BBD 
 296      39810853 
 296      2E2B160B 
 296      1A1FDA
 297 0508 C63769E5 		.ascii	"\3067i\345\260S\240\203w}\323\323\252\357\315\244\232"
 297      B053A083 
 297      777DD3D3 
 297      AAEFCDA4 
 297      9A
 298 0519 2119DA77 		.ascii	"!\031\332w\364\3363Bb\002\200\011eW\360\222\223\340"
 298      F4DE3342 
 298      62028009 
 298      6557F092 
 298      93E0
 299 052b 0E6E854E 		.ascii	"\016n\205NQ\016|\3624\204\357\376'U\217\264\301na\027"
 299      510E7CF2 
 299      3484EFFE 
 299      27558FB4 
 299      C16E6117 
 300 053f DC6171EE 		.ascii	"\334aq\356b\334\333\030(\017;\212j0\340\336\243\237"
 300      62DCDB18 
 300      280F3B8A 
 300      6A30E0DE 
 300      A39F
 301 0551 5C3486AE 		.ascii	"\\4\206\256%\305nG\2736\306\357?tE9Kj\275\266n{~\264"
 301      25C56E47 
 301      BB36C6EF 
 301      3F744539 
 301      4B6ABDB6 
 302 0569 49C4C87D 		.ascii	"I\304\310}i\014\264\256\333\320\321f\010\305\376\356"
 302      690CB4AE 
 302      DBD0D166 
 302      08C5FEEE 
 303 0579 65D8B7AA 		.ascii	"e\330\267\252\267\326\320e\257\307\316|\262\325\350"
 303      B7D6D065 
 303      AFC7CE7C 
 303      B2D5E8
 304 0588 F507BC13 		.ascii	"\365\007\274\023\340\036\256\320\015\354L<\363C<[Q\363"
 304      E01EAED0 
 304      0DEC4C3C 
 304      F3433C5B 
 304      51F3
 305 059a 27FCBCB9 		.ascii	"'\374\274\271\317z x\253N\376\361\255:\231\037\210\215"
 305      CF7A2078 
 305      AB4EFEF1 
 305      AD3A991F 
 305      888D
 306 05ac 9FF6EE8C 		.ascii	"\237\366\356\214$g\370\376\332R{\031\353\253\037\210"
 306      2467F8FE 
 306      DA527B19 
 306      EBAB1F88 
 307 05bc BFD9D24B 		.ascii	"\277\331\322K\311\365 \267.}\207M\036\365\342\354\306"
 307      C9F520B7 
 307      2E7D874D 
 307      1EF5E2EC 
 307      C6
ARM GAS  C:\Users\kiekensk\AppData\Local\Temp\cceyi99h.s 			page 24


 308 05cd 54278BF3 		.ascii	"T'\213\363\352!*\037\210#q\347\272B#i\3441N\037k\306"
 308      EA212A1F 
 308      882371E7 
 308      BA422369 
 308      E4314E1F 
 309 05e3 3D6C4A1C 		.ascii	"=lJ\034\021\340\321\010\000\303g\347ivv\366!\231^\235"
 309      11E0D108 
 309      00C367E7 
 309      697676F6 
 309      21995E9D 
 310 05f7 4C0FAB11 		.ascii	"L\017\253\021\325b\240\225\025\027[\015\2436\324\343"
 310      D562A095 
 310      15175B0D 
 310      A336D4E3 
 311 0607 60434D65 		.ascii	"`CMe\254V?h\370\334\034\276\274\372u\366\204-\301c\016"
 311      AC563F68 
 311      F8DC1CBE 
 311      BCFA75F6 
 311      842DC163 
 312 061c 8F13F4E8 		.ascii	"\217\023\364\350\034\334w$\226\267\257\021\247\375\245"
 312      1CDC7724 
 312      96B7AF11 
 312      A7FDA5
 313 062b FE6F2DA3 		.ascii	"\376o-\243F{\032\214\326\317\213\360h\245\257_|\262"
 313      467B1A8C 
 313      D6CF8BF0 
 313      68A5AF5F 
 313      7CB2
 314 063d 44E2B4E8 		.ascii	"D\342\264\350v\301\0323\337'o\321#\241~\357iK8\231\357"
 314      76C11A33 
 314      DF276FD1 
 314      23A17EEF 
 314      694B3899 
 315 0652 116C8081 		.ascii	"\021l\200\201\01522O9\231AFf\265o\2177\2224\363\215"
 315      0D32324F 
 315      39994146 
 315      66B56F8F 
 315      379234F3 
 316 0667 55B361D7 		.ascii	"U\263a\327\0063\336\266\001\274m\357\025\220\232\222"
 316      0633DEB6 
 316      01BC6DEF 
 316      15909A92 
 317 0677 1CAD1E6F 		.ascii	"\034\255\036o\333\271\354{\015~\320\313\365C\370u\373"
 317      DBB9EC7B 
 317      0D7ED0CB 
 317      F543F875 
 317      FB
 318 0688 8C5DB7BB 		.ascii	"\214]\267\273\372\237\256\212%\276\010\006\346{\326"
 318      FA9FAE8A 
 318      25BE0806 
 318      E67BD6
 319 0697 DB1E2BC0 		.ascii	"\333\036+\300\006\213\311\236\203xI\340\311\220\015"
 319      068BC99E 
 319      837849E0 
 319      C9900D
 320 06a6 FCB3EEB9 		.ascii	"\374\263\356\271\216\366<\034m\210\241]\276]\235J\252"
 320      8EF63C1C 
ARM GAS  C:\Users\kiekensk\AppData\Local\Temp\cceyi99h.s 			page 25


 320      6D88A15D 
 320      BE5D9D4A 
 320      AA
 321 06b7 38D89E7D 		.ascii	"8\330\236}[\313b\3119>YU}\242\300\210_F\340\225\011"
 321      5BCB62C9 
 321      393E5955 
 321      7DA2C088 
 321      5F46E095 
 322 06cc EFECEA81 		.ascii	"\357\354\352\201\2668\366\251\3247\374Iu\262\254\344"
 322      B638F6A9 
 322      D437FC49 
 322      75B2ACE4 
 323 06dc 59ECA8DF 		.ascii	"Y\354\250\337\237\3312\375\312X!\213\317\214\333\371"
 323      9FD932FD 
 323      CA58218B 
 323      CF8CDBF9 
 324 06ec 9BCA6204 		.ascii	"\233\312b\004\327\013\225\344Ji\363j\315\357\325f\235"
 324      D70B95E4 
 324      4A69F36A 
 324      CDEFD566 
 324      9D
 325 06fd 95A92568 		.ascii	"\225\251%h\262\340\012\313e\003\235\275H\327'S\272\365"
 325      B2E00ACB 
 325      65039DBD 
 325      48D72753 
 325      BAF5
 326 070f 0F2B57C7 		.ascii	"\017+W\307\220\015FF\261({\315\220Q\000v\025\220\226"
 326      900D4646 
 326      B1287BCD 
 326      90510076 
 326      159096
 327 0722 55E738E0 		.ascii	"U\3478\340\\\226{\216<\234{N8\330\307\014\254}\333\235"
 327      5C967B8E 
 327      3C9C7B4E 
 327      38D8C70C 
 327      AC7DDB9D 
 328 0736 CF2CC4CF 		.ascii	"\317,\304\317\301\316\035\333\321\024\241W\362ZX%su"
 328      C1CE1DDB 
 328      D114A157 
 328      F25A5825 
 328      7375
 329 0748 B4DC70B4 		.ascii	"\264\334p\264O\344\211\222I\261\2733\035\2123\303\251"
 329      4FE48992 
 329      49B1BB33 
 329      1D8A33C3 
 329      A9
 330 0759 46BDFDC7 		.ascii	"F\275\375\307\205\023\346L\233&\275n\265&\361?\267'"
 330      8513E64C 
 330      9B26BD6E 
 330      B526F13F 
 330      B727
 331 076b C9EE4E4F 		.ascii	"\311\356NOwg\340\310\345\\\234\344\311\264'\331\323"
 331      7767E0C8 
 331      E55C9CE4 
 331      C9B427D9 
 331      D3
 332 077c D21DE9D4 		.ascii	"\322\035\351\324\311j\227\306\333\323\346\340h\266\313"
ARM GAS  C:\Users\kiekensk\AppData\Local\Temp\cceyi99h.s 			page 26


 332      C96A97C6 
 332      DBD3E6E0 
 332      68B6CB
 333 078b E5B6CF76 		.ascii	"\345\266\317v9\337\317p\244\376\331\251\246-X\262\304"
 333      39DFCF70 
 333      A4FED9A9 
 333      A62D58B2 
 333      C4
 334 079c E350E719 		.ascii	"\343P\347\031=\316\277;\024U\261\317L\261\251n\227\313"
 334      3DCEBF3B 
 334      1455B1CF 
 334      4CB1A96E 
 334      97CB
 335 07ae 694F5133 		.ascii	"iOQ3\263\034\0365+\325\351V\226\2703\025\217\232>\375"
 335      B31C1E35 
 335      2BD5E956 
 335      96B83315 
 335      8F9A3EFD 
 336 07c2 97CAAFAD 		.ascii	"\227\312\257\255S\255SSl\231\351\252\333\355"
 336      53AD5353 
 336      6C99E9AA 
 336      DBED
 337 07d0 F2A460A0 		.ascii	"\362\244`\240\224\367\355v\252\230\"\374\2468l\213\235"
 337      94F7ED76 
 337      AA9822FC 
 337      A6386C8B 
 337      9D
 338 07e1 29BFB24E 		.ascii	")\277\262N\267NKqf\330]Y\251\216\024\217\232\232\352"
 338      B74E4B71 
 338      66D85D59 
 338      A98E148F 
 338      9A9AEA
 339 07f4 58624D93 		.ascii	"XbM\223\022^F\"\216\277|\333\241&\25365\313\363\236"
 339      125E4622 
 339      8EBF7CDB 
 339      A126AB36 
 339      35CBF39E 
 340 0808 C99EA688 		.ascii	"\311\236\246\210\004\"3\034\037\2518\216V\224,g\206"
 340      0422331C 
 340      1FA9388E 
 340      56942C67 
 340      86
 341 0819 FA96A2DA 		.ascii	"\372\226\242\332\376G\252?\242\030$\227n\263\24793\034"
 341      FE47AA3F 
 341      A2182497 
 341      6EB3A739 
 341      331C
 342 082b 290A52B4 		.ascii	")\012R\264e\271TE]\266\324\341A\262\221\"\322\242\377"
 342      65B95445 
 342      5DB6D4E1 
 342      41B29122 
 342      D2A2FF
 343 083e 5724CF32 		.ascii	"W$\3172O\012\272\244\",\302\033\035\031\251\230\321"
 343      4F0ABAA4 
 343      222CC21B 
 343      1D19A998 
 343      D1
ARM GAS  C:\Users\kiekensk\AppData\Local\Temp\cceyi99h.s 			page 27


 344 084f 94515750 		.ascii	"\224QWP\270\205\254b\232\024-\206\212jQ\2244\207m\251"
 344      B885AC62 
 344      9A142D86 
 344      8A6A5194 
 344      34876DA9 
 345 0863 B2D8E671 		.ascii	"\262\330\346q(\212Y\314\020SQ\360\325\222\254\014\273"
 345      288A59CC 
 345      105351F0 
 345      D592AC0C 
 345      BB
 346 0874 A258DF9C 		.ascii	"\242X\337\234>cFTpf\260\247\3312M\274\200\310Z\215\012"
 346      3E634654 
 346      7066B0A7 
 346      D9324DBC 
 346      80C85A8D 
 347 0889 0EA2ED69 		.ascii	"\016\242\355i\311\313<\177p\333?\370y(\231L5\204\002"
 347      C9CB3C7F 
 347      70DB3FF8 
 347      7928994C 
 347      358402
 348 089c 72A7E197 		.ascii	"r\247\341\227\2723U\005\027\357\203\221h\323\227\236"
 348      BA335505 
 348      17EF8391 
 348      68D3979E 
 349 08ac A4D9EFCE 		.ascii	"\244\331\357\316\2373\377#ta<\377\366f:\372!#\\`\345"
 349      9F33FF23 
 349      74613CFF 
 349      F6663AFA 
 349      21235C60 
 350 08c1 B7B3937F 		.ascii	"\267\263\223\177\367\316\273\363,6\327\207\266e\036"
 350      F7CEBBF3 
 350      2C36D787 
 350      B6651E
 351 08d0 EC641716 		.ascii	"\354d\027\026~\346\010H\270\330\024'i\316\374\344y\311"
 351      7EE60848 
 351      B8D81427 
 351      69CEFCE4 
 351      79C9
 352 08e2 49B42B92 		.ascii	"I\264+\222\346\005\251\244{\234\036\005\233\016ac\030"
 352      E605A9A4 
 352      7B9C1E05 
 352      9B0E6163 
 352      18
 353 08f3 F1851994 		.ascii	"\361\205\031\224P\014\243\226\305\306\377\005\331\034"
 353      500CA396 
 353      C5C6FF05 
 353      D91C
 354 0901 FA5F     		.ascii	"\372_"
 355              		.text
 356              		.section	.gnu.lto_.symtab.abe576d,"",%progbits
 357 0000 5F636F72 		.ascii	"_core_init\000"
 357      655F696E 
 357      697400
 358 000b 00       		.ascii	"\000"
 359 000c 00       		.ascii	"\000"
 360 000d 00       		.ascii	"\000"
 361 000e 00000000 		.ascii	"\000\000\000\000\000\000\000\000"
ARM GAS  C:\Users\kiekensk\AppData\Local\Temp\cceyi99h.s 			page 28


 361      00000000 
 362 0016 AE000000 		.ascii	"\256\000\000\000"
 363 001a 63685F6D 		.ascii	"ch_memcore\000"
 363      656D636F 
 363      726500
 364 0025 00       		.ascii	"\000"
 365 0026 00       		.ascii	"\000"
 366 0027 00       		.ascii	"\000"
 367 0028 00000000 		.ascii	"\000\000\000\000\000\000\000\000"
 367      00000000 
 368 0030 D6000000 		.ascii	"\326\000\000\000"
 369 0034 6368436F 		.ascii	"chCoreAllocAlignedWithOffsetI\000"
 369      7265416C 
 369      6C6F6341 
 369      6C69676E 
 369      65645769 
 370 0052 00       		.ascii	"\000"
 371 0053 00       		.ascii	"\000"
 372 0054 00       		.ascii	"\000"
 373 0055 00000000 		.ascii	"\000\000\000\000\000\000\000\000"
 373      00000000 
 374 005d BB000000 		.ascii	"\273\000\000\000"
 375 0061 6368436F 		.ascii	"chCoreAllocAlignedWithOffset\000"
 375      7265416C 
 375      6C6F6341 
 375      6C69676E 
 375      65645769 
 376 007e 00       		.ascii	"\000"
 377 007f 00       		.ascii	"\000"
 378 0080 00       		.ascii	"\000"
 379 0081 00000000 		.ascii	"\000\000\000\000\000\000\000\000"
 379      00000000 
 380 0089 BD000000 		.ascii	"\275\000\000\000"
 381 008d 6368436F 		.ascii	"chCoreGetStatusX\000"
 381      72654765 
 381      74537461 
 381      74757358 
 381      00
 382 009e 00       		.ascii	"\000"
 383 009f 00       		.ascii	"\000"
 384 00a0 00       		.ascii	"\000"
 385 00a1 00000000 		.ascii	"\000\000\000\000\000\000\000\000"
 385      00000000 
 386 00a9 C0000000 		.ascii	"\300\000\000\000"
 387 00ad 5F5F6865 		.ascii	"__heap_base__\000"
 387      61705F62 
 387      6173655F 
 387      5F00
 388 00bb 00       		.ascii	"\000"
 389 00bc 02       		.ascii	"\002"
 390 00bd 00       		.ascii	"\000"
 391 00be 00000000 		.ascii	"\000\000\000\000\000\000\000\000"
 391      00000000 
 392 00c6 D9000000 		.ascii	"\331\000\000\000"
 393 00ca 5F5F6865 		.ascii	"__heap_end__\000"
 393      61705F65 
 393      6E645F5F 
ARM GAS  C:\Users\kiekensk\AppData\Local\Temp\cceyi99h.s 			page 29


 393      00
 394 00d7 00       		.ascii	"\000"
 395 00d8 02       		.ascii	"\002"
 396 00d9 00       		.ascii	"\000"
 397 00da 00000000 		.ascii	"\000\000\000\000\000\000\000\000"
 397      00000000 
 398 00e2 DB000000 		.ascii	"\333\000\000\000"
 399              		.text
 400              		.section	.gnu.lto_.opts,"",%progbits
 401 0000 272D666D 		.ascii	"'-fmath-errno' '-fsigned-zeros' '-ftrapping-math' '"
 401      6174682D 
 401      6572726E 
 401      6F272027 
 401      2D667369 
 402 0033 2D666E6F 		.ascii	"-fno-trapv' '-fno-openmp' '-fno-openacc' '-mcpu=cor"
 402      2D747261 
 402      70762720 
 402      272D666E 
 402      6F2D6F70 
 403 0066 7465782D 		.ascii	"tex-m7' '-mno-thumb-interwork' '-mthumb' '-ggdb' '-"
 403      6D372720 
 403      272D6D6E 
 403      6F2D7468 
 403      756D622D 
 404 0099 4F322720 		.ascii	"O2' '-fomit-frame-pointer' '-falign-functions=16' '"
 404      272D666F 
 404      6D69742D 
 404      6672616D 
 404      652D706F 
 405 00cc 2D666675 		.ascii	"-ffunction-sections' '-fdata-sections' '-fno-common"
 405      6E637469 
 405      6F6E2D73 
 405      65637469 
 405      6F6E7327 
 406 00ff 2720272D 		.ascii	"' '-flto'\000"
 406      666C746F 
 406      2700
 407              		.text
 408              		.comm	__gnu_lto_v1,1,1
 409              		.comm	__gnu_lto_slim,1,1
 410              		.ident	"GCC: (GNU Tools for ARM Embedded Processors (Build 17.03)) 6.3.1 20170215 (release) [ARM/e
ARM GAS  C:\Users\kiekensk\AppData\Local\Temp\cceyi99h.s 			page 30


DEFINED SYMBOLS
                            *ABS*:00000000 chmemcore.c
                            *COM*:00000001 __gnu_lto_v1
                            *COM*:00000001 __gnu_lto_slim

NO UNDEFINED SYMBOLS
