ARM GAS  C:\Users\kiekensk\AppData\Local\Temp\ccTm80pd.s 			page 1


   1              		.cpu cortex-m7
   2              		.eabi_attribute 20, 1
   3              		.eabi_attribute 21, 1
   4              		.eabi_attribute 23, 3
   5              		.eabi_attribute 24, 1
   6              		.eabi_attribute 25, 1
   7              		.eabi_attribute 26, 1
   8              		.eabi_attribute 30, 2
   9              		.eabi_attribute 34, 1
  10              		.eabi_attribute 18, 4
  11              		.file	"hal.c"
  12              		.text
  13              	.Ltext0:
  14              		.section	.gnu.lto_.profile.2e80ca58,"",%progbits
  15 0000 789C6365 		.ascii	"x\234ce`b`a```d\210\341\002\000\001B\000s"
  15      60626061 
  15      60606064 
  15      88E10200 
  15      01420073 
  16              		.text
  17              		.section	.gnu.lto_.icf.2e80ca58,"",%progbits
  18 0000 789C6365 		.ascii	"x\234ce`b\340`@\000F\206{M[\03733\000\000\016\245\003"
  18      6062E060 
  18      40004686 
  18      7B4D5B1F 
  18      33330000 
  19 0017 0C       		.ascii	"\014"
  20              		.text
  21              		.section	.gnu.lto_.jmpfuncs.2e80ca58,"",%progbits
  22 0000 789C6365 		.ascii	"x\234ce`b\340c@\000F\006d\000\000\002f\000\027"
  22      6062E063 
  22      40004606 
  22      64000002 
  22      660017
  23              		.text
  24              		.section	.gnu.lto_.inline.2e80ca58,"",%progbits
  25 0000 789C6365 		.ascii	"x\234ce`bpb@\000F\006\006\236;@\222\011\310f[ \317\004"
  25      60627062 
  25      40004606 
  25      069E3B40 
  25      9209C866 
  26 0018 16E32281 		.ascii	"\026\343\"\201`\000\000\202\240\002`"
  26      60000082 
  26      A00260
  27              		.text
  28              		.section	.gnu.lto_.pureconst.2e80ca58,"",%progbits
  29 0000 789C6365 		.ascii	"x\234ce`b`f```d\220\000\000\000\204\000$"
  29      60626066 
  29      60606064 
  29      90000000 
  29      840024
  30              		.text
  31              		.section	.gnu.lto_halInit.2e80ca58,"",%progbits
  32 0000 789C75D0 		.ascii	"x\234u\320\277J\003A\020\006\360\357\333M.'\032l\264"
  32      BF4A0341 
  32      1006F0EF 
  32      DB4D2E27 
ARM GAS  C:\Users\kiekensk\AppData\Local\Temp\ccTm80pd.s 			page 2


  32      1A6CB4
  33 0013 D0F80269 		.ascii	"\320\370\002i\356\336\303\267\2204\026\202`\036\340"
  33      EEDEC3B7 
  33      90341682 
  33      601EE0
  34 0022 562D02B1 		.ascii	"V-\002\261\320&\204T\027\004I\342\277\230\362\012\341"
  34      D0268454 
  34      170449E2 
  34      BF98F20A 
  34      E1
  35 0033 F00152D8 		.ascii	"\360\001R\330Z\251\301F\005-E\022\2355\026[\334\015"
  35      5AA9C146 
  35      052D4512 
  35      9D35165B 
  35      DC0D
  36 0045 3BCCB2FB 		.ascii	";\314\262\373c\006\246\010\205\011\201\015\000\025I"
  36      6306A608 
  36      8509810D 
  36      001549
  37 0054 6A509D8C 		.ascii	"jP\235\214\201}_\221\366b|\"R\214x\254\333\232w\215"
  37      817D5F91 
  37      F6627C22 
  37      528C78AC 
  37      DB9A778D 
  38 0068 9744557B 		.ascii	"\227DU{F\"m\177\254\231~\312X\003\035I\033\354\261\012"
  38      46226D7F 
  38      AC997ECA 
  38      58031D49 
  38      1BECB10A 
  39 007c 614FA359 		.ascii	"aO\243Y\253\354\025\346\357\354\323\223\021\030\336"
  39      ABEC15E6 
  39      EFECD393 
  39      1118DE
  40 008b 3335B39F 		.ascii	"35\263\237\206I'\247\374\334\\\004\232\362mg\034ie\253"
  40      864927A7 
  40      FCDC5C04 
  40      9AF26D67 
  40      1C6965AB 
  41 009f 7EE561F7 		.ascii	"~\345a\367\273b\275m\222$o\017\245hj\374X\263\243\245"
  41      BB62BD6D 
  41      92246F0F 
  41      A5686AFC 
  41      58B3A3A5 
  42 00b3 03078C10 		.ascii	"\003\007\214\020\213\265n\260\224\355\224\270s\307="
  42      8BB56EB0 
  42      94ED94B8 
  42      73C73D
  43 00c2 E63819CD 		.ascii	"\3468\031\315\013\307\235\225\263]A\334\245\343ns\\"
  43      0BC79D95 
  43      B35D41DC 
  43      A5E36E73 
  43      5C
  44 00d3 51DC953B 		.ascii	"Q\334\225;w9\333y\342\256\035\367\225\343J\342\206\216"
  44      7739DB79 
  44      E2AE1DF7 
  44      95E34AE2 
  44      868E
ARM GAS  C:\Users\kiekensk\AppData\Local\Temp\ccTm80pd.s 			page 3


  45 00e5 9BAE643B 		.ascii	"\233\256d;_\334\215\343\222\325l\267 n\364\357\336y"
  45      5FDC8DE3 
  45      92D56CB7 
  45      206EF4EF 
  45      DE79
  46 00f7 D07D6EF1 		.ascii	"\320}n\361\017\332h\312ve\377\262\272\365 \010\347g"
  46      0FDA68CA 
  46      7665FFB2 
  46      BAF52008 
  46      E767
  47 0109 B71E6E6F 		.ascii	"\267\036no\355\204\365\275\232\255A\015\277#F\244\206"
  47      ED84F5BD 
  47      9AAD410D 
  47      BF2346A4 
  47      86
  48              		.text
  49              		.section	.gnu.lto_.symbol_nodes.2e80ca58,"",%progbits
  50 0000 789C55C8 		.ascii	"x\234U\310\271\015\0021\024\006\341\361\357=\253\240"
  50      B90D0231 
  50      1406E1F1 
  50      EF3DABA0 
  51 0010 15A8EC6D 		.ascii	"\025\250\354m\260\"\246\010WA\274\334G\015 mHJ\2120"
  51      B022A608 
  51      5741BCDC 
  51      470D206D 
  51      484A8A30 
  52 0024 8E78938C 		.ascii	"\216x\223\214\364\325\21079M2\330\334!o;\254 \334d\241"
  52      F4D58837 
  52      394D32D8 
  52      DC216F3B 
  52      AC20DC64 
  53 0039 080CC332 		.ascii	"\010\014\3032\303U&\007\027Ytp\226U\016N\262\332\301"
  53      C3552607 
  53      17597470 
  53      96550E4E 
  53      B2DAC1
  54 004c 51D63838 		.ascii	"Q\32688\310Z\007{Y\347`'\353\377!\322\223\036\237\020"
  54      C85A077B 
  54      59E76027 
  54      EBFF21D2 
  54      931E9F10 
  55 0060 E998CA5B 		.ascii	"\351\230\312[\346\362\206\361\371{M*\257\230\312#s\271"
  55      E6F286F1 
  55      F97B4D2A 
  55      AF98CA23 
  55      73B9
  56 0072 18D7AF45 		.ascii	"\030\327\257E$\220\362\371\002b\000?\305"
  56      2490F2F9 
  56      0262003F 
  56      C5
  57              		.text
  58              		.section	.gnu.lto_.refs.2e80ca58,"",%progbits
  59 0000 789C6365 		.ascii	"x\234ce`b`d\000\002\000\000I\000\011"
  59      60626064 
  59      00020000 
  59      490009
  60              		.text
ARM GAS  C:\Users\kiekensk\AppData\Local\Temp\ccTm80pd.s 			page 4


  61              		.section	.gnu.lto_.decls.2e80ca58,"",%progbits
  62 0000 789C8593 		.ascii	"x\234\205\223kHTA\024\307\347\334\321V7+\211\010\211"
  62      6B485441 
  62      14C7E7DC 
  62      D156372B 
  62      890889
  63 0013 884DFA50 		.ascii	"\210M\372P\004\273\371(\373\030T\232d&\364\202 \026"
  63      04BBF928 
  63      FB18549A 
  63      6426F482 
  63      2016
  64 0025 75250551 		.ascii	"u%\005Qq\327\010\372r\315\250\0104\013R|\225\320\207"
  64      71D708FA 
  64      72CDA808 
  64      340B527C 
  64      95D087
  65 0038 B4CCB65D 		.ascii	"\264\314\266]\337\272\355\372\312 +-\242\227\271\246"
  65      DFBAEDFA 
  65      CA202B2D 
  65      A297B9A6 
  66 0048 2942A0F6 		.ascii	")B\240\3666\024\354\314\314\275{\027\013\035\366\314"
  66      3614ECCC 
  66      CCBD7B17 
  66      0B1DF6CC 
  67 0058 F3FFFBCF 		.ascii	"\363\377\373\317\231\271\263\201D\"\007\003\010\371"
  67      99B9B381 
  67      44220703 
  67      08F9
  68 0066 01845413 		.ascii	"\001\204T\023B\026\260H\330\336'Z\321c\324c\3301\034"
  68      4216B048 
  68      D8DE275A 
  68      D163D463 
  68      D8311C
  69 0079 180D184D 		.ascii	"\030\015\030M\030-\030m\030\035\030\2170<\344\337r\012"
  69      182D186D 
  69      181D188F 
  69      303CE4DF 
  69      720A
  70 008b 7D29B6C7 		.ascii	"})\266\3071\272\375|UO\217\302v(^-\212w\203\262\227"
  70      31BAFD7C 
  70      554F8FC2 
  70      76285E2D 
  70      8A7783B2 
  71 00a0 FD3F9EA5 		.ascii	"\375?\236\245\024\232\012{\\\3220\014\001\346\012\241"
  71      149A0A7B 
  71      5CD2300C 
  71      01E60AA1 
  72 00b0 7C1640D4 		.ascii	"|\026@\324\300\203\017\027\324\002\300\347qV\342\265"
  72      C0830F17 
  72      D402C0E7 
  72      7156E2B5 
  73 00c0 10F22950 		.ascii	"\020\362)P\011e,)CI\261\344?\005\006?G\261,vR\013\021"
  73      09652C29 
  73      4349B1E4 
  73      3F05063F 
  73      47B12C76 
  74 00d7 729109E1 		.ascii	"r\221\011\341\356\202\006I\333\000\300\037\3603\024"
ARM GAS  C:\Users\kiekensk\AppData\Local\Temp\ccTm80pd.s 			page 5


  74      EE820649 
  74      DB00C01F 
  74      F03314
  75 00e6 692BEBBE 		.ascii	"i+\353\276\374\210v8PO\377\265\254\177B\357\205\217"
  75      FC887638 
  75      504FFFB5 
  75      AC7F42EF 
  75      858F
  76 00f8 6CB67A0F 		.ascii	"l\266z\017\360\271\031\247<\252\247\022\260\276\367"
  76      F0B919A7 
  76      3CAAA712 
  76      B0BEF7
  77 0107 4F4DACB1 		.ascii	"OM\254\261N\026%h\203vm\275\013\277=k\212(\254\325\203"
  77      4E162568 
  77      83766DBD 
  77      0BBF3D6B 
  77      8A28ACD5 
  78 011c 84C39733 		.ascii	"\204\303\2273\375U+q\270N\017\2418\234\315\177\335\251"
  78      FD552B71 
  78      B84E0FA1 
  78      389CCD7F 
  78      DDA9
  79 012e 0F2BE154 		.ascii	"\017+\341T\201\034*\301\361\365P\007\033\341\036l\304"
  79      811C2AC1 
  79      F1F55007 
  79      1BE11E6C 
  79      C4
  80 013f CDEF4318 		.ascii	"\315\357C\030\326)\001\302\251s\240\260]\037^-W\217"
  80      D62901C2 
  80      A973A0B0 
  80      5D1F5E2D 
  80      578F
  81 0151 C81EEFF9 		.ascii	"\310\036\357\371M%\005r\015R\006\246\202Z\240p\027\214"
  81      4D250572 
  81      0D5206A6 
  81      825AA070 
  81      178C
  82 0163 2C63EC62 		.ascii	",c\354b]\003^\200;0\214\347\251\207p\244/9\246\274\201"
  82      5D035E80 
  82      3B308CE7 
  82      A98770A4 
  82      2F39A6BC 
  83 0178 D4C893BD 		.ascii	"\324\310\223\275\346\030\030\245\3504\"\313\236\351"
  83      E61818A5 
  83      E83422CB 
  83      9EE9
  84 0186 C7DBF36F 		.ascii	"\307\333\363o_\364$\361\335\340\201\346\363\200\371"
  84      5FF424F1 
  84      DDE081E6 
  84      F380F9
  85 0195 B08E9DF3 		.ascii	"\260\216\235\363\375\023\037\317\321\023\034\257\277"
  85      FD131FCF 
  85      D1131CAF 
  85      BF
  86 01a2 F1625AA7 		.ascii	"\361bZ\247\340O+\015o\357\370\360\207\032\376P\305\035"
  86      E04F2B0D 
  86      6FEFF8F0 
ARM GAS  C:\Users\kiekensk\AppData\Local\Temp\ccTm80pd.s 			page 6


  86      871AFE50 
  86      C51D
  87 01b4 1CAFFC5D 		.ascii	"\034\257\374]\321(\321\033\300\015\334s\317\272V+\006"
  87      D128D11B 
  87      C00DDC73 
  87      CFBA562B 
  87      06
  88 01c5 5FEE19EA 		.ascii	"_\356\031\352\035\362\205@\316;5\336\251\362\015\234"
  88      1DF28540 
  88      CE3B35DE 
  88      A9F20D9C 
  89 01d5 77FEB95C 		.ascii	"w\376\271\\\001\264O\360\343\317\235\013\001\012?\327"
  89      01B44FF0 
  89      E3CF9D0B 
  89      010A3FD7 
  90 01e5 1A5DA1E5 		.ascii	"\032]\241\345\337\250\0314\252\006M\334`j\360\363/\035"
  90      DFA81934 
  90      AA064DDC 
  90      606AF0F3 
  90      2F1D
  91 01f7 FD260CDA 		.ascii	"\375&\014\332~\3649\324\013x\345\336r\313\227@\263\306"
  91      7EF439D4 
  91      0B78E5DE 
  91      72CB9740 
  91      B3C6
  92 0209 37AB7C0B 		.ascii	"7\253|\013\347?\015\024t\353h\225\370\332m\357~\272"
  92      E73F0D14 
  92      74EB6895 
  92      F8DA6DEF 
  92      7EBA
  93 021b 82D403F4 		.ascii	"\202\324\003\364\357v\371\370V\215oU\3716\316\027\225"
  93      EF76F9F8 
  93      568D6F55 
  93      F936CE17 
  93      95
  94 022c 7A3EACA0 		.ascii	"z>\254\240O\004_\33434\276F\341\273\337ou\373\370v\215"
  94      4F045FDC 
  94      3334BE46 
  94      E1BBDF6F 
  94      75FBF876 
  95 0241 6F57F90E 		.ascii	"oW\371\016\316\337\255+\033\017\246\337\005\337;1Y\024"
  95      CEDFAD2B 
  95      1B0FA6DF 
  95      05DF3B31 
  95      5914
  96 0253 AC7E8149 		.ascii	"\254~\201I\303\274\217wi\274K\345\037q\276\354\346U"
  96      C3BC8F77 
  96      69BC4BE5 
  96      1F71BEEC 
  96      E655
  97 0265 3BA5CD94 		.ascii	";\245\315\224\363\327\313\347\237K\012?6k(\254\365]"
  97      F3D7CBE7 
  97      9F4B0A3F 
  97      366B28AC 
  97      F55D
  98 0277 A05B3370 		.ascii	"\240[3p\253\006\036n0x\301^I\305C\016`\177\210g\345"
  98      AB061E6E 
ARM GAS  C:\Users\kiekensk\AppData\Local\Temp\ccTm80pd.s 			page 7


  98      3078C15E 
  98      49C5430E 
  98      607F8867 
  99 028c 63ABC543 		.ascii	"c\253\305C6\260\367?\373f8$\344\212,\237\227\213\013"
  99      36B0F73F 
  99      FB663824 
  99      E48A2C9F 
  99      978B0B
 100 029f E4E003DC 		.ascii	"\344\340\003\334\254\013_r'\177\311\335\020\302\255"
 100      AC0B5F72 
 100      277FC9DD 
 100      10C2AD
 101 02ae 58AB4B4F 		.ascii	"X\253KO\316\214\317\312\260\005\305%\0363\354\215\210"
 101      CE8CCFCA 
 101      B005C525 
 101      1E33EC8D 
 101      88
 102 02bf 201B8C46 		.ascii	" \033\214F\223\370e[M\270h\262\346\246\262\326\230J"
 102      93F8655B 
 102      4DB868B2 
 102      E6A6B2D6 
 102      984A
 103 02d1 56586D4C 		.ascii	"VXmL\272y\261\"#+53\317\222\306\372f\253\315\230N\202"
 103      BA79B122 
 103      232B3533 
 103      CF92C6FA 
 103      66ABCD98 
 104 02e7 53B29373 		.ascii	"S\262\223s-L\033\265X\313W\254\246#G\315\211\307\366"
 104      2D4C1BB5 
 104      58CB57AC 
 104      A62347CD 
 104      89C7F6
 105 02fa 26EC3F1C 		.ascii	"&\354?\034\021\035m\216\215\331\025s2^,!\255\263Z\362"
 105      111D6D8E 
 105      8DD91573 
 105      325E2C21 
 105      ADB35AF2 
 106 030e 18BB6DC9 		.ascii	"\030\273m\311}\322r3\260\311\263\2460\002\033F\204/"
 106      7DD27233 
 106      B0C9B3A6 
 106      30021B46 
 106      842F
 107 0320 4528D2D3 		.ascii	"E(\322\3239\266e\245\250aRKr\352\262R\3240i\262ey)j"
 107      39B665A5 
 107      A861524B 
 107      72EAB252 
 107      D43069B2 
 108 0338 50BACA9C 		.ascii	"P\272\312\234\203\375\314L\2139\003\201\235\213\201"
 108      83FDCC4C 
 108      8B390381 
 108      9D8B81
 109 0347 9CEC5C1B 		.ascii	"\234\354\\\033\273\236CQ\221\246\204\204}\246\270\244"
 109      BB9E4351 
 109      91A68484 
 109      7DA6B8A4 
 110 0357 F8C36722 		.ascii	"\370\303g\"9\257p\350\021\222\356g\261c)\013^\307\306"
 110      39AF70E8 
ARM GAS  C:\Users\kiekensk\AppData\Local\Temp\ccTm80pd.s 			page 8


 110      1192EE67 
 110      B163290B 
 110      5EC7C6
 111 036a 9C3D6B4A 		.ascii	"\234=kJ\367\321\177\001\263\225\331w"
 111      F7D17F01 
 111      B395D977 
 112              		.text
 113              		.section	.gnu.lto_.symtab.2e80ca58,"",%progbits
 114 0000 68616C49 		.ascii	"halInit\000"
 114      6E697400 
 115 0008 00       		.ascii	"\000"
 116 0009 00       		.ascii	"\000"
 117 000a 00       		.ascii	"\000"
 118 000b 00000000 		.ascii	"\000\000\000\000\000\000\000\000"
 118      00000000 
 119 0013 AE000000 		.ascii	"\256\000\000\000"
 120 0017 7374496E 		.ascii	"stInit\000"
 120      697400
 121 001e 00       		.ascii	"\000"
 122 001f 02       		.ascii	"\002"
 123 0020 00       		.ascii	"\000"
 124 0021 00000000 		.ascii	"\000\000\000\000\000\000\000\000"
 124      00000000 
 125 0029 B0000000 		.ascii	"\260\000\000\000"
 126 002d 626F6172 		.ascii	"boardInit\000"
 126      64496E69 
 126      7400
 127 0037 00       		.ascii	"\000"
 128 0038 02       		.ascii	"\002"
 129 0039 00       		.ascii	"\000"
 130 003a 00000000 		.ascii	"\000\000\000\000\000\000\000\000"
 130      00000000 
 131 0042 B2000000 		.ascii	"\262\000\000\000"
 132 0046 73647549 		.ascii	"sduInit\000"
 132      6E697400 
 133 004e 00       		.ascii	"\000"
 134 004f 02       		.ascii	"\002"
 135 0050 00       		.ascii	"\000"
 136 0051 00000000 		.ascii	"\000\000\000\000\000\000\000\000"
 136      00000000 
 137 0059 B4000000 		.ascii	"\264\000\000\000"
 138 005d 75736249 		.ascii	"usbInit\000"
 138      6E697400 
 139 0065 00       		.ascii	"\000"
 140 0066 02       		.ascii	"\002"
 141 0067 00       		.ascii	"\000"
 142 0068 00000000 		.ascii	"\000\000\000\000\000\000\000\000"
 142      00000000 
 143 0070 B6000000 		.ascii	"\266\000\000\000"
 144 0074 67707449 		.ascii	"gptInit\000"
 144      6E697400 
 145 007c 00       		.ascii	"\000"
 146 007d 02       		.ascii	"\002"
 147 007e 00       		.ascii	"\000"
 148 007f 00000000 		.ascii	"\000\000\000\000\000\000\000\000"
 148      00000000 
 149 0087 B8000000 		.ascii	"\270\000\000\000"
ARM GAS  C:\Users\kiekensk\AppData\Local\Temp\ccTm80pd.s 			page 9


 150 008b 64616349 		.ascii	"dacInit\000"
 150      6E697400 
 151 0093 00       		.ascii	"\000"
 152 0094 02       		.ascii	"\002"
 153 0095 00       		.ascii	"\000"
 154 0096 00000000 		.ascii	"\000\000\000\000\000\000\000\000"
 154      00000000 
 155 009e BA000000 		.ascii	"\272\000\000\000"
 156 00a2 61646349 		.ascii	"adcInit\000"
 156      6E697400 
 157 00aa 00       		.ascii	"\000"
 158 00ab 02       		.ascii	"\002"
 159 00ac 00       		.ascii	"\000"
 160 00ad 00000000 		.ascii	"\000\000\000\000\000\000\000\000"
 160      00000000 
 161 00b5 BC000000 		.ascii	"\274\000\000\000"
 162 00b9 5F70616C 		.ascii	"_pal_lld_init\000"
 162      5F6C6C64 
 162      5F696E69 
 162      7400
 163 00c7 00       		.ascii	"\000"
 164 00c8 02       		.ascii	"\002"
 165 00c9 00       		.ascii	"\000"
 166 00ca 00000000 		.ascii	"\000\000\000\000\000\000\000\000"
 166      00000000 
 167 00d2 BE000000 		.ascii	"\276\000\000\000"
 168 00d6 68616C5F 		.ascii	"hal_lld_init\000"
 168      6C6C645F 
 168      696E6974 
 168      00
 169 00e3 00       		.ascii	"\000"
 170 00e4 02       		.ascii	"\002"
 171 00e5 00       		.ascii	"\000"
 172 00e6 00000000 		.ascii	"\000\000\000\000\000\000\000\000"
 172      00000000 
 173 00ee C0000000 		.ascii	"\300\000\000\000"
 174              		.text
 175              		.section	.gnu.lto_.opts,"",%progbits
 176 0000 272D666D 		.ascii	"'-fmath-errno' '-fsigned-zeros' '-ftrapping-math' '"
 176      6174682D 
 176      6572726E 
 176      6F272027 
 176      2D667369 
 177 0033 2D666E6F 		.ascii	"-fno-trapv' '-fno-openmp' '-fno-openacc' '-mcpu=cor"
 177      2D747261 
 177      70762720 
 177      272D666E 
 177      6F2D6F70 
 178 0066 7465782D 		.ascii	"tex-m7' '-mno-thumb-interwork' '-mthumb' '-ggdb' '-"
 178      6D372720 
 178      272D6D6E 
 178      6F2D7468 
 178      756D622D 
 179 0099 4F322720 		.ascii	"O2' '-fomit-frame-pointer' '-falign-functions=16' '"
 179      272D666F 
 179      6D69742D 
 179      6672616D 
ARM GAS  C:\Users\kiekensk\AppData\Local\Temp\ccTm80pd.s 			page 10


 179      652D706F 
 180 00cc 2D666675 		.ascii	"-ffunction-sections' '-fdata-sections' '-fno-common"
 180      6E637469 
 180      6F6E2D73 
 180      65637469 
 180      6F6E7327 
 181 00ff 2720272D 		.ascii	"' '-flto'\000"
 181      666C746F 
 181      2700
 182              		.text
 183              		.comm	__gnu_lto_v1,1,1
 184              		.comm	__gnu_lto_slim,1,1
 185              		.ident	"GCC: (GNU Tools for ARM Embedded Processors (Build 17.03)) 6.3.1 20170215 (release) [ARM/e
ARM GAS  C:\Users\kiekensk\AppData\Local\Temp\ccTm80pd.s 			page 11


DEFINED SYMBOLS
                            *ABS*:00000000 hal.c
                            *COM*:00000001 __gnu_lto_v1
                            *COM*:00000001 __gnu_lto_slim

NO UNDEFINED SYMBOLS
