ARM GAS  C:\Users\kiekensk\AppData\Local\Temp\cc91K5o8.s 			page 1


   1              		.cpu cortex-m7
   2              		.eabi_attribute 20, 1
   3              		.eabi_attribute 21, 1
   4              		.eabi_attribute 23, 3
   5              		.eabi_attribute 24, 1
   6              		.eabi_attribute 25, 1
   7              		.eabi_attribute 26, 1
   8              		.eabi_attribute 30, 2
   9              		.eabi_attribute 34, 1
  10              		.eabi_attribute 18, 4
  11              		.file	"hal_lld.c"
  12              		.text
  13              	.Ltext0:
  14              		.section	.gnu.lto_.profile.2e80cc59,"",%progbits
  15 0000 789C6365 		.ascii	"x\234ce`b`e```d\350e\314\007\000\002\256\001\013"
  15      60626065 
  15      60606064 
  15      E865CC07 
  15      0002AE01 
  16              		.text
  17              		.section	.gnu.lto_.icf.2e80cc59,"",%progbits
  18 0000 789C6365 		.ascii	"x\234ce`b\220b@\000\026\206\177\007\177_\342`\\:}\356"
  18      60629062 
  18      40001686 
  18      7F077F5F 
  18      E2605C3A 
  19 0016 7A0EA627 		.ascii	"z\016\246'[\246o\347`>\275\371\376nV\006\000\255\200"
  19      5BA66FE7 
  19      603EBDF9 
  19      FE6E5606 
  19      00AD80
  20 0029 0C5B     		.ascii	"\014["
  21              		.text
  22              		.section	.gnu.lto_.jmpfuncs.2e80cc59,"",%progbits
  23 0000 789C6365 		.ascii	"x\234ce`b\340c@\000f f\004\263\230\200\030\000\002\224"
  23      6062E063 
  23      40006620 
  23      6604B398 
  23      80180002 
  24 0015 001C     		.ascii	"\000\034"
  25              		.text
  26              		.section	.gnu.lto_.inline.2e80cc59,"",%progbits
  27 0000 789C6365 		.ascii	"x\234ce`b\010`@\000f\006\0061[F\006&\265\216\031\354"
  27      60620860 
  27      40006606 
  27      06315B46 
  27      0626B58E 
  28 0016 0C6C0BE4 		.ascii	"\014l\013\344\231@\202\214\014\"z@1\231\007\267\030"
  28      9940828C 
  28      0C227A40 
  28      319907B7 
  28      18
  29 0027 11625C28 		.ascii	"\021b\\(\004\023\303i\206>f\240\242\011\214\007\226"
  29      0413C369 
  29      863E66A0 
  29      A2098C07 
  29      96
ARM GAS  C:\Users\kiekensk\AppData\Local\Temp\cc91K5o8.s 			page 2


  30 0038 18C05531 		.ascii	"\030\300U1\000\000\234\372\012\027"
  30      00009CFA 
  30      0A17
  31              		.text
  32              		.section	.gnu.lto_.pureconst.2e80cc59,"",%progbits
  33 0000 789C6365 		.ascii	"x\234ce`b`g```f\220b\224b\222\002\000\001\310\000c"
  33      60626067 
  33      60606066 
  33      90629462 
  33      92020001 
  34              		.text
  35              		.section	.gnu.lto_hal_lld_backup_domain_init.2e80cc59,"",%progbits
  36 0000 789C9D94 		.ascii	"x\234\235\224MHTQ\024\307\317\271\367\276\367\234\321"
  36      4D485451 
  36      14C7CFB9 
  36      F7BEF79C 
  36      D1
  37 0011 7124080A 		.ascii	"q$\010\012\\\264u\343\013\373r\025\264\251U\253\332"
  37      5CB475E3 
  37      0BFB7215 
  37      B4A955AB 
  37      DA
  38 0022 4B1F8B16 		.ascii	"K\037\213\026\202\221-\334y\247\306\017\234\32069\026"
  38      82912DDC 
  38      79A7C60F 
  38      9CD03639 
  38      16
  39 0033 D99B0831 		.ascii	"\331\233\0101-\235,\373\030\255\234f4\013D#ha\012I\210"
  39      2D9D2CFB 
  39      18AD9C66 
  39      340B4423 
  39      68610A49 
  40 0048 2815480D 		.ascii	"(\025H\015\230hN\367\343\215O\334\324x\2319w\336}\207"
  40      98684EF7 
  40      E38D4FDC 
  40      D4789939 
  40      77DE7D87 
  41 005c F3FBFFCF 		.ascii	"\363\373\377\317;o\014 Pf\000T\000@\225\370b\001 \271"
  41      3B6F0C20 
  41      50660054 
  41      004095F8 
  41      620120B9 
  42 0070 3E09102A 		.ascii	">\011\020* \204\306*\201\373\331\362n\340E\024\231>"
  42      2084C62A 
  42      81FBD9F2 
  42      6EE04514 
  42      993E
  43 0082 6668E81F 		.ascii	"fh\350\037\006\261\256\215\203H0\303\226H\260\364\371"
  43      06B1AE8D 
  43      834830C3 
  43      9648B0F4 
  43      F9
  44 0093 311351EE 		.ascii	"1\023Q\356\274\000\241\236PfX&\326\023AP\253\215F)\246"
  44      BC00A19E 
  44      50665826 
  44      D6134150 
  44      AB8D4629 
ARM GAS  C:\Users\kiekensk\AppData\Local\Temp\cc91K5o8.s 			page 3


  45 00a8 9A1612A4 		.ascii	"\232\026\022\244\254\233\213\225\214\316\036\012\361"
  45      AC9B8B95 
  45      8CCE1E0A 
  45      F1
  46 00b5 863D0E05 		.ascii	"\206=\016\005\270Iu\016vc\031\210\264\257\003\0337\002"
  46      B849750E 
  46      76631988 
  46      B4AF031B 
  46      3702
  47 00c7 26D3E778 		.ascii	"&\323\347x\037M\024{\374#&\371F\266\211'3]\030=\261"
  47      1F4D147B 
  47      FC2326F9 
  47      46B68927 
  47      335D183D 
  48 00dc 8B822394 		.ascii	"\213\202#\224\311`\312`\311\340\227\241P\206\200\014"
  48      C960CA60 
  48      C9E097A1 
  48      5086800C 
  49 00ec C5320465 		.ascii	"\3052\004e(\221\001\240E\024\024\222#\224\210\215.a"
  49      289101A0 
  49      45141492 
  49      2394888D 
  49      2E61
  50 00fe 6A6869B5 		.ascii	"jhi\265R\002:\251\224\327\336\220\232\262Z\251C\011"
  50      52023AA9 
  50      94D7DE90 
  50      9AB25AA9 
  50      4309
  51 0110 4A1977FF 		.ascii	"J\031w\377\204\373}\372\222\317\2058\023Gw&fG\375\016"
  51      84FB7DFA 
  51      92CF8538 
  51      13477726 
  51      6647FD0E 
  52 0124 76868483 		.ascii	"v\206\204\203}\016\245\330\213\245\330\203\245 \363"
  52      7D0EA5D8 
  52      8BA5D883 
  52      A520F3
  53 0133 27A75A32 		.ascii	"'\247Z2\226\335\307\303\350P\206\017\320\301\016e\014"
  53      96DDC7C3 
  53      E850860F 
  53      D0C10E65 
  53      0C
  54 0144 1FA20D4B 		.ascii	"\037\242\015Kx\365w#j\026\323\270\376\305\221\333~Y"
  54      78F57723 
  54      6A16D3B8 
  54      FEC591DB 
  54      7E59
  55 0156 1F9113EC 		.ascii	"\037\221\023\354\023U\204\242v\237\314\311\017\325\357"
  55      135584A2 
  55      769FCCC9 
  55      0FD5EF
  56 0165 A1E2688B 		.ascii	"\241\342h\213\372\240\254\255\037\3268s\2535CY\013w"
  56      FAA0ACAD 
  56      1FD63873 
  56      AB354359 
  56      0B77
  57 0177 8E2DF8F4 		.ascii	"\216-\370\364%_nV\326\276}YK\030\036\317\304\001\301"
ARM GAS  C:\Users\kiekensk\AppData\Local\Temp\cc91K5o8.s 			page 4


  57      255F6E56 
  57      D6BE7D59 
  57      4B181ECF 
  57      C401C1
  58 018a 7BE4F27E 		.ascii	"{\344\362~\266\177\230+\222\274\220\274\307\360\261"
  58      B67F982B 
  58      92BC90BC 
  58      C7F0B1
  59 0199 22CAC782 		.ascii	"\"\312\307\202O\264\271\365\306\036C\343,M\234\357\232"
  59      4FB4B9F5 
  59      C61E43E3 
  59      2C4D9CEF 
  59      9A
  60 01aa 8FF95C77 		.ascii	"\217\371\\w&\016\212B\363\030\236I\037t\223\224_\271"
  60      260E8A42 
  60      F3189E49 
  60      1F749394 
  60      5FB9
  61 01bc 229442B3 		.ascii	"\"\224B\263!\037Ffq\343\250k~\253\230\330Y\370\227\234"
  61      211F4666 
  61      71E3A86B 
  61      7EAB98D8 
  61      59F8979C 
  62 01d0 A79E9C67 		.ascii	"\247\236\234gh\213\204\336\025\347\027\223p\206\234"
  62      688B84DE 
  62      15E71793 
  62      70869C
  63 01df 337CAE7B 		.ascii	"3|\256{\233Y\314\356\020\360\302\003$\024`\263\237\014"
  63      9B59CCEE 
  63      10F0C203 
  63      241460B3 
  63      9F0C
  64 01f1 01879495 		.ascii	"\001\207\224\225\210\350{n\252:\356Y\332\247\377\277"
  64      88E87B6E 
  64      AA3AEE59 
  64      DAA7FFBF 
  65 0201 3BAB9EE4 		.ascii	";\253\236\344\260\307y\271mh\012u\261Ltb:\250\333\272"
  65      B0C779B9 
  65      6D680A75 
  65      B14C7462 
  65      3AA8DBBA 
  66 0215 175F6D9B 		.ascii	"\027_m\233\231<H\257=\322\210\234\231B\345\300\000\361"
  66      993C48AF 
  66      3DD2889C 
  66      9942E5C0 
  66      00F1
  67 0227 066B0BB7 		.ascii	"\006k\013\267\322\256\205@\276\303\221\364J\277\311"
  67      D2AE8540 
  67      BEC391F4 
  67      4ABFC9
  68 0236 0DC7B43B 		.ascii	"\015\307\264;\034\305\272\336Xv%\351\272 \230\322\263"
  68      1CC5BADE 
  68      587625E9 
  68      BA2098D2 
  68      B3
  69 0247 F1393DE1 		.ascii	"\3619=\341Z-\026\031\361\357\211\325\200\316\000L\273"
  69      5A2D1619 
ARM GAS  C:\Users\kiekensk\AppData\Local\Temp\cc91K5o8.s 			page 5


  69      F1EF89D5 
  69      80CE004C 
  69      BB
  70 0258 B3D2422D 		.ascii	"\263\322B-\020\377<\030\241\346f\253\337\347Z\035\314"
  70      10FF3C18 
  70      A1E666AB 
  70      DFE75A1D 
  70      CC
  71 0269 EFA51955 		.ascii	"\357\245\031U*\211T9\226S\351\362Kt\261\301\266\341"
  71      2A895439 
  71      9653E9F2 
  71      4B74B1C1 
  71      B6E1
  72 027b 4FAE84EC 		.ascii	"O\256\204\354Z6\033\304\267;\177E\307=\332;\331\356"
  72      5A361BC4 
  72      B73B7F45 
  72      C73DDA3B 
  72      D9EE
  73 028d 12F88157 		.ascii	"\022\370\201Wb\361VEt\275\241\360$2\366\227\227\333"
  73      62F15645 
  73      74BDA1F0 
  73      2432F697 
  73      97DB
  74 029f FA53536B 		.ascii	"\372SSk_8Sm_\254\271t\271\326>u\372\344\201\012\035"
  74      5F38536D 
  74      5FACB974 
  74      B9D63E75 
  74      FAE4810A 
  75 02b4 8F1FA9AB 		.ascii	"\217\037\251\253\223w\252\252\253\317\227\237\203\277"
  75      9377AAAA 
  75      ABCF979F 
  75      83BF
  76 02c2 B08BB6BE 		.ascii	"\260\213\266\276"
  77              		.text
  78              		.section	.gnu.lto_hal_lld_init.2e80cc59,"",%progbits
  79 0000 789CA594 		.ascii	"x\234\245\224\313k\023Q\024\306\31777o\214]\350B\260"
  79      CB6B1351 
  79      14C6CF37 
  79      376F8C5D 
  79      E842B0
  80 0013 0B977693 		.ascii	"\013\227v\223\221\272\360?p!\270\322\275H]\270\010T"
  80      91BAF03F 
  80      7021B8D2 
  80      BD485DB8 
  80      0854
  81 0025 AC8BEE32 		.ascii	"\254\213\3562\261/\251\250\3354\265\2130\005\0275\326"
  81      B12FA9A8 
  81      DD34B58B 
  81      30051735 
  81      D6
  82 0036 5AE37BE2 		.ascii	"Z\343{\342+\215\326V\020\025q'R\021)\204*\210\272hZ"
  82      2B8DD656 
  82      10157127 
  82      52112984 
  82      2A88BA68 
  83 004b DAF19C7B 		.ascii	"\332\361\234{\003\023D\027\023\207\314\231d\346\314"
  83      03134417 
ARM GAS  C:\Users\kiekensk\AppData\Local\Temp\cc91K5o8.s 			page 6


  83      1387CC99 
  83      64E6CC
  84 005a EFFBCEB9 		.ascii	"\357\373\316\271'7J\026\355\215\022u\023\321n>\241\010"
  84      27374A16 
  84      ED8D1275 
  84      13D16E3E 
  84      A108
  85 006c D6D86BA2 		.ascii	"\326\330k\242|\302\002\344\213\223\000\345,\344pIM("
  85      7CC202E4 
  85      8B9300E5 
  85      2CE47049 
  85      4D28
  86 007e D446563C 		.ascii	"\324FV<\253k\332\341\243:\361>>\354\014\355r\025\321"
  86      AB6BDAE1 
  86      A33AF13E 
  86      3EEC0CED 
  86      7215D1
  87 0091 249F7260 		.ascii	"$\237r`\032]\304i\237\313[\343\351X\304\334\307U\304"
  87      1A5DC469 
  87      9FCB5BE3 
  87      E958C4DC 
  87      C755C4
  88 00a4 C0D7B977 		.ascii	"\300\327\271w\250:[\376\210S}u\005\215C;,r\025\353q"
  88      A83A5BFE 
  88      88537D75 
  88      058D433B 
  88      2C7215EB 
  89 00b9 8849484A 		.ascii	"\210IHJHIHK \032\345\227\305\301ye\311U\325Q\253\324"
  89      4849484B 
  89      201AE597 
  89      C5C17965 
  89      C955D551 
  90 00cf D77A0457 		.ascii	"\327z\004WT\026\253\024\206jo\342\027\225\253,\210\350"
  90      5416AB14 
  90      866A6FE2 
  90      1795AB2C 
  90      88E8
  91 00e1 60716125 		.ascii	"`qa%i~:\337\3179\021\276\265\272\274\341E]\024\363\354"
  91      697E3ADF 
  91      CF3911BE 
  91      B5BABCE1 
  91      455D14F3 
  92 00f6 778FAB14 		.ascii	"w\217\253\024\256\241\023%t\222\344\377(\274\375\264"
  92      AEA11325 
  92      7492E4FF 
  92      28BCFDB4 
  93 0106 CD9E7506 		.ascii	"\315\236u\006\341\252\010f\340\342\262.\003\327aS\035"
  93      E1AA0866 
  93      E0E2B22E 
  93      03D76153 
  93      1D
  94 0117 036BC330 		.ascii	"\003k\3030Z\312\310\225\307\276,\246\204\017\346\373"
  94      5ACAC895 
  94      C7BE2CA6 
  94      840FE6FB 
  95 0127 7E076619 		.ascii	"~\007f\031\304\246\012II\013\247v#P\233\203\315\022"
  95      C4A60A49 
ARM GAS  C:\Users\kiekensk\AppData\Local\Temp\cc91K5o8.s 			page 7


  95      490BA776 
  95      23509B83 
  95      CD12
  96 0139 02FA9508 		.ascii	"\002\372\225\010\005\312\313\263\010n\006\2502\354\326"
  96      05CACBB3 
  96      086E06A8 
  96      32ECD6
  97 0148 B64440B8 		.ascii	"\266D@\270e<VJ\015e\212\011i\364\266\246\313\362\341"
  97      653C564A 
  97      0D658A09 
  97      69F4B6A6 
  97      CBF2E1
  98 015b 8E6E4B58 		.ascii	"\216nKX\227\232r7\240\334\323\036?.\225f\224\351\245"
  98      979A7237 
  98      A0DCD31E 
  98      3F2E9566 
  98      94E9A5
  99 016e EF4B2FEF 		.ascii	"\357K/\357\033\237\355\265\340A\200\367`\0075\2577k"
  99      1B9FEDB5 
  99      E04180F7 
  99      600735AF 
  99      376B
 100 0180 4E86735B 		.ascii	"N\206s[\3218Kp\017\377\030\205\224\201]\330\\\236o\261"
 100      D1384B70 
 100      0FFF1885 
 100      94815DD8 
 100      5C9E6FB1 
 101 0194 BF1D8FDA 		.ascii	"\277\035\217\332\037\205\307\201\332\023\031\205T\373"
 101      1F85C781 
 101      DA131985 
 101      54FB
 102 01a2 7D781AA0 		.ascii	"}x\032\240\252\255}\330h\366!\035\316\331\274\306\351"
 102      AAAD7DD8 
 102      68F6211D 
 102      CED9BCC6 
 102      E9
 103 01b3 BF70ADFD 		.ascii	"\277p\255\375\265\177\026P\236\263\251\377Z\350\205"
 103      B57F1650 
 103      9EB3A9FF 
 103      5AE885
 104 01c2 80F5A259 		.ascii	"\200\365\242Y\340*\006\246\032\035\002\223\027<\357"
 104      E02A06A6 
 104      1A1D0293 
 104      173CEF
 105 01d1 EB87786E 		.ascii	"\353\207xn\323I\270*:)\023\201E\344x;\211\351\274\322"
 105      D349B82A 
 105      3A291381 
 105      45E4783B 
 105      89E9BCD2 
 106 01e5 CEBFE771 		.ascii	"\316\277\347q\307\260\324\222\347\375#\217\205\361\262"
 106      C7B0D492 
 106      E7FD238F 
 106      85F1B2
 107 01f4 99F70D67 		.ascii	"\231\367\015g\247~\216\353\261\320[\337(\253\361.\305"
 107      A77E8EEB 
 107      B1D05BDF 
 107      28ABF12E 
ARM GAS  C:\Users\kiekensk\AppData\Local\Temp\cc91K5o8.s 			page 8


 107      C5
 108 0205 A87D998C 		.ascii	"\250}\231\214m>\275}\366\311\343Y\373T\357\3513}\366"
 108      6D3EBD7D 
 108      F6C9E359 
 108      FB54EFE9 
 108      337DF6
 109 0218 91A387F7 		.ascii	"\221\243\207\367w\233x\360@\177\277<9\226\315\236\310"
 109      779B78F0 
 109      407FBF3C 
 109      3996CD9E 
 109      C8
 110 0229 F4D06F05 		.ascii	"\364\320o\005\247\267\233"
 110      A7B79B
 111              		.text
 112              		.section	.gnu.lto_stm32_clock_init.2e80cc59,"",%progbits
 113 0000 789CA558 		.ascii	"x\234\245X[P\024G\024\235;\263\357\007\273\213<\026"
 113      5B501447 
 113      149D3BB3 
 113      EF07BB8B 
 113      3C16
 114 0012 50A4544A 		.ascii	"P\244TJ\361\303%\242\245\225|\355O\376\362e\376S\211"
 114      F1C325A2 
 114      A5957CED 
 114      4FFEF265 
 114      FE5389
 115 0025 561E15AB 		.ascii	"V\036\025\253Li*\345\237\003.\017\201\250I\214\242\025"
 115      4C692AE5 
 115      9F032E0F 
 115      81A8498C 
 115      A215
 116 0037 5C532641 		.ascii	"\\S&A\022\005M\214\0214BP\262\202\010j\214\0214bP\036"
 116      12054D8C 
 116      11344250 
 116      B282086A 
 116      8C113462 
 117 004d 1BF119E2 		.ascii	"\033\361\031\342\003\220M\337\356\236\355uLJg\263E\335"
 117      03904DDF 
 117      EE9EED75 
 117      4C4A67B3 
 117      45DD
 118 005f DEED3B73 		.ascii	"\336\355;s\356\271\347\336\356\236\301,\311\322!\237"
 118      EEB9E7DE 
 118      EE9EC12C 
 118      C9D2219F 
 119 006f 24BD2449 		.ascii	"$\275$I\322j\220$\310\221@\336\334-I\3056\031\024\366"
 119      D26A9024 
 119      C89140DE 
 119      DC2D49C5 
 119      361914F6 
 120 0083 4591B3AB 		.ascii	"E\221\263\253#\222\244:L!\253\244\272\262\331|\320\004"
 120      2392A43A 
 120      4C21ABA4 
 120      BAB2D97C 
 120      D004
 121 0095 66E637CB 		.ascii	"f\3467\313Y\314o\241\376,6\037\264\200\225\371\255\262"
 121      59CC6FA1 
 121      FE2C361F 
ARM GAS  C:\Users\kiekensk\AppData\Local\Temp\cc91K5o8.s 			page 9


 121      B48095F9 
 121      ADB2
 122 00a7 9FF96DD4 		.ascii	"\237\371m\324\357g\363A\033\330\231\337.g2\277\203\372"
 122      EF67F341 
 122      1BD899DF 
 122      2E6732BF 
 122      83FA
 123 00b9 33D97CD0 		.ascii	"3\331|\320\001N\346w\312\031\314\357\242\376\0146\037"
 123      014EE677 
 123      CA19CCEF 
 123      A2FE0C36 
 123      1F
 124 00ca 74819BF9 		.ascii	"t\201\233\371\335r:\363\247P\177:\233\017\246@*\216"
 124      DD723AF3 
 124      A7507F3A 
 124      9B0FA640 
 124      2A8E
 125 00dc 902AA731 		.ascii	"\220*\2471\267\207\272\323\330t\320\003^v\273W\236\306"
 125      B787BAD3 
 125      D874D003 
 125      5E76BB57 
 125      9EC6
 126 00ee FC3EEA9F 		.ascii	"\374>\352\237\306\346\203>\000\034U\033H\353d%\333d"
 126      C6E6833E 
 126      001C551B 
 126      48EB6425 
 126      DB64
 127 0100 CEB258FD 		.ascii	"\316\262X\3756{\246\303\231\341r\247\247\244\246y\274"
 127      367BA6C3 
 127      99E172A7 
 127      A7A4A679 
 127      BC
 128 0111 D37CB0CE 		.ascii	"\323|\260\316\256H\354c\346\243\225\217v>:\371\350\346"
 128      AE48EC63 
 128      E6A3958F 
 128      763E3AF9 
 128      E8E6
 129 0123 632A1FBD 		.ascii	"c*\037\275|\334\244lS\240\255|\250I.\250S\311\247u\333"
 129      7CDCA46C 
 129      53A0AD7C 
 129      A8492EA8 
 129      53C9A775 
 130 0138 0E67995A 		.ascii	"\016g\231Z\352\017\023\340\355\034\034\352\240@\"\227"
 130      EA0F13E0 
 130      ED1C1CEA 
 130      A0402297 
 131 0148 0D1C98FA 		.ascii	"\015\034\230\372\324m1\261y\330\003\026R1\251\361\034"
 131      D46D31B1 
 131      79D80316 
 131      5231A9F1 
 131      1C
 132 0159 B4AA53B1 		.ascii	"\264\252S\261r\265ut7\264,{\321$\205\0250\243\261\242"
 132      72B57574 
 132      37B42C7B 
 132      D1248515 
 132      30A3B1A2 
 133 016d B1A1B1A3 		.ascii	"\261\241\261\243q\240q\241IA\343A\343E\343C\223\206"
ARM GAS  C:\Users\kiekensk\AppData\Local\Temp\cc91K5o8.s 			page 10


 133      71A071A1 
 133      4941E341 
 133      E345E343 
 133      9386
 134 017f 261D4D26 		.ascii	"&\035M&\032?\232l49hf\240\311E3\023M\036\232Yhf\243"
 134      1A3F9A6C 
 134      34396866 
 134      A0C94533 
 134      134D1E9A 
 135 0197 9983261F 		.ascii	"\231\203&\037\315\\4\363\320\024\240\231\217&\200\246"
 135      CD5C34F3 
 135      D014A099 
 135      8F2680A6 
 136 01a7 10CD4234 		.ascii	"\020\315B4Eh\026\241Y\214f\011\232\245h$\251\222\344"
 136      456816A1 
 136      598C6609 
 136      9AA56824 
 136      A992E4
 137 01ba 458A50A5 		.ascii	"E\212P\245\310dP\242\32066\322W\352\300DI\362[K\333"
 137      C86450A2 
 137      D03636D2 
 137      57EAC044 
 137      49F25B4B 
 138 01cf 7AAC1B95 		.ascii	"z\254\033\225\260\"\003j\021\252m\037\262\263\237\352"
 138      B022036A 
 138      11AA6D1F 
 138      B2B39FEA 
 139 01df 9D0AD544 		.ascii	"\235\012\325D\246n\364O4\231\303P[Ld\334\225\035V\024"
 139      A66EF44F 
 139      3499C350 
 139      5B4C64DC 
 139      951D5614 
 140 01f3 F81AA643 		.ascii	"\370\032\246C=L\227\360\206{[\317\\u\005\366\251\241"
 140      3D4C97F0 
 140      867B5BCF 
 140      5C7505F6 
 140      A9A1
 141 0205 62352FAC 		.ascii	"b5/\254\230\340\033\010C\015\025\030\366B\200\\\320"
 141      98E01B08 
 141      430D1518 
 141      F642805C 
 141      D0
 142 0216 F75D3813 		.ascii	"\367]8\023\001M\240V\250*\300>r#\3450Rj\325s0S\016\237"
 142      014DA056 
 142      A82AC03E 
 142      7223E530 
 142      526AD573 
 143 022e 3F0E35D8 		.ascii	"?\0165\330\331O\365j1\345\260\263\353\362\011G\002\007"
 143      D94FF56A 
 143      31E5B0B3 
 143      EBF20947 
 143      0207
 144 0240 0B34120E 		.ascii	"\0134\022\016\015\234CwO\345\2305\201\303~\312\001\253"
 144      0D9C4377 
 144      4FE59835 
 144      81C37ECA 
 144      01AB
ARM GAS  C:\Users\kiekensk\AppData\Local\Temp\cc91K5o8.s 			page 11


 145 0252 08072887 		.ascii	"\010\007(\207\366\206\361\001;'\241*\360-\243\320\034"
 145      F686F101 
 145      3B27A12A 
 145      F02DA3D0 
 145      1C
 146 0263 1D1DB420 		.ascii	"\035\035\264 \205ZE\237g\336\177\246\011\010\362\035"
 146      855A459F 
 146      67DE7FA6 
 146      0908F21D 
 147 0273 0D206380 		.ascii	"\015 c\200\203\244\020QX\377\260\014\030\222\231\201"
 147      83A41051 
 147      58FFB00C 
 147      18929981 
 148 0283 1D3C1129 		.ascii	"\035<\021)\263aD \237\357Y\274\255v\236\257\201H\207"
 148      B3614420 
 148      9FEF59BC 
 148      AD769EAF 
 148      814887
 149 0296 44A41F20 		.ascii	"D\244\037 @\340\311\267*E\221\310\"Rh\0127\007\255,"
 149      40E0C9B7 
 149      2A4591C8 
 149      2252680A 
 149      3707AD2C 
 150 02aa B0F5B981 		.ascii	"\260\365\271\201\271J\207\005t\023Kb\262\254\303\314"
 150      B94A8705 
 150      74134B62 
 150      B2ACC3CC 
 151 02ba C06C0CAF 		.ascii	"\300l\014\257=\366\240\325\303\262\220\241\231\340\\"
 151      3DF6A0D5 
 151      C3B290A1 
 151      99E05C
 152 02c9 8750DFF1 		.ascii	"\207P\337\361.\236\252\215\\\3218\332\364\310\315\256"
 152      2E9EAA8D 
 152      5CD138DA 
 152      F4C8CDAE 
 153 02d9 90E00846 		.ascii	"\220\340\010F\222\260\341\262%\262\370\241J1\361\216"
 153      92B0E1B2 
 153      25B2F8A1 
 153      4A31F18E 
 154 02e9 6B8E4E7C 		.ascii	"k\216N|\311y\332\215\011p\224\262\244+\363G\215%\217"
 154      C979DA8D 
 154      097094B2 
 154      A42BF347 
 154      8D258F
 155 02fc EF6060C7 		.ascii	"\357``\307\356\227~\300\030L\306b1\017\034K^\355\026"
 155      EE977EC0 
 155      184CC662 
 155      310F1C4B 
 155      5EED16
 156 030f 11AC15D5 		.ascii	"\021\254\025\325v\3206\251\237\344\252\270\214\241\375"
 156      76D036A9 
 156      9FE4AAB8 
 156      8CA1FD
 157 031e 24D0DA28 		.ascii	"$\320\332(\365\2448\035\027('\220\223\213v\200Yt\300"
 157      F5A4381D 
 157      17282790 
 157      938B7680 
ARM GAS  C:\Users\kiekensk\AppData\Local\Temp\cc91K5o8.s 			page 12


 157      5974C0
 158 0331 E376AE6C 		.ascii	"\343v\256l\212\321\016h\027\320?k\332\366\362\\=\014"
 158      8AD10E68 
 158      17D03F6B 
 158      DAF6F25C 
 158      3D0C
 159 0343 6F62644B 		.ascii	"obdK/0u]\020a\035p)\336\001\236\204\222g\361\222[\342"
 159      2F30755D 
 159      10611D70 
 159      29DE019E 
 159      849267F1 
 160 035a 25DF30CC 		.ascii	"%\3370\314W\227\327X\306'Ecv\350J\356c`\215\035\245"
 160      5797D758 
 160      C6274563 
 160      76E84AEE 
 160      63608D1D 
 161 036f 11CEEA11 		.ascii	"\021\316\352\021@g\362\005?%Bu\241\270>\2665U\326Y\377"
 161      4067F205 
 161      3F254275 
 161      A1B83EB6 
 161      3555D659 
 162 0384 05EBD99B 		.ascii	"\005\353\331\233\337i!h7\335x\342;\233\211,\217\036"
 162      DF692168 
 162      37DD78E2 
 162      3B9B892C 
 162      8F1E
 163 0396 6DDBA9D1 		.ascii	"m\333\251\321\204I3\306\366\214`{V\267\355\2443\260"
 163      844933C6 
 163      F68C607B 
 163      56B7EDA4 
 163      33B0
 164 03a8 7BFDFD25 		.ascii	"{\375\375%)L\030UM\203s\311+\363\213\210u\036\225I\247"
 164      294C1855 
 164      4D8373C9 
 164      2BF38B88 
 164      751E9549 
 165 03bd 6D67156D 		.ascii	"mg\025mW\033\341m\227i\264\355~\025\320\027\264\372"
 165      571BE16D 
 165      9769B4ED 
 165      7E15D017 
 165      B4FA
 166 03cf 36F1B6F3 		.ascii	"6\361\266\3633\274\343;w\206d-\017\033\374\246\337z"
 166      33BCE33B 
 166      7786642D 
 166      0F1BFCA6 
 166      DF7A
 167 03e1 FC098DE7 		.ascii	"\374\011\215\347\347\215g\213\237n\315\345\216\244\312"
 167      E78D678B 
 167      9F6ECDE5 
 167      8EA4CA
 168 03f0 77911233 		.ascii	"w\221\0223!\261^Z\276sU\321b\205\225\257\342bq\247\004"
 168      21B15E5A 
 168      BE7355D1 
 168      628595AF 
 168      E26271A7 
 169 0405 7D5A098F 		.ascii	"}Z\011\217j%\3146&\353%\221\373e]\011s\030\330\331\301"
 169      6A25CC36 
ARM GAS  C:\Users\kiekensk\AppData\Local\Temp\cc91K5o8.s 			page 13


 169      26EB2591 
 169      FB655D09 
 169      7318D8D9 
 170 041a F11EBB96 		.ascii	"\361\036\273\226:\311\375\367\344kxE\004\353\307\032"
 170      3AC9FDF7 
 170      E46B7845 
 170      04EBC71A 
 171 042a E6D01ADA 		.ascii	"\346\320\032\332E\015[\264\032\316\320\235\261y\317"
 171      450D5BB4 
 171      1ACED09D 
 171      B179CF
 172 0439 3A62AF52 		.ascii	":b\257Rh<\215\340\017\375\326\221\313\360.u\036>o\325"
 172      683C8DE0 
 172      0FFDD691 
 172      CBF02E75 
 172      1E3E6FD5 
 173 044d 120118D0 		.ascii	"\022\001\030\320\32707\241\206\231\274\206\216\370\346"
 173      D73037A1 
 173      8699BC86 
 173      8EF8E6
 174 045c 71BA9C53 		.ascii	"q\272\234S\233\371\334\324h\316\327\304\331\177]'p\036"
 174      9BF9DCD4 
 174      68CED7C4 
 174      D97F5D27 
 174      701E
 175 046e 031BBEB5 		.ascii	"\003\033\276\265\267:\316\313\004\203:}\015\304\032"
 175      B73ACECB 
 175      04833A7D 
 175      0DC41A
 176 047d 12B18651 		.ascii	"\022\261\206Q\337<\252\257S\350\333=\314\223\230eT\337"
 176      DF3CAAAF 
 176      53E8DB3D 
 176      CC939865 
 176      54DF
 177 048f 11A16F54 		.ascii	"\021\241oT\3237\312\365\235M\360(\355'\344\234\235 "
 177      D337CAF5 
 177      9D4DF028 
 177      ED27E49C 
 177      9D20
 178 04a1 670697D3 		.ascii	"g\006\227\323\025\227\363\242&\347\034c)\376)R\274\241"
 178      1597F3A2 
 178      26E71C63 
 178      29FE2952 
 178      BCA1
 179 04b3 93339F80 		.ascii	"\2233\237\200\321\225\231\244z\243\002\372&\252\227"
 179      D19599A4 
 179      7AA302FA 
 179      26AA97
 180 04c2 4FD5730B 		.ascii	"O\325s\013\365z5\365\346\032U\357\226P\357\266^\275"
 180      F57A35F5 
 180      E61A55EF 
 180      9650EFB6 
 180      5EBD
 181 04d4 7904EFE9 		.ascii	"y\004\357\351\015e^\202z\351T\275J%\005\325\253RR\221"
 181      0D655E82 
 181      7AE954BD 
 181      4A2505D5 
ARM GAS  C:\Users\kiekensk\AppData\Local\Temp\cc91K5o8.s 			page 14


 181      AB525291 
 182 04e8 11504657 		.ascii	"\021PFW4F\005F\367\274;b)\336\325?l\315gx\247b\325\267"
 182      34460546 
 182      F7BC3B62 
 182      29DED53F 
 182      6CCD6778 
 183 0500 CDF185EF 		.ascii	"\315\361\205\357\205{z\216\363\0238\246\361\012{\342"
 183      857B7A8E 
 183      F31338A6 
 183      F10A7BE2 
 184 0510 9B5E4D7D 		.ascii	"\233^M}rg\326_\342\314\032\243\233^WK\243\223?+\357"
 184      7267D65F 
 184      E2CC1AA3 
 184      9B5E574B 
 184      A3933F2B 
 185 0525 190A29F0 		.ascii	"\031\012)\3607\271q\020Jv\305\276\310\305\355)\264\377"
 185      37B97110 
 185      4A76C5BE 
 185      C8C5ED29 
 185      B4FF
 186 0537 33BA255A 		.ascii	"3\272%Z\001\237s\357\236\336q\215\03686\310\303\203"
 186      019F73EF 
 186      9EDE718D 
 186      1E3836C8 
 186      C383
 187 0549 79A0AADD 		.ascii	"y\240\252\335\241\024\321\307\370\272\332\363QK\376"
 187      A114D1C7 
 187      F8BADAF3 
 187      514BFE
 188 0558 6E552D51 		.ascii	"nU-Q[O\302I\325\024V\354\360\020\024\362\232\005\017"
 188      5B4FC249 
 188      D51456EC 
 188      F01014F2 
 188      9A050F
 189 056b 08A1FB3C 		.ascii	"\010\241\373<\031\361\006F\016\363|\372\002F\270\214"
 189      19F10646 
 189      0EF37CFA 
 189      0246B88C 
 190 057b 93D730F2 		.ascii	"\223\3270\362\2238\247.\334\330N#\332\241X\206\011\336"
 190      9338A72E 
 190      DCD84E23 
 190      DAA15886 
 190      09DE
 191 058d 70D186A8 		.ascii	"p\321\206\250\003/\322\347\373\206\364\254\204'i\302"
 191      032FD2E7 
 191      FB86F4AC 
 191      842769C2 
 192 059d 164CF831 		.ascii	"\026L\3701\0044@rj\324'wjLQ<|A\205\030\301\353\321\360"
 192      04344072 
 192      6AD42777 
 192      6A4C513C 
 192      7C418518 
 193 05b5 3A3B9E7A 		.ascii	":;\236z\277qPaF\366G\306\335\354\247\372\220\275cEj"
 193      BF715061 
 193      46F647C6 
 193      DDECA7FA 
 193      90BD6345 
ARM GAS  C:\Users\kiekensk\AppData\Local\Temp\cc91K5o8.s 			page 15


 194 05ca D4038EC4 		.ascii	"\324\003\216\304\024\234$\327\351\240\312,d\350~d\213"
 194      149C24D7 
 194      E9A0CA2C 
 194      64E87E64 
 194      8B
 195 05db 25216489 		.ascii	"%!d\211\214!m\030r\275\2145;|}h//\332\006\013\204d~"
 195      8C216D18 
 195      72BD8C35 
 195      3B7C7D68 
 195      2F2FDA06 
 196 05f3 4A75D7F3 		.ascii	"Ju\327\363~\015\030;8J\345xO\224\311O\256\372B\002F"
 196      7E0D183B 
 196      384AE578 
 196      4F94C94F 
 196      AEFA4202 
 197 0608 5F05923C 		.ascii	"_\005\222<\223\312\005t\205LV}!]\365^\261\352{:8\347"
 197      93CA0574 
 197      854C567D 
 197      215DF55E 
 197      B1EA7B3A 
 198 061e 8546D7D8 		.ascii	"\205F\327\330\006\001])\353\316\244\"\202\367\364\363"
 198      06015D29 
 198      EBCEA422 
 198      82F7F4F3 
 199 062e 6B1141D9 		.ascii	"k\021A\331qd\254\223/;\033T\311\332\002\233\306\027"
 199      7164AC93 
 199      2F3B1B54 
 199      C9DA029B 
 199      C617
 200 0640 982FBE85 		.ascii	"\230/\276\205^y\207\335\264\310X\302\325\224\025\376"
 200      5E7987DD 
 200      B4C858C2 
 200      D59415FE 
 201 0650 DF023ED4 		.ascii	"\337\002>\324i\271\230\200\321s1I-7\012\350M\250\345"
 201      69B99880 
 201      D1733149 
 201      2D370AE8 
 201      4DA8E5
 202 0663 625A753B 		.ascii	"bZu;\003_b\014k3\305r \326G:\232K\011\330\377\241\371"
 202      035F620C 
 202      6B33C572 
 202      20D6473A 
 202      9A4B09D8 
 203 067a B180FE04 		.ascii	"\261\200\376\004i.\225n\342v\362\025\260\245N\345\006"
 203      692E956E 
 203      E276F215 
 203      B0A54EE5 
 203      06
 204 068b 2233D91D 		.ascii	"\"3\331\035\013\027,\010\260\277Uk\002o\277\2762\360"
 204      0B172C08 
 204      B0BF556B 
 204      026FBFBE 
 204      32F0
 205 069d DEAAD5EF 		.ascii	"\336\252\325\357\257\011,{\365\225\242\205\314\276\274"
 205      AF092C7B 
 205      F595A285 
 205      CCBEBC
ARM GAS  C:\Users\kiekensk\AppData\Local\Temp\cc91K5o8.s 			page 16


 206 06ac 64ED5AF4 		.ascii	"d\355Z\364\274\266r\345\212\005\313%\333\212\345\357"
 206      BCB672E5 
 206      8A05CB25 
 206      DB8AE5EF 
 207 06bc 2E7FF3AD 		.ascii	".\177\363\255\325/\374\003\265\035\326i"
 207      D52FFC03 
 207      B51DD669 
 208              		.text
 209              		.section	.gnu.lto_.symbol_nodes.2e80cc59,"",%progbits
 210 0000 789C6365 		.ascii	"x\234ce`b\250e\000\002\246\243L\365\014\014\023\316"
 210      6062A865 
 210      0002A6A3 
 210      4CF50C0C 
 210      13CE
 211 0012 313000A9 		.ascii	"10\000\251\235\015\007\033\330\200b\307\230\352\031"
 211      9D0D071B 
 211      D88062C7 
 211      98EA19
 212 0021 6162BB1A 		.ascii	"ab\273\032\034\201\"\307\231\352\231PDX\217014*\001"
 212      1C8122C7 
 212      99EA9950 
 212      44588F30 
 212      31342A01 
 213 0035 0D603CC9 		.ascii	"\015`<\311T\317\014\226b`hhp\000\012\234`\252gA\026"
 213      54CF0C96 
 213      62606868 
 213      70000A9C 
 213      60AA6741 
 214 004a 60666460 		.ascii	"`fd`x\324\376F\236\231\221\225\241\245\013D\2630,\001"
 214      78D4FE46 
 214      9E999195 
 214      A1A50B44 
 214      B3302C01 
 215 005e D20C00F9 		.ascii	"\322\014\000\371\000\037\221"
 215      001F91
 216              		.text
 217              		.section	.gnu.lto_.refs.2e80cc59,"",%progbits
 218 0000 789C6365 		.ascii	"x\234ce`b`d\000\002\000\000I\000\011"
 218      60626064 
 218      00020000 
 218      490009
 219              		.text
 220              		.section	.gnu.lto_.decls.2e80cc59,"",%progbits
 221 0000 789CCD58 		.ascii	"x\234\315XkPT\311\025\276}{x\314C0hRVb\245,\227-I%\013"
 221      6B5054C9 
 221      15BE7D7B 
 221      78CC4330 
 221      68525662 
 222 001b 0C26BB49 		.ascii	"\014&\273I\252\222Z\035u\261\326\335\265\006\343V\252"
 222      AA925A1D 
 222      75B1D6DD 
 222      B506E356 
 222      AA
 223 002c 48510858 		.ascii	"HQ\010XR\202\030\030R\372\357\012\250(\342\233\025P"
 223      52821818 
 223      52FAEF0A 
 223      A828E29B 
ARM GAS  C:\Users\kiekensk\AppData\Local\Temp\cc91K5o8.s 			page 17


 223      1550
 224 003e 14105710 		.ascii	"\024\020W\020DPy\211\300\0108\002\242\253 \212\0128"
 224      44507989 
 224      C0083802 
 224      A2AB208A 
 224      0A38
 225 0050 3E407C23 		.ascii	">@|#\370\326\225\234\356\276\227i\356\314f7U\371\221"
 225      F8D6959C 
 225      EEBE9769 
 225      EECC6637 
 225      55F991
 226 0063 5B7E73FB 		.ascii	"[~s\373t\177\347\3649}N\367mt\023D\241\177\262 ,\307"
 226      747FE7F4 
 226      397D4EF7 
 226      6D741344 
 226      A17FB220 
 227 0079 82108904 		.ascii	"\202\020\211\004a\024\036\215 \010\207\005\307\343\006"
 227      61141E8D 
 227      20088705 
 227      C7E306
 228 0088 28059401 		.ascii	"(\005\224\001\216\002\216\003*\001@\027\232\204\361"
 228      8E028E03 
 228      2A014017 
 228      9A84F1
 229 0097 CF3FA0D3 		.ascii	"\317?\240\323\003\336\213\0013\000]\200N\200\015\020"
 229      03DE8B01 
 229      33005D80 
 229      4E800D10 
 230 00a7 04638100 		.ascii	"\004c\201\000\230Jh\007L\201\366E\331N\251\340\374\204"
 230      984A6807 
 230      4C81F645 
 230      D94EA9E0 
 230      FC84
 231 00b9 AB6C29FA 		.ascii	"\253l)\372\304\326L\304|$\276\372B\3737\000\177\200"
 231      C4D64CC4 
 231      7C24BEFA 
 231      42FB3700 
 231      7F80
 232 00cb 37627D65 		.ascii	"7b}e\262\315J\331_\365\023\005<\303\017\330V|\366\001"
 232      B2CD4AD9 
 232      5FF51305 
 232      3CC30FD8 
 232      567CF601 
 233 00df C0D2080D 		.ascii	"\300\322\010\015\200`\030\233\007\320C\373\327\210\371"
 233      8060189B 
 233      07D043FB 
 233      D788F9
 234 00ee FF5B784F 		.ascii	"\377[xO\006\374\\\216c:\274'\000L\000/\300\317\020\213"
 234      06FC5C8E 
 234      633ABC27 
 234      004C002F 
 234      C0CF108B 
 235 0102 EDA88BF9 		.ascii	"\355\250\213\371waT\231\336\\'\366\241\036$\002m\"\355"
 235      77615499 
 235      DE5C27F6 
 235      A11E2402 
 235      6D22ED
ARM GAS  C:\Users\kiekensk\AppData\Local\Temp\cc91K5o8.s 			page 18


 236 0115 4588FD22 		.ascii	"E\210\375\"\012*\216*\017B\264\037zEA6\254t!EC\226E"
 236      0A2A8E2A 
 236      0F42B41F 
 236      7A454136 
 236      AC742145 
 237 012c 59146593 		.ascii	"Y\024e\223\364\237\254\2148\213l\230\315\244<,\037\254"
 237      F49FAC8C 
 237      388B6C98 
 237      CDA43C2C 
 237      1FAC
 238 013e 41D5146D 		.ascii	"A\325\024m$:&@\210W\340\0142\267\345\3611\377\004Gp"
 238      243A2640 
 238      8857E00C 
 238      32B7E5F1 
 238      31FF0447 
 239 0153 4889FE69 		.ascii	"H\211\376iV\373\200\356\006\352%\275\271\237\"\332\227"
 239      56FB80EE 
 239      06EA25BD 
 239      B99F22DA 
 239      97
 240 0164 D39D5F2F 		.ascii	"\323\235_/b\021\221\366\215\327\205\363\374K$\366x\376"
 240      621191F6 
 240      8DD785F3 
 240      FC4B24F6 
 240      78FE
 241 0176 C5B16CA7 		.ascii	"\305\261l\247G_Z\2757c\344\243C\"\210\035C\3559z\020"
 241      475F5ABD 
 241      3763E4A3 
 241      4322881D 
 241      43ED397A 
 242 018b 27EBD044 		.ascii	"'\353\320D\020_\255\351:\245\233\362\015\325J\226&\212"
 242      105FADE9 
 242      3AA59BF2 
 242      0DD54A96 
 242      268A
 243 019d 68F12F50 		.ascii	"h\361/P\011\232\212\212\321T\230\3740\232\002\277K4"
 243      099A8A8A 
 243      D15498FC 
 243      309A02BF 
 243      4B34
 244 01af CCD2EE6B 		.ascii	"\314\322\356k\325u\336\323s%\253]\262\276l\376U\316"
 244      D575DED3 
 244      7325AB5D 
 244      B2BE6CFE 
 244      55CE
 245 01c1 51495A0B 		.ascii	"QIZ\013j\032BCE\010\243C\310\237\270\014M\370-D7\020"
 245      6A1A4243 
 245      4508A343 
 245      C89FB80C 
 245      4DF82D44 
 246 01d7 3A88FA20 		.ascii	":\210\372 \240R4\035\324\263\366n)\303\370k\352\355"
 246      A052341D 
 246      D4B3F66E 
 246      29C3F86B 
 246      EAED
 247 01e9 9AAB07B2 		.ascii	"\232\253\007\2625`*\027L]\336k\310\222\254I`I\244\226"
 247      35602A17 
ARM GAS  C:\Users\kiekensk\AppData\Local\Temp\cc91K5o8.s 			page 19


 247      4C5DDE6B 
 247      C892AC49 
 247      6049A496 
 248 01fd 8E382C1D 		.ascii	"\2168,\035Q[*\243\226\244\301\332\036o\034I-\255?l/"
 248      515B2AA3 
 248      96A4C1DA 
 248      1E6F1C49 
 248      2DAD3F6C 
 249 0212 34C896EE 		.ascii	"4\310\226\356\377n\234\241r\207\241r\265\241\243\324"
 249      FF6E9CA1 
 249      7287A172 
 249      B5A1A3D4 
 250 0222 50DA8337 		.ascii	"P\332\2037[\020N\244\206\322*\312\036\353\301\220]\222"
 250      5B104EA4 
 250      86D22ACA 
 250      1EEBC190 
 250      5D92
 251 0234 AC8FF64D 		.ascii	"\254\217\366M\333\226\234\353G\255\034sX9F\254\220\306"
 251      DB969CEB 
 251      47AD1C73 
 251      583946AC 
 251      90C6
 252 0246 71AADD7A 		.ascii	"q\252\335z\267\261\017\3432D\325/\027\225fjd\365\246"
 252      B7B10FE3 
 252      3244D52F 
 252      1795666A 
 252      64F5A6
 253 0259 237E7BF6 		.ascii	"#~{\366\257\263.\244\013\210*\034\006*\024\003\225\324"
 253      AFB32EA4 
 253      0B882A1C 
 253      062A1403 
 253      95D4
 254 026b 406F4B51 		.ascii	"@oKQ1\206\\\314\320!R\016\336\320u\344a\315\353\011"
 254      31865CCC 
 254      D021520E 
 254      DED075E4 
 254      61CDEB09 
 255 027f AC8B58ED 		.ascii	"\254\213X\355\3302\\\340\201\037\260).\246\224\355\301"
 255      D8325CE0 
 255      811FB029 
 255      2EA694ED 
 255      C1
 256 0290 2C931A52 		.ascii	",\223\032R\021\347\262o{\261LN\333\205\305\254\266+"
 256      11E7B26F 
 256      7BB14C4E 
 256      DB85C5AC 
 256      B62B
 257 02a2 8D1AE4A7 		.ascii	"\215\032\344\247\373\226\244\322\372\262\376\257Y\303"
 257      FB96A4D2 
 257      FAB2FEAF 
 257      59C3
 258 02b0 92340DD5 		.ascii	"\2224\015\325!\035\252qx0C\007\277\251\222\224$mM\226"
 258      211DAA71 
 258      78304307 
 258      BFA99294 
 258      246D4D96 
 259 02c4 B4C102AA 		.ascii	"\264\301\002\252\205d\237\200d\243\223\310\217\314J"
ARM GAS  C:\Users\kiekensk\AppData\Local\Temp\cc91K5o8.s 			page 20


 259      85649F80 
 259      64A393C8 
 259      8FCC4A
 260 02d3 78A81A3A 		.ascii	"x\250\032:\253\240\023f)*\330\226\357\216\273i\221\211"
 260      ABA01366 
 260      292AD896 
 260      EF8EBB69 
 260      9189
 261 02e5 B6FAEBDD 		.ascii	"\266\372\353\335\032\244\363si\300\352\302\000s\346"
 261      1AA4F373 
 261      69C0EAC2 
 261      0073E6
 262 02f4 BB9EE9B6 		.ascii	"\273\236\351\266\265$+\015\340L\275\303\031\360\215"
 262      B5242B0D 
 262      E04CBDC3 
 262      19F08D
 263 0303 55568EF5 		.ascii	"UV\216\365\315+\003\204B\306\245\366\321\001\322WV\320"
 263      CD2B0384 
 263      42C6A5F6 
 263      D101D257 
 263      56D0
 264 0315 FF01AEC6 		.ascii	"\377\001\256\3064\362g\243y\031\372\017\367K\271\215"
 264      34F267A3 
 264      7919FA0F 
 264      F74BB98D 
 265 0325 10D99D49 		.ascii	"\020\331\235I\331PyZJnd\306\306\234\020h\317)\342N\023"
 265      D950795A 
 265      4A6E64C6 
 265      C69C1068 
 265      CF29E24E 
 266 033a FA1034B3 		.ascii	"\372\0204\263k\237\265\271\2615\363\004\361RMW\252\036"
 266      6B9FB5B9 
 266      B135F304 
 266      F1524D57 
 266      AA1E
 267 034c B730ABA9 		.ascii	"\2670\253\251%\233\233\260.\225\024\376O\211\0054\036"
 267      259B9BB0 
 267      2E9514FE 
 267      4F890534 
 267      1E
 268 035d DD1EDAED 		.ascii	"\335\036\332\355\215\333e\365\362\362L=\276\310\004"
 268      8DDB65F5 
 268      F2F24C3D 
 268      BEC804
 269 036c 655BF9B0 		.ascii	"e[\371\260mU9\320j\323\261\334H\210\244\356\\n\232\006"
 269      6D5539D0 
 269      6AD3B1DC 
 269      4888A4EE 
 269      5C6E9A06 
 270 0380 7751AEFB 		.ascii	"wQ\256\373Po\336\016\035\362\365\365\365\233\344\233"
 270      506FDE0E 
 270      1DF2F5F5 
 270      F59BE49B 
 271 0390 2FA5244B 		.ascii	"/\245$K\326+o\003\353\367\267m\202\370\020\262AX-\020"
 271      D62B6F03 
 271      EBF7B76D 
 271      82F810B2 
ARM GAS  C:\Users\kiekensk\AppData\Local\Temp\cc91K5o8.s 			page 21


 271      41582D10 
 272 03a4 C40534C9 		.ascii	"\304\0054\311\341O\000\011\315\010?\002S\030\256\307"
 272      E14F0009 
 272      CD083F02 
 272      5318AEC7 
 273 03b4 50EA2998 		.ascii	"P\352)\230\262O\253\331\315HE\177\303\323\317\272\246"
 273      B24FABD9 
 273      CD48457F 
 273      C3D3CFBA 
 273      A6
 274 03c5 D7925F39 		.ascii	"\327\222_9a\227\011_\232Hh\202\234,\362l#\203[%\351"
 274      6197095F 
 274      9A486882 
 274      9C2CF26C 
 274      23835B25 
 275 03da 538D80DA 		.ascii	"S\215\200\332@\273\225*\022[$\007\337\301\232\265#_"
 275      40BB952A 
 275      125B2407 
 275      DFC19AB5 
 275      235F
 276 03ec 7411700E 		.ascii	"t\021p\016p\036\371R-\346\302\343z\\\004i\333\340N}"
 276      701EF952 
 276      2DE6C2E3 
 276      7A5C0469 
 276      DBE04E7D 
 277 0400 38E33240 		.ascii	"8\3432@\346\002\311\332\321\346\006\017\234\256aEWy"
 277      E602C9DA 
 277      D1E6060F 
 277      9CAE6145 
 277      5779
 278 0412 768B8826 		.ascii	"v\213\210&\371\271\232\035]\202I\177\314\001\026\223"
 278      F9B99A1D 
 278      5D82497F 
 278      CC011693 
 279 0422 AD01274B 		.ascii	"\255\001'K\022B\235\300\356p\324 \011\221\3169\220Q"
 279      12429DC0 
 279      EE70D420 
 279      0991CE39 
 279      9051
 280 0434 5DA5376C 		.ascii	"]\2457l\034\253lJt\324U\0272\320\235\013o \2174\027"
 280      1CAB6C4A 
 280      74D45517 
 280      32D09D0B 
 280      6F208F34 
 281 0449 8EC887EA 		.ascii	"\216\310\207\352V\222\337\222sgz\344\255\231J\344\226"
 281      5692DF92 
 281      73677AE4 
 281      AD994AE4 
 281      96
 282 045a 433BBBB4 		.ascii	"C;\273\2648\213\006\200r3[\222D\234\317\004\2452|\344"
 282      388B0680 
 282      72335B92 
 282      449CCF04 
 282      A5327CE4 
 283 046e CA28A8B6 		.ascii	"\312(\250\266\277C\3700\033\264\3326=B\270\232\011\251"
 283      BF43F830 
 283      1BB4DA36 
ARM GAS  C:\Users\kiekensk\AppData\Local\Temp\cc91K5o8.s 			page 22


 283      3D42B89A 
 283      09A9
 284 0480 37D777CA 		.ascii	"7\327w\312\314WD\256z\\\\5\201\325\224\225\310\243\215"
 284      CC5744AE 
 284      7A5C5C35 
 284      81D59495 
 284      C8A38D
 285 0493 2FBB27E0 		.ascii	"/\273'\340zF\336X\331\331\247!\265,\311\336\203\226"
 285      7A46DE58 
 285      D9D9A721 
 285      B52CC9DE 
 285      8396
 286 04a5 C3793BD9 		.ascii	"\303y;\331h\260\306(\220\226qF]F\205\227\317Vy=\247"
 286      68B0C628 
 286      90967146 
 286      5D468597 
 286      CF56793D 
 287 04ba 69E856EA 		.ascii	"i\350V\352\0036\253\204\233\310G\321\241\363\334\273"
 287      0336AB84 
 287      9BC847D1 
 287      A1F3DCBB 
 288 04ca BA5FCBFC 		.ascii	"\272_\313\374\030\"\362\256\232[C^\270\205\315\273\255"
 288      1822F2AE 
 288      9A5B435E 
 288      B885CDBB 
 288      AD
 289 04db E9F9881E 		.ascii	"\351\371\210\036\2673\241'\177\347\001\015c\016\322"
 289      B733A127 
 289      7FE7010D 
 289      630ED2
 290 04ea 6DFDEE5D 		.ascii	"m\375\356]\212\006_d\203I\265W\267\311Kf\247;&iG\201"
 290      8A065F64 
 290      8349B557 
 290      B7C94B66 
 290      A73B2669 
 291 0500 3BBECE06 		.ascii	";\276\316\006\337>>8\344\216\373\231Pu3\243A\236\260"
 291      DF3E3E38 
 291      E48EFB99 
 291      507533A3 
 291      419EB0
 292 0513 9BC84D23 		.ascii	"\233\310M#{\236\032\360\0236\270\266\340\322&\017\374"
 292      7B9E1AF0 
 292      1336B8B6 
 292      E0D2260F 
 292      FC
 293 0524 9A099D03 		.ascii	"\232\011\235\003y)\006\306\274@\344\221\353\3516\003"
 293      792906C6 
 293      BC40E491 
 293      EBE93603 
 294 0534 4E76A383 		.ascii	"Nv\243\203\315-\267;=q:\023\322NW\330\344\004\265\320"
 294      CD2DB73B 
 294      3D713A13 
 294      D24E57D8 
 294      E404B5D0 
 295 0548 0FD060D9 		.ascii	"\017\320`\331z\214w\261Aee}\344\225}z\241i\243\026\347"
 295      7A8C77B1 
 295      4165657D 
ARM GAS  C:\Users\kiekensk\AppData\Local\Temp\cc91K5o8.s 			page 23


 295      E4957D7A 
 295      A169A316 
 296 055d B1C1731B 		.ascii	"\261\301s\033\266g\210\270\210\011\205\003{6\313\023"
 296      B66788B8 
 296      88098503 
 296      7B36CB13 
 297 056d FE912CCD 		.ascii	"\376\221,\315\356\241\034\003.gc'\367\257-\362\304\265"
 297      EEA11C03 
 297      2E676327 
 297      F7AF2DF2 
 297      C4B5
 298 057f 4CA8AD3A 		.ascii	"L\250\255:i\223\317\235@\020S\316\247\367\030p\023\033"
 298      6993CF9D 
 298      401053CE 
 298      A7F71870 
 298      131B
 299 0591 2B1D5C6F 		.ascii	"+\035\\o\365\300g\231\260{\244\367\236\034\254\0371"
 299      F5C06799 
 299      B07BA4F7 
 299      9E1CAC1F 
 299      31
 300 05a2 72EE7589 		.ascii	"r\356u\211\027\356dc\312\011\357COxt\362zE\000\356e"
 300      17EE6463 
 300      CA09EF43 
 300      4F7874F2 
 300      7A4500EE 
 301 05b7 43798335 		.ascii	"Cy\2035;\274\361\000\023\036\247\364\333\345\303g\012"
 301      3BBCF100 
 301      131EA7F4 
 301      DBE5C367 
 301      0A
 302 05c8 88377BEF 		.ascii	"\2107{\357n\364\302O\330\330\272\206\214:-~-/\211\275"
 302      6EF4C24F 
 302      D8D8BA86 
 302      8C3A2D7E 
 302      2D2F89BD 
 303 05dc 0FE12477 		.ascii	"\017\341$w\332~\260\321zU\304iL(\252I\277\351\206w2"
 303      DA7EB0D1 
 303      7A55C469 
 303      4C28AA49 
 303      BFE98677 
 304 05f1 E17655CA 		.ascii	"\341vU\312\013\015\316dB\361\273\275\027\2648\207\011"
 304      0B0DCE64 
 304      42F1BBBD 
 304      17B43887 
 304      09
 305 0602 174ED8FB 		.ascii	"\027N\330\373\275\360\001&\334oXwGN\350N\272\007\272"
 305      BDF00126 
 305      DC6F5877 
 305      474EE84E 
 305      BA07BA
 306 0615 EC76C4EA 		.ascii	"\354v\304\3523WK\306\323\366\026hp!%\1770\322\237|\305"
 306      33574BC6 
 306      D3F61668 
 306      7021257F 
 306      30D29F7C 
 307 062a 9D9C79CA 		.ascii	"\235\234y\3123Ii\370\371\216{\344\323\342,\177Z\364"
ARM GAS  C:\Users\kiekensk\AppData\Local\Temp\cc91K5o8.s 			page 24


 307      334969F8 
 307      F98E7BE4 
 307      D3E22C7F 
 307      5AF4
 308 063c C076DD25 		.ascii	"\300v\335%r\247\3055\365\001\327\326\316\035pi\242\212"
 308      72A7C535 
 308      F501D7D6 
 308      CE1D7069 
 308      A28A
 309 064e 7ED989DE 		.ascii	"~\331\211\336\306\321G\324\326\207\271\363\220\361;"
 309      C6D147D4 
 309      D687B9F3 
 309      90F13B
 310 065d 5A39FE7B 		.ascii	"Z9\376{5\377{'\376\233\026\216\237\244vG\022U\3564\236"
 310      35FF7B27 
 310      FE9B168E 
 310      9FA47647 
 310      1255EE34 
 311 0672 E5E8836A 		.ascii	"\345\350\203j\363w\235\314\017\363\374\353\256\027G"
 311      F3779DCC 
 311      0FF3FCEB 
 311      AE1747
 312 0681 E193A3EF 		.ascii	"\341\223\243\357\326Y\274\206\362ag\303\025\210\361"
 312      D659BC86 
 312      F26167C3 
 312      1588F1
 313 0690 95FD0E57 		.ascii	"\225\375\016WJ\225;\327x\357\327\251\275w\372\270t\360"
 313      4A953BD7 
 313      78EFD7A9 
 313      BD77FAB8 
 313      74F0
 314 06a2 F4F56A7A 		.ascii	"\364\365jz\200\332\371k\374\332?Q;\377\310a\235?\357"
 314      80DAF96B 
 314      FCDA3F51 
 314      3BFFC861 
 314      9D3FEF
 315 06b5 378A53D1 		.ascii	"7\212S\321\006\272l\204M\016\373\\\321\017\025\213\276"
 315      06BA6C84 
 315      4D0EFB5C 
 315      D10F158B 
 315      BE
 316 06c6 2803B013 		.ascii	"(\003\260\023\260\017P\000(\002l\005\224\000J\001[\000"
 316      B00F5000 
 316      28026C05 
 316      94004A01 
 316      5B00
 317 06d8 7B000701 		.ascii	"{\000\007\001\273\001\007\000y\200\275\200\315\200o"
 317      BB010700 
 317      7980BD80 
 317      CD806F
 318 06e7 01DF00F6 		.ascii	"\001\337\000\366\003\262\001\207\000\205\200m\200\303"
 318      03B20187 
 318      0085806D 
 318      80C3
 319 06f5 804C400E 		.ascii	"\200L@\016`\007`\023`; \013\220\017H\027\371/\\\007"
 319      60076013 
 319      603B200B 
ARM GAS  C:\Users\kiekensk\AppData\Local\Temp\cc91K5o8.s 			page 25


 319      900F4817 
 319      F92F5C07 
 320 0709 9F953BEA 		.ascii	"\237\225;\352\300n9}\223y\372U5\375\212\232~\237_\266"
 320      C06E397D 
 320      9379FA55 
 320      35FD8A9A 
 320      7E9F5FB6 
 321 071d 876AFA7D 		.ascii	"\207j\372}':_\261\257\325\364WN%r\255\225+\221w\352"
 321      273A5FB1 
 321      AFD5F457 
 321      4E2572AD 
 321      952B9177 
 322 0732 1279EB54 		.ascii	"\022y\353T\"\274\363\267]\307\312'\275\221\367\376\231"
 322      22BCF3B7 
 322      5DC7CA27 
 322      BD91F7FE 
 322      99
 323 0743 EB0DC799 		.ascii	"\353\015\307\231\277\305\227\324Z\327\025\310\337W\336"
 323      BFC597D4 
 323      5AD715C8 
 323      DF57DE
 324 0752 37B0FB0A 		.ascii	"7\260\373\012\320\370\373J>\371\230[\337\267*g\011\371"
 324      D0F8FB4A 
 324      3EF9985B 
 324      DFB72A67 
 324      09F9
 325 0764 CCBD504F 		.ascii	"\314\275PO\376\334\331Y\3760\351v\235\031\236\177\213"
 325      FEDCD959 
 325      FE30E976 
 325      9D199E7F 
 325      8B
 326 0775 0FEEB1EB 		.ascii	"\017\356\261\353\212\346\371\367\371\350R\324\321\265"
 326      8AE6F9F7 
 326      F9E852D4 
 326      D1B5
 327 0783 AA176398 		.ascii	"\252\027c\230O\345K\327\356\033\035\231\354h\3432\371"
 327      4FE54BD7 
 327      EE1B1D99 
 327      EC68E332 
 327      F9
 328 0794 549DC921 		.ascii	"T\235\311!\247\245\346\255\277q](|\325\362\261\336s"
 328      A7A5E6AD 
 328      BF715D28 
 328      7CD5F2B1 
 328      DE73
 329 07a6 7D54F1BE 		.ascii	"}T\361\276\363\241&\273\016u\254\014!W\303\212y\222"
 329      F3A126BB 
 329      0E75AC0C 
 329      2157C38A 
 329      7992
 330 07b8 AA07AEAB 		.ascii	"\252\007\256\253\234_\3126\336~\252\313\263\307\350"
 330      9C5FCA36 
 330      DE7EAACB 
 330      B3C7E8
 331 07c7 B0DED8CA 		.ascii	"\260\336\330\312Y_\343\372X"
 331      595FE3FA 
 331      58
ARM GAS  C:\Users\kiekensk\AppData\Local\Temp\cc91K5o8.s 			page 26


 332 07d0 E637451B 		.ascii	"\3467E\033\177n\016\250\227\262\337\351\253\302/\345"
 332      7F6E0EA8 
 332      97B2DFE9 
 332      ABC22FE5 
 333 07e0 A8EBAF84 		.ascii	"\250\353\257\204Q\276\341>/)\351\325\343r\372q\024w"
 333      51BEE13E 
 333      2F29E9D5 
 333      E372FA71 
 333      1477
 334 07f2 E5A55668 		.ascii	"\345\245VhU7\\\345\304C\345p\320\375?\036zl\347\365"
 334      55375CE5 
 334      C443E570 
 334      D0FD3F1E 
 334      7A6CE7F5 
 335 0806 B5B35B75 		.ascii	"\265\263[u\031xxD\034\273U\223\215H\343\274}\340a\205"
 335      19787844 
 335      1CBB5593 
 335      8D48E3BC 
 335      7DE06185 
 336 081a 177FAB2E 		.ascii	"\027\177\253.\023\371[\365Q\221\335\252\341M\376\017"
 336      13F95BF5 
 336      5191DDAA 
 336      E14DFE0F 
 337 082a E3D5953E 		.ascii	"\343\325\225>\003O&\177>;\310\307d\3621J\276\374(g\273"
 337      034F267F 
 337      3E3BC8C7 
 337      64F2314A 
 337      BEFC2867 
 338 083f 1BAE6377 		.ascii	"\033\256cw\221\341l\333\003\035nb\302\356\322C)\030"
 338      91E16CDB 
 338      031D6E62 
 338      C2EED243 
 338      2918
 339 0851 DB98D073 		.ascii	"\333\230\320srM\263\027>\317\204\233\373\222\356\270"
 339      724DB317 
 339      3ECF849B 
 339      FB92EEB8 
 340 0861 E14E2654 		.ascii	"\341N&T\327=\012b\327\227\251 \235\350}j\225\377_\304"
 340      D73D0A62 
 340      D797A920 
 340      9DE87D6A 
 340      95FF5FC4 
 341 0875 4E6E33FB 		.ascii	"Nn3\373\036\014\332\365\370\012\245j\277\257n\316\203"
 341      1E0CDAF5 
 341      F80AA56A 
 341      BFAF6ECE 
 341      83
 342 0886 DBCB24F9 		.ascii	"\333\313$\371\276\302\322\375\"\223\277\243TA\360u?"
 342      BEC2D2FD 
 342      2293BFA3 
 342      5441F075 
 342      3F
 343 0897 F0E1E3F3 		.ascii	"\360\341\343\363z\002\362ZC+\255NNj#$\265\011\026\366"
 343      7A02F25A 
 343      432BAD4E 
 343      4E6A2324 
 343      B50916F6 
ARM GAS  C:\Users\kiekensk\AppData\Local\Temp\cc91K5o8.s 			page 27


 344 08ab 24A001D0 		.ascii	"$\240\001\320\014\260\002N\001\352\307}a\256eq\005V"
 344      0CB0024E 
 344      01EAC77D 
 344      61AE6571 
 344      0556
 345 08bd AB9ED0E9 		.ascii	"\253\236\320\351Z\361&\223\243W\252\351N\337\361\266"
 345      5AF12693 
 345      A357AAE9 
 345      4EDFF1B6 
 346 08cd 2CD55EAA 		.ascii	",\325^\252\373\217\307R\007O?\356\232\316\237\321}\231"
 346      FB8FC752 
 346      074F3FEE 
 346      9ACE9FD1 
 346      7D99
 347 08df EC8CAE53 		.ascii	"\354\214\256S\237\321\364\2767n-\253]\256%\177a\342"
 347      9FD1F4BE 
 347      376E2DAB 
 347      5DAE257F 
 347      61E2
 348 08f1 E7AE701D 		.ascii	"\347\256p\035\331\330\037\223\353\256J\335z\334\307"
 348      D9D81F93 
 348      EBAE4ADD 
 348      7ADCC7
 349 0900 B65ACBE0 		.ascii	"\266Z\313\340`\261^\265\325\224\224\2403\220\211\377"
 349      60B15EB5 
 349      D59494A0 
 349      339089FF 
 350 0910 262B2CB0 		.ascii	"&+,\260\201,\266\005l\240y\332\261\005\352\224-p\341"
 350      812CB605 
 350      6CA079DA 
 350      B105EA94 
 350      2D70E1
 351 0923 7A51F1B8 		.ascii	"zQ\361\270-`\033\267\005Z\344\252&\357_.\013\217\011"
 351      2D601BB7 
 351      055AE4AA 
 351      26EF5F2E 
 351      0B8F09
 352 0936 8B89890C 		.ascii	"\213\211\211\014[\022\036\261<qeXd\\lx\364\212\260\350"
 352      5B121EB1 
 352      3C716558 
 352      645C6C78 
 352      F48AB0E8 
 353 094a 15D116CF 		.ascii	"\025\321\026\317\317\276\374\3334\223\321(\004\372\373"
 353      CFBEFCDB 
 353      3493D128 
 353      04FAFB
 354 0959 07B07F71 		.ascii	"\007\260\177q\011\001\300\017X\031\027oI\010\010Y\364"
 354      0901C00F 
 354      5819176F 
 354      49080859 
 354      F4
 355 096a C5CC20F6 		.ascii	"\305\314 \366;\357\223U\253\002dK\376\021\202A1J\314"
 355      3BEF9355 
 355      AB02644B 
 355      FE118241 
 355      314ACC
 356 097d 4C4CB0C4 		.ascii	"LL\260\304\316\014\012\213\210\211\213XN;<\242\343\377"
ARM GAS  C:\Users\kiekensk\AppData\Local\Temp\cc91K5o8.s 			page 28


 356      CE0C0A8B 
 356      88898B58 
 356      4E3B3CA2 
 356      E3FF
 357 098f 391FDE41 		.ascii	"9\037\336A?\315,S\217N\210\367_&xD\306\206\377\250\352"
 357      3FCD2C53 
 357      8F4E88F7 
 357      5F267844 
 357      C686FFA8 
 358 09a4 82057302 		.ascii	"\202\005s\002\346|1\353_A\262*\350\200\252.,,1z\205"
 358      E67C31EB 
 358      5F41B22A 
 358      E880AA2E 
 358      2C2C317A 
 359 09b9 05644B78 		.ascii	"\005dKx\304\237C\303-q11\321\021\241\226\370\304\250"
 359      C49F43C3 
 359      2D713131 
 359      D111A196 
 359      F8C4A8
 360 09cc 044B6264 		.ascii	"\004Kbdt\\\330\322\270\3700\246\361'\377@\377\300\320"
 360      745CD8D2 
 360      B8F830A6 
 360      F127FF40 
 360      FFC0D0
 361 09df F0F8584B 		.ascii	"\360\370XK\\\\L\002i|$\363?\212\012_\022\035\032\275"
 361      5C5C4C02 
 361      697C24F3 
 361      3F8A0A5F 
 361      121D1ABD 
 362 09f3 22222631 		.ascii	"\"\"&12*46<bY\364\212\250\320\260\310\250\245\341\211"
 362      322A3436 
 362      3C6259F4 
 362      8AA8D0B0 
 362      C8A8A5E1 
 363 0a08 319630CB 		.ascii	"1\2260\313\352\225Q\0110\231\2472\325\342\377\325T\011"
 363      EA955109 
 363      3099A732 
 363      D5E2FFD5 
 363      5409
 364 0a1a AB134241 		.ascii	"\253\023BA%\022\354\202}\357\220\325\011\226\250XS\\"
 364      2512EC82 
 364      7DEF90D5 
 364      0996A858 
 364      535C
 365 0a2c 7C9489AC 		.ascii	"|\224\211\254+6\231\2034\246\020\263\021\032F\322\010"
 365      2B369983 
 365      34A610B3 
 365      111A46D2 
 365      08
 366 0a3d 1AB74211 		.ascii	"\032\267B\021q\261\261q+\002\242VY`\211\324K\273\364"
 366      71B1B171 
 366      2B02A256 
 366      596089D4 
 366      4BBBF4
 367 0a50 938FA10D 		.ascii	"\223\217\241\015F\365\013\2776\207-\202\010\346D-\365"
 367      46F50BBF 
 367      36872D82 
ARM GAS  C:\Users\kiekensk\AppData\Local\Temp\cc91K5o8.s 			page 29


 367      08E6442D 
 367      F5
 368 0a61 9C63FADC 		.ascii	"\234c\372\3344\3573\263Q\267p\301\202\220Y\363I\233"
 368      34EF33B3 
 368      51B770C1 
 368      829059F3 
 368      499B
 369 0a73 34E70785 		.ascii	"4\347\007\205\220\246[H\210\3513\263\326<7d\256y\361"
 369      90A65B48 
 369      88E933B3 
 369      D63C3764 
 369      AE79F1
 370 0a86 DC391F63 		.ascii	"\3349\037c\230R3{\216\311\321\365\007\355\254\205\263"
 370      9852337B 
 370      8EC9D1F5 
 370      07EDAC85 
 370      B3
 371 0a97 83162C9C 		.ascii	"\203\026,\234\373\245\231\264\214\254\245\214\376^;"
 371      FBA599B4 
 371      8CACA58C 
 371      FE5E3B
 372 0aa6 2B78F64C 		.ascii	"+x\366Ly4x\214\027\254\346\315\364 V\240\207\274\215"
 372      7934788C 
 372      17ACE6CD 
 372      F42056A0 
 372      87BC8D
 373 0ab9 FC489007 		.ascii	"\374H\220\007\261@G\202eF\360x\206\321\223\350\232C"
 373      B1404782 
 373      6546F078 
 373      86D193E8 
 373      9A43
 374 0acb 169949C3 		.ascii	"\026\231I\303H\032cc\201\236D\233\215\005+\244`F\302"
 374      481A6363 
 374      819E449B 
 374      8D052BA4 
 374      6046C2
 375 0ade A6F9660D 		.ascii	"\246\371f\015\011\322\003\342%o\321dV\226#Ho6\231\224"
 375      09D203E2 
 375      256FD164 
 375      56962348 
 375      6F369994 
 376 0af2 3572FB6A 		.ascii	"5r\373j\341\"\223Y\0141{@\343\363\271\1777k\310\017"
 376      E1229359 
 376      0C317B40 
 376      E3F3B97F 
 376      376BC80F 
 377 0b06 9E6532BB 		.ascii	"\236e2\273\323\021\343\204y\013f\205\004+\364\177\003"
 377      D311E384 
 377      790B6685 
 377      042BF47F 
 377      03
 378 0b17 437CEB9A 		.ascii	"C|\353\232"
 379              		.text
 380              		.section	.gnu.lto_.symtab.2e80cc59,"",%progbits
 381 0000 68616C5F 		.ascii	"hal_lld_init\000"
 381      6C6C645F 
 381      696E6974 
ARM GAS  C:\Users\kiekensk\AppData\Local\Temp\cc91K5o8.s 			page 30


 381      00
 382 000d 00       		.ascii	"\000"
 383 000e 00       		.ascii	"\000"
 384 000f 00       		.ascii	"\000"
 385 0010 00000000 		.ascii	"\000\000\000\000\000\000\000\000"
 385      00000000 
 386 0018 B0000000 		.ascii	"\260\000\000\000"
 387 001c 73746D33 		.ascii	"stm32_clock_init\000"
 387      325F636C 
 387      6F636B5F 
 387      696E6974 
 387      00
 388 002d 00       		.ascii	"\000"
 389 002e 00       		.ascii	"\000"
 390 002f 00       		.ascii	"\000"
 391 0030 00000000 		.ascii	"\000\000\000\000\000\000\000\000"
 391      00000000 
 392 0038 B2000000 		.ascii	"\262\000\000\000"
 393 003c 53797374 		.ascii	"SystemCoreClock\000"
 393      656D436F 
 393      7265436C 
 393      6F636B00 
 394 004c 00       		.ascii	"\000"
 395 004d 00       		.ascii	"\000"
 396 004e 00       		.ascii	"\000"
 397 004f 00000000 		.ascii	"\000\000\000\000\000\000\000\000"
 397      00000000 
 398 0057 C3000000 		.ascii	"\303\000\000\000"
 399 005b 69727149 		.ascii	"irqInit\000"
 399      6E697400 
 400 0063 00       		.ascii	"\000"
 401 0064 02       		.ascii	"\002"
 402 0065 00       		.ascii	"\000"
 403 0066 00000000 		.ascii	"\000\000\000\000\000\000\000\000"
 403      00000000 
 404 006e B4000000 		.ascii	"\264\000\000\000"
 405 0072 646D6149 		.ascii	"dmaInit\000"
 405      6E697400 
 406 007a 00       		.ascii	"\000"
 407 007b 02       		.ascii	"\002"
 408 007c 00       		.ascii	"\000"
 409 007d 00000000 		.ascii	"\000\000\000\000\000\000\000\000"
 409      00000000 
 410 0085 B6000000 		.ascii	"\266\000\000\000"
 411              		.text
 412              		.section	.gnu.lto_.opts,"",%progbits
 413 0000 272D666D 		.ascii	"'-fmath-errno' '-fsigned-zeros' '-ftrapping-math' '"
 413      6174682D 
 413      6572726E 
 413      6F272027 
 413      2D667369 
 414 0033 2D666E6F 		.ascii	"-fno-trapv' '-fno-openmp' '-fno-openacc' '-mcpu=cor"
 414      2D747261 
 414      70762720 
 414      272D666E 
 414      6F2D6F70 
 415 0066 7465782D 		.ascii	"tex-m7' '-mno-thumb-interwork' '-mthumb' '-ggdb' '-"
ARM GAS  C:\Users\kiekensk\AppData\Local\Temp\cc91K5o8.s 			page 31


 415      6D372720 
 415      272D6D6E 
 415      6F2D7468 
 415      756D622D 
 416 0099 4F322720 		.ascii	"O2' '-fomit-frame-pointer' '-falign-functions=16' '"
 416      272D666F 
 416      6D69742D 
 416      6672616D 
 416      652D706F 
 417 00cc 2D666675 		.ascii	"-ffunction-sections' '-fdata-sections' '-fno-common"
 417      6E637469 
 417      6F6E2D73 
 417      65637469 
 417      6F6E7327 
 418 00ff 2720272D 		.ascii	"' '-flto'\000"
 418      666C746F 
 418      2700
 419              		.text
 420              		.comm	__gnu_lto_v1,1,1
 421              		.comm	__gnu_lto_slim,1,1
 422              		.ident	"GCC: (GNU Tools for ARM Embedded Processors (Build 17.03)) 6.3.1 20170215 (release) [ARM/e
ARM GAS  C:\Users\kiekensk\AppData\Local\Temp\cc91K5o8.s 			page 32


DEFINED SYMBOLS
                            *ABS*:00000000 hal_lld.c
                            *COM*:00000001 __gnu_lto_v1
                            *COM*:00000001 __gnu_lto_slim

NO UNDEFINED SYMBOLS
