ARM GAS  C:\Users\kiekensk\AppData\Local\Temp\ccceKnto.s 			page 1


   1              		.cpu cortex-m7
   2              		.eabi_attribute 20, 1
   3              		.eabi_attribute 21, 1
   4              		.eabi_attribute 23, 3
   5              		.eabi_attribute 24, 1
   6              		.eabi_attribute 25, 1
   7              		.eabi_attribute 26, 1
   8              		.eabi_attribute 30, 2
   9              		.eabi_attribute 34, 1
  10              		.eabi_attribute 18, 4
  11              		.file	"hal_st.c"
  12              		.text
  13              	.Ltext0:
  14              		.section	.gnu.lto_.profile.abe7003,"",%progbits
  15 0000 789C6365 		.ascii	"x\234ce`b`a```d\220\342\001\000\000\300\0003"
  15      60626061 
  15      60606064 
  15      90E20100 
  15      00C00033 
  16              		.text
  17              		.section	.gnu.lto_.icf.abe7003,"",%progbits
  18 0000 789C6365 		.ascii	"x\234ce`bP`@\000V\206\205??\354\345a\274\366\357\375"
  18      60625060 
  18      40005686 
  18      853F3FEC 
  18      E561BCF6 
  19 0016 136EA67D 		.ascii	"\023n\246}\027\036\254ga\276\263\265\373\0203\313\261"
  19      171EAC67 
  19      61BEB3B5 
  19      FB1033CB 
  19      B1
  20 0027 BFE7B7B3 		.ascii	"\277\347\267\2631\000\000\032\271\020\215"
  20      3100001A 
  20      B9108D
  21              		.text
  22              		.section	.gnu.lto_.jmpfuncs.abe7003,"",%progbits
  23 0000 789C6365 		.ascii	"x\234ce`b\020c@\000V\020\301\010\004\365L\014\014\314"
  23      60621063 
  23      40005610 
  23      C10804F5 
  23      4C0C0CCC 
  24 0014 209A0528 		.ascii	" \232\005(\000\000\016\012\0011"
  24      00000E0A 
  24      0131
  25              		.text
  26              		.section	.gnu.lto_.inline.abe7003,"",%progbits
  27 0000 789C6365 		.ascii	"x\234ce`bHe@\000V\006\006\026\036F\240 \003\003\333"
  27      60624865 
  27      40005606 
  27      06161E46 
  27      A0200303 
  28 0015 027910C5 		.ascii	"\002y\020\305\300\310\005\"\030\330X\201\302l\037\364"
  28      C0C80522 
  28      18D85881 
  28      C26C1FF4 
  29 0025 E0E24C0C 		.ascii	"\340\342L\014,\314@!\246\013\374p!fL!\026L!\006\000"
  29      2CCC4021 
ARM GAS  C:\Users\kiekensk\AppData\Local\Temp\ccceKnto.s 			page 2


  29      A60BFC70 
  29      21664C21 
  29      164C2106 
  30 003a 9CEB0870 		.ascii	"\234\353\010p"
  31              		.text
  32              		.section	.gnu.lto_.pureconst.abe7003,"",%progbits
  33 0000 789C6365 		.ascii	"x\234ce`b\340f```e\220`\224b\222b\226b\221\002\000\004"
  33      6062E066 
  33      60606065 
  33      90609462 
  33      92629662 
  34 0018 1000A2   		.ascii	"\020\000\242"
  35              		.text
  36              		.section	.gnu.lto_stInit.abe7003,"",%progbits
  37 0000 789C254D 		.ascii	"x\234%M\273\012\302@\020\334\271\363\021\020?@D\254"
  37      BB0AC240 
  37      10DCB9F3 
  37      11103F40 
  37      44AC
  38 0012 D3249F24 		.ascii	"\323$\237$\222\306B\020\214}N-\002Zh#b\025\321\"\261"
  38      92C64210 
  38      8C7D4E2D 
  38      025A6823 
  38      6215D122 
  39 0027 12CB74C1 		.ascii	"\022\313t\301\017\260\260\325\312\302F\355\0051q\317"
  39      0FB0B0D5 
  39      CAC246ED 
  39      053171CF 
  40 0037 0C3BCCB2 		.ascii	"\014;\314\262;;[$A[\"j2\353LH\202\230\237\210\206\206"
  40      3B3B5B24 
  40      415B226A 
  40      32EB4C48 
  40      82989F88 
  41 004d 0074A30C 		.ascii	"\000t\243\014\220'\340a&\227\022G\377\036\0133T\214"
  41      9027E061 
  41      26971247 
  41      FF1E0B33 
  41      548C
  42 005f 64F9AEA9 		.ascii	"d\371\256\251(A \211VL\015\2040\211m\267C\272\250\226"
  42      28412089 
  42      564C0D84 
  42      30896DB7 
  42      43BAA896 
  43 0073 0AF91C11 		.ascii	"\012\371\034\021J`\335\237\221\2504\363Ur\335 +\362"
  43      4A60DD9F 
  43      91A834F3 
  43      5572DD20 
  43      2BF2
  44 0085 6AC2D43F 		.ascii	"j\302\324?\246Rh\225\017\214\327\237\272\366\353\220"
  44      A6526895 
  44      0F8CD79F 
  44      BAF6EB90 
  45 0095 387E5ECA 		.ascii	"8~^\312\336W\031\201\304Jr\002v\360(`\357\013\243uV"
  45      DE571981 
  45      C44A7202 
  45      76F02860 
  45      EF0BA375 
ARM GAS  C:\Users\kiekensk\AppData\Local\Temp\ccceKnto.s 			page 3


  46 00aa F9FB3426 		.ascii	"\371\3734&\274\344sA\324\260,;\257\236kw\332]\333\355"
  46      BCE47341 
  46      D4B02C3B 
  46      AF9E6B77 
  46      DA5DDBED 
  47 00be 3B5A5BEE 		.ascii	";Z[\356\300r\350\007S\311@E"
  47      C072E807 
  47      53C94045 
  48              		.text
  49              		.section	.gnu.lto_stStartAlarm.abe7003,"",%progbits
  50 0000 789C9D52 		.ascii	"x\234\235RKkSA\024\236o&\275\011A\353R\301\010YXj]\344"
  50      4B6B5341 
  50      149E6F26 
  50      BD0941EB 
  50      52C10859 
  51 0018 12BBF107 		.ascii	"\022\273\361\007\210 \264+\273\2575\012\025\"\225&\270"
  51      8820B42B 
  51      BBAF350A 
  51      15229526 
  51      B8
  52 0029 B4D39058 		.ascii	"\264\323\220XL}\241\2645\305r\003Q\322F\323<\324\332"
  52      4C7DA1B4 
  52      35C57203 
  52      51D246D3 
  52      3CD4DA
  53 003c 68C54B10 		.ascii	"h\305K\020\\\265\276\266\026\202\322R!\202\217`\021"
  53      5CB5BEB6 
  53      1682D252 
  53      21828F60 
  53      11
  54 004d A1F5CCE4 		.ascii	"\241\365\314\344*\325\2258\334\2713\347\314w\276\363"
  54      2AD59538 
  54      DCB933E7 
  54      CC77BEF3 
  55 005d 9D33D3C2 		.ascii	"\2353\323\3028\253p\306\2161\306v\323\204`\340W\227"
  55      38AB70C6 
  55      8E31C676 
  55      D38460E0 
  55      5797
  56 006f 181BF670 		.ascii	"\030\033\366p@m\244\007l\210c\010W\304\204@ud\265\302"
  56      406DA407 
  56      6C886308 
  56      57C48440 
  56      7564B5C2 
  57 0083 3BB29286 		.ascii	";\262\222\206=1o\234\227\211]\226`,ES\015d\321A\250"
  57      3D316F9C 
  57      97895D96 
  57      602C4553 
  57      0D64D141 
  58 0098 57F1E24D 		.ascii	"W\361\342MqYX\002p\221\371yq\362}\25329\374d\376\310"
  58      71595802 
  58      7091F979 
  58      71F27DAB 
  58      3239FC64 
  59 00ae 15DFEE10 		.ascii	"\025\337\356\020~0\332\257=\255]C\373m)c\322\256_\027"
  59      7E30DAAF 
  59      3DAD5D43 
ARM GAS  C:\Users\kiekensk\AppData\Local\Temp\ccceKnto.s 			page 4


  59      FB6D2963 
  59      D2AE5F17 
  60 00c2 72AF2504 		.ascii	"r\257%\004r\020D\210\031\3700\015\037#\027\303\035\264"
  60      72104488 
  60      19F8300D 
  60      1F2317C3 
  60      1DB4
  61 00d4 2BFCBBD2 		.ascii	"+\374\273\322\306\330v\303\225\371\225\023wa\200\326"
  61      C6D876C3 
  61      95F99513 
  61      776180D6 
  62 00e4 C26BD872 		.ascii	"\302k\330rcsD\332\215[xs\330 \361*\202%\011\244\252"
  62      637344DA 
  62      8D5B7873 
  62      D820F12A 
  62      822509A4 
  63 00f9 18155CAD 		.ascii	"\030\025\\\255b\005\\\321\\\260\223\317\274b\237\226"
  63      62055CD1 
  63      5CB093CF 
  63      BC629F96 
  64 0109 60E5E6EA 		.ascii	"`\345\346\352h\313h\011\253\251m)i\307\375JE\376O\025"
  64      68CB6809 
  64      ABA96D29 
  64      69C7FD4A 
  64      45FE4F15 
  65 011d BABC59B4 		.ascii	"\272\274Y\264M\021\323\007T'\277/\327\307\016\376V\024"
  65      4D11D307 
  65      5427BF2F 
  65      D7C70EFE 
  65      5614
  66 012f 6F76E4A5 		.ascii	"ov\344\245!\024F\313J\011lQ\314P\200A\014E\030\344\034"
  66      211446CB 
  66      4A096C51 
  66      CC508041 
  66      0C4518E4 
  67 0144 4F545FB8 		.ascii	"OT_\270UG\\\032\263\224_\377\344m\232\212G\365,3\373"
  67      55475C1A 
  67      B3945FFF 
  67      E46D9A8A 
  67      47F52C33 
  68 0159 EDB9C7C2 		.ascii	"\355\271\307\302\024,\321\2022i()\015t\220[l|u\233y"
  68      142CD182 
  68      32692829 
  68      0D74905B 
  68      6C7C759B 
  69 016e 191F96B5 		.ascii	"\031\037\226\265\365\362\316/\024e\340\036,\334\240"
  69      F5F2CE2F 
  69      1465E01E 
  69      2CDCA0
  70 017d 52751202 		.ascii	"Ru\022\002m\216\227\226\215`A\201\322e\242p\343>L\354"
  70      6D8E9796 
  70      8D604181 
  70      D265A270 
  70      E33E4CEC 
  71 0191 F739083C 		.ascii	"\3679\010<@\320\251\243\261\266\220huT\375K\316\364"
  71      40D0A9A3 
  71      B1B69068 
ARM GAS  C:\Users\kiekensk\AppData\Local\Temp\ccceKnto.s 			page 5


  71      7554FD4B 
  71      CEF4
  72 01a3 39C536A7 		.ascii	"9\3056\247\363\301a{\010skMn\362\317S\244f\177\362\037"
  72      F3C1617B 
  72      08736B4D 
  72      6EF2CF53 
  72      A4667FF2 
  73 01b8 EC15CDCE 		.ascii	"\354\025\315\316\035\366G\232}\301\2728\343m\262s<\246"
  73      1DF6479A 
  73      7DC1BA38 
  73      E36DB273 
  73      3CA6
  74 01ca C815C46A 		.ascii	"\310\025\304j\243\323!\375\000T\313\331G\304\322\331"
  74      A3D321FD 
  74      0054CBD9 
  74      47C4D2D9 
  75 01da 4B500E7D 		.ascii	"KP\016}YI\322GWN\217{O `6\277\201\210\331\337\0276#"
  75      5949D247 
  75      574E8F7B 
  75      4F206036 
  75      BF8188D9 
  76 01f2 8321B5F6 		.ascii	"\203!\265\366F\242\201\020s\367\035\217DO\235>\351R"
  76      46A28110 
  76      73F71D8F 
  76      444F9D3E 
  76      E952
  77 0204 BFCEBFA1 		.ascii	"\277\316\277\241g\006\006\243\021\363hOw\347\001\263"
  77      670606A3 
  77      11F3684F 
  77      77E701B3 
  78 0214 ABEB90D9 		.ascii	"\253\353\220\331s\244\373l\320\011\356\015\207O\004"
  78      73A4FB6C 
  78      D009EE0D 
  78      874F04
  79 0223 FAD94F3E 		.ascii	"\372\331O>\300\376\231"
  79      C0FE99
  80              		.text
  81              		.section	.gnu.lto_stStopAlarm.abe7003,"",%progbits
  82 0000 789C5D50 		.ascii	"x\234]PAK\002Q\020\236\357=[%\350^d\247N^v)\377B\004"
  82      414B0251 
  82      109EEF3D 
  82      5B25E85E 
  82      64A74E5E 
  83 0019 819EF42E 		.ascii	"\201\236\364.a\007\017\202\341JW\327\320\004\205\352"
  83      61070F82 
  83      E14A57D7 
  83      D00485EA 
  84 0029 92E621F6 		.ascii	"\222\346!\366\340\301\262T:\006\005\"A]2\350\027H\207"
  84      E0C1B254 
  84      3A060522 
  84      415D32E8 
  84      174887
  85 003c A0431026 		.ascii	"\240C\020&%\004\326\274\335\210hx\303\314\233\371\346"
  85      2504D6BC 
  85      DD886878 
  85      C3CC9BF9 
  85      E6
ARM GAS  C:\Users\kiekensk\AppData\Local\Temp\ccceKnto.s 			page 6


  86 004d FBE6BD29 		.ascii	"\373\346\275)\022\244\203(BD\363\354\220\004\261\337"
  86      12A48328 
  86      4244F3EC 
  86      9004B1DF 
  87 005d 27CAF904 		.ascii	"'\312\371\004\240\022\313\007\312\012d\261'\253\022"
  87      A012CB07 
  87      CA0A64B1 
  87      27AB12
  88 006c BDE2D385 		.ascii	"\275\342\323\205\0104,\266nu\244\355X\205Y[\022\325"
  88      08342CB6 
  88      6E75A4ED 
  88      5885595B 
  88      12D5
  89 007e D895A181 		.ascii	"\330\225\241\201\0001\354\361|r0\243y\334:\216\241\261"
  89      0031ECF1 
  89      7C7230A3 
  89      79DC3A8E 
  89      A1B1
  90 0090 04751ED0 		.ascii	"\004u\036\320\265&_E\253{]\307\347*\267J\354J\243,\205"
  90      B5265F45 
  90      AB7B5DC7 
  90      E72AB74A 
  90      EC4AA32C 
  91 00a5 8AF219BD 		.ascii	"\212\362\031\275\321\370\366\262\242\377R\344]\245\261"
  91      D1F8F6B2 
  91      A2FF52E4 
  91      5DA5B1
  92 00b4 261D9A9A 		.ascii	"&\035\232\232\304_z\234@c\376&4.V\012\275{\357\256\264"
  92      C45F7A9C 
  92      4063FE26 
  92      342E560A 
  92      BD7BEFAE 
  93 00c9 251C4CBF 		.ascii	"%\034L\277\365\361:\355^\025\207\207K\365\366\373\215"
  93      F5F13AED 
  93      5E158787 
  93      4BF5F6FB 
  93      8D
  94 00da CFC6116C 		.ascii	"\317\306\021l)p\006?N\341'\205m\336\215\336\274F\313"
  94      2970063F 
  94      4EE12785 
  94      6DDE8DDE 
  94      BC46CB
  95 00ed CAE7AC41 		.ascii	"\312\347\254A}87\344)\211\026l\034\362\202\216\010\332"
  95      7D3837E4 
  95      2989166C 
  95      1CF2828E 
  95      08DA
  96 00ff 30FE6AF0 		.ascii	"0\376j\360\036\350\360\364\013\266\007\345\253E\265"
  96      1EE8F0F4 
  96      0BB607E5 
  96      AB45B5
  97 010e 9BF30125 		.ascii	"\233\363\001%n\360K\004\321\202\256\033\356I\231Fb="
  97      6EF04B04 
  97      D182AE1B 
  97      EE499946 
  97      623D
  98 0120 6998E9B8 		.ascii	"i\230\351\270\21213\243\307)\370\277\273\231JgL#\022"
ARM GAS  C:\Users\kiekensk\AppData\Local\Temp\ccceKnto.s 			page 7


  98      8A3133A3 
  98      C729F8BF 
  98      BB994A67 
  98      4C2312
  99 0133 0D07978D 		.ascii	"\015\007\227\215Ph\305\210\256\205\267\226~\360\261"
  99      5068C588 
  99      AE85B796 
  99      7EF0B1
 100 0142 6472434F 		.ascii	"drCO\3207\374G\1772"
 100      D037FC47 
 100      7F32
 101              		.text
 102              		.section	.gnu.lto_stSetAlarm.abe7003,"",%progbits
 103 0000 789C5D90 		.ascii	"x\234]\220\313k\023Q\024\306\3177w:\023\212\217\255"
 103      CB6B1351 
 103      14C6CF37 
 103      773A138A 
 103      8FAD
 104 0012 D014B2B0 		.ascii	"\320\024\262\260\324\272\310\020\273\361\017\020DhW"
 104      D4BAC810 
 104      BBF10F10 
 104      446857
 105 0021 765F6B14 		.ascii	"v_k\024*D*\235\340\266\267!\265\230B+\212\215)\206)"
 105      2A442A9D 
 105      E0B6B721 
 105      B598422B 
 105      8A8D2986 
 106 0036 44A9C6A6 		.ascii	"D\251\306\246y\370@q\341\020DW\255\350:\205\240V\024"
 106      79F84071 
 106      E1104457 
 106      ADE83A85 
 106      A05614
 107 0049 147C6110 		.ascii	"\024|a\020\261\365\234I\025\3652w\356=\347~\367\273"
 107      B1F59C49 
 107      15F53277 
 107      EE3DE77E 
 107      F7BB
 108 005b BF733AC8 		.ascii	"\277s:\310\240\237 :FD]<\241\010\306\2055\242\311\220"
 108      A09F203A 
 108      46445D3C 
 108      A108C685 
 108      35A2C990 
 109 006f 01C84687 		.ascii	"\001\310F\207@\023\006&0\247\262\012\365\3517\017\214"
 109      40130626 
 109      30A7B20A 
 109      F5E9370F 
 109      8C
 110 0080 BE25CDC3 		.ascii	"\276%\315\303\317V\354szj\217\247\210r<e`\011}\254z"
 110      CF56EC73 
 110      7A6A8FA7 
 110      88723C65 
 110      60097DAC 
 111 0095 9EAE5C55 		.ascii	"\236\256\\U\263\312S\200\311\341\247\325\205W\273$4"
 111      B3CA5380 
 111      C9E1A7D5 
 111      8557BB24 
 111      34
ARM GAS  C:\Users\kiekensk\AppData\Local\Temp\ccceKnto.s 			page 8


 112 00a6 10E1F047 		.ascii	"\020\341\360G\261\322\330\255\" \336\277}\324\274\210"
 112      B1D2D8AD 
 112      2220DEBF 
 112      7DD4BC88 
 113 00b6 DEEB5AA7 		.ascii	"\336\353Z\247\264\337\270\244\364^O)\024\241\330\020"
 113      B4DFB8A4 
 113      F45E4F29 
 113      14A1D810 
 114 00c6 3711C60D 		.ascii	"7\021\306\015\204\211S\204[\350\025\375\313\352\346"
 114      84895384 
 114      5BE815FD 
 114      CBEAE6
 115 00d5 E59D9659 		.ascii	"\345\235\226Y\370\375&\226a1>\225_\300\327\233[\323"
 115      F8FD2696 
 115      61313E95 
 115      5FC0D79B 
 115      5BD3
 116 00e7 DA7F7D0D 		.ascii	"\332\177}\015\017\017\233\014/7(\303\"\251bF\031\262"
 116      0F0F9B0C 
 116      2F3728C3 
 116      22A96246 
 116      19B2
 117 00f9 AA0D1862 		.ascii	"\252\015\030bs\336\317<\356T\373\002\004\257x\357=z"
 117      73DECF3C 
 117      EE54FB02 
 117      04AF78EF 
 117      3D7A
 118 010b 0A01C293 		.ascii	"\012\001\302\223\374\216\234\366\323\021\241(\375K\021"
 118      FC8E9CF6 
 118      D311A128 
 118      FD4B11
 119 011a 94B7829E 		.ascii	"\224\267\202\236<;\275C}\341\373\372r\366\340\037\242"
 119      3C3BBD43 
 119      7DE1FBFA 
 119      72F6E01F 
 119      A2
 120 012b 74BB23F7 		.ascii	"t\273#\367m%\232\000+\247\360\0271\241\014\213\035*"
 120      6D259A00 
 120      2BA7F017 
 120      31A10C8B 
 120      1D2A
 121 013d B038393F 		.ascii	"\26089?U\177fKG\314@\263Vj}\354l\207\342#=+\254|{\032"
 121      557F664B 
 121      47CC40B3 
 121      566A7DEC 
 121      6C87E223 
 122 0157 F29087A7 		.ascii	"\362\220\207\247:Pc\206\2520\360Aq\365\353\027\333)"
 122      3A506386 
 122      AA30F041 
 122      71F5EB17 
 122      DB29
 123 0169 E9F4A46E 		.ascii	"\351\364\244n\266j\335\237\371\226\205\333\360p\205"
 123      B66ADD9F 
 123      F99685DB 
 123      F07085
 124 0178 4B0D1E61 		.ascii	"K\015\036a\321\326|u\335\212\225E\264Xc\013\033w\340"
 124      D1D67C75 
ARM GAS  C:\Users\kiekensk\AppData\Local\Temp\ccceKnto.s 			page 9


 124      DD8A9545 
 124      B458630B 
 124      1B77E0
 125 018b 607F785B 		.ascii	"`\177x[\201\273\210I\035\033H5g\032\361\240\211\202"
 125      81BB8849 
 125      1D1B4835 
 125      671AF1A0 
 125      8982
 126 019d 4D1F905A 		.ascii	"M\037\220Zl\315B\022A\301\031\256\201\333f\020uG\243"
 126      6CCD4212 
 126      41C119AE 
 126      81DB6610 
 126      7547A3
 127 01b0 4EFB1B73 		.ascii	"N\373\033s\235\321\221\204\343\216\307e\035v\223\321"
 127      9DD19184 
 127      E38EC765 
 127      1D7693D1 
 128 01c0 38D923C7 		.ascii	"8\331#\307\335\344\251\323'M\371\365\377/=36\236t\235"
 128      DDE4A9D3 
 128      274DF9F5 
 128      FF2F3D33 
 128      369E749D 
 129 01d4 A34383FD 		.ascii	"\243C\203\375\007\234\201\201C\316\320\221\301\263\261"
 129      079C8181 
 129      43CED091 
 129      C1B3B1
 130 01e3 EDCBC389 		.ascii	"\355\313\303\211\304\211\350(\375\002\266\252\302\006"
 130      C489E828 
 130      FD02B6AA 
 130      C206
 131              		.text
 132              		.section	.gnu.lto_stGetAlarm.abe7003,"",%progbits
 133 0000 789C5D8F 		.ascii	"x\234]\217\313/CA\024\306\317w\247\356-\011\177\000"
 133      CB2F4341 
 133      14C6CF77 
 133      A7EE2D09 
 133      7F00
 134 0012 15B6B5E8 		.ascii	"\025\266\265\350M\371\027$\"a\325\356EXt\321\244\322"
 134      4DF91724 
 134      2261D5EE 
 134      455874D1 
 134      A4D2
 135 0024 36B69D4A 		.ascii	"6\266\235JE\220 \204*\232+\351\002\245/K\013ij\301\306"
 135      45902084 
 135      2A9A2BE9 
 135      02A52F4B 
 135      0B696AC1 
 136 0039 AB7B8960 		.ascii	"\253{\211`c!\361\212G48\323\212\210\311Lf\3169\2779"
 136      6321F18A 
 136      473438D3 
 136      8A88C94C 
 136      66CE39BF 
 137 004e E7FBEA48 		.ascii	"\347\373\352H\243\000\210<D\324\302\007\202\240\315"
 137      A300883C 
 137      44D4C207 
 137      82A0CD
 138 005d 9D1045ED 		.ascii	"\235\020E\355\032\240\036\322\016\212h\210`V\304\005"
ARM GAS  C:\Users\kiekensk\AppData\Local\Temp\ccceKnto.s 			page 10


 138      1AA01ED2 
 138      0E8A6888 
 138      6056C405 
 139 006d CE63F935 		.ascii	"\316c\37151#,\306l\034>\034\257\\7\251\020h\347pU\226"
 139      31232CC6 
 139      6C1C3E1C 
 139      AF5C37A9 
 139      1068E770 
 140 0083 270DE786 		.ascii	"'\015\347\206\224c\262\030\2777Vw\317d\275%4J0\276\011"
 140      9463B218 
 140      BF375677 
 140      CF64BD25 
 140      344A30BE 
 141 0098 0736E050 		.ascii	"\0076\340P3\266\340$\246\257\012\237\213\215\272-%H"
 141      33B6E024 
 141      A6AF0A9F 
 141      8B8DBA2D 
 141      2548
 142 00aa 019C4F43 		.ascii	"\001\234OCg)\224+\243(?\277&d\361&\205\217\036\376o"
 142      6729942B 
 142      A3283FBF 
 142      2664F126 
 142      858F1EFE 
 143 00bf 09AE4FF1 		.ascii	"\011\256O\361Q\202\2469\301\267\270Ei\377\375\250\022"
 143      5182A639 
 143      C1B7B845 
 143      69FFFDA8 
 143      12
 144 00d0 6FFE6D15 		.ascii	"o\376m\025\223\274\212\013oF\265UB\340\317\024\3026"
 144      93BC8A0B 
 144      6F46B555 
 144      42E0CF14 
 144      C236
 145 00e2 749EB103 		.ascii	"t\236\261\003=)4\316/\215\227N\015%\335V\305N2\257\367"
 145      3D2934CE 
 145      2F8D974E 
 145      0D25DD56 
 145      C54E32AF 
 146 00f7 0DB55075 		.ascii	"\015\265PuQ\346R\331\227C\273\205$,Q\207,\313\317(\371"
 146      51E652D9 
 146      9743BB85 
 146      242C5187 
 146      2CCBCF28 
 147 010c 5C481F3F 		.ascii	"\\H\037??\031fF\306\242\3622\365\3306\317\036u\344`"
 147      3F196646 
 147      C6A2F232 
 147      F5D836CF 
 147      1E75E460 
 148 0120 61992556 		.ascii	"a\231%V\3470\364\265T\270\320\3359\005\255\357i\226"
 148      E730F4B5 
 148      54B8D0DD 
 148      3905ADEF 
 148      6996
 149 0132 30908789 		.ascii	"0\220\207\211\016\307\017\201\002\334t\207\261\313\351"
 149      0EC70F81 
 149      02DC7487 
 149      B1CBE9
ARM GAS  C:\Users\kiekensk\AppData\Local\Temp\ccceKnto.s 			page 11


 150 0141 CA81AEE4 		.ascii	"\312\201\256\344\262*\366\316.\241\334\361\273\325\345"
 150      B22AF6CE 
 150      2EA1DCF1 
 150      BBD5E5
 151 0150 326B3B10 		.ascii	"2k;\0202}\203~3\024\034R\367@(\354\032\242\256\377\325"
 151      327D837E 
 151      33141C52 
 151      F74028EC 
 151      1AA2AEFF 
 152 0165 9140301C 		.ascii	"\221@0\0342=\336\376\256N\263\257\257\333\364\366\366"
 152      323DDEFE 
 152      AE4EB3AF 
 152      AFDBF4F6 
 152      F6
 153 0176 8FBA7FF8 		.ascii	"\217\272\177\370\001\277\177\330\345\243o4\014\223\326"
 153      01BF7FD8 
 153      E5A36F34 
 153      0C93D6
 154              		.text
 155              		.section	.gnu.lto_.symbol_nodes.abe7003,"",%progbits
 156 0000 789C55C8 		.ascii	"x\234U\310\271\015\200@\014\005\321\361_\266/(\212\330"
 156      B90D8040 
 156      0C05D1F1 
 156      5FB62F28 
 156      8AD8
 157 0012 5B024550 		.ascii	"[\002EP\0051gB\015T\202\260\310<\311H\257\"F\"\255r"
 157      05316742 
 157      0D5482B0 
 157      C83CC948 
 157      AF224622 
 158 0028 986E882D 		.ascii	"\230n\210-m\010\331\344\226e\227+\313!/YNy\227\304."
 158      6D08D9E4 
 158      9665972B 
 158      CB212F59 
 158      4E7997C4 
 159 003d 79FD055A 		.ascii	"y\375\005Z\353\241P\231\237\327\370\000\026\364\036"
 159      EBA15099 
 159      9FD7F800 
 159      16F41E
 160 004c 25       		.ascii	"%"
 161              		.text
 162              		.section	.gnu.lto_.refs.abe7003,"",%progbits
 163 0000 789C6365 		.ascii	"x\234ce`b`d\000\002\000\000I\000\011"
 163      60626064 
 163      00020000 
 163      490009
 164              		.text
 165              		.section	.gnu.lto_.decls.abe7003,"",%progbits
 166 0000 789CB557 		.ascii	"x\234\265W{L\024I\032\357\352\032\020\206\227;\032\343"
 166      7B4C1449 
 166      1AEFEA1A 
 166      1086973B 
 166      1AE3
 167 0012 E5DC3B63 		.ascii	"\345\334;c0\220\313.\017\331\334\356]rF\027=\317d\335"
 167      3090CB2E 
 167      0FD9DCEE 
 167      5D724617 
ARM GAS  C:\Users\kiekensk\AppData\Local\Temp\ccceKnto.s 			page 12


 167      3DCF64DD 
 168 0026 BB8C9EB9 		.ascii	"\273\214\236\271?\330LX\304\223\004\3050\303%\373\317"
 168      3FD84C58 
 168      C49304C5 
 168      30C325FB 
 168      CF
 169 0037 D902AB03 		.ascii	"\331\002\253\003\253\010* \270. \017A\220\227\202\""
 169      AB082A20 
 169      B82E200F 
 169      41909782 
 169      22
 170 0048 8A03E880 		.ascii	"\212\003\350\200\010\212\370@\020\004\025\337.\002\242"
 170      088AF840 
 170      100415DF 
 170      2E02A2
 171 0057 22AE7A5F 		.ascii	"\"\256z_=\232n\332\301\363\217\273\316Tw}U\277\357\367"
 171      3D9A6EDA 
 171      C1F38FBB 
 171      CE54777D 
 171      55BFEFF7 
 172 006b BDAABA6B 		.ascii	"\275\252\272k\234\004Q\250\377H\020JEA\310C\202\360"
 172      9C0451A8 
 172      FF48104A 
 172      4541C843 
 172      82F0
 173 007d 162E6741 		.ascii	"\026.gA\020\016\011\312E\344Rh\247\240\325Ck\204f\207"
 173      100E09CA 
 173      45E45268 
 173      A7A0D543 
 173      6B846687 
 174 0091 D62CBC7B 		.ascii	"\326,\274{}\003\034\030\236\253\241\235U\361\210\234"
 174      7D031C18 
 174      9EABA19D 
 174      55F1889C 
 175 00a1 C391CE26 		.ascii	"\303\221\316&\320q\341:\006h3\241\325B\363\200qwh\275"
 175      D071E13A 
 175      066833A1 
 175      D542F380 
 175      717768BD 
 176 00b5 D0BF2030 		.ascii	"\320\277 0^W\220\307\341\371\232s\022\237\274`\014~"
 176      5E5790C7 
 176      E1F99A73 
 176      129FBC60 
 176      0C7E
 177 00c7 C26FD064 		.ascii	"\302o\320d\3368\220u\234W\346\"<H\245O\342\231\253\321"
 177      DE389075 
 177      9C57E622 
 177      3C48A54F 
 177      E299ABD1 
 178 00db 23D7D60F 		.ascii	"#\327\326\017\364\011q\237D\236\227y\334\227\337i8\267"
 178      F409719F 
 178      449E9779 
 178      DC97DF69 
 178      38B7
 179 00ed 733E3597 		.ascii	"s>5\227\317\177\341#9\376\204\363\371i\370\3221\252"
 179      CF7FE123 
 179      39FE84F3 
ARM GAS  C:\Users\kiekensk\AppData\Local\Temp\ccceKnto.s 			page 13


 179      F969F8D2 
 179      31AA
 180 00ff DE7EFAA4 		.ascii	"\336~\372\244x\003\365 \300\242\351t\024!vG\264Q\361"
 180      7803F520 
 180      C0A2E974 
 180      14217647 
 180      B451F1
 181 0112 AD7C2144 		.ascii	"\255|!D\307aT\0248\251<\204d\015.\213\\\0249%\375qe"
 181      C7615414 
 181      38A93C84 
 181      640D2E8B 
 181      5C143925 
 182 0129 A46264D3 		.ascii	"\244bd\323\314\222|\261\030X\207\252\311\332HT\014 "
 182      CC927CB1 
 182      185887AA 
 182      C9DA4854 
 182      0C20
 183 013b A4565011 		.ascii	"\244VP\0212\267\371\374\204\177\202\022\034\222\243"
 183      32B7F9FC 
 183      847F8212 
 183      1C92A3
 184 014a 1FCE68BD 		.ascii	"\037\316h\275\253\357C\275d4{\021\242c[+\007\373\234"
 184      ABEF43BD 
 184      64347B11 
 184      A2635B2B 
 184      07FB9C
 185 015d B08848BF 		.ascii	"\260\210H\277\357e\341\237\375J$v\271\374JI\333\231"
 185      EF65E19F 
 185      FD4A2476 
 185      B9FC4A49 
 185      DB99
 186 016f B72F6C5E 		.ascii	"\267/l^I\030\031\364H\004\261c\250u\237\033\2103\365"
 186      491819F4 
 186      4804B163 
 186      A8759F1B 
 186      8833F5
 187 0182 683A8863 		.ascii	"h:\210c\233\257\324\353g\247Q\2558i\272\210V\317B%h"
 187      9BAFD4EB 
 187      67A751AD 
 187      3869BA88 
 187      56CF4225 
 188 0197 0E2A4673 		.ascii	"\016*Fs\300\370!4\033\356\337\352\030\223-v\327\241"
 188      C0F82134 
 188      1BEEDFEA 
 188      18932D76 
 188      D7A1
 189 01a9 69F3B2A5 		.ascii	"i\363\262\245\354~\311\326\031\373\333\2648\251\020"
 189      EC7EC9D6 
 189      19FBDBB4 
 189      38A910
 190 01b8 B4E61214 		.ascii	"\264\346\022\024*B\030\035D~\304c\350\302\275\020\365"
 190      2A42181D 
 190      447EC463 
 190      E8C2BD10 
 190      F5
 191 01c9 217400DD 		.ascii	"!t\000\335\200xJ\321<\320\216+\351Nt\302\001\324\331"
 191      80784AD1 
ARM GAS  C:\Users\kiekensk\AppData\Local\Temp\ccceKnto.s 			page 14


 191      3CD08E2B 
 191      E94E74C2 
 191      01D4D9
 192 01dc DEE6A262 		.ascii	"\336\346\242b\014N\370\350\021\311\203\027\014\225="
 192      0C4EF8E8 
 192      11C98317 
 192      0C953D
 193 01eb AE79E9C1 		.ascii	"\256y\351\301\206\010\242c\307H\3364\374'\332\277\030"
 193      8608A263 
 193      C748DE34 
 193      FC27DABF 
 193      18
 194 01fc 5FFE2366 		.ascii	"_\376#f\021\350H&\3322o{\262\010\346\246c1\243\245\263"
 194      11E84826 
 194      DA326F7B 
 194      B208E6A6 
 194      6331A3A5 
 195 0211 41877CF5 		.ascii	"A\207|\365\005$\004[S\306\302\214\021\342T5\322\243"
 195      0524045B 
 195      53C6C28C 
 195      11E25435 
 195      D2A3
 196 0223 4AC5291F 		.ascii	"J\305)\037=\334\255\222\024+%\307I\256\177\021\320\021"
 196      3DDCAD92 
 196      142B25C7 
 196      49AE7F11 
 196      D011
 197 0235 08F23004 		.ascii	"\010\3620\004\211\252\220/1Jp\250\002\006\313a\020\254"
 197      89AA902F 
 197      314A70A8 
 197      0206CB61 
 197      10AC
 198 0247 14E5A5EC 		.ascii	"\024\345\245\354w\306\007\021\361@\264\327]\277\246"
 198      77C60711 
 198      F140B4D7 
 198      5DBFA6
 199 0256 437A5F87 		.ascii	"Cz_\207\0045\016\010\2303}\245\363\354\337K\222\210"
 199      04350E08 
 199      98337DA5 
 199      F3ECDF4B 
 199      9288
 200 0268 8E813347 		.ascii	"\216\2013G\025g\3007\226\321\035U\327\177\361\302\211"
 200      1567C037 
 200      96D11D55 
 200      D77FF1C2 
 200      89
 201 0279 B4826266 		.ascii	"\264\202bfY\316S<\225\221\023S\032\271\327\022Pt\231"
 201      59CE533C 
 201      95911353 
 201      1AB9D712 
 201      507499
 202 028c 445C0B46 		.ascii	"D\\\013F\216+F\216\311F\352\262\306\216\210:\262i\010"
 202      8E2B468E 
 202      C946EAB2 
 202      C68E883A 
 202      B26908
 203 029f 028A0963 		.ascii	"\002\212\011c\3155\343\003x\312\262\327\321\262\237"
ARM GAS  C:\Users\kiekensk\AppData\Local\Temp\ccceKnto.s 			page 15


 203      CD35E303 
 203      78CAB2D7 
 203      D1B29F
 204 02ae 44BCEEC9 		.ascii	"D\274\356\3119\225\222\010u\357\247u\367\271Y)I\020"
 204      39959208 
 204      75EFA775 
 204      F7B95929 
 204      4910
 205 02c0 95A42338 		.ascii	"\225\244#8T\246X,\323\026\376\024-\374\331W\225\236"
 205      54A6582C 
 205      D316FE14 
 205      2DFCD957 
 205      959E
 206 02d2 B88AADD2 		.ascii	"\270\212\255\322\223\305\027\276\341L\035\277\316\220"
 206      93C517BE 
 206      E14C1DBF 
 206      CE90
 207 02e0 6CB11249 		.ascii	"l\261\022I\017Y@6\205\307\246\345\251\247<;\017\277"
 207      0F594036 
 207      85C7A6E5 
 207      A9A73C3B 
 207      0FBF
 208 02f2 C872C2F5 		.ascii	"\310r\302\365\214\250\365\350\375Ng\316\324\360\361"
 208      8CA8F5E8 
 208      FD4E67CE 
 208      D4F0F1
 209 0301 0413F1A8 		.ascii	"\004\023\361\250Aaj\32025R\246\222\321\366J\017\334"
 209      41616AD0 
 209      323552A6 
 209      92D1F64A 
 209      0FDC
 210 0313 CA986E97 		.ascii	"\312\230n\227\237\277'\252SA\262\244\344\342\314\244"
 210      9FBF27AA 
 210      5341B2A4 
 210      E4E2CCA4 
 211 0323 2D505691 		.ascii	"-PV\221\3779\267j\317\232\225\"\357\000\000\241\323"
 211      FF39B76A 
 211      CF9A9522 
 211      EF0000A1 
 211      D3
 212 0334 8AD9D35A 		.ascii	"\212\331\323Z\263vjvx\333\223l/\334\311\314f\035N\332"
 212      B3766A76 
 212      78DB936C 
 212      2FDCC9CC 
 212      661D4EDA 
 213 0348 E141A8C8 		.ascii	"\341A\250\310:\351\371$\253|@\262\352\351\216CM\012"
 213      3AE9F924 
 213      AB7C40B2 
 213      EAE98E43 
 213      4D0A
 214 035a 53136122 		.ascii	"S\023a\"\235f\312\3207\326y\303\335=qb\201P\270\274"
 214      9D66CAD0 
 214      37D679C3 
 214      DD3D7162 
 214      8150B8BC 
 215 036e 46047416 		.ascii	"F\004t\026\271S0<\001|\364f\352)W\266m\256\021\213\231"
 215      B953303C 
ARM GAS  C:\Users\kiekensk\AppData\Local\Temp\ccceKnto.s 			page 16


 215      017CF466 
 215      EA2957B6 
 215      6DAE118B 
 216 0383 B5A32D4E 		.ascii	"\265\243-NLv!\323\203\305G=\3306\262\221\351Kws\342"
 216      4C7621D3 
 216      83C5473D 
 216      D836B291 
 216      E94B7773 
 217 0398 DDD9743B 		.ascii	"\335\331t;\221\033\2576\015\3510t\210`-Ij\304z+\311"
 217      911BAF36 
 217      0DE93074 
 217      88602D49 
 217      6AC47A2B 
 218 03ad D0872C7F 		.ascii	"\320\207,\177R\240\326WmNx\037S\377\341L\225\235\357"
 218      52A0D657 
 218      6D4E781F 
 218      53FFE14C 
 218      959DEF
 219 03c0 E06622EF 		.ascii	"\340f\"\357>\336X\353\206\263\331\344\355\304[\215\316"
 219      3EDE58EB 
 219      86B3D9E4 
 219      EDC45B8D 
 219      CE
 220 03d1 389F09B2 		.ascii	"8\237\011\262W\006\356U\326\365g-\010\027\261\311\332"
 220      5706EE55 
 220      D6F5672D 
 220      0817B1C9 
 220      DA
 221 03e2 A327EC3C 		.ascii	"\243'\354<\202\000\325\253\314\300^e\325w\317\332\365"
 221      8200D5AB 
 221      CCC05E65 
 221      D577CFDA 
 221      F5
 222 03f3 2C200991 		.ascii	", \011\221\265\326\321\263\010\2272\315\206\221\362"
 222      B5D6D1B3 
 222      089732CD 
 222      8691F2
 223 0402 033C3812 		.ascii	"\003<8\022\2225c\244\335\213\204#\361<\302\270\222\306"
 223      923563A4 
 223      DD8B8423 
 223      F13CC2B8 
 223      92C6
 224 0414 EB64E720 		.ascii	"\353d\347 \3779\250\233\205\3225v\246\333\311\220L\321"
 224      FF39A89B 
 224      85D23576 
 224      A6DBC990 
 224      4CD1
 225 0426 506D1DDD 		.ascii	"Pm\035\335\316\327\000\336I\341=\310 +\321\367m\352"
 225      CED700DE 
 225      49E13DC8 
 225      202BD1F7 
 225      6DEA
 226 0438 A0A71A7C 		.ascii	"\240\247\032|\341}\340\322\334\374t=\256dN\356}\332"
 226      E17DE0D2 
 226      DCFC743D 
 226      AE644EEE 
 226      7DDA
ARM GAS  C:\Users\kiekensk\AppData\Local\Temp\ccceKnto.s 			page 17


 227 044a FB8017CC 		.ascii	"\373\200\027\314\027\304\202\347\265q.\270\232\315\355"
 227      17C482E7 
 227      B5712EB8 
 227      9ACDED
 228 0459 AADBD736 		.ascii	"\252\333\3276\015\037g\202\374\0064\3207 \212\355\374"
 228      0D1F6782 
 228      FC0634D0 
 228      37208AED 
 228      FC
 229 046a 12D7B199 		.ascii	"\022\327\261\231S);{\021n`\302`\374\235~\236\237\331"
 229      53293B7B 
 229      116E60C2 
 229      60FC9D7E 
 229      9E9FD9
 230 047d 20A69E7B 		.ascii	" \246\236{\344\203\233\330\324\233\346F\037\334\306"
 230      E4839BD8 
 230      D49BE646 
 230      1FDCC6
 231 048c FAF6EAC2 		.ascii	"\372\366\352\302\003\010_b\302H\246\375\221\036w2!\273"
 231      03085F62 
 231      C248A6FD 
 231      911E7732 
 231      21BB
 232 049e E3C7632E 		.ascii	"\343\307c.\270\233\011\005ci\005\356\270\217\011\227"
 232      B89B0905 
 232      636905EE 
 232      B88F0997 
 233 04ae 6BAE58DD 		.ascii	"k\256X\335\360\000_\034\025\025{\334\360}&\304\326v"
 233      F0005F1C 
 233      15157BDC 
 233      F07D26C4 
 233      D676
 234 04c0 A5F0CF4D 		.ascii	"\245\360\317M?\221\007\362\007\262]yU\234AN\354h}\201"
 234      3F9107F2 
 234      07B25D79 
 234      559C414E 
 234      EC687D81 
 235 04d4 F063064E 		.ascii	"\360c\006N\254\276tC7e\035\206\345:\004\3202\244\236"
 235      ACBE7443 
 235      37651D86 
 235      E53A04D0 
 235      32A49E
 236 04e7 4CADF2D4 		.ascii	"L\255\362\324\226\241\025\320\347(z\204fvX\316l\373"
 236      96A115D0 
 236      E7287A84 
 236      667658CE 
 236      6CFB
 237 04f9 9DDC7C9D 		.ascii	"\235\334|\235\266\016S\241g=I\254\177\346\201\274\275"
 237      B60E53A1 
 237      673D49AC 
 237      7FE681BC 
 237      BD
 238 050a BD6778AB 		.ascii	"\275gx\253._z\337/\305\307I\266\013o\002\254\271\347"
 238      2E5F7ADF 
 238      2FC5C749 
 238      B60B6F02 
 238      ACB9E7
ARM GAS  C:\Users\kiekensk\AppData\Local\Temp\ccceKnto.s 			page 18


 239 051d B749D90D 		.ascii	"\267I\331\015\210R]\201M\372\002\315P\366\301e\312{"
 239      88525D81 
 239      4DFA02CD 
 239      50F6C165 
 239      CA7B
 240 052f 84DC05A6 		.ascii	"\204\334\005\246\322\220\200\341\305\024\217)\376\274"
 240      D29080E1 
 240      C5148F29 
 240      FEBC
 241 053d 16DFF60E 		.ascii	"\026\337\366\016\376\241U\205\277\244\305_\244\370@"
 241      FEA15585 
 241      BFA4C55F 
 241      A4F840
 242 054c 024FE151 		.ascii	"\002O\341Q-\322\011\350\011\314\017\322)\202\206]\210"
 242      2DD209E8 
 242      09CC0FD2 
 242      2982865D 
 242      88
 243 055d E2455FF4 		.ascii	"\342E_\364\022y\2431h\222\350\215^\303s\034\232\025"
 243      1279A331 
 243      6892E88D 
 243      5EC3731C 
 243      9A15
 244 056f FABFC033 		.ascii	"\372\277\3003\016\236o\340\271\031\236\337C\333\002"
 244      0E9E6FE0 
 244      B9199EDF 
 244      43DB02
 245 057e ED2DC809 		.ascii	"\355-\310\011\360\034\205\347sh\261\320\177\005\317"
 245      F01C85E7 
 245      7368B1D0 
 245      7F05CF
 246 058d 67D0B68A 		.ascii	"g\320\266\212\336\364\035\304\234\034\377\267\342\343"
 246      DEF41DC4 
 246      9C1CFFB7 
 246      E2E3
 247 059b 63AD8FFE 		.ascii	"c\255\217\376\332\220FT\350\237\035\242\003\025p\307"
 247      DA904654 
 247      E89F1DA2 
 247      031570C7 
 248 05ab 2605FC40 		.ascii	"&\005\374@\013\356D\032\364\270:[\355\216\263\253\202"
 248      0BEE441A 
 248      F4B83A5B 
 248      ED8EB3AB 
 248      82
 249 05bc DF5291DF 		.ascii	"\337R\221\337\323\242\357h\321-*\364C-\372\334;\225"
 249      D3A2EF68 
 249      D12D2AF4 
 249      432DFADC 
 249      3B95
 250 05ce 1B51C107 		.ascii	"\033Q\301\007\264\360[Z\362\016\265\3477\264\360\253"
 250      B4F05B5A 
 250      F20EB5E7 
 250      37B4F0AB 
 251 05de 5A78838A 		.ascii	"Zx\203\212\374\221c_\324iQ\241o;ve\222\347j_:\034\257"
 251      FC91635F 
 251      D46951A1 
 251      6F3B7665 
ARM GAS  C:\Users\kiekensk\AppData\Local\Temp\ccceKnto.s 			page 19


 251      92E76A5F 
 252 05f5 B9496B54 		.ascii	"\271IkTE\177\327q\032\031\234\035N\006\337\0306K\022"
 252      457FD771 
 252      1A199C1D 
 252      4E06DF18 
 252      364B12
 253 0608 2230817F 		.ascii	"\"0\201\177\323\224\245d\267\342\0328K$8S\266\233Z\266"
 253      D394A564 
 253      B7E21A38 
 253      4B243853 
 253      B69B5AB6 
 254 061c BE778AA2 		.ascii	"\276w\212\242\366\265\3371|\302\327\315\200O\300\233"
 254      F6B5DF31 
 254      7CC2D7CD 
 254      804FC09B 
 255 062c 29FE2932 		.ascii	")\376)2\240!\216\227_\001\250EK\337\255\012\355\276"
 255      A0218E97 
 255      5F01A845 
 255      4BDFAD0A 
 255      EDBE
 256 063e E3E5A766 		.ascii	"\343\345\247f\357\266r\366^`\357\342x\371E\317\253\310"
 256      EFB672F6 
 256      5E60EFE2 
 256      78F945CF 
 256      ABC8
 257 0650 F0E4C0DB 		.ascii	"\360\344\300\333z\265\320\023\347\351\350A\257\341\247"
 257      7AB5D013 
 257      E7E9E841 
 257      AFE1A7
 258 065f 13197062 		.ascii	"\023\031pb\235\301Rt5\001\307\221\024m\023g\240Dq\342"
 258      9DC15274 
 258      3501C791 
 258      146D1367 
 258      A04471E2 
 259 0673 CB4F32E6 		.ascii	"\313O2\346x\247\243\037`\203\377\2777;\371F<\330qST"
 259      78A7A31F 
 259      6083FFBF 
 259      373BF946 
 259      3CD87153 
 260 0688 1F368887 		.ascii	"\0376\210\207\312\333y\273\310\016\033\360\004p\316"
 260      CADB79BB 
 260      C80E1BF0 
 260      0470CE
 261 0697 E1D14C0F 		.ascii	"\341\321L\017\\N\003D\225\027\233\222<\341lc\353'g\033"
 261      5C4E0344 
 261      95179B92 
 261      3CE16C63 
 261      EB27671B 
 262 06ab EFE26B03 		.ascii	"\357\342k\003\222\004<\361\210\035\031\223\224(\241"
 262      92043CF1 
 262      881D1993 
 262      9428A1
 263 06ba 3BF9A4B4 		.ascii	";\371\244\264C$\347\234\316\304\341g\356\270\221\261"
 263      4324E79C 
 263      CEC4E167 
 263      EEB891B1 
 264 06ca E53EAC69 		.ascii	"\345>\254i\344_}\017\020{\366\357\316\327\261\017\312"
ARM GAS  C:\Users\kiekensk\AppData\Local\Temp\ccceKnto.s 			page 20


 264      E45F7D0F 
 264      107BF6EF 
 264      CED7B10F 
 264      CA
 265 06db 7D329DD3 		.ascii	"}2\235\323\3664M\217/2\354\253\373\273\273\020\303\022"
 265      F6344D8F 
 265      2F32ECAB 
 265      FBBBBB10 
 265      C312
 266 06ed AF1A1F1F 		.ascii	"\257\032\037\037y1\365w>U\344\337\227\335\"\375\300"
 266      7931F577 
 266      3E55E4DF 
 266      97DD22FD 
 266      C0
 267 06fe 5C193B39 		.ascii	"\\\031;9\356\216\273)\223\256?w\344\2213\362\235\203"
 267      EE8EBB29 
 267      93AE3F77 
 267      E49133F2 
 267      9D83
 268 0710 901E5A81 		.ascii	"\220\036Z\201\374\307J@\031\242\036\245\211X\376c\232"
 268      FCC74A40 
 268      19A21EA5 
 268      8958FE63 
 268      9A
 269 0721 2901FDD0 		.ascii	")\001\375\320&2\314\376_\014\355\227\360l\001\005\321"
 269      2632CCFE 
 269      5F0CED97 
 269      F06C0105 
 269      D1
 270 0732 CF164A87 		.ascii	"\317\026J\207\372dP;\231\342\034\264\007\014eJ.t\004"
 270      FA64503B 
 270      99E21CB4 
 270      070C654A 
 270      2E7404
 271 0745 0C1E6BAF 		.ascii	"\014\036k\257\331\353\246|\243\020\345\336\011\270\024"
 271      D9EBA67C 
 271      A310E5DE 
 271      09B814
 272 0754 91F8B757 		.ascii	"\221\370\267W4\310^\322cx[\316^W=\267a}\257\015@\037"
 272      34C85ED2 
 272      63785BCE 
 272      5E573DB7 
 272      617DAF0D 
 273 076a EEDAB2C7 		.ascii	"\356\332\262\307U\315\375\343\373\270sG\233n{\316\317"
 273      55CDFDE3 
 273      FBB87347 
 273      9B6E7BCE 
 273      CF
 274 077b 95DA6D70 		.ascii	"\225\332mp\304o\360\251\210\265Iq\213\320>\321\200v"
 274      C46FF0A9 
 274      88B54971 
 274      8BD03ED1 
 274      8076
 275 078d 41B1E01C 		.ascii	"A\261\340\034\257RM\206\221U\360\237\372'q>h^\177[\223"
 275      AF524D86 
 275      9155F09F 
 275      FA27713E 
ARM GAS  C:\Users\kiekensk\AppData\Local\Temp\ccceKnto.s 			page 21


 275      685E7F5B 
 276 07a2 ED81FB58 		.ascii	"\355\201\373X\372\267$\306V8O\024\376\263\022U\341\311"
 276      FAB724C6 
 276      56384F14 
 276      FEB31255 
 276      E1C9
 277 07b4 49354B29 		.ascii	"I5K)|\226\266\360\331\264\360\247\036\344e\352\3600"
 277      7C96B6F0 
 277      D9B4F0A7 
 277      1EE465EA 
 277      F030
 278 07c6 631BEFD9 		.ascii	"c\033\357\331\226\340\305\331Z\374"
 278      96E0C5D9 
 278      5AFC
 279 07d0 D8193F87 		.ascii	"\330\031?\207\235\361s\024\246\034-\323~\312t\255\352"
 279      9DF17314 
 279      A61C2DD3 
 279      7ECA74AD 
 279      EA
 280 07e1 5C9D8863 		.ascii	"\\\235\210c\235(SgW|\015_\026n\252\223\361L~2~=\324"
 280      9D285367 
 280      577C0D5F 
 280      166EAA93 
 280      F14C7E32 
 281 07f8 FE9A9F0E 		.ascii	"\376\232\237\016\365 \036\217-\357s\232r\325\034\220"
 281      F5201E8F 
 281      2DEF739A 
 281      72D51C90 
 282 0808 574D014B 		.ascii	"WM\001KtW\322\363\036\235\266\210\371\220\255<\232\255"
 282      7457D2F3 
 282      1E9DB688 
 282      F990AD3C 
 282      9AAD
 283 081a 429AE803 		.ascii	"B\232\350\003r\242\033\273FOxh\3132%\372Iiz\376\264"
 283      72A21BBB 
 283      464F7868 
 283      CB3225FA 
 283      49697AFE 
 284 082f 89B2FC9E 		.ascii	"\211\262\374\236\227\245\210\227\005\376\314\250Tsy"
 284      97A58897 
 284      05FECCA8 
 284      547379
 285 083e 590ED2B2 		.ascii	"Y\016\322\262T\247\247.\304\311,\372\344{)i.JU\312F"
 285      54A7A72E 
 285      C4C92CFA 
 285      E47B2969 
 285      2E4A55CA 
 286 0853 94AA903F 		.ascii	"\224\252\220?.\305J.\213\265\271,\241\271\374\371jk"
 286      2EC54A2E 
 286      8BB5B92C 
 286      A1B9FCF9 
 286      6A6B
 287 0865 D9349CC3 		.ascii	"\3314\234\303\330F\372[%\267\011\237\026j|\262O\362"
 287      D846FA5B 
 287      25B7099F 
 287      166A7CB2 
 287      4FF2
ARM GAS  C:\Users\kiekensk\AppData\Local\Temp\ccceKnto.s 			page 22


 288 0877 E910F7A9 		.ascii	"\351\020\367\251T\234/8\233-\3137DX\\\226}\375\367\271"
 288      549C2F38 
 288      9B2DCB37 
 288      44585C96 
 288      7DFDF7B9 
 289 088b C18181C2 		.ascii	"\301\201\201\302\307~~\376\354\027e\366_\027\032\351"
 289      C77E7EFE 
 289      EC1765F6 
 289      5F171AE9 
 290 089b 6F8E0E23 		.ascii	"o\216\016#O\223\331\342\027&\270\233-+-\241\321\226"
 290      4F93D9E2 
 290      1726B89B 
 290      2D2B2DA1 
 290      D196
 291 08ad C591A1D1 		.ascii	"\305\221\241\321\353\365&SL\304\006K\320\002\223%4\354"
 291      EBF52653 
 291      4CC4064B 
 291      D0029325 
 291      34EC
 292 08bf 8F21A196 		.ascii	"\217!\241\226\250\310\310\210\260\020KtL\270\331\022"
 292      A8C8C888 
 292      B0104B74 
 292      4CB8D912 
 293 08cf B32622CA 		.ascii	"\263&\"\312\2646*\032\364\326\003\342\017~\001~\001"
 293      B4362A1A 
 293      F4D603E2 
 293      0F7E017E 
 293      01
 294 08e0 21A06489 		.ascii	"!\240d\211\212\2124\223\316\247\034\377ix\350\267\021"
 294      8A8A3493 
 294      CEA71CFF 
 294      6978E8B7 
 294      11
 295 08f1 21111BC2 		.ascii	"!\021\033\302\"c\326\204\207\254\017\015[\027\261!<"
 295      2263D684 
 295      87AC0F0D 
 295      5B17B121 
 295      3C
 296 0902 C4B4267C 		.ascii	"\304\264&|mhL\244\305d\371nc\270\331o\235\340\"\233"
 296      6D684CA4 
 296      C564F96E 
 296      63B8D96F 
 296      9DE0229B 
 297 0916 5AFDBF32 		.ascii	"Z\375\2772e\376\316\034\002*k\200\027\370]A\264D\254"
 297      65FECE1C 
 297      022A6B80 
 297      17F85D41 
 297      B444AC
 298 0929 0F3759E6 		.ascii	"\0177Y\346\2523\020m\361\347x\377\260ud\036\240n$\011"
 298      AA33106D 
 298      F1E778FF 
 298      B075641E 
 298      A06E2409 
 299 093d 511B590E 		.ascii	"Q\033Y\016\240\037n\221\273\313x\027\020\246\310\310"
 299      A01F6E91 
 299      BBCB7817 
 299      10A6C8C8 
ARM GAS  C:\Users\kiekensk\AppData\Local\Temp\ccceKnto.s 			page 23


 300 094d 35A608C8 		.ascii	"5\246\010\310l\2206\241\033\243\242-f\377\225\253V\004"
 300      6C9036A1 
 300      1BA3A22D 
 300      66FF95AB 
 300      5604
 301 095f 2DF0FFEA 		.ascii	"-\360\377\352\253%\376\253\226\257\370W O1\321\002\013"
 301      AB25FEAB 
 301      96AFF857 
 301      204F31D1 
 301      020B
 302 0971 4EC1C12B 		.ascii	"N\301\301+\214A\342_\215\272%+\026\033\361\222`\243"
 302      8C41E25F 
 302      8DBA252B 
 302      161BF192 
 302      60A3
 303 0983 EECB25AB 		.ascii	"\356\313%\253\21488\330\210\215\320\026\033\215\370"
 303      8C3838D8 
 303      888DD016 
 303      1B8DF8
 304 0992 6F2B8371 		.ascii	"o+\203q\360\327\253t\301\301K\215\024\277\200\336\003"
 304      F0D7AB74 
 304      C1C14B8D 
 304      14BF80DE 
 304      03
 305 09a3 F1D26546 		.ascii	"\361\322eFq%h._j\324\255\\\001\350`\343\002h\201\200"
 305      7125682E 
 305      5F6AD4AD 
 305      5C01E860 
 305      E3026881 
 306 09b8 FC8771C1 		.ascii	"\374\207q\301\207y\3032\011\361\262p\271`\262\030x`"
 306      8779C332 
 306      09F1B270 
 306      B960B218 
 306      7860
 307 09ca 66B2084C 		.ascii	"f\262\010L\241$V\017\223im\314\2060\223\311\357\213"
 307      A124560F 
 307      93696DCC 
 307      863093C9 
 307      EF8B
 308 09dc A0CF835C 		.ascii	"\240\317\203\\dI\027\266.4\372\243\011x\324F\206\236"
 308      644917B6 
 308      2E34FAA3 
 308      0978D446 
 308      869E
 309 09ee 2E8F843B 		.ascii	".\217\204;P\377\"@\236\376\247\303\351\317\376\003~"
 309      50FF2240 
 309      9EFEA7C3 
 309      E9CFFE03 
 309      7E
 310 09ff 7F0084   		.ascii	"\177\000\204"
 311              		.text
 312              		.section	.gnu.lto_.symtab.abe7003,"",%progbits
 313 0000 7374496E 		.ascii	"stInit\000"
 313      697400
 314 0007 00       		.ascii	"\000"
 315 0008 00       		.ascii	"\000"
 316 0009 00       		.ascii	"\000"
ARM GAS  C:\Users\kiekensk\AppData\Local\Temp\ccceKnto.s 			page 24


 317 000a 00000000 		.ascii	"\000\000\000\000\000\000\000\000"
 317      00000000 
 318 0012 AE000000 		.ascii	"\256\000\000\000"
 319 0016 73745374 		.ascii	"stStartAlarm\000"
 319      61727441 
 319      6C61726D 
 319      00
 320 0023 00       		.ascii	"\000"
 321 0024 00       		.ascii	"\000"
 322 0025 00       		.ascii	"\000"
 323 0026 00000000 		.ascii	"\000\000\000\000\000\000\000\000"
 323      00000000 
 324 002e BF000000 		.ascii	"\277\000\000\000"
 325 0032 73745374 		.ascii	"stStopAlarm\000"
 325      6F70416C 
 325      61726D00 
 326 003e 00       		.ascii	"\000"
 327 003f 00       		.ascii	"\000"
 328 0040 00       		.ascii	"\000"
 329 0041 00000000 		.ascii	"\000\000\000\000\000\000\000\000"
 329      00000000 
 330 0049 C1000000 		.ascii	"\301\000\000\000"
 331 004d 73745365 		.ascii	"stSetAlarm\000"
 331      74416C61 
 331      726D00
 332 0058 00       		.ascii	"\000"
 333 0059 00       		.ascii	"\000"
 334 005a 00       		.ascii	"\000"
 335 005b 00000000 		.ascii	"\000\000\000\000\000\000\000\000"
 335      00000000 
 336 0063 C3000000 		.ascii	"\303\000\000\000"
 337 0067 73744765 		.ascii	"stGetAlarm\000"
 337      74416C61 
 337      726D00
 338 0072 00       		.ascii	"\000"
 339 0073 00       		.ascii	"\000"
 340 0074 00       		.ascii	"\000"
 341 0075 00000000 		.ascii	"\000\000\000\000\000\000\000\000"
 341      00000000 
 342 007d C6000000 		.ascii	"\306\000\000\000"
 343 0081 73745F6C 		.ascii	"st_lld_init\000"
 343      6C645F69 
 343      6E697400 
 344 008d 00       		.ascii	"\000"
 345 008e 02       		.ascii	"\002"
 346 008f 00       		.ascii	"\000"
 347 0090 00000000 		.ascii	"\000\000\000\000\000\000\000\000"
 347      00000000 
 348 0098 C8000000 		.ascii	"\310\000\000\000"
 349              		.text
 350              		.section	.gnu.lto_.opts,"",%progbits
 351 0000 272D666D 		.ascii	"'-fmath-errno' '-fsigned-zeros' '-ftrapping-math' '"
 351      6174682D 
 351      6572726E 
 351      6F272027 
 351      2D667369 
 352 0033 2D666E6F 		.ascii	"-fno-trapv' '-fno-openmp' '-fno-openacc' '-mcpu=cor"
ARM GAS  C:\Users\kiekensk\AppData\Local\Temp\ccceKnto.s 			page 25


 352      2D747261 
 352      70762720 
 352      272D666E 
 352      6F2D6F70 
 353 0066 7465782D 		.ascii	"tex-m7' '-mno-thumb-interwork' '-mthumb' '-ggdb' '-"
 353      6D372720 
 353      272D6D6E 
 353      6F2D7468 
 353      756D622D 
 354 0099 4F322720 		.ascii	"O2' '-fomit-frame-pointer' '-falign-functions=16' '"
 354      272D666F 
 354      6D69742D 
 354      6672616D 
 354      652D706F 
 355 00cc 2D666675 		.ascii	"-ffunction-sections' '-fdata-sections' '-fno-common"
 355      6E637469 
 355      6F6E2D73 
 355      65637469 
 355      6F6E7327 
 356 00ff 2720272D 		.ascii	"' '-flto'\000"
 356      666C746F 
 356      2700
 357              		.text
 358              		.comm	__gnu_lto_v1,1,1
 359              		.comm	__gnu_lto_slim,1,1
 360              		.ident	"GCC: (GNU Tools for ARM Embedded Processors (Build 17.03)) 6.3.1 20170215 (release) [ARM/e
ARM GAS  C:\Users\kiekensk\AppData\Local\Temp\ccceKnto.s 			page 26


DEFINED SYMBOLS
                            *ABS*:00000000 hal_st.c
                            *COM*:00000001 __gnu_lto_v1
                            *COM*:00000001 __gnu_lto_slim

NO UNDEFINED SYMBOLS
