ARM GAS  C:\Users\kiekensk\AppData\Local\Temp\ccQhvV7j.s 			page 1


   1              		.cpu cortex-m7
   2              		.eabi_attribute 20, 1
   3              		.eabi_attribute 21, 1
   4              		.eabi_attribute 23, 3
   5              		.eabi_attribute 24, 1
   6              		.eabi_attribute 25, 1
   7              		.eabi_attribute 26, 1
   8              		.eabi_attribute 30, 2
   9              		.eabi_attribute 34, 1
  10              		.eabi_attribute 18, 4
  11              		.file	"hal_st_lld.c"
  12              		.text
  13              	.Ltext0:
  14              		.section	.gnu.lto_.profile.abe6f62,"",%progbits
  15 0000 789C6365 		.ascii	"x\234ce`b`a```d\260\221\007\000\001\027\000h"
  15      60626061 
  15      60606064 
  15      B0910700 
  15      01170068 
  16              		.text
  17              		.section	.gnu.lto_.icf.abe6f62,"",%progbits
  18 0000 789C6365 		.ascii	"x\234ce`b\340c@\000&\206\216[\033z\331\030?\334\377"
  18      6062E063 
  18      40002686 
  18      8E5B1B7A 
  18      D9183FDC 
  19 0015 3E978D01 		.ascii	">\227\215\001\000-\370\006'"
  19      002DF806 
  19      27
  20              		.text
  21              		.section	.gnu.lto_.jmpfuncs.abe6f62,"",%progbits
  22 0000 789C6365 		.ascii	"x\234ce`b0g@\000&0\311\310\300\300\3028\235\231\361"
  22      60623067 
  22      40002630 
  22      C9C8C0C0 
  22      C2389D99 
  23 0015 E9C9C96D 		.ascii	"\351\311\311m<}\314\363\231\031\030e\030\2273\312\000"
  23      3C7DCCF3 
  23      99191865 
  23      189733CA 
  23      00
  24 0026 6580A25D 		.ascii	"e\200\242]\277\256\367q@D9\030W\200D\031\0004\214\013"
  24      BFAEF771 
  24      40443918 
  24      57804419 
  24      00348C0B 
  25 003a 59       		.ascii	"Y"
  26              		.text
  27              		.section	.gnu.lto_.inline.abe6f62,"",%progbits
  28 0000 789C6365 		.ascii	"x\234ce`b\260b@\000&\006\006\036QF\006&\276{\001\014"
  28      6062B062 
  28      40002606 
  28      061E5146 
  28      0626BE7B 
  29 0016 6C0BE499 		.ascii	"l\013\344\231@b\214\\p\202A\\\036(\251t\241\223\011"
  29      40628C5C 
  29      7082415C 
ARM GAS  C:\Users\kiekensk\AppData\Local\Temp\ccQhvV7j.s 			page 2


  29      1E28A974 
  29      A19309
  30 0029 2ECBCC03 		.ascii	".\313\314\003\326\305\000\000\253`\005\020"
  30      D6C50000 
  30      AB600510 
  31              		.text
  32              		.section	.gnu.lto_.pureconst.abe6f62,"",%progbits
  33 0000 789C6365 		.ascii	"x\234ce`b`c`\000\222\273\030\031\245\000\003\273\000"
  33      60626063 
  33      600092BB 
  33      1819A500 
  33      03BB00
  34 0013 E6       		.ascii	"\346"
  35              		.text
  36              		.section	.gnu.lto_VectorB0.abe6f62,"",%progbits
  37 0000 789C8554 		.ascii	"x\234\205T]l\024U\024>g\356\354\316v\267X\303\223\032"
  37      5D6C1455 
  37      143E67EE 
  37      ECCE76B7 
  37      58C3931A 
  38 0014 82DB681F 		.ascii	"\202\333h\0370\320\001i0\361\301\304\324\227&lbZ\336"
  38      30D00169 
  38      30F1C1C4 
  38      D497266C 
  38      625ADE
  39 0027 1B1C56BB 		.ascii	"\033\034V\273\311.Kv\012\201\247\336\226bCE0&BW\251"
  39      C92E4B76 
  39      0A81A7DE 
  39      96624345 
  39      30264257 
  40 003c 43AC4A45 		.ascii	"C\254JE\372+*\333\332\262\264B\371k\011\215\032\223"
  40      FA2B2ADB 
  40      DAB2B442 
  40      F96B098D 
  40      1A93
  41 004e 3E8040C5 		.ascii	">\200@\305bM\3206\024\005[\317\271\273]\313\254\221"
  41      624DD036 
  41      14055BCF 
  41      B9BB5DCB 
  41      AC91
  42 0060 C9EECCDE 		.ascii	"\311\356\314\336\363}\347\236\357\234\357\316z@\203"
  42      F37DE79E 
  42      EF9CEFCE 
  42      7A4083
  43 006f 220F8086 		.ascii	"\"\017\200\206\000e\000\200\036@\355\2351\200z\237\246"
  43      00650080 
  43      1E40ED9D 
  43      31807A9F 
  43      A6
  44 0080 89BE9520 		.ascii	"\211\276\225 \375\372\017&\310B\201z&\254#\362\017\351"
  44      FDFA0F26 
  44      C842817A 
  44      26AC23F2 
  44      0FE9
  45 0092 43A8D384 		.ascii	"C\250\323\204\216ux@\034\0228\324\364sJ[uT\322\225>"
  45      8E757840 
  45      1C1238D4 
ARM GAS  C:\Users\kiekensk\AppData\Local\Temp\ccQhvV7j.s 			page 3


  45      F4734A5B 
  45      7554D295 
  46 00a7 F45751BD 		.ascii	"\364WQ\275\334\363\204#\000\222\364\345\013\217\342"
  46      DCF38423 
  46      0092F4E5 
  46      0B8FE2
  47 00b6 2A20DAF5 		.ascii	"* \332\365\236\371\367\226y\365L\034\333\321Ku\241k"
  47      9EF9F796 
  47      79F54C1C 
  47      DBD14B75 
  47      A16B
  48 00c8 1CD3727E 		.ascii	"\034\323r~\241I\246g\333\260\277\322/\300\241r|\003"
  48      A149A667 
  48      DBB0BFD2 
  48      2FC0A172 
  48      7C03
  49 00da 682622D7 		.ascii	"h&\"\327{Kh\374\024S8\3247\265oo\200s[\005W>\270g\350"
  49      7B4B68FC 
  49      145338D4 
  49      37B56F6F 
  49      80735B05 
  50 00f3 B2B15F38 		.ascii	"\262\261_8\202z\240\345X\307\334\035\177f\311bt\012"
  50      827AA0E5 
  50      58C7DC1D 
  50      7F66C962 
  50      740A
  51 0105 B575DE1D 		.ascii	"\265u\336\035\3619\330ZO\353\240#\004\036\303\025\370"
  51      F139D85A 
  51      4FEBA023 
  51      041EC315 
  51      F8
  52 0116 19AE00E6 		.ascii	"\031\256\000\346\037\033\235\2351\314\016\331X\317\230"
  52      1F1B9D9D 
  52      31CC0ED9 
  52      58CF98
  53 0125 8E9FA383 		.ascii	"\216\237\243\203-J5\036G\023\246p\367\2037\223F\246"
  53      2D4A351E 
  53      4713A670 
  53      F7833793 
  53      46A6
  54 0137 9C9EA978 		.ascii	"\234\236\251xfa.]\304%\0205\354\240}nb\343\304pY\226"
  54      66612E5D 
  54      C4251035 
  54      ECA07D6E 
  54      62E3C470 
  55 014d 4384AEE9 		.ascii	"C\204\256\351\324\237\3132\004\300N.\004\334\201\200"
  55      D49FCB32 
  55      04C04E2E 
  55      04DC8180 
  56 015d BE95DCC0 		.ascii	"\276\225\334\300\354/o\237W\015\270\264\035\371\024"
  56      EC2F6F9F 
  56      570DB8B4 
  56      1DF914
  57 016c E151F2BA 		.ascii	"\341Q\362\272\376\225\327\215\346\322\366u\252\325C"
  57      FE95D78D 
  57      E6D2F675 
  57      AAD543
ARM GAS  C:\Users\kiekensk\AppData\Local\Temp\ccQhvV7j.s 			page 4


  58 017b 5993A871 		.ascii	"Y\223\250q\342\225\306\356\303\202\343\036dI\277\217"
  58      E295C6EE 
  58      C382E31E 
  58      6449BF8F 
  59 018b BE7FE331 		.ascii	"\276\177\3431^z1H\313O.\214\237\012\210\015jb\263-="
  59      5E7A3148 
  59      CB4F2E8C 
  59      9F0A880D 
  59      6A62B32D 
  60 01a0 ED05256D 		.ascii	"\355\005%mR6\310\364\334\310s\311\037oJ\371\256DG\030"
  60      5236C8F4 
  60      DCC873C9 
  60      1F6F4AF9 
  60      AE444718 
  61 01b4 78020539 		.ascii	"x\002\0059\205_\220\240\336l\033\370%\226PR\323\224"
  61      855F90A0 
  61      DE6C1BF8 
  61      25965052 
  61      D394
  62 01c6 1CD0793F 		.ascii	"\034\320y?\003\203\370\025a\267\261\341\372\314\376"
  62      0383F815 
  62      61B7B1E1 
  62      FACCFE
  63 01d5 135731E7 		.ascii	"\023W1\347rc\3460|\270\334\243\234N\012\004\027\266"
  63      7263E630 
  63      7CB8DCA3 
  63      9C4E0A04 
  63      17B6
  64 01e7 70BCACD9 		.ascii	"p\274\254\331\002\374\232A\315\015\336?\271:\002x\222"
  64      02FC9A41 
  64      CD0DDE3F 
  64      B93A0278 
  64      92
  65 01f8 31E1C666 		.ascii	"1\341\306fn\275\364$`\2121\335\215\215\177 X#`\037\303"
  65      6EBDF424 
  65      608A31DD 
  65      8D8D7F20 
  65      5823601F 
  66 020d 9EA5A70E 		.ascii	"\236\245\247\016\373\321K\035|\303\307\016\341\026K"
  66      FBD14B1D 
  66      7CC3C70E 
  66      E1164B
  67 021c FDC8E9BD 		.ascii	"\375\310\351\275\347/\276\207\216l\241\371\372\230\335"
  67      E72FBE87 
  67      8E6CA1F9 
  67      FA98DD
  68 022b 71A35FFA 		.ascii	"q\243_\372t\215\210\003X\254L\2703\375\335\204F\021"
  68      748D8803 
  68      58AC4CB8 
  68      33FDDD84 
  68      4611
  69 023d 1C445D35 		.ascii	"\034D]5\013xJM\265}px\262\260\370~6\273\200\271\177"
  69      0B784A4D 
  69      B57D7078 
  69      B2B0F87E 
  69      36BB80B9 
  70 0252 74F67E1F 		.ascii	"t\366~\037P\331i\316\306\323t\222'\261!\250\006\007"
ARM GAS  C:\Users\kiekensk\AppData\Local\Temp\ccQhvV7j.s 			page 5


  70      50D969CE 
  70      C6D37492 
  70      27B121A8 
  70      0607
  71 0264 F02BEEBE 		.ascii	"\360+\356\2766p\360\356\353\356)u\347\246\344}H\361"
  71      3670F0EE 
  71      EBEE2975 
  71      E7A6E47D 
  71      48F1
  72 0276 90523C8C 		.ascii	"\220R<\214*\232JMO\030u\177K\237#\374I\232<\203\370"
  72      2A9A4A4D 
  72      4F18757F 
  72      4B9F23FC 
  72      499A3C83 
  73 028b 2DD6D1A9 		.ascii	"-\326\321\251\011,\372\376\260\233\033\036\345\346\031"
  73      092CFAFE 
  73      B09B1B1E 
  73      E5E619
  74 029a E566EE10 		.ascii	"\345f\356\020\0314\230\263\377\347foN\247/\337\315\340"
  74      193498B3 
  74      FFE7666F 
  74      4EA72FDF 
  74      CDE0
  75 02ac 3E727384 		.ascii	">rs\204\301\202|7\237\215\002\236c\314\237\347\346\310"
  75      C1827C37 
  75      9F8D029E 
  75      63CC9FE7 
  75      E6C8
  76 02be 334F019E 		.ascii	"3O\001\236g,\340\306n\267\012\326\010x!\337\315\213"
  76      672CE0C6 
  76      6EB70AD6 
  76      087821DF 
  76      CD8B
  77 02d0 6A369796 		.ascii	"j6\227\226\2709\357\3744\030X4\352\2542jT\031\345ve"
  77      B839EFFC 
  77      34185834 
  77      EAAC326A 
  77      5419E576 
  78 02e5 2CE70A6F 		.ascii	",\347\012o\256\336N]\375\277\260?{\017\027p\213\371"
  78      AEDE4E5D 
  78      FDBFB03F 
  78      7B0F1770 
  78      8BF9
  79 02f7 132FA4CC 		.ascii	"\023/\244\314\313\331q\377\206\015G\346>FE\344\253\231"
  79      CBD971FF 
  79      860D47E6 
  79      3E4645E4 
  79      AB99
  80 0309 8E376D40 		.ascii	"\2167m@%\326\227\226\232\231O\3346k6G\315m\361D\255"
  80      25D69796 
  80      9A994FDC 
  80      366B3647 
  80      CD6DF144 
  81 031e 6D566D0A 		.ascii	"mVm\012\255\177\336\334\270\361\025sSEh\307:F\252\355"
  81      AD7FDEDC 
  81      B8F11573 
  81      534568C7 
ARM GAS  C:\Users\kiekensk\AppData\Local\Temp\ccQhvV7j.s 			page 6


  81      3A46AAED 
  82 0332 DAEA6874 		.ascii	"\332\352htK\251\005\306k\233\355\360\253\211\310\232"
  82      4BA905C6 
  82      6B9BEDF0 
  82      AB89C89A 
  83 0342 A5B9563C 		.ascii	"\245\271V<\026\213o\315\246\277\\\031*\017\3554\255"
  83      168B6FCD 
  83      A6BF5C19 
  83      2A0FED34 
  83      AD
  84 0353 1A2B9E08 		.ascii	"\032+\236\010W\357x!VZ\003/\376\007;\274\263\226\271"
  84      57EF7821 
  84      565A032F 
  84      FE073BBC 
  84      B396B9
  85 0366 6679A8AA 		.ascii	"fy\250\252\242\312,'\262Y\261\325\212n\337\0226\255"
  85      A2CA2C27 
  85      B259B1D5 
  85      8A6EDF12 
  85      36AD
  86 0378 981DB1AB 		.ascii	"\230\035\261\253\337\260,J}\332-2n\323-Q\253\236n\234"
  86      DFB02C4A 
  86      7DDA2D32 
  86      6ED32D51 
  86      AB9E6E9C 
  87 038c C291C53D 		.ascii	"\302\221\305=j\354]6\341\217\207\252*\203,z[\"\262:"
  87      6AEC5D36 
  87      E18F87AA 
  87      2A832C7A 
  87      5B22B23A 
  88 03a0 58B216B4 		.ascii	"X\262\026\264\004\030\261p,\236\330\005\377\000\316"
  88      0418B170 
  88      2C9ED805 
  88      FF00CE
  89 03af 63F994   		.ascii	"c\371\224"
  90              		.text
  91              		.section	.gnu.lto_st_lld_init.abe6f62,"",%progbits
  92 0000 789CA595 		.ascii	"x\234\245\225_H\024A\030\300\347\333\331\335\333\275"
  92      5F481441 
  92      18C0E7DB 
  92      D9DDDBBD 
  93 0010 CC207A08 		.ascii	"\314 z\010\272\207^\215p1\351\271\227^\002}\322w\211"
  93      BA875E8D 
  93      7031E9B9 
  93      975E027D 
  93      D27789
  94 0023 7A28108C 		.ascii	"z(\020\214\224\036\2735\275\263\014T\210\316\204\216"
  94      941EBB35 
  94      BDB30C54 
  94      88CE848E 
  95 0033 3D10322D 		.ascii	"=\0202-=\317\324<\263</\3154=\315\242,\373G\220(\026"
  95      3DCFD43C 
  95      B33C2FCD 
  95      343DCDA2 
  95      2CFB4790 
  96 0049 881E1589 		.ascii	"\210\036\025\211^\3377{\336\211=\3355\334\316\336\316"
  96      5EDF377B 
ARM GAS  C:\Users\kiekensk\AppData\Local\Temp\ccQhvV7j.s 			page 7


  96      DE893DDD 
  96      35DCCEDE 
  96      CE
  97 005a CCFE7EDF 		.ascii	"\314\376~\3377;\263\2530\211\235P\031;\316\030;\204"
  97      373BB3AB 
  97      30899D50 
  97      193BCE18 
  97      3B84
  98 006c 07700652 		.ascii	"\007p\006RS\214\261jM\002\240?\246\006\314-\201\033"
  98      538CB16A 
  98      4D02A03F 
  98      A606CC2D 
  98      811B
  99 007e 1A793387 		.ascii	"\032y3\207h\335bX\312k3\261D\232\327\366{M\317A\213"
  99      68DD6258 
  99      CA6B33B1 
  99      449AD7F6 
  99      7B4DCF41 
 100 0093 33D68207 		.ascii	"3\326\202\007\025h\203<\206\303\276\206\266n\356Ue\273"
 100      1568833C 
 100      86C3BE86 
 100      B66EEE55 
 100      65BB
 101 00a5 1DEE820A 		.ascii	"\035\356\202\012x\016\316A\304\334J\324\231\221\321"
 101      780ECE41 
 101      C4DC4AD4 
 101      9991D1
 102 00b4 56D82C39 		.ascii	"V\330,9 1\213\243\017+\205*\225*\215*\235*\306\352\361"
 102      20318BA3 
 102      0F2B852A 
 102      952A8D2A 
 102      9D2AC6EA 
 103 00c9 668AE03A 		.ascii	"f\212\340:\227\350\314\227!:\270<|\236p~.\241\305\347"
 103      97E8CC97 
 103      213AB83C 
 103      7C9E707E 
 103      2EA1C5E7 
 104 00dd 89CE381A 		.ascii	"\211\3168\032\270\305% i\255\177lQ\267/\315\325\253"
 104      B8C52520 
 104      69AD7F6C 
 104      51B72FCD 
 104      D5AB
 105 00ef A68C4D2B 		.ascii	"\246\214M+\2377\302\212\005\376j\214\367\260\3059t\200"
 105      9F37C28A 
 105      05FE6A8C 
 105      F7B0C539 
 105      7480
 106 0101 0BDAC1C5 		.ascii	"\013\332\301\305h\374\232o\366K\216\321i\326\202\305"
 106      68FC9A6F 
 106      F64B8ED1 
 106      69D682C5 
 107 0111 65B80716 		.ascii	"e\270\007\026\334\022i\300}0\3302\324\374\366\202\355"
 107      DC1269C0 
 107      7D30D832 
 107      D4FCF682 
 107      ED
 108 0122 E2B6AE77 		.ascii	"\342\266\256wt\334\253\021\037\260t\"\004\003\362\351"
ARM GAS  C:\Users\kiekensk\AppData\Local\Temp\ccQhvV7j.s 			page 8


 108      74DCAB11 
 108      1FB07422 
 108      0403F2E9 
 109 0132 34243353 		.ascii	"4$3SW\332\024\004\003\361\004\032\324m\227\222\031\253"
 109      57DA1404 
 109      03F1041A 
 109      D46D9792 
 109      19AB
 110 0144 5BB06876 		.ascii	"[\260hv!\264+j\202\375O\230=i\364\003\012S\025a\266"
 110      21B42B6A 
 110      82FD4F98 
 110      3D69F403 
 110      0A531561 
 111 0159 4F2603D5 		.ascii	"O&\003\325v>\000E<\200\372\232\221\036\315\2764#Mf."
 111      763E0045 
 111      3C80FA9A 
 111      911ECDBE 
 111      34234D66 
 112 016e 36CD7E1A 		.ascii	"6\315~\032x\343L\373T\350C_o\322\327\277\276\326\230"
 112      78E34CFB 
 112      54E8435F 
 112      6FD2D7BF 
 112      BED698
 113 0181 F6F50B9F 		.ascii	"\366\365\013\237D\276\207\273R\321Q\367O*\031\240\007"
 113      44BE87BB 
 113      52D151F7 
 113      4F2A19A0 
 113      07
 114 0192 D2E830A5 		.ascii	"\322\3500\245\242\023(\2764}-7\311J%\342\020\211\304"
 114      A21328BE 
 114      347D2D37 
 114      C94A25E2 
 114      1089C4
 115 01a5 3A7FAD3A 		.ascii	":\177\255:\355KZ\351\264\222Z\273~\216kI[\3402.P\015"
 115      ED4B5AE9 
 115      B4925ABB 
 115      7E8E6B49 
 115      5BE0322E 
 116 01bb 1EA16F30 		.ascii	"\036\241o0\351\353\230\216\257;\310WM\261\3100$\214"
 116      E9EB988E 
 116      AF3BC857 
 116      4DB1C830 
 116      248C
 117 01cd 62F53F06 		.ascii	"b\365?\006\003\007x\002\267\217\022Q\206\340k\006O\354"
 117      03077802 
 117      B78F1251 
 117      86E06B06 
 117      4FEC
 118 01df 5CE24BB1 		.ascii	"\\\342K\261T\010\031\012\206\205@&AD\010V\206\272\347"
 118      5408190A 
 118      86854026 
 118      41440856 
 118      86BAE7
 119 01f2 15DB90C0 		.ascii	"\025\333\220\300\262\017F\266\0353\331:\242\302\241"
 119      B20F46B6 
 119      1D33D93A 
 119      A2C2A1
ARM GAS  C:\Users\kiekensk\AppData\Local\Temp\ccQhvV7j.s 			page 9


 120 0201 90E3A970 		.ascii	"\220\343\251p\244\246I\006\006\243\333\374\371\354\370"
 120      A4A64906 
 120      06A3DBFC 
 120      F9ECF8
 121 0210 3A8C093E 		.ascii	":\214\011>\276}\2503\341\013}T\013\202\324\031\350\021"
 121      BE7DA833 
 121      E10B7D54 
 121      0B82D419 
 121      E811
 122 0222 4FED1918 		.ascii	"O\355\031\030p\304%\366\3118\024\244}\357\262\315\347"
 122      70C425F6 
 122      C93814A4 
 122      7DEFB2CD 
 122      E7
 123 0233 B9F03908 		.ascii	"\271\3609\0108\201\354\024\360}\266\300I\001\324\010"
 123      3881EC14 
 123      F07DB6C0 
 123      4901D408 
 124 0243 F8622770 		.ascii	"\370b'p![\340\224\000\352\004\234\0263\336W7\025r\332"
 124      215BE094 
 124      00EA049C 
 124      1633DE57 
 124      371572DA 
 125 0257 330E10DB 		.ascii	"3\016\020\333\346\177\310\226?#\370N\342\317b\300\004"
 125      E67FC896 
 125      3F23F84E 
 125      E2CF62C0 
 125      04
 126 0268 5CC1A599 		.ascii	"\\\301\245\231\270\303\211Gw\204\303\337\027\034\356"
 126      B8C38947 
 126      7784C3DF 
 126      171CEE
 127 0277 4D53B3B8 		.ascii	"MS\263\270\263\205v?\274\0047u|\233\270\341\315\241"
 127      B385763F 
 127      BC043775 
 127      7C9BB8E1 
 127      CDA1
 128 0289 48F6207F 		.ascii	"H\366 \177\016\\\264\337\377\274m\320\354&\015^\201"
 128      0E5CB4DF 
 128      FFBC6DD0 
 128      EC260D5E 
 128      81
 129 029a CBE239EC 		.ascii	"\313\3429\354\007\\\011l\264\211}+\276\010\365\310\300"
 129      075C096C 
 129      B4897D2B 
 129      BE08F5C8 
 129      C0
 130 02ab 9737EEBD 		.ascii	"\2277\356\275\302\374|\303\376UT\032\347N\227\033\027"
 130      C2FC7CC3 
 130      FE55541A 
 130      E74E971B 
 130      17
 131 02bc 2A2E5655 		.ascii	"*.VU\032%\245\305\205\307\214\242\242\223F\351\251\342"
 131      1A25A5C5 
 131      85C78CA2 
 131      A29346E9 
 131      A9E2
ARM GAS  C:\Users\kiekensk\AppData\Local\Temp\ccQhvV7j.s 			page 10


 132 02ce 4B05D453 		.ascii	"K\005\324SVYUV^~6\377\014\373\013\227d\031\033"
 132      56595556 
 132      5E7E36FF 
 132      0CFB0B97 
 132      64191B
 133              		.text
 134              		.section	.gnu.lto_.symbol_nodes.abe6f62,"",%progbits
 135 0000 789C6365 		.ascii	"x\234ce`b(d\000\002\246#L\365\014\014\023\31610\000"
 135      60622864 
 135      0002A623 
 135      4CF50C0C 
 135      13CE3130 
 136 0015 A95D0D8E 		.ascii	"\251]\015\216@\221\243L\365\214(\"\214\307\230\352\231"
 136      4091A34C 
 136      F58C2822 
 136      8CC798EA 
 136      99
 137 0026 C0220C0C 		.ascii	"\300\"\014\014\015\015\016@\201\343L\365\314(\002'\230"
 137      0D0D0E40 
 137      81E34CF5 
 137      CC280227 
 137      98
 138 0037 EA599005 		.ascii	"\352Y\220\005\230\201\260\345\33016f\240=-\355o\344"
 138      9881B0E5 
 138      D8313666 
 138      A03D2DED 
 138      6FE4
 139 0049 99195918 		.ascii	"\231\031Y\030\216t\275\221g\000\000U\336\034\017"
 139      8E74BD91 
 139      67000055 
 139      DE1C0F
 140              		.text
 141              		.section	.gnu.lto_.refs.abe6f62,"",%progbits
 142 0000 789C6365 		.ascii	"x\234ce`b`d\000\002\000\000I\000\011"
 142      60626064 
 142      00020000 
 142      490009
 143              		.text
 144              		.section	.gnu.lto_.decls.abe6f62,"",%progbits
 145 0000 789CCD58 		.ascii	"x\234\315XyPTI\232\257|Y\034U@i\024\356\254\023\353"
 145      79505449 
 145      9AAF7C59 
 145      1C554069 
 145      14EEAC13 
 146 0015 C4F476B3 		.ascii	"\304\364v\263!\033\023-\202\275\323\263\023\373\207"
 146      211B132D 
 146      82BDD3B3 
 146      13FB87
 147 0024 5AA0102B 		.ascii	"Z\240\020+\335Fa\033\033\023FT\320\210#\321\034=\200"
 147      DD46611B 
 147      1B134654 
 147      D08823D1 
 147      1C3D80
 148 0037 3DF6C4C4 		.ascii	"=\366\304\304\316\343R\300\243\033\005\025O\344VQ\321"
 148      CEE352C0 
 148      A31B0515 
 148      4FE45651 
ARM GAS  C:\Users\kiekensk\AppData\Local\Temp\ccQhvV7j.s 			page 11


 148      D1
 149 0048 6E455404 		.ascii	"nET\004)\344\326\206\362\000\271\005\274\300\003A\345"
 149      29E4D686 
 149      F200B905 
 149      BCC00341 
 149      E5
 150 0059 F09A2F33 		.ascii	"\360\232/3_\325\313zU\316\316\037\273\021[Q_\345\373"
 150      5FD5CB7A 
 150      55CECE1F 
 150      BB115B51 
 150      5FE5FB
 151 006c 327FF97B 		.ascii	"2\177\371{\337\221/\337\227\345\242\022Tu\277P\251\336"
 151      DF912FDF 
 151      97E5A212 
 151      5475BF50 
 151      A9DE
 152 007e A955AA15 		.ascii	"\251U\252\025\010Z\370`\225Ju\034\004TU\271\212}\\@"
 152      085AF860 
 152      954A751C 
 152      045455B9 
 152      8A7D5C40 
 153 0092 CE819C07 		.ascii	"\316\201\234\007\271\010r\011\304\254r\374\374\001&"
 153      B9087209 
 153      C4AC72FC 
 153      FC0126
 154 00a1 7942BB1A 		.ascii	"yB\273\032d>\210\033\350\256 Mp\255\007\231#qzA\237"
 154      643E881B 
 154      E8AE204D 
 154      70AD0799 
 154      23717A41 
 155 00b6 1EC41BA4 		.ascii	"\036\304\033\244B\272\327s\322/\335\347\037\240\343"
 155      42BAD773 
 155      D22FDDE7 
 155      1FA0E3
 156 00c5 1F417E0E 		.ascii	"\037A~\016\362O \377\014\362\021b\367\375\027h\347\203"
 156      F24F20FF 
 156      0CF21162 
 156      F7FD1768 
 156      E783
 157 00d7 FC2BC8AF 		.ascii	"\374+\310\257\020\263G\371\331\200\030\227\325\216?"
 157      10B347F9 
 157      D9801897 
 157      D58E3F
 158 00e6 83FE27C9 		.ascii	"\203\376'\311\216\014h\323\221l[\007\364e\"fW-\210\007"
 158      8E0C68D3 
 158      916C5B07 
 158      F4652266 
 158      572D8807 
 159 00fa C87AD0E3 		.ascii	"\310z\320\343A\222HLT\314\300\227\320`h'\241\035\007"
 159      4192484C 
 159      54CCC097 
 159      D0606827 
 159      A11D07
 160 010d 11E07A82 		.ascii	"\021\340z\202\264R\\\234\305c7F\275\215G\216\341\355"
 160      B4525C9C 
 160      C5633746 
 160      BD8D478E 
ARM GAS  C:\Users\kiekensk\AppData\Local\Temp\ccQhvV7j.s 			page 12


 160      E1ED
 161 011f 18CDD722 		.ascii	"\030\315\327\"\022\335Y\320u\362Q\345\264\027\353\""
 161      12DD59D0 
 161      75F251E5 
 161      B417EB22 
 162 012f 88FEE9D2 		.ascii	"\210\376\351\322e\013\312D\366q\027\344\251\226\357"
 162      650BCA44 
 162      F67117E4 
 162      A996EF
 163 013e C60BDDB0 		.ascii	"\306\013\335\260\007\005\265\247\226\357'4z-R\203\372"
 163      0705B5A7 
 163      96EF2734 
 163      7A2D5283 
 163      FA
 164 014f ECEADE21 		.ascii	"\354\352\336!\035\250s\264\350\203\335X\310m\356\250"
 164      1DA873B4 
 164      E883DD58 
 164      C86DEEA8 
 165 015f 55235F6D 		.ascii	"U#_m1\241\250\231\034\237\237\265Y\024\005t\002i\321"
 165      31A1A899 
 165      1C9F9FB5 
 165      59140574 
 165      0269D1
 166 0172 5184D111 		.ascii	"Q\204\321\021\264\200\3700_\013\277\351\242\230,~\237"
 166      B480F830 
 166      5F0BBFE9 
 166      A2982C7E 
 166      9F
 167 0183 226A8255 		.ascii	"\"j\202U\250\014\315C\307\320<\025:\216|\2115\004\207"
 167      A80CCD43 
 167      C7D03C15 
 167      3A8E7C89 
 167      350487
 168 0196 4AA1B304 		.ascii	"J\241\263\004:\341.G\012\263\362]\361Fb\200P\177\251"
 168      3AE12E47 
 168      0AB3F25D 
 168      F1466280 
 168      507FA9
 169 01a9 BB538DB4 		.ascii	"\273S\215\264\276N\347\237r2\237\331\362S\351\207\365"
 169      BE4EE79F 
 169      72329FD9 
 169      F253E987 
 169      F5
 170 01ba 69C49672 		.ascii	"i\304\226r\260\345\244l\013\230F\032\350\205\373\234"
 170      B0E5A46C 
 170      0B98461A 
 170      E885FB9C 
 171 01ca DD565725 		.ascii	"\335VW%\364\241\036\004\316\243\331\324}\204\330/\242"
 171      F4A11E04 
 171      CEA3D9D4 
 171      7D84D82F 
 171      A2
 172 01db 42D577D6 		.ascii	"B\325w\326\017B\264\037z\005\372\313\200\264\013YgH"
 172      0F42B41F 
 172      7A05FACB 
 172      80B40B59 
 172      6748
ARM GAS  C:\Users\kiekensk\AppData\Local\Temp\ccQhvV7j.s 			page 13


 173 01ed BA20A982 		.ascii	"\272 \251\202DI\277\322d\3041\262av'\353\207\245\235"
 173      4449BFD2 
 173      64C431B2 
 173      617627EB 
 173      87A59D
 174 0200 5DD069D6 		.ascii	"]\320i\326\331H\220o\200\020?\201#dfK\3436\373T\262"
 174      D948906F 
 174      80103F81 
 174      2364664B 
 174      E336FB54 
 175 0215 73C89AE6 		.ascii	"s\310\232\346g\271\255\367\264\375\250\227\364\346-"
 175      67B9ADF7 
 175      B4FDA897 
 175      F4E62D
 176 0224 46B4EFF1 		.ascii	"F\264\357\361\323G%:\334\211h\356\257\274\233\254\231"
 176      D347253A 
 176      DC8968EE 
 176      AFBC9BAC 
 176      99
 177 0235 C5722F90 		.ascii	"\305r/\220e1\326z\300\203\345~6\250SI7/k\347\356\242"
 177      6531D67A 
 177      C083E57E 
 177      36A85349 
 177      372F6BE7 
 178 024b AB27459C 		.ascii	"\253'E\234-\240\325?Cg!\007g \007*T\201\346\302\357"
 178      2DA0D53F 
 178      43672107 
 178      6720072A 
 178      5481E6C2 
 179 0260 976A76AB 		.ascii	"\227jv\253\234W\245\371\036\037\346\211y\003\220\231"
 179      9C57A5F9 
 179      1E1FE689 
 179      79039099 
 180 0270 8B9F54E7 		.ascii	"\213\237T\347o\022\333`\332b\212C?\312\351\201K\370"
 180      6F12DB60 
 180      DA628A43 
 180      3FCAE981 
 180      4BF8
 181 0282 FD01F523 		.ascii	"\375\001\365#t\032\365\201\345\347\320\207\304\324\255"
 181      741AF581 
 181      E5E7D087 
 181      C4D4AD
 182 0291 4FF366E1 		.ascii	"O\363f\341\034\201\232U\267\363\300\240\253Dv\255\305"
 182      1C819A55 
 182      B7F3C0A0 
 182      AB4476AD 
 182      C5
 183 02a2 3357AC49 		.ascii	"3W\254I\026I\246\011U\245LU\251\244:O\251\372\307&\032"
 183      1649A609 
 183      55A54C55 
 183      A9A43A4F 
 183      A9FAC726 
 184 02b7 3CF06146 		.ascii	"<\360aF\265\263\244k\263\000T\003\260b\356_\363}S>,"
 184      B5B3A46B 
 184      B3005403 
 184      B062EE5F 
 184      F37D533E 
ARM GAS  C:\Users\kiekensk\AppData\Local\Temp\ccQhvV7j.s 			page 14


 185 02cc A66B9951 		.ascii	"\246k\231Q\027d\246\013\204\211\\\\\244\014\031\025"
 185      1764A60B 
 185      84895C5C 
 185      A40C1915 
 186 02dc E66D180F 		.ascii	"\346m\030\0172\206\211\206Wi\356\022\303h\337\177\264"
 186      32868986 
 186      5769EE12 
 186      C368DF7F 
 186      B4
 187 02ed 9C16535D 		.ascii	"\234\026S]\350\374*y~\225u\376%:\177\337\215\301\002"
 187      E8FC2A79 
 187      7E9575FE 
 187      253A7FDF 
 187      8DC102
 188 0300 01E7603A 		.ascii	"\001\347`:\277v\272\177\266Z`+\222\204\013\2722\213"
 188      BF76BA7F 
 188      B65A602B 
 188      92840BBA 
 188      328B
 189 0312 9A66B0AD 		.ascii	"\232f\260\255\257\006\321\316\226\366\361\016\317\367"
 189      AF06D1CE 
 189      96F6F10E 
 189      CFF7
 190 0320 46BB9646 		.ascii	"F\273\226F\3732\222\302]V\321xK'\0315\361\3507\271\324"
 190      FB3292C2 
 190      5D56D178 
 190      4B271935 
 190      F1E837B9 
 191 0335 28C0A06A 		.ascii	"(\300\240j\331\250j\253QfjT\305\235\234j\015\313u'\241"
 191      D9A86AAB 
 191      51666A54 
 191      C59D9C6A 
 191      0DCB7527 
 192 034a D87BE179 		.ascii	"\330{\341y\263\013\323\335\311\360\223c\025^,\3675d"
 192      B30BD3DD 
 192      C9F09363 
 192      155E2CF7 
 192      3564
 193 035c F8FABDC3 		.ascii	"\370\372\275\303\251\236l\270\215\350\346[\015cjla>"
 193      A99E6CB8 
 193      8DE8E65B 
 193      0D636A6C 
 193      613E
 194 036e A5976D37 		.ascii	"\245\227m7cm:1\364\357y`aFk\353\253\253.\270\223M\337"
 194      636D3A31 
 194      F4EF7960 
 194      61466BEB 
 194      ABAB2EB8 
 195 0385 72E54CBD 		.ascii	"r\345L\275\264\3454\022=\373\274\371\202\007\356f\203"
 195      B4E53412 
 195      3DFBBCF9 
 195      8207EE66 
 195      83
 196 0396 43998366 		.ascii	"C\231\203fW<\300\024\253Uz\311\252C\335/\232\021\036"
 196      573CC014 
 196      AB557AC9 
 196      AA43DD2F 
ARM GAS  C:\Users\kiekensk\AppData\Local\Temp\ccQhvV7j.s 			page 15


 196      9A111E
 197 03a9 6683172A 		.ascii	"f\203\027*.\326K\036,\344V\257\236\255\336\263\367\232"
 197      2ED64B1E 
 197      2CE456AF 
 197      9EADDEB3 
 197      F79A
 198 03bb EAB5CC21 		.ascii	"\352\265\314!\021\201^e\351Y\214\037J9\031//\221\234"
 198      11815E65 
 198      E9598C1F 
 198      4A39192F 
 198      2F919C
 199 03ce C3C49DDC 		.ascii	"\303\304\235\334\361\266Y\304\035\221\271C\372\255\016"
 199      F1B659C4 
 199      1D91B943 
 199      FAAD0E
 200 03dd A9D04DB2 		.ascii	"\251\320M\262\241 \277y\350\006s\345\366\324\225.\027"
 200      A120BF79 
 200      E80673E5 
 200      F6D4952E 
 200      17
 201 03ee FDF7142D 		.ascii	"\375\367\024-\212\037\250i\022-\000o\247\360[Ho\235"
 201      8A1FA869 
 201      122D006F 
 201      A7F05B48 
 201      6F9D
 202 0400 441FB19C 		.ascii	"D\037\261\234':\036\334\364\267\300'\012\212vk\361c"
 202      273A1EDC 
 202      F4B7C027 
 202      0A8A766B 
 202      F163
 203 0412 66E4BE89 		.ascii	"f\344\276\211\336\207R\302|A-~y!\305\035?cc;/\035\270"
 203      DE8752C2 
 203      7C412D7E 
 203      7921C51D 
 203      3F63633B 
 204 0429 EA865F30 		.ascii	"\352\206_0\305\272e\353\351\226\215\222;\226\342i6R"
 204      C5BA65EB 
 204      E9968D92 
 204      3B96E269 
 204      3652
 205 043b 9DB5A317 		.ascii	"\235\265\243\027\3417Ly\222zw@\212\317\\\362\304\266"
 205      E1374C79 
 205      927A7740 
 205      8ACF5CF2 
 205      C4B6
 206 044d 8CCEC7C9 		.ascii	"\214\316\307\311j:\364\266\321<\037\247\263\353\372"
 206      6A3AF4B6 
 206      D13C1FA7 
 206      B3EBFA
 207 045c B3A52508 		.ascii	"\263\245%\010og\312\370\336\372Q-\336\301\224<\313\376"
 207      6F67CAF8 
 207      DEFA512D 
 207      DEC1943C 
 207      CBFE
 208 046e 73EE3887 		.ascii	"s\3568\207)\305S\273\212=\361^\246\334\250\274\231\356"
 208      29C553BB 
 208      8A3DF15E 
ARM GAS  C:\Users\kiekensk\AppData\Local\Temp\ccQhvV7j.s 			page 16


 208      A6DCA8BC 
 208      99EE
 209 0480 810F3125 		.ascii	"\201\0171%\375\324\251=\036\270\200)\311\027ngI;\314"
 209      FDD4A93D 
 209      1EB88029 
 209      C9176E67 
 209      493BCC
 210 0493 00D1878B 		.ascii	"\000\321\207\213\206\3634RV\\\311\243`i\235D\270\204"
 210      86F33452 
 210      565CC9A3 
 210      60699D44 
 210      B884
 211 04a5 8133CF5E 		.ascii	"\2013\317^\357S\2777\017\243\326<,\244i\310\251\312"
 211      EF53BF37 
 211      0FA3D63C 
 211      2CA469C8 
 211      A9CA
 212 04b7 39A353A6 		.ascii	"9\243S\246\241\036\320W(\372\021\215\354\2505\262mw"
 212      A11ED057 
 212      28FA118D 
 212      ECA835B2 
 212      6D77
 213 04c9 0B8AD4CA 		.ascii	"\013\212\324\312<\274\017\375\263\247\231\227_x!\037"
 213      3CBC0FFD 
 213      B3A79997 
 213      5F78211F 
 214 04d9 1F1F6F1F 		.ascii	"\037\037o\037\356\343K\177\363\305\324\024\330K\266"
 214      EEE34B7F 
 214      F3C5D414 
 214      D84BB6
 215 04e8 E1ADA786 		.ascii	"\341\255\247\206\233\222\304\302\271\224\352'x\356\236"
 215      9B92C4C2 
 215      B994EA27 
 215      78EE9E
 216 04f7 216FF939 		.ascii	"!o\3719\270Fy\313\310\257\212M\251\315\300\260\223\245"
 216      B84679CB 
 216      C8AF8A4D 
 216      A9CDC0B0 
 216      93A5
 217 0509 628A6F54 		.ascii	"b\212oT\342\033\034\360#\351\034\376\252\022\337B\361"
 217      E21B1CF0 
 217      23E91CFE 
 217      AA12DF42 
 217      F1
 218 051a FE049E25 		.ascii	"\376\004\236%y\265X\255B\017a\374\001\035\"hx\012\321"
 218      79B558AD 
 218      420F61FC 
 218      011D2268 
 218      780AD1
 219 052d 5B782027 		.ascii	"[x '\220\017\032\007\231\001\231\004y\016\222,\370\240"
 219      900F1A07 
 219      99019904 
 219      790E922C 
 219      F8A0
 220 053f 97D0BE01 		.ascii	"\227\320\276\001\231\002y\005\362\016D\204\376ihS\240"
 220      99027905 
 220      F20E4484 
ARM GAS  C:\Users\kiekensk\AppData\Local\Temp\ccQhvV7j.s 			page 17


 220      FE696853 
 220      A0
 221 0550 7D02ED18 		.ascii	"}\002\355\030\310k\220\027 OA\222\004\037\272\2550#"
 221      C86B9017 
 221      204F4192 
 221      041FBAAD 
 221      3023
 222 0562 67FE5BB6 		.ascii	"g\376[\266\361\236\322F?\245K\343\034\372\276S\264\277"
 222      F19ED246 
 222      3FA54BE3 
 222      1CFABE53 
 222      B4BF
 223 0574 0CB6FC45 		.ascii	"\014\266\374E\006\017)\301\355H\201\236\341\243\325"
 223      060F29C1 
 223      ED48819E 
 223      E1A3D5
 224 0583 EC3CBA1C 		.ascii	"\354<\272\034|\220#\277\243D\367+\321\315\034zX\211"
 224      7C9023BF 
 224      A344F72B 
 224      D1CD1C7A 
 224      5889
 225 0595 BEE290B9 		.ascii	"\276\342\220\271q\016\336\247\204\367(\311-\274\345"
 225      710EDEA7 
 225      84F728C9 
 225      2DBCE5
 226 05a4 9D4A789B 		.ascii	"\235Jx\233\022^\313\221\337un\013\037\026\016\335\353"
 226      125ECB91 
 226      DF756E0B 
 226      1F160EDD 
 226      EB
 227 05b5 DC143BCB 		.ascii	"\334\024;\313y[Z\235\2579\2735\312\321\0178\017#\203"
 227      795B5A9D 
 227      AF39BB35 
 227      CAD10F38 
 227      0F2383
 228 05c8 B39AEDC9 		.ascii	"\263\232\355\311[}\222(\"\002SI\257)y)\325\247\343\312"
 228      5B7D9228 
 228      22025349 
 228      AF297929 
 228      D5A7E3CA 
 229 05dc D3A298E1 		.ascii	"\323\242\230\341J\331\272\225l\267\035\222\302\333\332"
 229      4AD9BA95 
 229      6CB71D92 
 229      C2DBDA
 230 05eb E51C6EB3 		.ascii	"\345\034n\2635\011\360\0318\211\342\037#=\032\221\360"
 230      3509F019 
 230      3889E21F 
 230      233D1A91 
 230      F0
 231 05fc D62D00D5 		.ascii	"\326-\000\325)\351\2738\327\006\235/?\236\275+]b\357"
 231      29E9BB38 
 231      D7069D2F 
 231      3F9EBD2B 
 231      5D62EF
 232 060f 00F6EB12 		.ascii	"\000\366\353\022\336\272\321KYdxR\272\267\336*\325\341"
 232      DEBAD14B 
 232      59647852 
ARM GAS  C:\Users\kiekensk\AppData\Local\Temp\ccQhvV7j.s 			page 18


 232      BAB7DE2A 
 232      D5E1
 233 0621 7EBAEB09 		.ascii	"~\272\353\011\265\007/\346B\211\355\315Bt+\003\247\220"
 233      B5072FE6 
 233      4289EDCD 
 233      42742B03 
 233      A790
 234 0633 106D12BC 		.ascii	"\020m\022\274Q\252`{\231\223\2109\177\322Q\232\340\373"
 234      51AA607B 
 234      99938839 
 234      7FD2519A 
 234      E0FB
 235 0645 7FFEB093 		.ascii	"\177\376\260\223w\304\303\357\356\010\236\231\266\""
 235      77C4C3EF 
 235      EE089E99 
 235      B622
 236 0653 9D5A28EF 		.ascii	"\235Z(\357\316\233\005OZl@\013\340\233SU3\236x\224:"
 236      CE9B054F 
 236      5A6C400B 
 236      E09B5355 
 236      339E7894 
 237 0668 A81E2818 		.ascii	"\250\036(\030\037uE\276\363\020\322\202\024[\317#*\264"
 237      1F7545BE 
 237      F310D282 
 237      145BCF23 
 237      2AB4
 238 067a 45D0A274 		.ascii	"E\320\242t\001[\3174{E\330\372\307\376B\272\331ab,_"
 238      015BCF34 
 238      7B45D8FA 
 238      C7FE42BA 
 238      D961622C 
 239 068f C4735568 		.ascii	"\304sUh\021\335\362Q\006\370I\206Th\2530\017e\012\363"
 239      11DDF251 
 239      06F84986 
 239      5468AB30 
 239      0F650AF3 
 240 06a3 60823BED 		.ascii	"`\202;\355\201\033n}\334\276\307S\336\337\021\345\226"
 240      811B6E7D 
 240      DCBEC753 
 240      DEDF11E5 
 240      96
 241 06b4 CBA76D82 		.ascii	"\313\247m\202\274\277\023\205\274\211^\035?/\2755\311"
 241      BCBF1385 
 241      BC895E1D 
 241      3F2FBD35 
 241      C9
 242 06c5 8B68F264 		.ascii	"\213h\362d\3365\257\367\276{\276\023\244w\317v\201\276"
 242      DE35AFF7 
 242      BE7BBE13 
 242      A477CF76 
 242      81BE
 243 06d7 7C9E67A6 		.ascii	"|\236g\246MJ\025\214\033\250\245\367\366o\367do\265"
 243      4D4A158C 
 243      1BA8A5F7 
 243      F66FF764 
 243      6FB5
 244 06e9 DF80DADD 		.ascii	"\337\200\332\335VV\357\2454&\013\214\376^ d;\2501\224"
ARM GAS  C:\Users\kiekensk\AppData\Local\Temp\ccQhvV7j.s 			page 19


 244      5656EFA5 
 244      34260B8C 
 244      FE5E2064 
 244      3BA83194 
 245 06fd 922AA466 		.ascii	"\222*\244f\235\352\350\363\344\203K\012L\371\366;\245"
 245      9DEAE8F3 
 245      E4834B0A 
 245      4CF9F63B 
 245      A5
 246 070e E0EEA4C1 		.ascii	"\340\356\244\301\275_\"N\352\360\030{gf\234\272N\013"
 246      BD5F224E 
 246      EAF0187B 
 246      67669CBA 
 246      4E0B
 247 0720 EF1AA895 		.ascii	"\357\032\250\225\373K\361\261S\345\360R\232\223\252"
 247      FB4BF1B1 
 247      53E5F052 
 247      9A93AA
 248 072f A10CD9F2 		.ascii	"\241\014\331\362\002\312\026\024\305r\216@\252\302\261"
 248      02CA1614 
 248      C5728E40 
 248      AAC2B1
 249 073e 972D5918 		.ascii	"\227-Y\030\027\270P\256\303\315G\207\260\3045\332\347"
 249      17B850AE 
 249      C3CD4787 
 249      B0C435DA 
 249      E7
 250 074f F3109E46 		.ascii	"\363\020\236F8a\301\371\217p\355\222\271v)\271vS.\363"
 250      3861C1F9 
 250      8F70ED92 
 250      B97629B9 
 250      76532EF3 
 251 0763 CB5BC7DD 		.ascii	"\313[\307\335\360\217\214kS\366\221\267.\022\327\320"
 251      F08F8C6B 
 251      53F691B7 
 251      2E12D7D0 
 252 0773 359F4305 		.ascii	"5\237C\005\364@\220\027\314j\357=2\331\036%Y.%+\236"
 252      F4409017 
 252      CC6AEF3D 
 252      32D91E25 
 252      592E252B 
 253 0788 9CDAA2C3 		.ascii	"\234\332\242\303\015\214,\355\315\370\200N\"\263\354"
 253      0D8C2CED 
 253      CDF8804E 
 253      22B3EC
 254 0797 C5EC4070 		.ascii	"\305\354@p\230\035\010\366\312T{\225T\373(U\307\275"
 254      981D08F6 
 254      CA547B95 
 254      54FB2855 
 254      C7BD
 255 07a9 DAB5B89D 		.ascii	"\332\265\270\2351\035=~\260\034\236<\246l\2515\357w"
 255      311D3D7E 
 255      B01C9E3C 
 255      A66CA935 
 255      EF77
 256 07bb 853A1C1D 		.ascii	"\205:\034\035\240\213\320y\261^W~\354\215\356\275uy"
 256      A08BD079 
ARM GAS  C:\Users\kiekensk\AppData\Local\Temp\ccQhvV7j.s 			page 20


 256      B15E577E 
 256      EC8DEEBD 
 256      7579
 257 07cd 9E40EA   		.ascii	"\236@\352"
 258 07d0 F2438254 		.ascii	"\362C\202T\227\337\333\267\253\334\232\215\247U\270"
 258      97DFDBB7 
 258      ABDC9A8D 
 258      A755B8
 259 07df F364F756 		.ascii	"\363d\367V1/I\\\334(\020$\332o\265\025\035\024\324D"
 259      312F495C 
 259      DC281024 
 259      DA6FB515 
 259      1D14D444 
 260 07f3 B337F730 		.ascii	"\2637\36705w\352\305\345\313\356\270\324\225\232Xu\366"
 260      3577EAC5 
 260      E5CBEEB8 
 260      D4959A58 
 260      75F6
 261 0805 F17524A7 		.ascii	"\361u$\247\267\362\007>\275\371\262\353\371J\256\002"
 261      B7F2073E 
 261      BDF9B2EB 
 261      F94AAE02 
 262 0815 CA95DF79 		.ascii	"\312\225\337y\373\264+\276\310\270Z\367m\231\320H\\"
 262      FBB42BBE 
 262      C8B85AF7 
 262      6D99D048 
 262      5C
 263 0826 E35BECA3 		.ascii	"\343[\354\243X(S\025*\251\212(UvQC\206\032\2673\252"
 263      58285315 
 263      2AA98A28 
 263      55765143 
 263      861AB733 
 264 083b A6EA9913 		.ascii	"\246\352\231\023.\266\225\362\311\250\335J)\226\271"
 264      2EB695F2 
 264      C9A8DD4A 
 264      2996B9
 265 084a 8A955C25 		.ascii	"\212\225\\%\224\253i\370x\255\016\0173\256\334\256\321"
 265      94AB69F8 
 265      78AD0E0F 
 265      33AEDCAE 
 265      D1
 266 085b 3D1ADB4A 		.ascii	"=\032\333JYXj\277RJe\262R%\331\021J6p\350\376N/<\315"
 266      59586ABF 
 266      524A65B2 
 266      5225D911 
 266      4A3670E8 
 267 0874 C85A2E15 		.ascii	"\310Z.\025\334\264\032f9`\357\343Q\231\352\250\222\352"
 267      DCB41A66 
 267      3960EFE3 
 267      5199EAA8 
 267      92EA
 268 0886 18A59AA8 		.ascii	"\030\245\232\250+\235\220\252\325\357\311\231\241\354"
 268      2B9D90AA 
 268      D5EFC999 
 268      A1EC
 269 0894 6A438FF4 		.ascii	"jC\217\364\230\247\023\275\361h\366M\015Nsc\345\360"
 269      98A713BD 
ARM GAS  C:\Users\kiekensk\AppData\Local\Temp\ccQhvV7j.s 			page 21


 269      F168F64D 
 269      0D4E7363 
 269      E5F0
 270 08a6 9EC66401 		.ascii	"\236\306d\001og\212\365\264\241\227N\033\205\347\006"
 270      6F678AF5 
 270      B4A1974E 
 270      1B85E706 
 271 08b6 5E239CCB 		.ascii	"^#\234\313\006k\352\267>F\270\220)\351w6_\227\220SD"
 271      066BEAB7 
 271      3E46B890 
 271      29E97736 
 271      5F979053 
 272 08cb 7F573BD9 		.ascii	"\177W;\331\351\205\217\262\301w\017o\027H5\377\030\321"
 272      E9858FB2 
 272      C1770F6F 
 272      174835FF 
 272      18D1
 273 08dd 77570E8E 		.ascii	"wW\016\216\351\360\217l0\313\374b\302\003\237cJO~v\221"
 273      E9F08F6C 
 273      30CBFC62 
 273      C2039F63 
 273      4A4F7E76 
 274 08f2 9A211F10 		.ascii	"\232!\037\020\375\300\353\327\251j\\\305\006-\311;\013"
 274      FDC0EBD7 
 274      A96A5CC5 
 274      062DC93B 
 274      0B
 275 0903 5D710353 		.ascii	"]q\003S^=)\031s\305\355L1O\354\177\346\211\273\231\222"
 275      5E3D2919 
 275      73C5ED4C 
 275      314FEC7F 
 275      E689BB99 
 276 0918 567863AB 		.ascii	"Vxc\253\033\276\313\224\211\356m\365\236\370)S\352\032"
 276      1BBECB94 
 276      89EE6DF5 
 276      9EF82953 
 276      EA1A
 277 092a 87AEBBE3 		.ascii	"\207\256\273\343i\246$=(\337\214q\212;;l\264\23135x"
 277      69A6243D 
 277      28DF8C71 
 277      8A3B3B6C 
 277      B4993335 
 278 093f 1B53AE66 		.ascii	"\033S\256f\354\310\201\203.S\254\233\240\236m\202\357"
 278      ECC88183 
 278      2E53AC9B 
 278      A09E6D82 
 278      EF
 279 0950 F68D1DF0 		.ascii	"\366\215\035\360\304\007\330\330\305\202\264#\356\270"
 279      C407D8D8 
 279      C582B423 
 279      EEB8
 280 095e 8429A9D7 		.ascii	"\204)\251\327\266\365x\342\223L9\361`s\215\033\256\220"
 280      B6F578E2 
 280      934C39F1 
 280      60738D1B 
 280      AE90
 281 0970 6057A7CB 		.ascii	"`W\247\313t\270ZR\272\317\370\341&v}\370A\345\316Y\330"
ARM GAS  C:\Users\kiekensk\AppData\Local\Temp\ccQhvV7j.s 			page 22


 281      74B85A52 
 281      BACFF8E1 
 281      26767DF8 
 281      41E5CE59 
 282 0985 C2943BBD 		.ascii	"\302\224;\275\3673u\270\233)\233\252s\2524\370.S\352"
 282      F73375B8 
 282      9B299BAA 
 282      73AA34F8 
 282      2E53EA
 283 0998 06A0DC7A 		.ascii	"\006\240\334z\302\256G3kn\013x\222)G*\267\335q\301\242"
 283      C2AE4733 
 283      6B6E0B78 
 283      9229472A 
 283      B7DD71C1 
 284 09ad 869D302B 		.ascii	"\206\2350+R_\252q*S\216\275>\330\246\301\031Li;?pW\207"
 284      525FAA71 
 284      2A538EBD 
 284      3ED8A6C1 
 284      194C693B 
 285 09c5 B3983252 		.ascii	"\263\2302R\275iXZ\014\331t1\334\034\030@l\223\317\323"
 285      BD69585A 
 285      0CD97431 
 285      DC1C1840 
 285      6C93CFD3 
 286 09d9 90F12D07 		.ascii	"\220\361-\007\013\3258\233\202?\232\270\233\322\341"
 286      0BD5389B 
 286      823F9AB8 
 286      9BD2E1
 287 09e8 8AB8C382 		.ascii	"\212\270\303\202\267\375\251\301\366a\305\305\323c."
 287      B7FDA9C1 
 287      F661C5C5 
 287      D3632E
 288 09f7 559585F2 		.ascii	"U\225\205\362\361\3414,\315;\334\373\024\225\013\312"
 288      F1E1342C 
 288      CD3BDCFB 
 288      14950BCA 
 289 0a07 6AA795AB 		.ascii	"j\247\225\253vn*\341e\016\360f\016~Y\011w<\234X\232"
 289      766E2AE1 
 289      650EF066 
 289      0E7E5909 
 289      773C9C58 
 290 0a1c 387C9312 		.ascii	"8|\223\022\357X(\3164\362\205\242\022\357P@\327\266"
 290      EF5828CE 
 290      34F285A2 
 290      12EF5040 
 290      D7B6
 291 0a2e 70F0F34A 		.ascii	"p\360\363J\370\003\307:\224\307\237r\036\034+\236TM"
 291      F803C73A 
 291      94C79F72 
 291      1E1C2B9E 
 291      544D
 292 0a40 832D52F5 		.ascii	"\203-R\365\005\0079\364\243\204\267\325v?(\243\323\305"
 292      050739F4 
 292      A384B7D5 
 292      763F28A3 
 292      D3C5
 293 0a52 5BDFA6A4 		.ascii	"[\337\246\244w(\242-<\274]\011w8\345t\361\261\257V\302"
ARM GAS  C:\Users\kiekensk\AppData\Local\Temp\ccQhvV7j.s 			page 23


 293      7728A22D 
 293      3CBC5D09 
 293      7738E574 
 293      F1B1AF56 
 294 0a67 B9A3085F 		.ascii	"\271\243\010_\316\335\200\362\340:\265\223\240I-7\002"
 294      CEDD80F2 
 294      E03AB593 
 294      A0492D37 
 294      02
 295 0a78 F5CE0BA8 		.ascii	"\365\316\013\250\313\372A\372@\036\222\032\015d\002"
 295      CBFA41FA 
 295      401E921A 
 295      0D6402
 296 0a87 A48BD473 		.ascii	"\244\213\324s S \267A\356\201<\003\271\013\362\024d"
 296      205320B7 
 296      41EE813C 
 296      03B90BF2 
 296      1464
 297 0a99 14E40148 		.ascii	"\024\344\001H'\310\030\310\000\310c\220a\220\347 \343"
 297      27C818C8 
 297      00C86390 
 297      6190E720 
 297      E3
 298 0aaa 20DD2093 		.ascii	" \335 \223 \203 \367AzAn\201\364\200\014\201<\002\351"
 298      208320F7 
 298      417A416E 
 298      81F4800C 
 298      813C02E9 
 299 0abe B03BEC59 		.ascii	"\260;\354Y\370\254T(\035;\243\214\362\014\017?\251\204"
 299      F8AC5428 
 299      1D3BA38C 
 299      F20C0F3F 
 299      A984
 300 0ad0 1F57C247 		.ascii	"\037W\302G\370\260U)\341\016\365\371\010\277b\353\225"
 300      F8B05529 
 300      E10EF5F9 
 300      08BF62EB 
 300      95
 301 0ae1 F036A45C 		.ascii	"\3606\244\\\"]M\334\022iT.\021\207\323E\027o\374Y\347"
 301      225D4DDC 
 301      1269542E 
 301      1187D345 
 301      176FFC59 
 302 0af6 BEDA9DEE 		.ascii	"\276\332\235\356y\353k\235?p\374\371\223_R?9_\201\374"
 302      79EB6B9D 
 302      3F70FCF9 
 302      935F523F 
 302      395F81FC 
 303 0b0a C9E96D35 		.ascii	"\311\351m5\340\305\331\004f\177r\202\212\261\346m\023"
 303      E0C5D904 
 303      667F7282 
 303      8AB1E66D 
 303      13
 304 0b1b 3EC24E4E 		.ascii	">\302NN\244l\251S\262\231\035\215\3457\223\023\3163"
 304      A46CA953 
 304      B2991D8D 
 304      E5379313 
ARM GAS  C:\Users\kiekensk\AppData\Local\Temp\ccQhvV7j.s 			page 24


 304      CE33
 305 0b2d C3E30779 		.ascii	"\303\343\007y\347.9_\321v\307B\336\273kJ\274\303\331"
 305      E72E395F 
 305      D176C742 
 305      DEBB6B4A 
 305      BCC3D9
 306 0b40 7D9C4FE5 		.ascii	"}\234O\345\025\347\346\373\313\231\2644s\231\254Qf\262"
 306      15E7E6FB 
 306      CB99B434 
 306      7399AC51 
 306      66B2
 307 0b52 C521D43C 		.ascii	"\305!\324<{\203\363\205\302\257Z\336\327\013\316\267"
 307      7B83F385 
 307      C2AF5ADE 
 307      D70BCEB7 
 308 0b62 2ADE76DE 		.ascii	"*\336v\336\325\253\316]\265-C\310\325\270\225\236\244"
 308      D5ABCE5D 
 308      B52D43C8 
 308      D5B8959E 
 308      A4
 309 0b73 EAA2F355 		.ascii	"\352\242\363U\316\207\262\231\347\2678\335{\374e\366"
 309      CE87B299 
 309      E7B738DD 
 309      7BFC65F6 
 310 0b83 DA268EBD 		.ascii	"\332&\216\275\305\371\266\314?\024\315\374\276Y\251"
 310      C5F9B6CC 
 310      3F14CDFC 
 310      BE59A9
 311 0b92 0CE53987 		.ascii	"\014\3459\207\267\012\037\312f\347o\011\177\351\214"
 311      B70A1FCA 
 311      66E76F09 
 311      7FE98C
 312 0ba1 FBA2ACAC 		.ascii	"\373\242\254\254\327\003\267\321\327\243\260\373p\372"
 312      D703B7D1 
 312      D7A3B0FB 
 312      70FA
 313 0baf 190DF2F6 		.ascii	"\031\015\362\366u\266\343\241W\260\321\375\177\334\364"
 313      75B6E3A1 
 313      57B0D1FD 
 313      7FDCF4
 314 0bbe D893D7D7 		.ascii	"\330\223\327\327\312\016\3443`\341\264\\A\222\007\221"
 314      CA0EE433 
 314      60E1B45C 
 314      41920791 
 315 0bce FA3954F4 		.ascii	"\3729T\364\350\214\216?\272\315\330\235\213_KG\267\327"
 315      E88C8E3F 
 315      BACDD89D 
 315      8B5F4B47 
 315      B7D7
 316 0be0 F4E8366D 		.ascii	"\364\3506m\331\236\346\202{X\201a\356-/w\307CLy3\\="
 316      D99EE682 
 316      7B588161 
 316      EE2D2F77 
 316      C7434C79 
 317 0bf7 A0C12354 		.ascii	"\240\301#Tq5\027Y*uPM\370z[\013\206[\243\372\035)b\343"
 317      71351759 
 317      2A75504D 
ARM GAS  C:\Users\kiekensk\AppData\Local\Temp\ccQhvV7j.s 			page 25


 317      F87A5B0B 
 317      865BA3FA 
 318 0c0f 421AF977 		.ascii	"B\032\371w`F\012\376\233\177A5\177%'\352\215s\270?\367"
 318      60460AFE 
 318      9B7F4135 
 318      7F2527EA 
 318      8D73B83F 
 319 0c24 BFCC08FB 		.ascii	"\277\314\010\373_\006P\374\356\302gK\376\317\232P\221"
 319      5F0650FC 
 319      EEC2674B 
 319      FECF9A50 
 319      91
 320 0c35 5425635F 		.ascii	"T%c_\224\212}P\032H\022\210\210\371w\305\333\021\316"
 320      948A7D50 
 320      1A481288 
 320      88F977C5 
 320      DB11CE
 321 0c48 E0B74A0B 		.ascii	"\340\267J\013\224\377\365\325~e\277\310\035\301\266"
 321      94FFF5D5 
 321      7E65BFC8 
 321      1DC1B6
 322 0c57 FF4EF60C 		.ascii	"\377N\366\014\277\031@\370\031[W\271\346\313'\004\333"
 322      BF1940F8 
 322      195B57B9 
 322      E6CB2704 
 322      DB
 323 0c68 7F277DA3 		.ascii	"\177'}\243jQtG\3510y\023\266e\2128\345\334\027\264\031"
 323      6A517447 
 323      E9307913 
 323      B6658A38 
 323      E5DC17B4 
 324 0c7d 5CF89FDC 		.ascii	"\\\370\237\334!e\177\361w\023\230Oq:\346S\234\201Y\212"
 324      21657FF1 
 324      7713984F 
 324      713AE653 
 324      9C81598A 
 325 0c91 A105F0A3 		.ascii	"\241\005\360\243\236\323Mj\036\\kw\224\317\224\300\244"
 325      9ED34D6A 
 325      1E5C6B77 
 325      94CF94C0 
 325      A4
 326 0ca2 755FFED9 		.ascii	"u_\376\331\027\037\030\374\375UZ\223iCTl\342\242\000"
 326      171F18FC 
 326      FD555A93 
 326      6943546C 
 326      E2A200
 327 0cb5 536278C4 		.ascii	"Sbx\304o\327\204'\306EGGE\254I\214\337\020\231\220\270"
 327      6FD78427 
 327      C6454747 
 327      45AC498C 
 327      DF109990 
 328 0cca 616D549C 		.ascii	"amT\234i]\\\274)!1\006\020\377\276`\341\202\205k\302"
 328      695D5CBC 
 328      29213106 
 328      10FFBE60 
 328      E182856B 
 329 0cdf E36312E3 		.ascii	"\343c\022\343\342\242\023\310\305\307\022\376\343\310"
ARM GAS  C:\Users\kiekensk\AppData\Local\Temp\ccQhvV7j.s 			page 26


 329      E2A213C8 
 329      C5C712FE 
 329      E3C8
 330 0ced F02FA3D6 		.ascii	"\360/\243\326D\305FDoX\033\271&&<b}Tl\344\032\323\332"
 330      44C54644 
 330      6F581BB9 
 330      26263C62 
 330      7D546CE4 
 331 0d04 C875E11B 		.ascii	"\310u\341\033\242\023M\211\337~\035\231\260`\275\312"
 331      A2134D89 
 331      DF7E1D99 
 331      B060BDCA 
 332 0d14 DD7AABD5 		.ascii	"\335z\253\325\377[\267J\3706a\015LY\013\274\204\177"
 332      FF5BB74A 
 332      F836610D 
 332      4C590BBC 
 332      847F
 333 0d26 75644462 		.ascii	"udDb\\\374\322\205\213\026,\360c\337\270\004\277\365"
 333      5CFCD285 
 333      8B162CF0 
 333      63DFB804 
 333      BFF5
 334 0d38 E1D17E5F 		.ascii	"\341\321~_\307\305'&\370\205\255\012]\024\340\267bE"
 334      C7C52726 
 334      F885AD0A 
 334      5D14E0B7 
 334      6245
 335 0d4a A0DFAA90 		.ascii	"\240\337\252\220\320o\374\311\010L6EG\257]\020\241\362"
 335      D06FFCC9 
 335      084C3645 
 335      47AF5D10 
 335      A1F2
 336 0d5c 6057A6A8 		.ascii	"`W\246\250\330\250D\275\211L0E\305\377\301\024\371u"
 336      D8A844BD 
 336      894C3045 
 336      C5FFC114 
 336      F975
 337 0d6e 5474DCEF 		.ascii	"Tt\334\3577D~\314SF\304\305\304\304\305J\254K\214\241"
 337      37447ECC 
 337      5346C4C5 
 337      C4C4C54A 
 337      AC4B8CA1 
 338 0d82 86D08D7E 		.ascii	"\206\320\215~\021\353#\342\342#M\337|\032\003\226\350"
 338      11EB23E2 
 338      E2234DDF 
 338      7C1A0396 
 338      E8
 339 0d93 23D6877D 		.ascii	"#\326\207}\233\260**&2>8<vmtd|\310/y\202\370D?\311\005"
 339      9BB02A2A 
 339      26323E38 
 339      3C766D74 
 339      647CC82F 
 340 0dae 98074EC0 		.ascii	"\230\007N\300\224\331\261\337DE\004\305\206\177\031"
 340      94D9B1DF 
 340      444504C5 
 340      867F19
 341 0dbd 1DC9DCF8 		.ascii	"\035\311\334\370\225s'\244{Kw%\223`\262\213\301\020"
ARM GAS  C:\Users\kiekensk\AppData\Local\Temp\ccQhvV7j.s 			page 27


 341      957327A4 
 341      7B4B7725 
 341      9360B28B 
 341      C110
 342 0dcf 6A5C247C 		.ascii	"j\\$|nT\007\206.1\342@\203Q\2754p\225\021\033\014Fl"
 342      6E540786 
 342      2E31E240 
 342      8351BD34 
 342      7095111B 
 343 0de6 04596234 		.ascii	"\004Yb4\342\225a\006l\370l\225\332`\0102R|\000\375\365"
 343      E2956106 
 343      6CF86C95 
 343      DA600832 
 343      527C00FD 
 344 0dfb C741CB8D 		.ascii	"\307A\313\215B\030\314\014\0112\252\303B\001m0\006\200"
 344      4218CC0C 
 344      0932AAC3 
 344      42016D30 
 344      0680
 345 0e0d F803F2BF 		.ascii	"\370\003\362\277\214\001\177_(Y\332\022\243\210\363"
 345      8C017F5F 
 345      2859DA12 
 345      A388F3
 346 0e1c 1E36C594 		.ascii	"\0366\305\224\250\216X\037\036\257\217K\010\217\206"
 346      A88E581F 
 346      1EAF8F4B 
 346      088F86
 347 0e2b 78AC888B 		.ascii	"x\254\210\213\370jY|\\LH\230\361\227JZ\002!a!-\211\006"
 347      F86A597C 
 347      5C4C4898 
 347      F1974A5A 
 347      02216121 
 348 0e42 0D203741 		.ascii	"\015 7AO3\022\015\035\246u\320c\212J\210\327\330\272"
 348      4F33120D 
 348      1DA675D0 
 348      638A4A88 
 348      D7D8BA
 349 0e55 BC4CA684 		.ascii	"\274L\246\204\310D\323\322%aA+\215!^\341\321\177\014"
 349      C844D3D2 
 349      2561412B 
 349      8D215EE1 
 349      D17F0C
 350 0e68 FF360132 		.ascii	"\3776\0012\031\015\313\360\267N\022\027\2711\221\004"
 350      190DCBF0 
 350      B74E1217 
 350      B9319104 
 351 0e78 D0CF101A 		.ascii	"\320\317\020\032\026\022\346g\200\274\371\205X\323\021"
 351      1612E667 
 351      80BCF985 
 351      58D311
 352 0e87 93109560 		.ascii	"\223\020\225`\372}\004\211\25271\346s\3734\316\221|"
 352      FA7D0489 
 352      AA3731E6 
 352      73FB34CE 
 352      917C
 353 0e99 F922369A 		.ascii	"\371\"6\2323\216Zk\3275\207\032\267!\326\316b\017\256"
 353      338E5A6B 
ARM GAS  C:\Users\kiekensk\AppData\Local\Temp\ccQhvV7j.s 			page 28


 353      D735871A 
 353      B721D6CE 
 353      620FAE
 354 0eac D33DD0F0 		.ascii	"\323=\320\360\237\206e\313\215\376\332\225+V\204-\011"
 354      9F8665CB 
 354      8DFEDA95 
 354      2B56842D 
 354      09
 355 0ebd 21D7E432 		.ascii	"!\327\3442$ \214\\\272\204\205\031\226\0335\306\240"
 355      24208C5C 
 355      BA848519 
 355      961B35C6 
 355      A0
 356 0ece B020E3EA 		.ascii	"\260 \343\352\240\300_cC\030\311\251A\356\3727\315\222"
 356      A0C05F63 
 356      4318C9A9 
 356      41EEFA37 
 356      CD92
 357 0ee0 954B0356 		.ascii	"\225K\003V\254\014\372\314H\256\374\331\225u\364\023"
 357      AC0CFACC 
 357      48AEFCD9 
 357      9575F413 
 358 0ef0 CD92E0A5 		.ascii	"\315\222\340\245\213\244\321`\033.X\211[\344FX\240\207"
 358      8BA4D160 
 358      1B2E5889 
 358      5BE44658 
 358      A087
 359 0f02 B4FEFC48 		.ascii	"\264\376\374H\200\033a\240#\301\022\"\330\036\341\357"
 359      801B61A0 
 359      23C11222 
 359      D81EE1EF 
 360 0f12 4EE61AC3 		.ascii	"N\346\032\303V\031\311\205?\271\260\215-t'\263\331X"
 360      5619C985 
 360      3FB9B08D 
 360      2D7427B3 
 360      D958
 361 0f24 B01514CC 		.ascii	"\260\025\024\314@\330\020bT\023'\335\300_\322\012\006"
 361      40D81062 
 361      541327DD 
 361      C05FD20A 
 361      06
 362 0f35 A3351C01 		.ascii	"\2435\034\001\001\357\311W\330*\266\350\226}\272q#["
 362      01EFC957 
 362      D82AB6E8 
 362      967DBA71 
 362      235B
 363 0f47 6EEB3EFD 		.ascii	"n\353>\3755\\\223\005g4\030L\253`\223\011\214\\\347"
 363      355C9305 
 363      6734184C 
 363      AB609309 
 363      8C5CE7
 364 0f5a 4A2C59F6 		.ascii	"J,Y\366;\327\220@\303\347\201AD\013X\366;]\340\322\345"
 364      3BD79040 
 364      C3E78141 
 364      440B58F6 
 364      3B5DE0D2 
 365 0f6f A1862FAC 		.ascii	"\241\206/\254\230\277\002\360\305\037b"
ARM GAS  C:\Users\kiekensk\AppData\Local\Temp\ccQhvV7j.s 			page 29


 365      98BF02F0 
 365      C51F62
 366              		.text
 367              		.section	.gnu.lto_.symtab.abe6f62,"",%progbits
 368 0000 56656374 		.ascii	"VectorB0\000"
 368      6F724230 
 368      00
 369 0009 00       		.ascii	"\000"
 370 000a 00       		.ascii	"\000"
 371 000b 00       		.ascii	"\000"
 372 000c 00000000 		.ascii	"\000\000\000\000\000\000\000\000"
 372      00000000 
 373 0014 B8000000 		.ascii	"\270\000\000\000"
 374 0018 73745F6C 		.ascii	"st_lld_init\000"
 374      6C645F69 
 374      6E697400 
 375 0024 00       		.ascii	"\000"
 376 0025 00       		.ascii	"\000"
 377 0026 00       		.ascii	"\000"
 378 0027 00000000 		.ascii	"\000\000\000\000\000\000\000\000"
 378      00000000 
 379 002f BA000000 		.ascii	"\272\000\000\000"
 380 0033 5F706F72 		.ascii	"_port_irq_epilogue\000"
 380      745F6972 
 380      715F6570 
 380      696C6F67 
 380      756500
 381 0046 00       		.ascii	"\000"
 382 0047 02       		.ascii	"\002"
 383 0048 00       		.ascii	"\000"
 384 0049 00000000 		.ascii	"\000\000\000\000\000\000\000\000"
 384      00000000 
 385 0051 BC000000 		.ascii	"\274\000\000\000"
 386 0055 63685379 		.ascii	"chSysTimerHandlerI\000"
 386      7354696D 
 386      65724861 
 386      6E646C65 
 386      724900
 387 0068 00       		.ascii	"\000"
 388 0069 02       		.ascii	"\002"
 389 006a 00       		.ascii	"\000"
 390 006b 00000000 		.ascii	"\000\000\000\000\000\000\000\000"
 390      00000000 
 391 0073 BE000000 		.ascii	"\276\000\000\000"
 392 0077 6E766963 		.ascii	"nvicEnableVector\000"
 392      456E6162 
 392      6C655665 
 392      63746F72 
 392      00
 393 0088 00       		.ascii	"\000"
 394 0089 02       		.ascii	"\002"
 395 008a 00       		.ascii	"\000"
 396 008b 00000000 		.ascii	"\000\000\000\000\000\000\000\000"
 396      00000000 
 397 0093 C3000000 		.ascii	"\303\000\000\000"
 398              		.text
 399              		.section	.gnu.lto_.opts,"",%progbits
ARM GAS  C:\Users\kiekensk\AppData\Local\Temp\ccQhvV7j.s 			page 30


 400 0000 272D666D 		.ascii	"'-fmath-errno' '-fsigned-zeros' '-ftrapping-math' '"
 400      6174682D 
 400      6572726E 
 400      6F272027 
 400      2D667369 
 401 0033 2D666E6F 		.ascii	"-fno-trapv' '-fno-openmp' '-fno-openacc' '-mcpu=cor"
 401      2D747261 
 401      70762720 
 401      272D666E 
 401      6F2D6F70 
 402 0066 7465782D 		.ascii	"tex-m7' '-mno-thumb-interwork' '-mthumb' '-ggdb' '-"
 402      6D372720 
 402      272D6D6E 
 402      6F2D7468 
 402      756D622D 
 403 0099 4F322720 		.ascii	"O2' '-fomit-frame-pointer' '-falign-functions=16' '"
 403      272D666F 
 403      6D69742D 
 403      6672616D 
 403      652D706F 
 404 00cc 2D666675 		.ascii	"-ffunction-sections' '-fdata-sections' '-fno-common"
 404      6E637469 
 404      6F6E2D73 
 404      65637469 
 404      6F6E7327 
 405 00ff 2720272D 		.ascii	"' '-flto'\000"
 405      666C746F 
 405      2700
 406              		.text
 407              		.comm	__gnu_lto_v1,1,1
 408              		.comm	__gnu_lto_slim,1,1
 409              		.ident	"GCC: (GNU Tools for ARM Embedded Processors (Build 17.03)) 6.3.1 20170215 (release) [ARM/e
ARM GAS  C:\Users\kiekensk\AppData\Local\Temp\ccQhvV7j.s 			page 31


DEFINED SYMBOLS
                            *ABS*:00000000 hal_st_lld.c
                            *COM*:00000001 __gnu_lto_v1
                            *COM*:00000001 __gnu_lto_slim

NO UNDEFINED SYMBOLS
