ARM GAS  C:\Users\kiekensk\AppData\Local\Temp\ccVYlZdX.s 			page 1


   1              		.cpu cortex-m7
   2              		.eabi_attribute 20, 1
   3              		.eabi_attribute 21, 1
   4              		.eabi_attribute 23, 3
   5              		.eabi_attribute 24, 1
   6              		.eabi_attribute 25, 1
   7              		.eabi_attribute 26, 1
   8              		.eabi_attribute 30, 2
   9              		.eabi_attribute 34, 1
  10              		.eabi_attribute 18, 4
  11              		.file	"nvic.c"
  12              		.text
  13              	.Ltext0:
  14              		.section	.gnu.lto_.profile.abe5b24,"",%progbits
  15 0000 789C6365 		.ascii	"x\234ce`b`a```d\220\022\003\000\000\312\000="
  15      60626061 
  15      60606064 
  15      90120300 
  15      00CA003D 
  16              		.text
  17              		.section	.gnu.lto_.icf.abe5b24,"",%progbits
  18 0000 789C6365 		.ascii	"x\234ce`b\220b@\000\026\206\027\337\372'q3~\336ur'\033"
  18      60629062 
  18      40001686 
  18      17DFFA27 
  18      71337EDE 
  19 0018 D385E635 		.ascii	"\323\205\3465\217\270\231;\356\375hab\000\000\253P\014"
  19      8FB8993B 
  19      EEFD6861 
  19      620000AB 
  19      500C
  20 002a 3B       		.ascii	";"
  21              		.text
  22              		.section	.gnu.lto_.jmpfuncs.abe5b24,"",%progbits
  23 0000 789C6365 		.ascii	"x\234ce`b\220b@\000\026\006&FF\346\372zF \250g\202\260"
  23      60629062 
  23      40001606 
  23      264646E6 
  23      FA7A4620 
  24 0018 99416C06 		.ascii	"\231Al\006\000)\250\003:"
  24      0029A803 
  24      3A
  25              		.text
  26              		.section	.gnu.lto_.inline.abe5b24,"",%progbits
  27 0000 789C4D8C 		.ascii	"x\234M\214\321\021\2000\014B!M\323\350\217#\324\011"
  27      D1118030 
  27      0C42214D 
  27      D3E88F23 
  27      D409
  28 0012 5CD2453A 		.ascii	"\\\322E:\222\2438\202\261\236U>\270\343\036\220!\330"
  28      92A33882 
  28      B19E553E 
  28      B8E31E90 
  28      21D8
  29 0024 F1498179 		.ascii	"\361I\201y\242pe\204\333\324\316\015\326\252@\216E\021"
  29      A2706584 
  29      DBD4CE0D 
ARM GAS  C:\Users\kiekensk\AppData\Local\Temp\ccVYlZdX.s 			page 2


  29      D6AA408E 
  29      4511
  30 0036 C9833808 		.ascii	"\311\2038\010/d\257$m\365\251\004\325~\"\310J\366\227"
  30      2F64AF24 
  30      6DF5A904 
  30      D57E22C8 
  30      4AF697
  31 0049 14BBDF41 		.ascii	"\024\273\337A(\241\330;\035pLq\001\226\277\015\245"
  31      28A1D83B 
  31      1D704C71 
  31      0196BF0D 
  31      A5
  32              		.text
  33              		.section	.gnu.lto_.pureconst.abe5b24,"",%progbits
  34 0000 789C6365 		.ascii	"x\234ce`b\340d```a\220b\224b\222b\226\002\000\002\321"
  34      6062E064 
  34      60606061 
  34      90629462 
  34      92629602 
  35 0017 0083     		.ascii	"\000\203"
  36              		.text
  37              		.section	.gnu.lto_nvicEnableVector.abe5b24,"",%progbits
  38 0000 789C9D53 		.ascii	"x\234\235S\317k\023Q\020~\337N\222M\332$\236\305`{\020"
  38      CF6B1351 
  38      107EDF4E 
  38      924DDA24 
  38      9EC5607B 
  39 0015 4211B216 		.ascii	"B\021\262\026\374\007T\360\326\213\377\201\344b\301"
  39      FC0754F0 
  39      D68BFF81 
  39      E462C1
  40 0024 26A595E2 		.ascii	"&\245\225\342\255/IM0\026-\332$V\014\033\241\332\264"
  40      AD2F494D 
  40      30162DDA 
  40      24560C1B 
  40      A1DAB4
  41 0037 B54D53AB 		.ascii	"\265MS\2536U!\204\202\344PE\361&x0\242\344\020\251\301"
  41      36552184 
  41      82E45045 
  41      F1267830 
  41      A2E410A9 
  42 004c 8387A63A 		.ascii	"\203\207\246:o7\240\240\036\364\261\373~\314|\337\314"
  42      6F37A0A0 
  42      1EF4B1FB 
  42      7ECC7CDF 
  42      CC
  43 005d 7CF3769D 		.ascii	"|\363v\235B\023'I\210\343B\210C\374\202\004\264\231"
  43      42132749 
  43      88E34288 
  43      43FC8204 
  43      B499
  44 006f 1742C4DC 		.ascii	"\027B\304\334\032\2406\322\0151\251a\022\327(G\250\245"
  44      1AA036D2 
  44      0D31A961 
  44      12D72847 
  44      A8A5
  45 0081 3E56B481 		.ascii	">V\264\201\005\311\243\232k\037\224\305*L\246\317\361"
ARM GAS  C:\Users\kiekensk\AppData\Local\Temp\ccVYlZdX.s 			page 3


  45      05C9A39A 
  45      6B1F94C5 
  45      2A4CA6CF 
  45      F1
  46 0092 AB061630 		.ascii	"\253\006\0260\300\250WSk\267\351*\231\0048\370\370e"
  46      C0A85753 
  46      6BB7E92A 
  46      990438F8 
  46      F865
  47 00a4 E756C3AF 		.ascii	"\347V\303\257\216\032\372\371\330\221\263Y?\205 x?W"
  47      8E1AFAF9 
  47      D891B359 
  47      3F852078 
  47      3F57
  48 00b6 CBBCF505 		.ascii	"\313\274\365\005\357J\031\227\325\355Y\222GL\",\201"
  48      EF4A1997 
  48      D5ED5992 
  48      474C222C 
  48      81
  49 00c7 38201611 		.ascii	"8 \026\021@\021\001\301&\201e\004\031\276\034\377\324"
  49      401101C1 
  49      26816504 
  49      19BE1CFF 
  49      D4
  50 00d8 223A6651 		.ascii	"\":fQ/\327;\015\275K\375\220\351R\357\377\201\272\202"
  50      2FD73B0D 
  50      BD4BFD90 
  50      E952EFFF 
  50      81BA82
  51 00eb A0C2BF2F 		.ascii	"\240\302\277/\357g|.\207]+V\341\002\257\245\327\250"
  51      EF677C2E 
  51      875D2B56 
  51      E102AFA5 
  51      D7A8
  52 00fd CAFDEF29 		.ascii	"\312\375\357)Y}s\017\271\323^@\3015&:HMN\250\314:o\235"
  52      597D730F 
  52      B9D35E40 
  52      C135263A 
  52      484D4EA8 
  53 0115 6E357978 		.ascii	"n5yxr\011\221\346\030\2529WHS+5\021o\247:\245\036\025"
  53      720991E6 
  53      18AA3957 
  53      48532B35 
  53      116FA73A 
  54 012c 364F5A9E 		.ascii	"6OZ\236 \232H\354&a\033\210m\277\266\305\005\007J\\"
  54      209A48EC 
  54      26611B88 
  54      6DBFB6C5 
  54      05074A5C 
  55 0140 5E13B56C 		.ascii	"^\023\265l\275Oa\330\233\275T{\251+\257n\311\333\270"
  55      BD4F61D8 
  55      9BBD547B 
  55      A92BAF6E 
  55      C9DBB8
  56 0153 F3F99BD7 		.ascii	"\363\371\233\327>\312ZB\372\331t\275\325\336\364\233"
  56      3ECA5A42 
  56      FAD974BD 
ARM GAS  C:\Users\kiekensk\AppData\Local\Temp\ccVYlZdX.s 			page 4


  56      D5DEF49B 
  57 0163 C8C7B8FB 		.ascii	"\310\307\270\373\205\303&\271Qf\235k\034H\021v\336\255"
  57      85C326B9 
  57      51669D6B 
  57      1C481176 
  57      DEAD
  58 0175 CF1C3056 		.ascii	"\317\0340V\344TL\366\233\344\301:L\334\264\356EE[\372"
  58      E4544CF6 
  58      9BE4C13A 
  58      4CDCB4EE 
  58      45455BFA 
  59 0189 5AA4C192 		.ascii	"Z\244\301\222r\026\"&\365\340\001\214<9\255;\333\300"
  59      72162226 
  59      F5E0018C 
  59      3C39AD3B 
  59      DBC0
  60 019b 2097A80A 		.ascii	" \227\250\012n'\363\345B\267f\235\335L\254\317o\355"
  60      6E27F3E5 
  60      42B7669D 
  60      DD4CACCF 
  60      6FED
  61 01ad 79ED9A9D 		.ascii	"y\355\232\235xh\325\234\330K.zl\220\333\006\335\230"
  61      7868D59C 
  61      D84B2E7A 
  61      6C90DB06 
  61      DD98
  62 01bf 5FADF814 		.ascii	"_\255\370\024\310\211><\262A\273\311\272n\203<*\377"
  62      C8893E3C 
  62      B241BBC9 
  62      BA6E833C 
  62      2AFF
  63 01d1 F6F3A4DB 		.ascii	"\366\363\244\333\016\003<F\200\251\266z\243\253\376"
  63      0E033C46 
  63      80A9B67A 
  63      A3ABFE
  64 01e0 5FB4F562 		.ascii	"_\264\365b\323\322\206\337\265M\230\344EEi\323-m[J\233"
  64      D3D286DF 
  64      B54D98E4 
  64      454569D3 
  64      2D6D5B4A 
  65 01f5 C74AD54C 		.ascii	"\307J\325L7z\377+\331\023+\231\366\227dO\177&{f'k!^"
  65      377AFF2B 
  65      D9132B99 
  65      F697644F 
  65      7F267B66 
  66 020d 284D5B6D 		.ascii	"(M[m\264~\2124\027\312\037\011\0078\032\012\031\366"
  66      B47E8A34 
  66      17CA1F09 
  66      07381A0A 
  66      19F6
  67 021f 131D37CE 		.ascii	"\023\0357\316\235=o\214F\307.\214\033\341\350\310H4"
  67      9D3D6F8C 
  67      46C72E8C 
  67      1BE1E8C8 
  67      4834
  68 0231 629C3833 		.ascii	"b\23483tj\350\242\021\231\030\016\207\302\002\021\307"
  68      746AE8A2 
ARM GAS  C:\Users\kiekensk\AppData\Local\Temp\ccVYlZdX.s 			page 5


  68      1199180E 
  68      87C20211 
  68      C7
  69 0242 E8D870F4 		.ascii	"\350\330p\364\007D\001\025\374"
  69      07440115 
  69      FC
  70              		.text
  71              		.section	.gnu.lto_nvicDisableVector.abe5b24,"",%progbits
  72 0000 789C9592 		.ascii	"x\234\225\222\317k\023A\024\307\337w\336&\331\332&^"
  72      CF6B1341 
  72      14C7DF77 
  72      DE26D9DA 
  72      265E
  73 0012 0583F620 		.ascii	"\005\203\366 \224\"d\310\237 \202\267^\374\017$\010"
  73      942264C8 
  73      9F2082B7 
  73      5EFC0F24 
  73      08
  74 0023 0A36112B 		.ascii	"\0126\021+\305['\375\261\205\212Z\264M\255\0306B\244"
  74      C55B27FD 
  74      B1858A5A 
  74      B44DAD18 
  74      3642A4
  75 0036 696B9BFE 		.ascii	"ik\233\376\210\332z\012\213 \001\243(x\022<X\021=T\264"
  75      88DA7A0A 
  75      8B2001A3 
  75      2878123C 
  75      58113D54 
  76 004b F4E0A1AD 		.ascii	"\364\340\241\255\276\331\365 xr\330\235\2317\373y\357"
  76      BED9F520 
  76      7872D89D 
  76      9937FB79 
  76      EF
  77 005c FBDE9B8D 		.ascii	"\373\336\233\215\221\242\363\212H\023\321Qy\301\004"
  77      91A2F38A 
  77      4813D151 
  77      79C104
  78 006b 35F98AA8 		.ascii	"5\371\212\250\350*\300n\214\013\032R\030\302-\236a\004"
  78      E82AC06E 
  78      8C0B1A52 
  78      18C22D9E 
  78      6104
  79 007d E39F3755 		.ascii	"\343\2377U\357\234\221\321\234i\304=3v\304g\242Yy\355"
  79      EF9C91D1 
  79      9C69C43D 
  79      3376C467 
  79      A25979ED 
  80 0091 C01C7A85 		.ascii	"\300\034z\205z3\272r\237o\262\317\200#\346\217\366\275"
  80      7A33BA72 
  80      9F6FB2CF 
  80      8023E68F 
  80      F6BD
  81 00a3 AD943515 		.ascii	"\255\2245\025\272\305\3347S\245\024g@\262\237\015\246"
  81      BAC5DC37 
  81      53A51467 
  81      40B29F0D 
  81      A6
ARM GAS  C:\Users\kiekensk\AppData\Local\Temp\ccVYlZdX.s 			page 6


  82 00b4 DF277B1E 		.ascii	"\337'{\036\0323l\232/\247\330\234\360\231\261\000\226"
  82      1A336C9A 
  82      2FA7D89C 
  82      F099B100 
  82      96
  83 00c5 8098471A 		.ascii	"\200\230G\0325\244I\216\010\213\350\261\374\307\325"
  83      35A4498E 
  83      088BE8B1 
  83      FCC7D5
  84 00d4 83E964DC 		.ascii	"\203\351d\334\211\004\361\010q\310Z\177\213\2469\370"
  84      8904F108 
  84      71C85A7F 
  84      8BA639F8 
  85 00e4 356E9A9F 		.ascii	"5n\232\237\252xw\306\005,\256\304\321a;92\305\210&\304"
  85      AA7877C6 
  85      052CAEC4 
  85      D1613B39 
  85      32C58826 
  86 00f9 C756749D 		.ascii	"\307Vt\235\225]\371+Fv\274\366z\0056N\231U\231!\012"
  86      955DF92B 
  86      4676BCF6 
  86      7A05364E 
  86      99559921 
  87 010e ADEAB3BD 		.ascii	"\255\352\263\275.\233l\0141,\211\274`{\336|G\004q\004"
  87      2E9B6C0C 
  87      312C89BC 
  87      607BDE7C 
  87      47047104 
  88 0122 DDA92E6F 		.ascii	"\335\251.o&-\344\3408\226#\350\273\327JD\220\255\271"
  88      262DE4E0 
  88      389623E8 
  88      BBD74A44 
  88      90ADB9
  89 0135 F1FC85E7 		.ascii	"\361\374\205\347Fa\200:\322\342*PPji\313\010P\032\013"
  89      4661803A 
  89      D2E22A50 
  89      506A69CB 
  89      08501A0B 
  90 0149 5E272C10 		.ascii	"^',\020\017\033\321x\360\355gWd\232`\304\244\344\350"
  90      0F1BD178 
  90      F0ED6757 
  90      649A60C4 
  90      A4E4E8
  91 015c F6F6CE46 		.ascii	"\366\366\316F\312G\271(\315\256\034\3639\201U\351\310"
  91      CA47B928 
  91      CDAE1CF3 
  91      398155E9 
  91      C8
  92 016d 8AA85987 		.ascii	"\212\250Y\207\366\207\265\311\303z\311\214\026M\267"
  92      F687B5C9 
  92      C37AC98C 
  92      164DB7
  93 017c CF2ED6E0 		.ascii	"\317.\326\340\343nx\0156\332\302n\215\263u\373\2612"
  93      E36E780D 
  93      36DAC26E 
  93      8DB375FB 
  93      B132
ARM GAS  C:\Users\kiekensk\AppData\Local\Temp\ccVYlZdX.s 			page 7


  94 018e E87307D6 		.ascii	"\350s\007\326\241\245\302\360\212\032\310J\2126\231"
  94      A1A5C2F0 
  94      8A1AC84A 
  94      8A3699
  95 019d DD2FB5AD 		.ascii	"\335/\265\255\304\237t\376G\354\020\036\207b\370W,\357"
  95      C49F74FE 
  95      47EC101E 
  95      8762F857 
  95      2CEF
  96 01af 73279E58 		.ascii	"s'\236X1\204bO\221\375\273\326N\0206$\3466\206+\213"
  96      3184624F 
  96      91FDBBD6 
  96      4E103624 
  96      E636862B 
  97 01c4 37C2C687 		.ascii	"7\302\306\207\377\315\204\340r%\222\340\311LFGOa@_8"
  97      FFCD84E0 
  97      722592E0 
  97      C94C4647 
  97      4F61405F 
  98 01d9 77495F2E 		.ascii	"wI_.\\\271:\240s\205\376\376B^\237:\333w\272\357\232"
  98      5CB93AA0 
  98      7385FEFE 
  98      425E9F3A 
  98      DB77BAEF 
  99 01ee CE0F5ECC 		.ascii	"\316\017^\314er\204\374o\002\365\321\032"
  99      657284FC 
  99      6F02F5D1 
  99      1A
 100              		.text
 101              		.section	.gnu.lto_nvicSetSystemHandlerPriority.abe5b24,"",%progbits
 102 0000 789C6D51 		.ascii	"x\234mQ\317k\023A\024~\337\274\335\354*\330s\251=\364"
 102      CF6B1341 
 102      147EDFBC 
 102      DDEC2AD8 
 102      73A93DF4 
 103 0014 208422EC 		.ascii	" \204\"\354\322\213\007o\322s/\375\017J\024Zh\263%\025"
 103      D28B076F 
 103      D2732FFD 
 103      0F4A145A 
 103      68B32515 
 104 0028 F1D6D94D 		.ascii	"\361\326\331M\333`\205*\3264U\\6P\244\332\032\323\252"
 104      DB60852A 
 104      D634555C 
 104      3650A4DA 
 104      1AD3AA
 105 003b 97609190 		.ascii	"\227`\221\220\2239\250\350\261'\265\242\004\014\370"
 105      9339A8E8 
 105      B127B5A2 
 105      040CF8
 106 004a A357AB6F 		.ascii	"\243W\253o\266\021<8\314\354\316\373\361\275\371\276"
 106      B6113C38 
 106      CCECCEFB 
 106      F1BDF9BE 
 107 005a F76C52D4 		.ascii	"\367lR\324\005\321y\":-\007LP7_\023\205\256\002\314"
 107      05D17922 
 107      3A2D074C 
 107      50375F13 
ARM GAS  C:\Users\kiekensk\AppData\Local\Temp\ccVYlZdX.s 			page 8


 107      85AE02CC 
 108 006e 45BBA079 		.ascii	"E\273\240y\205y\334\340\012\243U\372\334P\303\233ZV"
 108      8579DCE0 
 108      0AA355FA 
 108      DC50C39B 
 108      5A56
 109 0080 B3729859 		.ascii	"\263r\230Y\322\213\375\011\023\335\221c\02661,Yo\027"
 109      D28BFD09 
 109      13DD9163 
 109      1636312C 
 109      596F17
 110 0093 76EEF10A 		.ascii	"v\356\361\012'\014Xb~\177u\367\240\317\230\012Cb\026"
 110      270C5862 
 110      7E7F75F7 
 110      A0CF980A 
 110      436216
 111 00a6 575FECB9 		.ascii	"W_\354\271\354\201\344\336\325\3550\223\275\257u\244"
 111      EC81E4DE 
 111      D5ED3093 
 111      BDAF75A4 
 112 00b6 9B9FCAAC 		.ascii	"\233\237\312\254\317$\314\330\002KA<\304 \036`\220\304"
 112      CF24CCD8 
 112      024B413C 
 112      C4201E60 
 112      90C4
 113 00c8 45D84656 		.ascii	"E\330FV\322\267\243/]\346s)\364Z\373\327\201\323\203"
 113      D2B7A32F 
 113      5DE67329 
 113      F45AFBD7 
 113      81D383
 114 00db 1E567AD0 		.ascii	"\036Vz\320G\377\201\326\2205\371\037w\217\312\2472\326"
 114      47FF81D6 
 114      9035F91F 
 114      778FCAA7 
 114      32D6
 115 00ed C65FBA78 		.ascii	"\306_\272x\214\214(\247\372;4\365\321\357\222\020\350"
 115      8C8C28A7 
 115      FA3B34F5 
 115      D1EF9210 
 115      E8
 116 00fe DFFFE93A 		.ascii	"\337\377\351:\200A(\301Zl>6\314\343D\313\0022\015\271"
 116      804128C1 
 116      5A6C3E36 
 116      CCE344CB 
 116      02320DB9 
 117 0112 CECAFCB9 		.ascii	"\316\312\374\271\203\350G\251\326x\017S(f\0253\250\203"
 117      83E847A9 
 117      D6780F53 
 117      28661533 
 117      A883
 118 0124 E2B7A59E 		.ascii	"\342\267\245\236\203\305\367o/lX\250\013\247\016Zkm"
 118      83C5F76F 
 118      2F6C58A8 
 118      0BA70E5A 
 118      6B6D
 119 0136 CFE44874 		.ascii	"\317\344Htm\261\365\3061\321L\252)l\354\335\266\217"
 119      6DB1F5C6 
ARM GAS  C:\Users\kiekensk\AppData\Local\Temp\ccVYlZdX.s 			page 9


 119      31D14CAA 
 119      296CECDD 
 119      B68F
 120 0148 4DBD5FD4 		.ascii	"M\275_\324}\006\277\036}p\023\304\241\264\274:\220\260"
 120      7D06BF1E 
 120      7D7013C4 
 120      A1B4BC3A 
 120      90B0
 121 015a 835D11B7 		.ascii	"\203]\021\267#\205\014\340k\371\345\326I\277\246\027"
 121      23850CE0 
 121      6BF9E5D6 
 121      49BFA617 
 122 016a 423D94B0 		.ascii	"B=\224\260\213'H\260\236\016C\202\033\267\342\321\221"
 122      8B2748B0 
 122      9E0E4382 
 122      1BB7E2D1 
 122      91
 123 017b BA89550B 		.ascii	"\272\211U\013\011\237\300S\3701\333\351\234\236aD\030"
 123      099FC053 
 123      F831DBE9 
 123      9C9E6144 
 123      18
 124 018c CAE8A3EA 		.ascii	"\312\350\243\352\363\225\224p:\277e\321 \332\024\321"
 124      F3959470 
 124      3ABF65D1 
 124      20DA14D1 
 125 019c 59CFF38F 		.ascii	"Y\317\363\217w0\347ONL\373\263A\341\362\234\237\013"
 125      7730E74F 
 125      4E4CFBB3 
 125      41E1F29C 
 125      9F0B
 126 01ae 666682BC 		.ascii	"ff\202\274\177a|lt\354\252\237\2772\225\363r\344LN\344"
 126      7F617C6C 
 126      74ECAA9F 
 126      BF3295F3 
 126      72E44C4E 
 127 01c3 2F4E5F2A 		.ascii	"/N_*X\263\205\251\340\017\365D\254\311"
 127      58B385A9 
 127      E00FF544 
 127      ACC9
 128              		.text
 129              		.section	.gnu.lto_nvicClearPending.abe5b24,"",%progbits
 130 0000 789C2D51 		.ascii	"x\234-Q\317O\023Q\020\236\357\315n[\022Z\257&6\312\301"
 130      CF4F1351 
 130      109EEFCD 
 130      6E5B125A 
 130      AF2636CA 
 131 0015 8410927D 		.ascii	"\204\020\222}\341O0\036<q\361?0\275h\"\255\021C\274"
 131      E14F301E 
 131      3C71F13F 
 131      30BD6822 
 131      AD1143BC 
 132 0029 F15AA08D 		.ascii	"\361Z\240\215\230\010Q(bl\266\306\032~(\024\320\203"
 132      98085128 
 132      626CB6C6 
 132      1A7E2814 
 132      D083
ARM GAS  C:\Users\kiekensk\AppData\Local\Temp\ccVYlZdX.s 			page 10


 133 003b E0A5D978 		.ascii	"\340\245\331x\341\200\006\257\032\017\232\230x\200h"
 133      E18006AF 
 133      1A0F9A98 
 133      788068
 134 004a E3C103A0 		.ascii	"\343\301\003\2403\273\274\354{;\363\275o\276\2317\343"
 134      33BBBCEC 
 134      7B3BF3BD 
 134      6FBE9937 
 134      E3
 135 005b 93A14310 		.ascii	"\223\241C\020Y\":'\033L0\263\037\210\312\031\003\250"
 135      59223A27 
 135      1B4C30B3 
 135      1F88CA19 
 135      03A8
 136 006d E132A071 		.ascii	"\3412\240q\203q\314\360\002#\252\375\3306\003KNVga'"
 136      8371CCF0 
 136      0223AAFD 
 136      D836034B 
 136      4E566761 
 137 0082 5D755367 		.ascii	"]uSgC&Z\224\255\013K\030\020\326\376\344\306S~\300!"
 137      43265A94 
 137      AD0B4B18 
 137      10D6FEE4 
 137      C6537EC0 
 138 0097 039EB8BF 		.ascii	"\003\236\270\277\367\236|\317\251k\320'\356\261\233"
 138      F79E7CCF 
 138      A96BD027 
 138      EEB19B
 139 00a6 ABE73800 		.ascii	"\253\3478\000\211\275\030\315\177\316\366\277p\256\342"
 139      89BD18CD 
 139      7FCEF6BF 
 139      70AEE2
 140 00b5 3AEFE7D8 		.ascii	":\357\347\330]\014\231\261\012\026A\254 \217e\344I "
 140      5D0C99B1 
 140      0A1641AC 
 140      208F65E4 
 140      4920
 141 00c7 C24BF42B 		.ascii	"\302K\364+\377\333\346\311|6\345%\011\361\012)\251\235"
 141      FFDBE6C9 
 141      7C36E525 
 141      09F10A29 
 141      A99D
 142 00d9 DA9FD071 		.ascii	"\332\237\320q'\377j\256\363\245\205\375+\031@\351F\002"
 142      27FF6AAE 
 142      F3A585FD 
 142      2B1940E9 
 142      4602
 143 00eb 3DD6C393 		.ascii	"=\326\303\223\303\367\325\"\232\226@}\326}6\372\347"
 143      C3F7D522 
 143      9A96407D 
 143      D67D36FA 
 143      E7
 144 00fc 9F98E856 		.ascii	"\237\230\350V\217\3375\241b\0156\015\206\244\331m\355"
 144      8FDF35A1 
 144      620D360D 
 144      86A4D96D 
 144      ED
ARM GAS  C:\Users\kiekensk\AppData\Local\Temp\ccVYlZdX.s 			page 11


 145 010d 1CF56AC5 		.ascii	"\034\365j\305>|\254I\015B;\252\336\353IH\234\220\036"
 145      3E7CAC49 
 145      0D423BAA 
 145      DEEB4948 
 145      9C901E
 146 0120 B5D6B7B3 		.ascii	"\265\326\267\263J\362p\001\353\011\351Wu%\235\220<\014"
 146      4AF27001 
 146      EB09E957 
 146      75259D90 
 146      3C0C
 147 0132 E6852A60 		.ascii	"\346\205*`\245[;U\367\005\026 \252\357\006\012\210F"
 147      A55B3B55 
 147      F7051620 
 147      AAEF060A 
 147      8846
 148 0144 7D2AFA98 		.ascii	"}*\372\230V\215T\334\2167\317\016\377\366&\256\213&"
 148      568D54DC 
 148      8E37CF0E 
 148      FFF626AE 
 148      8B26
 149 0156 5C4EA087 		.ascii	"\\N\240\207\007\335\267\271\020\215\262\264\274y>\344"
 149      07DDB7B9 
 149      108DB2B4 
 149      BC793EE4 
 150 0166 3436A42F 		.ascii	"46\244/mI\247\001{_\267f\317\33057Yv}!g\260\211\020"
 150      6D49A701 
 150      7B5FB766 
 150      CFD83537 
 150      59767D21 
 151 017e 8FE361A8 		.ascii	"\217\343a\250\332\352\237e\036j\353es,\344\036l\301"
 151      DAEA9F65 
 151      1E6AEB65 
 151      732CE41E 
 151      6CC1
 152 0190 CA13E341 		.ascii	"\312\023\343A\275\306\220\324C\007\2504\237\317\304"
 152      BDC690D4 
 152      4307A834 
 152      9FCFC4
 153 019f E5C5039C 		.ascii	"\345\305\003\234fh[\2043\030\0046\371J\243\366\372\265"
 153      66685B84 
 153      33180436 
 153      F94AA3F6 
 153      FAB5
 154 01b1 9BF656E9 		.ascii	"\233\366V\351\366\235Q[(\215\214\224\212\366\322\325"
 154      F69D515B 
 154      288D8C94 
 154      8AF6D2D5 
 155 01c1 E1CBC377 		.ascii	"\341\313\303wmq\354F!(\020\212\377\00145\250\304"
 155      6D71EC46 
 155      2128108A 
 155      FF013435 
 155      A8C4
 156              		.text
 157              		.section	.gnu.lto_.symbol_nodes.abe5b24,"",%progbits
 158 0000 789C6365 		.ascii	"x\234ce`b\360b\000\002\246#L\365\014\014\023\31610\000"
 158      6062F062 
 158      0002A623 
ARM GAS  C:\Users\kiekensk\AppData\Local\Temp\ccVYlZdX.s 			page 12


 158      4CF50C0C 
 158      13CE3130 
 159 0015 A95D0D8E 		.ascii	"\251]\015\216@\221\243L\365\214\250\"\307\230\352\231"
 159      4091A34C 
 159      F58CA822 
 159      C798EA99 
 160 0025 50458E33 		.ascii	"PE\2163\3253\243\2100\000\000\332\334\022\332"
 160      D533A388 
 160      300000DA 
 160      DC12DA
 161              		.text
 162              		.section	.gnu.lto_.refs.abe5b24,"",%progbits
 163 0000 789C6365 		.ascii	"x\234ce`b`d\000\002\000\000I\000\011"
 163      60626064 
 163      00020000 
 163      490009
 164              		.text
 165              		.section	.gnu.lto_.decls.abe5b24,"",%progbits
 166 0000 789CDD59 		.ascii	"x\234\335YkP\024Y\226\256\233\267\012\212\022\320E\242"
 166      6B501459 
 166      96AE9BB7 
 166      0A8A12D0 
 166      45A2
 167 0012 A77786D9 		.ascii	"\247w\206\331\355\355u\242\211\235\035\321\356\331i"
 167      EDED75A2 
 167      899D1DD1 
 167      EED969
 168 0021 67632356 		.ascii	"gc#V,t%\242\235!\012u\366\207\021\004\215\364\310\004"
 168      2C7425A2 
 168      9D210A75 
 168      F6871104 
 168      8DF4C804 
 169 0035 C204E0EE 		.ascii	"\302\004\340\3568\375*,PDEP\020\213\207\"\010\250\240"
 169      38FD2A2C 
 169      50444550 
 169      108B8722 
 169      08A8A0
 170 0048 8020A080 		.ascii	"\200 \240\200\026\240\010(\250\010*\310\033DD\240y\370"
 170      16A00828 
 170      A8082AC8 
 170      1B4444A0 
 170      79F8
 171 005a 4044D873 		.ascii	"@D\330s\037I%I\225\321?\346\327Vp2\363\344\375\356\271"
 171      1F492549 
 171      95D13FE6 
 171      D7567032 
 171      F3E4FDEE 
 172 006f DF3DE7DC 		.ascii	"\337=\347\334W\242R\010\212\357\377Y\241\360\302\012"
 172      57A25208 
 172      8AEFFF59 
 172      A1F0C20A 
 173 007f C571A450 		.ascii	"\305q\244P\314\301O\245P(\316+\314?%\310\025\220\253"
 173      CCC14FA5 
 173      5028CE2B 
 173      CC3F25C8 
 173      1590AB
 174 0092 2026902A 		.ascii	" &\220*\305\342\337.\250\353\000\367\255 N \316 \205"
ARM GAS  C:\Users\kiekensk\AppData\Local\Temp\ccVYlZdX.s 			page 13


 174      C5E2DF2E 
 174      A8EB00F7 
 174      AD204E20 
 174      CE2085
 175 00a5 202E209F 		.ascii	" . \237\200\374\236\274\003\314r\220\307\360\334\006"
 175      80FC9EBC 
 175      03CC7290 
 175      C7F0DC06 
 176 00b5 F21C6408 		.ascii	"\362\034d\010\004\232V\010\360\336\016\304\026\004\361"
 176      049A5608 
 176      F0DE0EC4 
 176      1604F1
 177 00c4 F6E4BF6F 		.ascii	"\366\344\277o\241\300\336B\033r\373\242]\261\035\001"
 177      A1C0DE42 
 177      1B72FBA2 
 177      5DB11D01 
 178 00d4 448D581B 		.ascii	"D\215X\033\210\367C\376\013\207\002\215\025\376\304"
 178      88F743FE 
 178      0B87028D 
 178      15FEC4
 179 00e3 76299417 		.ascii	"v)\224\027\203\374/b6\211\235dn\317\304\365\233h\241"
 179      83FC2F62 
 179      36899D64 
 179      6ECFC4F5 
 179      9B68A1
 180 00f6 CD482B36 		.ascii	"\315H+6\011_/\013|Iu;n\323\222\217\0231*>t\275B\350"
 180      095F2F0B 
 180      7C49753B 
 180      6ED3928F 
 180      13312A3E 
 181 010e 44ED08FA 		.ascii	"D\355\010\372\204\226\321\267\010\261+\242B\3259\361"
 181      8496D1B7 
 181      08B12BA2 
 181      42D539F1 
 182 011e 87107D0F 		.ascii	"\207\020}\017o\005\0057,\276Bb\015\256\013\\\025\270"
 182      6F050537 
 182      2CBE4262 
 182      0DAE0B5C 
 182      15B8
 183 0130 49FAC72B 		.ascii	"I\372\307+#\211EV\314Z\022\177\214;{\240\325\304\332"
 183      23894556 
 183      CC5A127F 
 183      8C3B7BA0 
 183      D5C4DA
 184 0143 48303780 		.ascii	"H07\200\220\264\202\304 \243\315\313\347\371)\314\235"
 184      90B482C4 
 184      20A3CDCB 
 184      E7F929CC 
 184      9D
 185 0154 4362EFC7 		.ascii	"Cb\357\307\215\267\0074]\250\203\274M[\213\350\273\344"
 185      8DB70734 
 185      5DA883BC 
 185      4D5B8BE8 
 185      BBE4
 186 0166 E6DE0C01 		.ascii	"\346\336\014\001Ch\341\271\353\315\231\015+s\365\354"
 186      4368E1B9 
 186      EBCD990D 
ARM GAS  C:\Users\kiekensk\AppData\Local\Temp\ccVYlZdX.s 			page 14


 186      2B73F5EC 
 187 0176 A7FEA5D9 		.ascii	"\247\376\245\331m\035\265gsp\014F\237h\020is)\274\312"
 187      6D1DB567 
 187      73700C46 
 187      9F681069 
 187      7329BCCA 
 188 018a 1BBEFCC6 		.ascii	"\033\276\374\306\201\275\"\210\246\303\023\247m\261"
 188      81BD2288 
 188      A6C313A7 
 188      6DB1
 189 0198 0B7DBE17 		.ascii	"\013}\276\027\221\237B\320N\032\244$\2556$\3659\202"
 189      919F42D0 
 189      4E1AA424 
 189      AD3624F5 
 189      3982
 190 01aa EAAC411F 		.ascii	"\352\254A\037%b\301X\377\260J\211\\5Y\244\021\323\334"
 190      2562C158 
 190      FFB04A89 
 190      5C3559A4 
 190      11D3DC
 191 01bd 8B4FE2F6 		.ascii	"\213O\342\366\351\365\002*@\032t\036at\016\255$\224"
 191      E9F5022A 
 191      401A741E 
 191      61740EAD 
 191      2494
 192 01cf 3F21818F 		.ascii	"?!\201\217\322\353\367\350c\015z\273\215\012\224\207"
 192      D2EBF7E8 
 192      630D7ABB 
 192      8D0A9487 
 193 01df 5CD005E4 		.ascii	"\\\320\005\344\242@\371\310\2254Jp(\027^\346\300Kh\345"
 193      A240F9C8 
 193      95344A70 
 193      28175EE6 
 193      C04B68E5 
 194 01f3 ECE9B874 		.ascii	"\354\351\270t\033\274\037\021\006B\315\325\307\217\224"
 194      1BBC1F11 
 194      0642CDD5 
 194      C78F94
 195 0202 48E36AD1 		.ascii	"H\343j\321@\221\005\003\214\314\303s\037\327D\0222\205"
 195      40910503 
 195      8CCCC373 
 195      1FD74412 
 195      3285
 196 0214 40E6A299 		.ascii	"@\346\242\231\014pc~\250z\323\265LIR\207\000\276T\222"
 196      0C70637E 
 196      A87AD3B5 
 196      4C495287 
 196      00BE5492 
 197 0228 57D19975 		.ascii	"W\321\231u\323x\376\335%D_\336\230{mZ\312< \020\347"
 197      D378FEDD 
 197      25445FDE 
 197      987B6D5A 
 197      CA3C2010 
 198 023d 8CDD4E5D 		.ascii	"\214\335N]\302<\260\014\324[\367&\036\332\177x\214z"
 198      C23CB00C 
 198      D45BF726 
 198      1EDA7F78 
ARM GAS  C:\Users\kiekensk\AppData\Local\Temp\ccVYlZdX.s 			page 15


 198      8C7A
 199 024f D9A05F26 		.ascii	"\331\240_&\240\255\037\240R R\002D\024\3502\372\020"
 199      A0AD1FA0 
 199      52205202 
 199      4414E832 
 199      FA10
 200 0261 AEC548C9 		.ascii	"\256\305H\311\232\234y\024>l\363q\232>\255[o\272S\261"
 200      9A9C7914 
 200      3E6CF371 
 200      9A3EAD5B 
 200      6FBA53B1 
 201 0275 E2E945BD 		.ascii	"\342\351E\275\036(\352\225\004\207\316\2329\302#\\\317"
 201      1E28EA95 
 201      0487CE9A 
 201      39C2235C 
 201      CF
 202 0286 A02E84B2 		.ascii	"\240.\204\262Q'd\300\025\3641To\351\254\030\3038\201"
 202      512764C0 
 202      15F43154 
 202      6FE9AC18 
 202      C33881
 203 0299 C5D702FD 		.ascii	"\305\327\002\375\353\3719\357\034\255r\251\240\\\312"
 203      EBF939EF 
 203      1CAD72A9 
 203      A05CCA
 204 02a8 452EC72E 		.ascii	"E.\307.\346\315\012\234K\323\337\033\365\246=z\342-"
 204      E6CD0A9C 
 204      4BD3DF1B 
 204      F5A63D7A 
 204      E22D
 205 02ba 40A13233 		.ascii	"@\24123\22329\223\253\224I\301\324s\003\306\331\214"
 205      93323993 
 205      AB9449C1 
 205      D47303C6 
 205      D98C
 206 02cc 49D6F3E9 		.ascii	"I\326\363\351\313\366\242\245\237\315[\"}\272f\266t"
 206      CBF6A2A5 
 206      9FCD5B22 
 206      7DBA66B6 
 206      74
 207 02dd 4D6EC944 		.ascii	"Mn\311D-Ud'z\342\353\314PYi\333k574\364\363\005\224"
 207      2D556427 
 207      7AE2EBCC 
 207      505969DB 
 207      6B353734 
 208 02f5 2ACD862A 		.ascii	"*\315\206*\345\206\252\250\241\334\226\223e\366,Lz\027"
 208      E586AAA8 
 208      A1DC9693 
 208      65F62C4C 
 208      7A17
 209 0307 92A995FB 		.ascii	"\222\251\225\373\212\270>f\013z\374\371\276\022\304"
 209      8AB83E66 
 209      0B7AFCF9 
 209      BE12C4
 210 0316 F45867D0 		.ascii	"\364Xg\320\007[\262\223\034X\034\365\247\020\274H\235"
 210      075BB293 
 210      1C581CF5 
ARM GAS  C:\Users\kiekensk\AppData\Local\Temp\ccVYlZdX.s 			page 16


 210      A710BC48 
 210      9D
 211 0327 998950E2 		.ascii	"\231\211P\342\026F\245\347\301\354-\236\366\006\025"
 211      1646A5E7 
 211      C1EC2D9E 
 211      F60615
 212 0336 1906C5CF 		.ascii	"\031\006\305\317\216,\321D\021\317\322\024$\005b\022"
 212      8E2CD144 
 212      11CFD214 
 212      24056212 
 213 0346 2A501DC9 		.ascii	"*P\035\311)\344\346\202jY\376N>\256L\3238\305R\264^"
 213      29E4E682 
 213      6A59FE4E 
 213      3EAE4CD3 
 213      38C552B4 
 214 035b FF9192C6 		.ascii	"\377\221\222\306\250\006\3407(\274\0369\211\225\010"
 214      A806E037 
 214      28BC1E39 
 214      899508
 215 036a BA3FB33F 		.ascii	"\272?\263?\315\2163\267\001}o\\o\206#gN\210\335\215"
 215      CD8E33B7 
 215      017D6F5C 
 215      6F862367 
 215      4E88DD8D 
 216 037e 3B7854C9 		.ascii	";xT\311\231\222\321\032\3630\356?q\027\343\371\250\340"
 216      9992D11A 
 216      F330EE3F 
 216      7117E3F9 
 216      A8E0
 217 0390 68BE8A61 		.ascii	"h\276\212a\177 \330\361\331\314\004\033\253<\357\212"
 217      7F20D8F1 
 217      D9CC041B 
 217      AB3CEF8A 
 218 03a0 3CEF309E 		.ascii	"<\3570\236y\221\375g\325P\333\005\246\002$\231\007\\"
 218      7991FD67 
 218      D550DB05 
 218      A6022499 
 218      075C
 219 03b2 D83C5064 		.ascii	"\330<Pd\232<\257\304\275\264%\241\270\250?I#\031\352"
 219      9A3CAFC4 
 219      BDB425A1 
 219      B8A83F49 
 219      2319EA
 220 03c5 1F94EAF5 		.ascii	"\037\224\352\365\313P\013t\354\27696.\363#},]\217?T"
 220      CB500B74 
 220      ECBE3936 
 220      2EF3237D 
 220      2C5D8F3F 
 221 03da A0CF5CD0 		.ascii	"\240\317\\\320*\030\246\3150L]\3700m\002:\367\3708?"
 221      2A18A6CD 
 221      304C5DF8 
 221      306D023A 
 221      F7F8383F 
 222 03ee 79E6BA03 		.ascii	"y\346\272\003\036f\015\030\023*\213\034\347\033\200"
 222      1E660D18 
 222      132A8B1C 
 222      E71B80
ARM GAS  C:\Users\kiekensk\AppData\Local\Temp\ccVYlZdX.s 			page 17


 223 03fd E15B4887 		.ascii	"\341[H\207\357#h\341\201\271\205\026d\245\211\207\226"
 223      EF2368E1 
 223      81B98516 
 223      64A58987 
 223      96
 224 040e 9B987C52 		.ascii	"\233\230|R^bc\016\005\242\366\032\240\3746\365H+\015"
 224      5E62630E 
 224      05A2F61A 
 224      A0FC36F5 
 224      482B0D
 225 0421 C55D3114 		.ascii	"\305]1\024i\271\306a[\342>\303\217\263\336\245\217\034"
 225      69B9C661 
 225      5BE23EC3 
 225      8FB3DEA5 
 225      8F1C
 226 0433 B2955A6F 		.ascii	"\262\225Zo{\237\365\342\256\370\375<%\323\310dz\245"
 226      7B9FF5E2 
 226      AEF8FD3C 
 226      25D3C864 
 226      7AA5
 227 0445 63DCB484 		.ascii	"c\334\264\204\351\335\304\375o\206\217\267\250y\240"
 227      E9DDC4FD 
 227      6F868FB7 
 227      A879A0
 228 0454 1D41AF9E 		.ascii	"\035A\257\236L\031\267\307/\370x\177\\\021\305#\375"
 228      4C19B7C7 
 228      2FF8787F 
 228      5C11C523 
 228      FD
 229 0465 39A87B86 		.ascii	"9\250{\206\012\222\355\254\006\272G\014t7\343\0319\220"
 229      0A92EDAC 
 229      06BA470C 
 229      7437E319 
 229      3990
 230 0477 DA2EC813 		.ascii	"\332.\310\023\262\023\340\035\024\336Ky\366\210<\023"
 230      B213E01D 
 230      14DE4B79 
 230      F6883C13 
 231 0487 47DEFC94 		.ascii	"G\336\374\224\347\243t\316w\242s>\2720x-E\303Y\222\011"
 231      E7A374CE 
 231      77A2733E 
 231      BA30782D 
 231      45C35992 
 232 049c B1FA7E72 		.ascii	"\261\372~r\216-\236e,_DG\276\346\343\206\014\272\207"
 232      8E2D9E65 
 232      2C5F4447 
 232      BEE6E386 
 232      0CBA87
 233 04af A79E4C69 		.ascii	"\247\236Li\254\262\034\024Y>e,\243S\322Sm\344,\237\000"
 233      ACB21C14 
 233      593E652C 
 233      A353D253 
 233      6DE42C9F 
 234 04c4 BC9FC29F 		.ascii	"\274\237\302\237Q\226\203\"\313\250\334\230j\314b\365"
 234      51968322 
 234      CBA8DC98 
 234      6ACC62F5 
ARM GAS  C:\Users\kiekensk\AppData\Local\Temp\ccVYlZdX.s 			page 18


 235 04d4 635605A8 		.ascii	"cV\005\250Q\227Vl\\0,\207\336g\377u\361\333\307\274"
 235      5197566C 
 235      5C302C87 
 235      DE67FF75 
 235      F1DBC7BC 
 236 04e8 DB699878 		.ascii	"\333i\230x\274\2545\216\257\003\335\322a\353\314\207"
 236      BCAC358E 
 236      AF03DDD2 
 236      61EBCC87 
 237 04f8 6DF860FE 		.ascii	"m\370`\376>\214\015\230\372a21r\277\232\201\177\002"
 237      3E8C0D98 
 237      FA613231 
 237      72BF9A81 
 237      7F02
 238 050a 6A6D72CA 		.ascii	"jmr\312?Xu\303\270\350\2061F\363j\343\343R;\271\033"
 238      3F5875C3 
 238      B8E88631 
 238      46F36AE3 
 238      E3523BB9 
 239 051f 46013E42 		.ascii	"F\001>B\341\023\224\346\270H\263\250b<S\234=\010\315"
 239      E11394E6 
 239      B848B3A8 
 239      623C539C 
 239      3D08CD
 240 0532 2739BD19 		.ascii	"'9\275\031\032|\210\3218g:P\313\303\221Fb5\227<\226"
 240      1A7C88D1 
 240      38673A50 
 240      CBC39146 
 240      6235973C 
 241 0547 6A8F8FB0 		.ascii	"j\217\217\260B1\220N<\220w\236\025\027\0108\205\025"
 241      4231904E 
 241      3C90779E 
 241      15170838 
 241      8515
 242 0559 BEEB8A8D 		.ascii	"\276\353\212\215\265\3455Inv\265\266\024\330\343S\254"
 242      B5E53549 
 242      6E76B5B6 
 242      14D8E353 
 242      AC
 243 056a B078A0AE 		.ascii	"\260x\240\256F\254I\012\367\347\365\036P\341s\254\260"
 243      46AC490A 
 243      F7E7F51E 
 243      50E173AC 
 243      B0
 244 057b A7E369B4 		.ascii	"\247\343i\264#\316c\312\315\232=\177\302\227\331\363"
 244      23CE63CA 
 244      CD9A3D7F 
 244      C297D9F3 
 245 058b ADBE887F 		.ascii	"\255\276\210\177e\225\"\310\004}\343t\301I\314\374\227"
 245      659522C8 
 245      047DE374 
 245      C149CCFC 
 245      97
 246 059c 46D3BFB0 		.ascii	"F\323\277\2602\332\260\024_\245\340\245\325=\331\311"
 246      32DAB014 
 246      5FA5E0A5 
 246      D53DD9C9 
ARM GAS  C:\Users\kiekensk\AppData\Local\Temp\ccVYlZdX.s 			page 19


 247 05ac 6AB482FF 		.ascii	"j\264\202\377\226\223\213\353\212t}D\270\336\3245\265"
 247      96938BEB 
 247      8A747D44 
 247      B8DED435 
 247      B5
 248 05bd 62B43942 		.ascii	"b\2649B\257\337k\217\036#'\324\010\223C\264\260|~\330"
 248      AFDF6B8F 
 248      1E2327D4 
 248      089343B4 
 248      B07C7ED8 
 249 05d1 A15BD44D 		.ascii	"\241[\324M\253\311n\225Uh\333\011\227\010\214\236\003"
 249      ABC96E95 
 249      5568DB09 
 249      97088C9E 
 249      03
 250 05e2 7A8AA3C5 		.ascii	"z\212\243\305\260\243\327\013\320\006@\007\031)\232"
 250      B0A3D70B 
 250      D0064007 
 250      19299A
 251 05f1 2447B8C0 		.ascii	"$G\270\300\320\363\231U-E\223y\252\212\333\206\250\240"
 251      D0F39955 
 251      2D459379 
 251      AA8ADB86 
 251      A8A0
 252 0603 77DCB618 		.ascii	"w\334\266\030+\236W\022t\257\004\375J\216~)\347=\035"
 252      2B9E5712 
 252      74AF04FD 
 252      4A8E7E29 
 252      E73D1D
 253 0616 68E63D2B 		.ascii	"h\346=+\347\355&\003\327K:9#\007\277\225\233\036\222"
 253      E7ED2603 
 253      D74B3A39 
 253      2307BF95 
 253      9B1E92
 254 0629 A05FC8D1 		.ascii	"\240_\310\321\223ft\034\317\302\265J\005$\211\013,\023"
 254      9366741C 
 254      CFC2B54A 
 254      0524890B 
 254      2C13
 255 063b A488A061 		.ascii	"\244\210\240ap\241\303\202+\332'\254@\221 Q 1 \006\220"
 255      70A1C382 
 255      2BDA27AC 
 255      40912051 
 255      20312006 
 256 0650 BD20FB41 		.ascii	"\275 \373A\016\200\034\002\211\005\331\003r\020$BXA"
 256      0E801C02 
 256      8905D903 
 256      72102442 
 256      5841
 257 0662 77A2CC21 		.ascii	"w\242\314!\023\022\207\374 w\310\260\334}MA\014\015"
 257      131287FC 
 257      2077C8B0 
 257      DC7D4D41 
 257      0C0D
 258 0674 0B28BAC9 		.ascii	"\013(\272\311\321\342\262\212\256/r\237\244\217\003"
 258      D1E2B28A 
 258      AE2F729F 
ARM GAS  C:\Users\kiekensk\AppData\Local\Temp\ccVYlZdX.s 			page 20


 258      A48F03
 259 0683 F23EF62D 		.ascii	"\362>\366-\262-a2-g\362\306\214f\313\323\350\260S\270"
 259      B22D6132 
 259      2D67F2C6 
 259      8C66CBD3 
 259      E8B053B8 
 260 0697 5E8F084A 		.ascii	"^\217\010J\301\227&s\247jF\235\217\350\365\265\253\310"
 260      C1972673 
 260      A76A469D 
 260      8FE8F5B5 
 260      ABC8
 261 06a9 BC0ADB14 		.ascii	"\274\012\333\024fK\234m\341\2742o\013\222~\366A\327"
 261      664B9C6D 
 261      E1BC326F 
 261      0B927EF6 
 261      41D7
 262 06bb 7584DFD1 		.ascii	"u\204\337\321\244\027\302\313O6.A\256\313Y\033\003\243"
 262      A417C2CB 
 262      4F362E41 
 262      AECB591B 
 262      03A3
 263 06cd 6AD8B9A3 		.ascii	"j\330\271\243\243P9N\230_\000I\213\226\343\202\216@"
 263      A350394E 
 263      985F0049 
 263      8B96E382 
 263      8E40
 264 06df 38FE16A1 		.ascii	"8\376\026\241!c5\246`\302\321>z~\313MY\230\247\254x"
 264      216335A6 
 264      60C2D13E 
 264      7A7ECB4D 
 264      5998A7AC 
 265 06f4 C19E9E48 		.ascii	"\301\236\236H\340\016\340\232\230\216x\2764\235!\233"
 265      E00EE09A 
 265      988E78BE 
 265      349D219B 
 266 0704 A5C6BEEA 		.ascii	"\245\306\276\352h\276\256\245\021\275c\377\250;\336"
 266      68BEAEA5 
 266      11BD63FF 
 266      A83BDE
 267 0713 A7A49340 		.ascii	"\247\244\223@t\361\375N\245\325\251\360\270\300\247"
 267      74F1FD4E 
 267      A5D5A9F0 
 267      B8C0A7
 268 0722 42373A13 		.ascii	"B7:\023\366\337\311/\\\312gB\2038\023\232\321F\301I"
 268      F6DFC92F 
 268      5CCA6742 
 268      8338139A 
 268      D146C149 
 269 0736 AC43D0BD 		.ascii	"\254C\320\275)\275\017\034p\034k'\342|G'_k\217\023\016"
 269      29BD0F1C 
 269      701C6B27 
 269      E27C4727 
 269      5F6B8F13 
 270 074b 91D9DD35 		.ascii	"\221\331\3355\010\037g\205\257\367v\266c\234\312\224"
 270      081F6785 
 270      AFF776B6 
 270      639CCA94 
ARM GAS  C:\Users\kiekensk\AppData\Local\Temp\ccVYlZdX.s 			page 21


 271 075b B3E38506 		.ascii	"\263\343\205\006\3166\226 \307\342\022\242\227\342\323"
 271      CE369620 
 271      C7E212A2 
 271      97E2D3
 272 076a AC3025F5 		.ascii	"\2540%\365\355Oq\016{>\327\221s\211\317\264Sd]\034\215"
 272      ED4F710E 
 272      7B3ED791 
 272      7389CFB4 
 272      53645D1C 
 273 077f 78D2CD2B 		.ascii	"x\322\315+~\010j~y\304\010?\032\231\310t6sf\340\003"
 273      7E086A7E 
 273      79C4083F 
 273      1A99C874 
 273      367366E0 
 274 0794 7C9155AD 		.ascii	"|\221U\255;}e\206\263!M\214\034\211\032r\260\352\204"
 274      3B7D6586 
 274      B3214D8C 
 274      1C891A72 
 274      B0EA84
 275 07a7 2CD10999 		.ascii	",\321\011\231\002[\266\216<\311v\224\257\007\031\020"
 275      025BB68E 
 275      3CC97694 
 275      AF071910 
 276 07b7 F47481C0 		.ascii	"\364t\201\300\263\251\027\262D/\364e\334\230\260\341"
 276      B3A917B2 
 276      442FF465 
 276      DC98B0E1 
 277 07c7 BB47C272 		.ascii	"\273G\302r\357\275\243\377\210"
 277      EFBDA3FF 
 277      88
 278 07d0 CB198D13 		.ascii	"\313\031\215\023\315\251Q*\\\315\224\031c\254\211o\210"
 278      CDA9512A 
 278      5CCD9419 
 278      63AC896F 
 278      88
 279 07e1 070930A9 		.ascii	"\007\0110\251\312\270\003\337fe\003\223\375}\01071\345"
 279      CAB803DF 
 279      66650393 
 279      FD7D0837 
 279      31E5
 280 07f3 C1506717 		.ascii	"\301Pg\027_D\272\011p\360~\346S\025n\343\310\204\262"
 280      5F44BA09 
 280      70F07EE6 
 280      53156EE3 
 280      C884B2
 281 0806 0A35EE65 		.ascii	"\0125\356eJK\374\355D%C>\"\310\331\234\314Y;<\310\012"
 281      4A4BFCED 
 281      4425433E 
 281      22C8D99C 
 281      CC593B3C 
 282 081c 878CF7D3 		.ascii	"\207\214\367\323\034\361\030S2^\025\024\361\305\365"
 282      1CF11853 
 282      325E1514 
 282      F1C5F5
 283 082b 2E41CE55 		.ascii	".A\316U\275~\344\200\247X\341\323\346\034\203\015\336"
 283      BD7EE480 
 283      A758E1D3 
ARM GAS  C:\Users\kiekensk\AppData\Local\Temp\ccVYlZdX.s 			page 22


 283      E61C830D 
 283      DE
 284 083c A3A2CAA5 		.ascii	"\243\242\312\245\254\302s\034YK\220#\306\261\346\245"
 284      ACC2731C 
 284      594B9023 
 284      C6B1E6A5 
 285 084c 389A15A6 		.ascii	"8\232\025\246\315\306\245/\021\367\000Q?f\017P\323\223"
 285      CDC6A52F 
 285      11F70051 
 285      3F660F50 
 285      D393
 286 085e 91C48368 		.ascii	"\221\304\203h\"\346^\225\233\240\255Xf\316\270\267j"
 286      22E65E95 
 286      9BA0AD58 
 286      66CEB8B7 
 286      6A
 287 086f 9F0D3EC6 		.ascii	"\237\015>\306\224\303\206\316\357\030\360?@;x<;\326"
 287      94C386CE 
 287      EF18F03F 
 287      403B783C 
 287      3BD6
 288 0881 8645B79B 		.ascii	"\206E\267\233,\263\357\332\303g\005VL\266jo\367t\306"
 288      2CB3EFDA 
 288      C3670556 
 288      4CB66A6F 
 288      F774C6
 289 0894 588FA849 		.ascii	"X\217\250I\214\3505\026\321;\231\261\006\245<\242W!"
 289      8CE83516 
 289      D13B99B1 
 289      06A53CA2 
 289      5721
 290 08a6 A21534A2 		.ascii	"\242\0254\242\2254\242&1\242\271\0157\333\271\377\243"
 290      9534A226 
 290      31A2B90D 
 290      37DBB9FF 
 290      A3
 291 08b7 48629D2F 		.ascii	"Hb\235/\037\331\317\273\360\202\254\333\3217\373\363"
 291      1FD9CFBB 
 291      F082ACDB 
 291      D137FBF3 
 292 08c7 96F28594 		.ascii	"\226\362\205\224l6r\366\266\246\362\275G;\251\377\254"
 292      6C3672F6 
 292      B6A6F2BD 
 292      473BA9FF 
 292      AC
 293 08d8 F4DA03B5 		.ascii	"\364\332\003\265Un5\"\267\033\214[R\363\365H[9\267\353"
 293      556E3522 
 293      B71B8C5B 
 293      52F3F548 
 293      5B39B7EB 
 294 08ec C0AD9A72 		.ascii	"\300\255\232r\273I\271\325\210\334\206^>\231S\343\024"
 294      BB49B9D5 
 294      88DC865E 
 294      3E9953E3 
 294      14
 295 08fd E6B194A2 		.ascii	"\346\261\224\242\243\177\302\351\3549w<.\023\341\263"
 295      A37FC2E9 
ARM GAS  C:\Users\kiekensk\AppData\Local\Temp\ccVYlZdX.s 			page 23


 295      EC39773C 
 295      2E13E1B3 
 296 090d 4C89EAD9 		.ascii	"L\211\352\331w\237\357\027\246\350\266\371@\\\203#\316"
 296      779FEF17 
 296      A6E8B6F9 
 296      405C8323 
 296      CE
 297 091e 678535C7 		.ascii	"g\2055\307\222\023\354p\021S\346\236\265f\360\276\215"
 297      9213EC70 
 297      1153E69E 
 297      B566F0BE 
 297      8D
 298 092f D1AF1C33 		.ascii	"\321\257\0343\251%\\w\226\354J\234\371\256\244':9\021"
 298      A9255C77 
 298      96EC4A9C 
 298      F9AEA427 
 298      3A3911
 299 0942 E12BACEE 		.ascii	"\341+\254\356\314\201\012\243\365\263O\223\330\317\013"
 299      CC810AA3 
 299      F5B34F93 
 299      D8CF0B
 300 0951 2C11DE44 		.ascii	",\021\336D\224t#y?\357B?\357\320~\336\247\375l\022\373"
 300      94742379 
 300      3FEF423F 
 300      EFD07EDE 
 300      A7FD6C12 
 301 0966 B9BFA5FD 		.ascii	"\271\277\245\375\342\002\364e\341=\350\373\003\247\""
 301      E202F465 
 301      E13DE8FB 
 301      03A722
 302 0975 F870BF4B 		.ascii	"\370p\277K?\250\360o\006N\354\233\201\270}r\346\333"
 302      3FA8F06F 
 302      064EEC9B 
 302      81B87D72 
 302      E6DB
 303 0987 A7C9C3B1 		.ascii	"\247\311\303\261\235\010W\261^TM\344g\363\272$\317\242"
 303      9D0857B1 
 303      5E544DE4 
 303      67F3BA24 
 303      CFA2
 304 0999 8C137797 		.ascii	"\214\023w\227Z\355T\233\330\251V\026\274\326\251\033"
 304      5AED549B 
 304      D8A95616 
 304      BCD6A91B 
 305 09a9 6D2A79A7 		.ascii	"m*y\247\036\002\315\007\224\346cJ\263M\244\331Yh\034"
 305      1E02CD07 
 305      94E6634A 
 305      B34DA4D9 
 305      59681C
 306 09bc B09577CA 		.ascii	"\260\225w\312*\372\300\215K5<\015k\211\376\266\350\342"
 306      2AFAC08D 
 306      4B353C0D 
 306      6B89FEB6 
 306      E8E2
 307 09ce 3915AE63 		.ascii	"9\025\256c\2543\222\317\024\250\361]\246\224\214\346"
 307      AC3392CF 
 307      14A8F15D 
ARM GAS  C:\Users\kiekensk\AppData\Local\Temp\ccVYlZdX.s 			page 24


 307      A6948CE6 
 308 09de 9438F031 		.ascii	"\2248\3601FS\252\354E=_\037\324\222bg^\\u8c-~\250\372"
 308      4653AAEC 
 308      453D5F1F 
 308      D4926267 
 308      5E5C7538 
 309 09f7 11CB43BF 		.ascii	"\021\313C\277\330\335U\264\267\011\025\011\227\026M"
 309      D8DD55B4 
 309      B7091509 
 309      97164D
 310 0a06 8CBDC0BF 		.ascii	"\214\275\300\277\207\362\177B\371\367\213\374/\274\234"
 310      87F27F42 
 310      F9F78BFC 
 310      2FBC9C
 311 0a15 BCA291F7 		.ascii	"\274\242\221\367\326*\372\314@J\014\017\303\032P\217"
 311      D62AFACC 
 311      404A0C0F 
 311      C31A508F 
 312 0a25 BF3935E4 		.ascii	"\27795\344\200;\031\311\221\321\231<G\334\307\224\262"
 312      803B19C9 
 312      91D1993C 
 312      47DCC794 
 312      B2
 313 0a36 92F21ADE 		.ascii	"\222\362\032\336\271Ud\360\345V6.\301\203<#cO\026\332"
 313      B95564F0 
 313      E556362E 
 313      C1833C23 
 313      634F16DA 
 314 0a4a E151A624 		.ascii	"\341Q\246$Ov<\343\251\354Jz\235q\342\210\035\236\344"
 314      4F763CE3 
 314      A9EC4A7A 
 314      9D71E288 
 314      1D9EE4
 315 0a5d 691F1B65 		.ascii	"i\037\033e\264\305SL\211o\214\317X\202\3371\345\355"
 315      B4C5534C 
 315      896F8CCF 
 315      5882DF31 
 315      E5ED
 316 0a6f 607C2B9F 		.ascii	"`|+\237\245\355%\207\020g~\0101e\307\377\0236\330P\350"
 316      A5ED2587 
 316      10677E08 
 316      3165C7FF 
 316      1336D850 
 317 0a84 C3D688CB 		.ascii	"\303\326\210\313\034\272\004\324\330[]\377m\325\223"
 317      1CBA04D4 
 317      D85B5DFF 
 317      6DD593
 318 0a93 2F454FBE 		.ascii	"/EO\276`\211S_{\373\220R~L\236\000\347\214S\347\274"
 318      6089535F 
 318      7BFB9052 
 318      7E4C9E00 
 318      E78C53E7 
 319 0aa8 A2CE7929 		.ascii	"\242\316y):'\303h\230V\311\217\275V\321\025M\355kq\024"
 319      3A27C368 
 319      9856C98F 
 319      BD56D115 
 319      4DED6B71 
ARM GAS  C:\Users\kiekensk\AppData\Local\Temp\ccVYlZdX.s 			page 25


 320 0abd E3F8B2B1 		.ascii	"\343\370\262\261\275\007\341\203L\211\270U\227m\213"
 320      BD07E183 
 320      4C89B855 
 320      976D8B
 321 0acc 6399327C 		.ascii	"c\2312|\266\241\026\346^\246\364\017L\227b\234\314\224"
 321      B6A116E6 
 321      5EA6F40F 
 321      4C97629C 
 321      CC94
 322 0ade ACE1F443 		.ascii	"\254\341\364Cv8\215)7\317\327%\362SX.YJg\332\257\375"
 322      76388D29 
 322      37CFD725 
 322      F253582E 
 322      594A67DA 
 323 0af4 60CF1DF2 		.ascii	"`\317\035\362/d\271\273}\255\301\036gQ\360\257\263\022"
 323      2F64B9BB 
 323      7DADC11E 
 323      6751F0AF 
 323      B312
 324 0b06 734B6DE7 		.ascii	"sKm\347\017\021\357\373-g7WQgG\201\007\263\316G\014"
 324      0F11EFFB 
 324      2D673757 
 324      51674781 
 324      07B3CE47 
 325 0b1b 642347CE 		.ascii	"d#G\316\002ga\017\226\211%g\2013\264\263y\210\355!\343"
 325      0267610F 
 325      96892567 
 325      8133B4B3 
 325      7988ED21 
 326 0b30 015FFF35 		.ascii	"\001_\3775;:\220\314\352\224\303;\026\300\351\226\363"
 326      3B3A90CC 
 326      EA94C33B 
 326      16C0E996 
 326      F3
 327 0b41 5B06877D 		.ascii	"[\006\207}\014\272$\207\027-\262>\361\215\331z\231\034"
 327      0CBA2487 
 327      172DB23E 
 327      F18DD97A 
 327      991C
 328 0b53 7E65019C 		.ascii	"~e\001\234\220o\332m>\307\314\310\341nrt\3257ft\235"
 328      906FDA6D 
 328      3EC7CCC8 
 328      E16E7274 
 328      D5376674 
 329 0b68 1CCD8E0F 		.ascii	"\034\315\216\017\013\340\1775\303\307\344\360\376E\360"
 329      0BE07F35 
 329      C3C7E4F0 
 329      FE45F0
 330 0b77 896FCDF0 		.ascii	"\211o\315\360<9\374\302\"\352m\022\353\303r\370\220"
 330      3C39FCC2 
 330      22EA6D12 
 330      EBC372F8 
 330      90
 331 0b88 203BB055 		.ascii	" ;\260U}gF\347\312\3219\213\214\367J\270\\\224\303\013"
 331      7D6746E7 
 331      CAD1398B 
 331      8CF74AB8 
ARM GAS  C:\Users\kiekensk\AppData\Local\Temp\ccVYlZdX.s 			page 26


 331      5C94C30B 
 332 0b9c 167391C0 		.ascii	"\026s\221\300\013-\303\245\\\2767\243\223\344\350cr"
 332      0B2DC3A5 
 332      5CBE37A3 
 332      93E4E863 
 332      72
 333 0bad 749304AD 		.ascii	"t\223\004\255\3072t\202\034]/\361\312\017r\333#rt\233"
 333      C7327482 
 333      1C5D2FF1 
 333      CA0F72DB 
 333      2372749B 
 334 0bc1 24FC6FE5 		.ascii	"$\374o\345\350\036)\232f\356nsn\275\263\230,\322S\354"
 334      E81E299A 
 334      66EE6E73 
 334      6EBDB398 
 334      2CD253EC 
 335 0bd5 37ECA804 		.ascii	"7\354\250\004\373\024z\274!`q\367\302\017VR\017\016"
 335      FB147ABC 
 335      216071F7 
 335      C20F5652 
 335      0F0E
 336 0be7 49783F93 		.ascii	"Ix?\223\333~*gR%\031C]\226\307\220\364\370-\031B7\221"
 336      DB7E2A67 
 336      52251943 
 336      5D96C790 
 336      F4F82D19 
 337 0bfe 0C5DB268 		.ascii	"\014]\262h\304\365~m\206\277\223\303\033\027\305~Z\222"
 337      C4F57E6D 
 337      86BF93C3 
 337      1B17C57E 
 337      5A92
 338 0c10 5929722E 		.ascii	"Y)r.\311\213\340C\022\227\277\221\303\037,\012\247d"
 338      C98BE043 
 338      1297BF91 
 338      C31F2C0A 
 338      A764
 339 0c22 C4D5CAD1 		.ascii	"\304\325\312\321U\362\216\266}\307|\016\273}t\232\243"
 339      55F28EB6 
 339      7DC77C0E 
 339      BB7D749A 
 339      A3
 340 0c33 C533003A 		.ascii	"\3053\000:\265\30069\372\356\206K8\034t\000=\311\321"
 340      B5C03639 
 340      FAEE864B 
 340      381C7400 
 340      3DC9D1
 341 0c46 E2FCCC8F 		.ascii	"\342\374\314\217\015\022&\323\222\024?oy\000I\223V\022"
 341      0D1226D3 
 341      92143F6F 
 341      79004993 
 341      5612
 342 0c58 CE51CB69 		.ascii	"\316Q\313i\270\300)\022\037\236\224\303O,\036\235\022"
 342      B8C02912 
 342      1F9E94C3 
 342      4F2C1E9D 
 342      12
 343 0c69 1F4E5B4E 		.ascii	"\037N[N\333\005p\011\231\347\226g\012\351\024:-\231"
ARM GAS  C:\Users\kiekensk\AppData\Local\Temp\ccVYlZdX.s 			page 27


 343      DB057009 
 343      99E79667 
 343      0AE9143A 
 343      2D99
 344 0c7b 424BE5F0 		.ascii	"BK\345\360\022y*\016IR\261A\216\276\265\010-\261]ny"
 344      12792A0E 
 344      4952B141 
 344      8EBEB508 
 344      2DB15D6E 
 345 0c90 7A967871 		.ascii	"z\226xqB\322\317)\313\271\302\210KO\372s\020\302YZF"
 345      42D2CF29 
 345      CBB9C288 
 345      4B4FFA73 
 345      10C2595A 
 346 0ca5 E0E4989F 		.ascii	"\340\344\230\237\213]Q\034\206c>H,\310I\220\343 \247"
 346      8B5D511C 
 346      86633E48 
 346      2CC84990 
 346      E320A7
 347 0cb8 419241F6 		.ascii	"A\222A\366\201\034\006I\005\331\017\222\006r\024$\017"
 347      811C0649 
 347      05D90F92 
 347      06721424 
 347      0F
 348 0cc9 A400241E 		.ascii	"\244\000$\036d\017H\026H!\3101\220t\220\013 gA\366\202"
 348      640F4816 
 348      4821C831 
 348      9074900B 
 348      206741F6 
 349 0cde 1841F241 		.ascii	"\030A\362A\316\201\034\001\311\000\211\0009\005\222"
 349      CE811C01 
 349      C9008900 
 349      390592
 350 0ced 007206C4 		.ascii	"\000r\006\304\000r\020\344\000H\021H\024H\012H4\310"
 350      007210E4 
 350      00481148 
 350      14480A48 
 350      34C8
 351 0cff 45907090 		.ascii	"E\220p\220$\220\034\220\023 \347A\022A\016\201d\203"
 351      24901C90 
 351      1320E741 
 351      12410E81 
 351      6483
 352 0d11 C460F1AB 		.ascii	"\304`\361\253P<dn\323\327,\331\333!}\037q\347\210\373"
 352      503C646E 
 352      D3D72CD9 
 352      DB217D1F 
 352      71E788FB 
 353 0d25 52D4221F 		.ascii	"R\324\"\037\032\365\337\233\007u\242\3459W\2322\365"
 353      1AF5DF9B 
 353      0775A2E5 
 353      39579A32 
 353      F5
 354 0d36 926C2FB6 		.ascii	"\222l/\266\274\352J\242:-\311\201z\313\353\242t\322"
 354      BCEA4AA2 
 354      3A2DC981 
 354      7ACBEBA2 
ARM GAS  C:\Users\kiekensk\AppData\Local\Temp\ccVYlZdX.s 			page 28


 354      74D2
 355 0d48 958CE970 		.ascii	"\225\214\351p9\272O\216\356\225\014\2154\313CC\362\311"
 355      39BA4F8E 
 355      EE950C8D 
 355      34CB4343 
 355      F2C9
 356 0d5a 69768A7D 		.ascii	"iv\212}r\002\324\302ON\304\324+\351N%\325\362T%\351"
 356      7202D4C2 
 356      4F4EC4D4 
 356      2BE94E25 
 356      D5F25425 
 357 0d6f D584A457 		.ascii	"\325\204\244W\267-g\366\202\345[2\312\006-\317\340\013"
 357      B72D67F6 
 357      82E55B32 
 357      CA062DCF 
 357      E00B
 358 0d81 F6357C7D 		.ascii	"\3665|}\200\263\"\375\250G\340\342\011\222\317l\363"
 358      80B322FD 
 358      A847E0E2 
 358      0992CF6C 
 358      F3
 359 0d92 83924C56 		.ascii	"\203\222LV\177e\360\001\200\367q\353\342\276\034u/\232"
 359      7F65F001 
 359      80F771EB 
 359      E2BE1C75 
 359      2F9A
 360 0da4 36254E3B 		.ascii	"6%N;gyK\266\332l\273\215gR3\330\276\307\321\342\261"
 360      67794BB6 
 360      DA6CBB8D 
 360      675233D8 
 360      BEC7D1E2 
 361 0db9 8D7F4F97 		.ascii	"\215\177O\227\330\036\222\244F\276\345m\212\370\335"
 361      D81E92A4 
 361      46BEE56D 
 361      8AF8DD
 362 0dc8 AEB12BA1 		.ascii	"\256\261+\241Q\211s\351>S\270\327\363\352\230\012-w"
 362      518973E9 
 362      3E53B8D7 
 362      F3EA980A 
 362      2D77
 363 0dda B5345651 		.ascii	"\2654VQ\011\014\321\377\257\303\225ef\347\234\015\371"
 363      090CD1FF 
 363      AFC39565 
 363      66E79C0D 
 363      F9
 364 0deb 50590C9D 		.ascii	"PY\014\235\274\204\347?T\222<\245\256jnn=\244\222~K"
 364      BC84E73F 
 364      54923CA5 
 364      AE6A6E6E 
 364      3DA4927E 
 365 0e00 2C96B855 		.ascii	",\226\270U\201J1\373\226\010w\000WW\216\034w\304\227"
 365      814A31FB 
 365      96087700 
 365      57578E1C 
 365      77C497
 366 0e13 D8663F7D 		.ascii	"\330f?}\260\241\216\237\255~N>/\035\035\216Al\257?H"
 366      B0A18E9F 
ARM GAS  C:\Users\kiekensk\AppData\Local\Temp\ccVYlZdX.s 			page 29


 366      AD7E4E3E 
 366      2F1D1D8E 
 366      416CAF3F 
 367 0e28 CECDA71A 		.ascii	"\316\315\247\032&\217ip5\303\226V\214|\312\240\344\237"
 367      268F6970 
 367      35C39656 
 367      8C7CCAA0 
 367      E49F
 368 0e3a 0BF74E24 		.ascii	"\013\367N$\365\"\253\247\237\253\230\237~*0=\375\264"
 368      F522ABA7 
 368      9FAB989F 
 368      7E2A303D 
 368      FDB4
 369 0e4c 4C554CDB 		.ascii	"LUL\333\343\333\324\220\262;c\342\271\015ruAH\003B{"
 369      E3DBD490 
 369      B23B63E2 
 369      B90D7275 
 369      41480342 
 370 0e61 083F3564 		.ascii	"\010?5d.\326\240k\030\363q\247H\322\203\371\261\357"
 370      2ED6A06B 
 370      18F371A7 
 370      48D283F9 
 370      B1EF
 371 0e73 C96B4BFF 		.ascii	"\311kK\377\2174A\250\253h;\325\330\005UBCI\340#\362"
 371      8F3441A8 
 371      AB683BD5 
 371      D8055542 
 371      4349E023 
 372 0e88 867C4A7C 		.ascii	"\206|J|\235\225\251\226\036\240\210\3552\300]\301\204"
 372      9D95A996 
 372      1EA088ED 
 372      32C05DC1 
 372      84
 373 0e99 DF75EC24 		.ascii	"\337u\354$\262$\350\330\206S\354\177}\244\215\250\367"
 373      B224E8D8 
 373      8653EC7F 
 373      7DA48DA8 
 373      F7
 374 0eaa B601E863 		.ascii	"\266\001\350c]I\035\032\251\355\033\357\263}\2606;R"
 374      5D491D1A 
 374      A9ED1BEF 
 374      B37DB036 
 374      3B52
 375 0ebc F84586FE 		.ascii	"\370E\206\376\256Io\272U\261*y\217IoX\213j\260\023*"
 375      AE496FBA 
 375      55B12A79 
 375      8F496F58 
 375      8B6AB013 
 376 0ed1 87509AD0 		.ascii	"\207P\232\320\307\222\252\227\341\315fA\201n\342_(\226"
 376      C792AA97 
 376      E1CD6641 
 376      816EE25F 
 376      2896
 377 0ee3 05FD4F80 		.ascii	"\005\375O\200\337\372 \337/\003\375\267\372\373\205"
 377      DFFA20DF 
 377      2F03FDB7 
 377      FAFB85
ARM GAS  C:\Users\kiekensk\AppData\Local\Temp\ccVYlZdX.s 			page 30


 378 0ef2 0587A8FF 		.ascii	"\005\207\250\377\353w[>\322\256^\255\320\370\370\354"
 378      EB775B3E 
 378      D2AE5EAD 
 378      D0F8F8EC 
 379 0f02 0A080AFB 		.ascii	"\012\010\012\373\354S\2370_\277\177\337\346\033\026"
 379      EC539F30 
 379      5FBF7FDF 
 379      E61B16
 380 0f11 1C1818E0 		.ascii	"\034\030\030\340\267-,d\227\177h\330\256\355\001\301"
 380      B72D2C64 
 380      977F68D8 
 380      AEED01C1 
 381 0f21 3E5F0587 		.ascii	">_\005\207\370\204\206\355\004\304oW\256Z\271j\233o"
 381      F88486ED 
 381      04C46F57 
 381      AE5AB96A 
 381      9B6F
 382 0f33 C8CEB0E0 		.ascii	"\310\316\260\340\340\300P\362\360+\216\377\225\277\357"
 382      E0C050F2 
 382      F02B8EFF 
 382      95BFEF
 383 0f42 9701DB02 		.ascii	"\227\001\333\002\202\374\002wm\367\337\266\323\327o"
 383      82FC0277 
 383      6DF7DFB6 
 383      D3D76F
 384 0f51 474090FF 		.ascii	"G@\220\3776\237\355\376_\371\356\012\014\363\011\333"
 384      369FEDFE 
 384      5FF9EE0A 
 384      0CF309DB 
 385 0f61 FD67FFD0 		.ascii	"\375g\377\320\225;\024j\261\251\255\177\253\246Bw\207"
 385      953B146A 
 385      B1A9AD7F 
 385      ABA64277 
 385      87
 386 0f72 6E832ADB 		.ascii	"n\203*\333\301.\330\377\345\312\225n\354/8\324m\207"
 386      C12ED8FF 
 386      E5CA956E 
 386      EC2F38D4 
 386      6D87
 387 0f84 6FA0DB9F 		.ascii	"o\240\333\237\203C\302B\335\374\202w\356\014\016rs\327"
 387      8343C242 
 387      DDFC8277 
 387      EE0C0E72 
 387      73D7
 388 0f96 6DD26EFA 		.ascii	"m\322n\372\213\033q\305J?"
 388      8B1B71C5 
 388      4A3F
 389 0fa0 C5DF91BB 		.ascii	"\305\337\221\273G@\250\331'.\344\215\267\177\230\367"
 389      4740A8D9 
 389      272EE48D 
 389      B77F98F7 
 390 0fb0 EED030FF 		.ascii	"\356\3200\377\235\033}\203\266\007\372\207x\205\004"
 390      9D1B7D83 
 390      B607FA87 
 390      788504
 391 0fbf 04870484 		.ascii	"\004\207\004\204\355\246\036\324\006\372\373\206x\371"
 391      EDA61ED4 
ARM GAS  C:\Users\kiekensk\AppData\Local\Temp\ccVYlZdX.s 			page 31


 391      06FAFB86 
 391      78F9
 392 0fcd 0741737F 		.ascii	"\007As\177\264\323\255\367^\257\333\272\336\343\337"
 392      B4D3ADF7 
 392      5EAFDBBA 
 392      DEE3DF
 393 0fdc 044F2F3B 		.ascii	"\004O/;\346\3055>a\266\374>_\374k\245\247\373:\335\274"
 393      E6C5353E 
 393      61B6FC3E 
 393      5FFC6BA5 
 393      A7FB3ADD 
 394 0ff1 FA99D253 		.ascii	"\372\231\322S\353eV?Uzz{\351\324:"
 394      EB65563F 
 394      557A7A7B 
 394      E9D43A
 395 1000 A6AD86C2 		.ascii	"\246\255\206\302\365\346\302UP\270^\247\364\336\354"
 395      F5E6C255 
 395      50B85EA7 
 395      F4DEEC
 396 100f A9FBADB4 		.ascii	"\251\373\255\264g\274?\376\177\011#}r\323n\362\366\364"
 396      67BC3FFE 
 396      7F09237D 
 396      72D36EF2 
 396      F6F4
 397 1021 76D30687 		.ascii	"v\323\006\207\370\273y2\267\000\"\304\337\307o\347\347"
 397      F8BB7932 
 397      B70022C4 
 397      DFC76FE7 
 397      E7
 398 1032 E013BBDF 		.ascii	"\340\023\273\337m\365\324\372l\206\010\314\333]c\343"
 398      6DF5D4FA 
 398      6C8608CC 
 398      DB5D63E3 
 399 1042 BE719DB7 		.ascii	"\276q\235\267V\247\324\272ku\344\331\013n\036\233\265"
 399      56A7D4BA 
 399      6B75E4D9 
 399      0B6E1E9B 
 399      B5
 400 1053 9BE0E649 		.ascii	"\233\340\346Io\363\320\317m<\264ZO\357?\250\311m\323"
 400      6FF3D0CF 
 400      6D3CB45A 
 400      4FEF3FA8 
 400      C96DD3
 401 1066 5677AD0A 		.ascii	"Vw\255\012\036\274\377`\013W\242\361\373\026x\353I\337"
 401      1EBCFF60 
 401      0B57A2F1 
 401      FB1678EB 
 401      49DF
 402 1078 528CAD27 		.ascii	"R\214\255'\275o\231\267\362\033\362\306\375\213/\266"
 402      BD6F99B7 
 402      F21BF2C6 
 402      FD8B2FB6 
 403 1088 A8366DDD 		.ascii	"\2506m\335\240\373\224^W\323\353*\225\326\213\220\320"
 403      A0FB945E 
 403      57D3EB2A 
 403      95D68B90 
 403      D0
ARM GAS  C:\Users\kiekensk\AppData\Local\Temp\ccVYlZdX.s 			page 32


 404 1099 7A7BAFFF 		.ascii	"z{\257\377\002nZoO\017\035\326n\326\251\264_\300\223"
 404      026E5A6F 
 404      4F0F1DD6 
 404      6ED6A9B4 
 404      5FC093
 405 10ac ADA7878F 		.ascii	"\255\247\207\217\247\267;\320\362\360\331\264\201\336"
 405      A7B73BD0 
 405      F2F0D9B4 
 405      81DE
 406 10ba DCD9CD83 		.ascii	"\334\331\315\203\335\2746\350\224\356\033\274u\312u"
 406      DDBC36E8 
 406      94EE1BBC 
 406      75CA75
 407 10c9 1BDC75AA 		.ascii	"\033\334u\252M\233\340\252\364 \372Fr\321\302E\345\275"
 407      4D9BE0AA 
 407      F420FA46 
 407      72D1C245 
 407      E5BD
 408 10db 510B8FDE 		.ascii	"Q\013\217\336\033\275\300\256V\207\241\337*wO\035\364"
 408      1BBDC0AE 
 408      5687A1DF 
 408      2A774F1D 
 408      F4
 409 10ec 7EEBE6DF 		.ascii	"~\353\346\337\353\300\341\000\321zm\361\364P\271\257"
 409      EBC0E100 
 409      D17A6DF1 
 409      F450B9AF 
 410 10fc 03B8DA5B 		.ascii	"\003\270\332[\273\216z\313\301\307\347\253]A~>>+\327"
 410      BB8E7ACB 
 410      C1C7E7AB 
 410      5D417E3E 
 410      3E2BD7
 411 110f 7CF6F91A 		.ascii	"|\366\371\032\265\250)\375v\370\206\374\037\203\367"
 411      B5A829FD 
 411      76F886FC 
 411      1F83F7
 412 111e DFD3     		.ascii	"\337\323"
 413              		.text
 414              		.section	.gnu.lto_.symtab.abe5b24,"",%progbits
 415 0000 6E766963 		.ascii	"nvicEnableVector\000"
 415      456E6162 
 415      6C655665 
 415      63746F72 
 415      00
 416 0011 00       		.ascii	"\000"
 417 0012 00       		.ascii	"\000"
 418 0013 00       		.ascii	"\000"
 419 0014 00000000 		.ascii	"\000\000\000\000\000\000\000\000"
 419      00000000 
 420 001c BA000000 		.ascii	"\272\000\000\000"
 421 0020 6E766963 		.ascii	"nvicDisableVector\000"
 421      44697361 
 421      626C6556 
 421      6563746F 
 421      7200
 422 0032 00       		.ascii	"\000"
 423 0033 00       		.ascii	"\000"
ARM GAS  C:\Users\kiekensk\AppData\Local\Temp\ccVYlZdX.s 			page 33


 424 0034 00       		.ascii	"\000"
 425 0035 00000000 		.ascii	"\000\000\000\000\000\000\000\000"
 425      00000000 
 426 003d BE000000 		.ascii	"\276\000\000\000"
 427 0041 6E766963 		.ascii	"nvicSetSystemHandlerPriority\000"
 427      53657453 
 427      79737465 
 427      6D48616E 
 427      646C6572 
 428 005e 00       		.ascii	"\000"
 429 005f 00       		.ascii	"\000"
 430 0060 00       		.ascii	"\000"
 431 0061 00000000 		.ascii	"\000\000\000\000\000\000\000\000"
 431      00000000 
 432 0069 C0000000 		.ascii	"\300\000\000\000"
 433 006d 6E766963 		.ascii	"nvicClearPending\000"
 433      436C6561 
 433      7250656E 
 433      64696E67 
 433      00
 434 007e 00       		.ascii	"\000"
 435 007f 00       		.ascii	"\000"
 436 0080 00       		.ascii	"\000"
 437 0081 00000000 		.ascii	"\000\000\000\000\000\000\000\000"
 437      00000000 
 438 0089 C2000000 		.ascii	"\302\000\000\000"
 439              		.text
 440              		.section	.gnu.lto_.opts,"",%progbits
 441 0000 272D666D 		.ascii	"'-fmath-errno' '-fsigned-zeros' '-ftrapping-math' '"
 441      6174682D 
 441      6572726E 
 441      6F272027 
 441      2D667369 
 442 0033 2D666E6F 		.ascii	"-fno-trapv' '-fno-openmp' '-fno-openacc' '-mcpu=cor"
 442      2D747261 
 442      70762720 
 442      272D666E 
 442      6F2D6F70 
 443 0066 7465782D 		.ascii	"tex-m7' '-mno-thumb-interwork' '-mthumb' '-ggdb' '-"
 443      6D372720 
 443      272D6D6E 
 443      6F2D7468 
 443      756D622D 
 444 0099 4F322720 		.ascii	"O2' '-fomit-frame-pointer' '-falign-functions=16' '"
 444      272D666F 
 444      6D69742D 
 444      6672616D 
 444      652D706F 
 445 00cc 2D666675 		.ascii	"-ffunction-sections' '-fdata-sections' '-fno-common"
 445      6E637469 
 445      6F6E2D73 
 445      65637469 
 445      6F6E7327 
 446 00ff 2720272D 		.ascii	"' '-flto'\000"
 446      666C746F 
 446      2700
 447              		.text
ARM GAS  C:\Users\kiekensk\AppData\Local\Temp\ccVYlZdX.s 			page 34


 448              		.comm	__gnu_lto_v1,1,1
 449              		.comm	__gnu_lto_slim,1,1
 450              		.ident	"GCC: (GNU Tools for ARM Embedded Processors (Build 17.03)) 6.3.1 20170215 (release) [ARM/e
ARM GAS  C:\Users\kiekensk\AppData\Local\Temp\ccVYlZdX.s 			page 35


DEFINED SYMBOLS
                            *ABS*:00000000 nvic.c
                            *COM*:00000001 __gnu_lto_v1
                            *COM*:00000001 __gnu_lto_slim

NO UNDEFINED SYMBOLS
